#
# A fatal error has been detected by the Java Runtime Environment:
#
#  SIGSEGV (0xb) at pc=0x00000001284962ae, pid=7323, tid=0x0000000000002703
#
# JRE version: Java(TM) SE Runtime Environment (8.0_131-b11) (build 1.8.0_131-b11)
# Java VM: Java HotSpot(TM) 64-Bit Server VM (25.131-b11 mixed mode bsd-amd64 compressed oops)
# Problematic frame:
# C  [libtesseract.dylib+0x1592ae]  _ZNK6STRING6stringEv+0x4
#
# Failed to write core dump. Core dumps have been disabled. To enable core dumping, try "ulimit -c unlimited" before starting Java again
#
# If you would like to submit a bug report, please visit:
#   http://bugreport.java.com/bugreport/crash.jsp
# The crash happened outside the Java Virtual Machine in native code.
# See problematic frame for where to report the bug.
#

---------------  T H R E A D  ---------------

Current thread (0x00007f92c380a000):  JavaThread "main" [_thread_in_native, id=9987, stack(0x0000700008ab1000,0x0000700008bb1000)]

siginfo: si_signo: 11 (SIGSEGV), si_code: 1 (SEGV_MAPERR), si_addr: 0x0000000000000000

Registers:
RAX=0x0000700008baed01, RBX=0x00000001252bc000, RCX=0x0000000000000000, RDX=0xffffffffffffffe0
RSP=0x0000700008baece0, RBP=0x0000700008baece0, RSI=0x0000000000000000, RDI=0x0000000000000000
R8 =0x0000000000000a90, R9 =0x0000000000002a38, R10=0x0000000000000000, R11=0x0000000000000007
R12=0x00007f92c4b6a3d0, R13=0x0000000127eb5464, R14=0x0000000000000000, R15=0x00007f92c4b6a3d0
RIP=0x00000001284962ae, EFLAGS=0x0000000000010202, ERR=0x0000000000000004
  TRAPNO=0x000000000000000e

Top of Stack: (sp=0x0000700008baece0)
0x0000700008baece0:   0000700008baf7f0 00000001283414bc
0x0000700008baecf0:   0000000000000000 0000000065a258a4
0x0000700008baed00:   0000700008baed50 00007f92c380a000
0x0000700008baed10:   0000700008baed60 0000000000000000
0x0000700008baed20:   0000000000000000 0000000000000000
0x0000700008baed30:   0000000000000000 0000000000000000
0x0000700008baed40:   0000000000000000 0000000000000000
0x0000700008baed50:   0000000000000000 0000000000000000
0x0000700008baed60:   0000000000000000 0000000000000000
0x0000700008baed70:   0000000000000000 0000000000000000
0x0000700008baed80:   0000000000000000 0000000000000000
0x0000700008baed90:   0000000000000000 0000000000000000
0x0000700008baeda0:   0000000000000000 0000000000000000
0x0000700008baedb0:   0000000000000000 0000000000000000
0x0000700008baedc0:   0000000000000000 0000000000000000
0x0000700008baedd0:   0000000000000000 0000000000000000
0x0000700008baede0:   0000000000000000 0000000000000000
0x0000700008baedf0:   0000000000000000 0000000000000000
0x0000700008baee00:   0000000000000000 0000000000000000
0x0000700008baee10:   0000000000000000 0000000000000000
0x0000700008baee20:   0000000000000000 0000000000000000
0x0000700008baee30:   0000000000000000 0000000000000000
0x0000700008baee40:   0000000000000000 0000000000000000
0x0000700008baee50:   0000000000000000 0000000000000000
0x0000700008baee60:   0000000000000000 0000000000000000
0x0000700008baee70:   0000000000000000 0000000000000000
0x0000700008baee80:   0000000000000000 0000000000000000
0x0000700008baee90:   0000000000000000 0000000000000000
0x0000700008baeea0:   0000000000000000 0000000000000000
0x0000700008baeeb0:   0000000000000000 0000000000000000
0x0000700008baeec0:   0000000000000000 0000000000000000
0x0000700008baeed0:   0000000000000000 0000000000000000 

Instructions: (pc=0x00000001284962ae)
0x000000012849628e:   0f be f6 48 8b 3f 48 83 c7 08 e8 7d 22 01 00 48
0x000000012849629e:   85 c0 0f 95 c0 5d eb 02 31 c0 c3 90 55 48 89 e5
0x00000001284962ae:   48 8b 07 48 85 c0 74 13 83 78 04 00 74 0d c7 40
0x00000001284962be:   04 ff ff ff ff 48 83 c0 08 eb 02 31 c0 5d c3 90 

Register to memory mapping:

RAX=0x0000700008baed01 is pointing into the stack for thread: 0x00007f92c380a000
RBX=0x00000001252bc000 is an unknown value
RCX=0x0000000000000000 is an unknown value
RDX=0xffffffffffffffe0 is an unknown value
RSP=0x0000700008baece0 is pointing into the stack for thread: 0x00007f92c380a000
RBP=0x0000700008baece0 is pointing into the stack for thread: 0x00007f92c380a000
RSI=0x0000000000000000 is an unknown value
RDI=0x0000000000000000 is an unknown value
R8 =0x0000000000000a90 is an unknown value
R9 =0x0000000000002a38 is an unknown value
R10=0x0000000000000000 is an unknown value
R11=0x0000000000000007 is an unknown value
R12=0x00007f92c4b6a3d0 is an unknown value
R13=0x0000000127eb5464: ffi_call+0x414 in /Users/anshulbansal/Library/Caches/JNA/temp/jna1247743055987733924.tmp at 0x0000000127ea8000
R14=0x0000000000000000 is an unknown value
R15=0x00007f92c4b6a3d0 is an unknown value


Stack: [0x0000700008ab1000,0x0000700008bb1000],  sp=0x0000700008baece0,  free space=1015k
Native frames: (J=compiled Java code, j=interpreted, Vv=VM code, C=native code)
C  [libtesseract.dylib+0x1592ae]  _ZNK6STRING6stringEv+0x4
C  [libtesseract.dylib+0x44bc]  _ZN9tesseract11TessBaseAPI9FindLinesEv+0x16a
C  [libtesseract.dylib+0x479d]  _ZN9tesseract11TessBaseAPI9RecognizeEP10ETEXT_DESC+0x2d
C  [libtesseract.dylib+0x3a4b]  _ZN9tesseract11TessBaseAPI11GetUTF8TextEv+0x2b
C  [jna1247743055987733924.tmp+0xde74]  ffi_call_unix64+0x4c
C  0x0000700008bb02a8

Java frames: (J=compiled Java code, j=interpreted, Vv=VM code)
j  com.sun.jna.Native.invokePointer(Lcom/sun/jna/Function;JI[Ljava/lang/Object;)J+0
j  com.sun.jna.Function.invokePointer(I[Ljava/lang/Object;)Lcom/sun/jna/Pointer;+7
j  com.sun.jna.Function.invoke([Ljava/lang/Object;Ljava/lang/Class;ZI)Ljava/lang/Object;+385
j  com.sun.jna.Function.invoke(Ljava/lang/reflect/Method;[Ljava/lang/Class;Ljava/lang/Class;[Ljava/lang/Object;Ljava/util/Map;)Ljava/lang/Object;+271
j  com.sun.jna.Library$Handler.invoke(Ljava/lang/Object;Ljava/lang/reflect/Method;[Ljava/lang/Object;)Ljava/lang/Object;+390
j  com.sun.proxy.$Proxy0.TessBaseAPIGetUTF8Text(Lnet/sourceforge/tess4j/ITessAPI$TessBaseAPI;)Lcom/sun/jna/Pointer;+16
j  net.sourceforge.tess4j.Tesseract.getOCRText(Ljava/lang/String;I)Ljava/lang/String;+269
j  net.sourceforge.tess4j.Tesseract.doOCR(Ljavax/imageio/IIOImage;Ljava/lang/String;Ljava/awt/Rectangle;I)Ljava/lang/String;+18
j  net.sourceforge.tess4j.Tesseract.doOCR(Ljava/io/File;Ljava/awt/Rectangle;)Ljava/lang/String;+126
j  net.sourceforge.tess4j.Tesseract.doOCR(Ljava/io/File;)Ljava/lang/String;+3
j  com.baeldung.tesseract.Tess4JExample.main([Ljava/lang/String;)V+39
v  ~StubRoutines::call_stub

---------------  P R O C E S S  ---------------

Java Threads: ( => current thread )
  0x00007f92c510a800 JavaThread "Java2D Disposer" daemon [_thread_blocked, id=46971, stack(0x000070000a1ff000,0x000070000a2ff000)]
  0x00007f92c4203800 JavaThread "AWT-Shutdown" [_thread_blocked, id=27435, stack(0x0000700009e6d000,0x0000700009f6d000)]
  0x00007f92c321d000 JavaThread "AWT-AppKit" daemon [_thread_in_native, id=775, stack(0x00007ffee90ff000,0x00007ffee98ff000)]
  0x00007f92c4033000 JavaThread "Service Thread" daemon [_thread_blocked, id=17667, stack(0x0000700009be4000,0x0000700009ce4000)]
  0x00007f92c3813800 JavaThread "C1 CompilerThread3" daemon [_thread_blocked, id=17923, stack(0x0000700009ae1000,0x0000700009be1000)]
  0x00007f92c680c000 JavaThread "C2 CompilerThread2" daemon [_thread_blocked, id=16131, stack(0x00007000099de000,0x0000700009ade000)]
  0x00007f92c5805800 JavaThread "C2 CompilerThread1" daemon [_thread_blocked, id=15875, stack(0x00007000098db000,0x00007000099db000)]
  0x00007f92c301b000 JavaThread "C2 CompilerThread0" daemon [_thread_blocked, id=18435, stack(0x00007000097d8000,0x00007000098d8000)]
  0x00007f92c680b800 JavaThread "Signal Dispatcher" daemon [_thread_blocked, id=15111, stack(0x00007000096d5000,0x00007000097d5000)]
  0x00007f92c400b000 JavaThread "Finalizer" daemon [_thread_blocked, id=13315, stack(0x00007000095d2000,0x00007000096d2000)]
  0x00007f92c4004800 JavaThread "Reference Handler" daemon [_thread_blocked, id=13059, stack(0x00007000094cf000,0x00007000095cf000)]
=>0x00007f92c380a000 JavaThread "main" [_thread_in_native, id=9987, stack(0x0000700008ab1000,0x0000700008bb1000)]

Other Threads:
  0x00007f92c300f000 VMThread [stack: 0x00007000093cc000,0x00007000094cc000] [id=20483]
  0x00007f92c300f800 WatcherThread [stack: 0x0000700009ce7000,0x0000700009de7000] [id=17411]

VM state:not at safepoint (normal execution)

VM Mutex/Monitor currently owned by a thread: None

Heap:
 PSYoungGen      total 76288K, used 30942K [0x000000076ab00000, 0x0000000774000000, 0x00000007c0000000)
  eden space 65536K, 40% used [0x000000076ab00000,0x000000076c4f5948,0x000000076eb00000)
  from space 10752K, 40% used [0x000000076eb00000,0x000000076ef422b0,0x000000076f580000)
  to   space 10752K, 0% used [0x0000000773580000,0x0000000773580000,0x0000000774000000)
 ParOldGen       total 175104K, used 35028K [0x00000006c0000000, 0x00000006cab00000, 0x000000076ab00000)
  object space 175104K, 20% used [0x00000006c0000000,0x00000006c2235200,0x00000006cab00000)
 Metaspace       used 10352K, capacity 10524K, committed 10752K, reserved 1058816K
  class space    used 1195K, capacity 1274K, committed 1280K, reserved 1048576K

Card table byte_map: [0x0000000108763000,0x0000000108f64000] byte_map_base: 0x0000000105163000

Marking Bits: (ParMarkBitMap*) 0x0000000107cf1ea0
 Begin Bits: [0x00000001094ba000, 0x000000010d4ba000)
 End Bits:   [0x000000010d4ba000, 0x00000001114ba000)

Polling page: 0x0000000106385000

CodeCache: size=245760Kb used=3147Kb max_used=3150Kb free=242612Kb
 bounds [0x000000011182b000, 0x0000000111b4b000, 0x000000012082b000]
 total_blobs=1152 nmethods=788 adapters=278
 compilation: enabled

Compilation events (10 events):
Event: 1.075 Thread 0x00007f92c3813800 nmethod 783 0x0000000111b38610 code [0x0000000111b38780, 0x0000000111b389a8]
Event: 1.075 Thread 0x00007f92c3813800  784       3       java.lang.ref.Reference::clear (6 bytes)
Event: 1.075 Thread 0x00007f92c3813800 nmethod 784 0x0000000111b38a50 code [0x0000000111b38ba0, 0x0000000111b38d10]
Event: 1.075 Thread 0x00007f92c3813800  785       3       java.util.zip.ZipFile$ZipFileInputStream::finalize (5 bytes)
Event: 1.075 Thread 0x00007f92c3813800 nmethod 785 0x0000000111b38d90 code [0x0000000111b38f00, 0x0000000111b39088]
Event: 1.108 Thread 0x00007f92c5805800 nmethod 786 0x0000000111b3d490 code [0x0000000111b3d660, 0x0000000111b3ed98]
Event: 1.145 Thread 0x00007f92c3813800  787   !   3       java.lang.StringCoding::encode (120 bytes)
Event: 1.146 Thread 0x00007f92c3813800 nmethod 787 0x0000000111b3a790 code [0x0000000111b3aae0, 0x0000000111b3c578]
Event: 1.165 Thread 0x00007f92c3813800  788       3       java.lang.ThreadLocal::get (38 bytes)
Event: 1.165 Thread 0x00007f92c3813800 nmethod 788 0x0000000111b3a0d0 code [0x0000000111b3a260, 0x0000000111b3a5e8]

GC Heap History (2 events):
Event: 1.053 GC heap before
{Heap before GC invocations=1 (full 0):
 PSYoungGen      total 76288K, used 62877K [0x000000076ab00000, 0x0000000770000000, 0x00000007c0000000)
  eden space 65536K, 95% used [0x000000076ab00000,0x000000076e867698,0x000000076eb00000)
  from space 10752K, 0% used [0x000000076f580000,0x000000076f580000,0x0000000770000000)
  to   space 10752K, 0% used [0x000000076eb00000,0x000000076eb00000,0x000000076f580000)
 ParOldGen       total 175104K, used 0K [0x00000006c0000000, 0x00000006cab00000, 0x000000076ab00000)
  object space 175104K, 0% used [0x00000006c0000000,0x00000006c0000000,0x00000006cab00000)
 Metaspace       used 10323K, capacity 10460K, committed 10496K, reserved 1058816K
  class space    used 1193K, capacity 1274K, committed 1280K, reserved 1048576K
Event: 1.072 GC heap after
Heap after GC invocations=1 (full 0):
 PSYoungGen      total 76288K, used 4360K [0x000000076ab00000, 0x0000000774000000, 0x00000007c0000000)
  eden space 65536K, 0% used [0x000000076ab00000,0x000000076ab00000,0x000000076eb00000)
  from space 10752K, 40% used [0x000000076eb00000,0x000000076ef422b0,0x000000076f580000)
  to   space 10752K, 0% used [0x0000000773580000,0x0000000773580000,0x0000000774000000)
 ParOldGen       total 175104K, used 35028K [0x00000006c0000000, 0x00000006cab00000, 0x000000076ab00000)
  object space 175104K, 20% used [0x00000006c0000000,0x00000006c2235200,0x00000006cab00000)
 Metaspace       used 10323K, capacity 10460K, committed 10496K, reserved 1058816K
  class space    used 1193K, capacity 1274K, committed 1280K, reserved 1048576K
}

Deoptimization events (10 events):
Event: 0.181 Thread 0x00007f92c380a000 Uncommon trap: reason=unstable_if action=reinterpret pc=0x0000000111951e78 method=java.lang.String.indexOf(II)I @ 49
Event: 0.448 Thread 0x00007f92c380a000 Uncommon trap: reason=unstable_if action=reinterpret pc=0x0000000111a0a804 method=java.lang.String.replace(CC)Ljava/lang/String; @ 26
Event: 0.464 Thread 0x00007f92c380a000 Uncommon trap: reason=unstable_if action=reinterpret pc=0x00000001119c9850 method=sun.misc.URLClassPath$JarLoader.getResource(Ljava/lang/String;Z)Lsun/misc/Resource; @ 15
Event: 0.899 Thread 0x00007f92c380a000 Uncommon trap: reason=unstable_if action=reinterpret pc=0x0000000111a10e44 method=java.lang.String.lastIndexOf([CII[CIII)I @ 118
Event: 0.921 Thread 0x00007f92c380a000 Uncommon trap: reason=unstable_if action=reinterpret pc=0x0000000111ab4710 method=java.util.HashMap.getNode(ILjava/lang/Object;)Ljava/util/HashMap$Node; @ 62
Event: 0.921 Thread 0x00007f92c380a000 Uncommon trap: reason=unstable_if action=reinterpret pc=0x0000000111a35cc0 method=java.util.HashMap.getNode(ILjava/lang/Object;)Ljava/util/HashMap$Node; @ 62
Event: 0.931 Thread 0x00007f92c380a000 Uncommon trap: reason=class_check action=maybe_recompile pc=0x0000000111af82f4 method=java.io.DataOutputStream.writeByte(I)V @ 5
Event: 0.931 Thread 0x00007f92c380a000 Uncommon trap: reason=class_check action=maybe_recompile pc=0x0000000111af82f4 method=java.io.DataOutputStream.writeByte(I)V @ 5
Event: 0.931 Thread 0x00007f92c380a000 Uncommon trap: reason=class_check action=maybe_recompile pc=0x0000000111af82f4 method=java.io.DataOutputStream.writeByte(I)V @ 5
Event: 0.931 Thread 0x00007f92c380a000 Uncommon trap: reason=class_check action=maybe_recompile pc=0x0000000111af82f4 method=java.io.DataOutputStream.writeByte(I)V @ 5

Internal exceptions (10 events):
Event: 0.213 Thread 0x00007f92c380a000 Exception <a 'java/security/PrivilegedActionException'> (0x000000076afa9cb0) thrown at [/Users/java_re/workspace/8-2-build-macosx-x86_64/jdk8u131/8869/hotspot/src/share/vm/prims/jvm.cpp, line 1390]
Event: 0.226 Thread 0x00007f92c380a000 Exception <a 'java/security/PrivilegedActionException'> (0x000000076b036aa0) thrown at [/Users/java_re/workspace/8-2-build-macosx-x86_64/jdk8u131/8869/hotspot/src/share/vm/prims/jvm.cpp, line 1390]
Event: 0.226 Thread 0x00007f92c380a000 Exception <a 'java/security/PrivilegedActionException'> (0x000000076b036cb0) thrown at [/Users/java_re/workspace/8-2-build-macosx-x86_64/jdk8u131/8869/hotspot/src/share/vm/prims/jvm.cpp, line 1390]
Event: 0.226 Thread 0x00007f92c380a000 Exception <a 'java/security/PrivilegedActionException'> (0x000000076b039fe0) thrown at [/Users/java_re/workspace/8-2-build-macosx-x86_64/jdk8u131/8869/hotspot/src/share/vm/prims/jvm.cpp, line 1390]
Event: 0.226 Thread 0x00007f92c380a000 Exception <a 'java/security/PrivilegedActionException'> (0x000000076b03a1f0) thrown at [/Users/java_re/workspace/8-2-build-macosx-x86_64/jdk8u131/8869/hotspot/src/share/vm/prims/jvm.cpp, line 1390]
Event: 0.261 Thread 0x00007f92c380a000 Exception <a 'java/io/FileNotFoundException'> (0x000000076b31cf88) thrown at [/Users/java_re/workspace/8-2-build-macosx-x86_64/jdk8u131/8869/hotspot/src/share/vm/prims/jni.cpp, line 709]
Event: 0.506 Thread 0x00007f92c380a000 Exception <a 'java/lang/NoSuchFieldError': method resolution failed> (0x000000076c46fdf0) thrown at [/Users/java_re/workspace/8-2-build-macosx-x86_64/jdk8u131/8869/hotspot/src/share/vm/prims/methodHandles.cpp, line 1146]
Event: 0.508 Thread 0x00007f92c380a000 Exception <a 'java/lang/NoSuchFieldError': method resolution failed> (0x000000076c47d4e0) thrown at [/Users/java_re/workspace/8-2-build-macosx-x86_64/jdk8u131/8869/hotspot/src/share/vm/prims/methodHandles.cpp, line 1146]
Event: 0.723 Thread 0x00007f92c380a000 Exception <a 'java/io/FileNotFoundException'> (0x000000076c4f57c8) thrown at [/Users/java_re/workspace/8-2-build-macosx-x86_64/jdk8u131/8869/hotspot/src/share/vm/prims/jni.cpp, line 709]
Event: 0.723 Thread 0x00007f92c380a000 Exception <a 'java/io/FileNotFoundException'> (0x000000076c4f6338) thrown at [/Users/java_re/workspace/8-2-build-macosx-x86_64/jdk8u131/8869/hotspot/src/share/vm/prims/jni.cpp, line 709]

Events (10 events):
Event: 1.052 loading class javax/imageio/IIOImage
Event: 1.052 loading class javax/imageio/IIOImage done
Event: 1.053 Executing VM operation: ParallelGCFailedAllocation
Event: 1.072 Executing VM operation: ParallelGCFailedAllocation done
Event: 1.142 loading class java/nio/DirectByteBuffer$Deallocator
Event: 1.142 loading class java/nio/DirectByteBuffer$Deallocator done
Event: 1.144 loading class java/lang/StrictMath
Event: 1.144 loading class java/lang/StrictMath done
Event: 1.144 loading class com/sun/jna/Native$Buffers
Event: 1.144 loading class com/sun/jna/Native$Buffers done


Dynamic libraries:
0x000000000b351000 	/System/Library/Frameworks/Cocoa.framework/Versions/A/Cocoa
0x000000000b351000 	/System/Library/Frameworks/Security.framework/Versions/A/Security
0x000000000b351000 	/System/Library/Frameworks/ApplicationServices.framework/Versions/A/ApplicationServices
0x000000000b351000 	/usr/lib/libz.1.dylib
0x000000000b351000 	/usr/lib/libSystem.B.dylib
0x000000000b351000 	/usr/lib/libobjc.A.dylib
0x000000000b351000 	/System/Library/Frameworks/CoreFoundation.framework/Versions/A/CoreFoundation
0x000000000b351000 	/System/Library/Frameworks/Foundation.framework/Versions/C/Foundation
0x000000000b351000 	/System/Library/Frameworks/AppKit.framework/Versions/C/AppKit
0x000000000b351000 	/System/Library/Frameworks/CoreData.framework/Versions/A/CoreData
0x000000000b351000 	/System/Library/PrivateFrameworks/RemoteViewServices.framework/Versions/A/RemoteViewServices
0x000000000b351000 	/System/Library/PrivateFrameworks/UIFoundation.framework/Versions/A/UIFoundation
0x000000000b351000 	/System/Library/PrivateFrameworks/DFRFoundation.framework/Versions/A/DFRFoundation
0x000000000b351000 	/System/Library/Frameworks/Metal.framework/Versions/A/Metal
0x000000000b351000 	/System/Library/PrivateFrameworks/DesktopServicesPriv.framework/Versions/A/DesktopServicesPriv
0x000000000b351000 	/usr/lib/libenergytrace.dylib
0x000000000b351000 	/System/Library/PrivateFrameworks/SkyLight.framework/Versions/A/SkyLight
0x000000000b351000 	/System/Library/Frameworks/CoreGraphics.framework/Versions/A/CoreGraphics
0x000000000b351000 	/usr/lib/libScreenReader.dylib
0x000000000b351000 	/System/Library/Frameworks/Accelerate.framework/Versions/A/Accelerate
0x000000000b351000 	/System/Library/Frameworks/IOSurface.framework/Versions/A/IOSurface
0x000000000b351000 	/System/Library/Frameworks/AudioToolbox.framework/Versions/A/AudioToolbox
0x000000000b351000 	/System/Library/Frameworks/AudioUnit.framework/Versions/A/AudioUnit
0x000000000b351000 	/System/Library/PrivateFrameworks/DataDetectorsCore.framework/Versions/A/DataDetectorsCore
0x000000000b351000 	/System/Library/Frameworks/Carbon.framework/Versions/A/Frameworks/HIToolbox.framework/Versions/A/HIToolbox
0x000000000b351000 	/usr/lib/libicucore.A.dylib
0x000000000b351000 	/System/Library/Frameworks/QuartzCore.framework/Versions/A/QuartzCore
0x000000000b351000 	/System/Library/PrivateFrameworks/SignpostNotification.framework/Versions/A/SignpostNotification
0x000000000b351000 	/System/Library/Frameworks/Carbon.framework/Versions/A/Frameworks/SpeechRecognition.framework/Versions/A/SpeechRecognition
0x000000000b351000 	/usr/lib/libauto.dylib
0x000000000b351000 	/usr/lib/libxml2.2.dylib
0x000000000b351000 	/System/Library/PrivateFrameworks/CoreUI.framework/Versions/A/CoreUI
0x000000000b351000 	/System/Library/Frameworks/CoreAudio.framework/Versions/A/CoreAudio
0x000000000b351000 	/System/Library/Frameworks/DiskArbitration.framework/Versions/A/DiskArbitration
0x000000000b351000 	/usr/lib/liblangid.dylib
0x000000000b351000 	/System/Library/PrivateFrameworks/MultitouchSupport.framework/Versions/A/MultitouchSupport
0x000000000b351000 	/System/Library/Frameworks/IOKit.framework/Versions/A/IOKit
0x000000000b351000 	/usr/lib/libDiagnosticMessagesClient.dylib
0x000000000b351000 	/System/Library/Frameworks/CoreServices.framework/Versions/A/CoreServices
0x000000000b351000 	/System/Library/PrivateFrameworks/PerformanceAnalysis.framework/Versions/A/PerformanceAnalysis
0x000000000b351000 	/System/Library/Frameworks/OpenGL.framework/Versions/A/OpenGL
0x000000000b351000 	/System/Library/Frameworks/ColorSync.framework/Versions/A/ColorSync
0x000000000b351000 	/System/Library/Frameworks/CoreImage.framework/Versions/A/CoreImage
0x000000000b351000 	/System/Library/Frameworks/CoreText.framework/Versions/A/CoreText
0x000000000b351000 	/System/Library/Frameworks/ImageIO.framework/Versions/A/ImageIO
0x000000000b351000 	/System/Library/PrivateFrameworks/Backup.framework/Versions/A/Backup
0x000000000b351000 	/usr/lib/libarchive.2.dylib
0x000000000b351000 	/System/Library/Frameworks/CFNetwork.framework/Versions/A/CFNetwork
0x000000000b351000 	/System/Library/Frameworks/SystemConfiguration.framework/Versions/A/SystemConfiguration
0x000000000b351000 	/usr/lib/libCRFSuite.dylib
0x000000000b351000 	/usr/lib/libc++.1.dylib
0x000000000b351000 	/usr/lib/libc++abi.dylib
0x000000000b351000 	/usr/lib/system/libcache.dylib
0x000000000b351000 	/usr/lib/system/libcommonCrypto.dylib
0x000000000b351000 	/usr/lib/system/libcompiler_rt.dylib
0x000000000b351000 	/usr/lib/system/libcopyfile.dylib
0x000000000b351000 	/usr/lib/system/libcorecrypto.dylib
0x000000000b351000 	/usr/lib/system/libdispatch.dylib
0x000000000b351000 	/usr/lib/system/libdyld.dylib
0x000000000b351000 	/usr/lib/system/libkeymgr.dylib
0x000000000b351000 	/usr/lib/system/liblaunch.dylib
0x000000000b351000 	/usr/lib/system/libmacho.dylib
0x000000000b351000 	/usr/lib/system/libquarantine.dylib
0x000000000b351000 	/usr/lib/system/libremovefile.dylib
0x000000000b351000 	/usr/lib/system/libsystem_asl.dylib
0x000000000b351000 	/usr/lib/system/libsystem_blocks.dylib
0x000000000b351000 	/usr/lib/system/libsystem_c.dylib
0x000000000b351000 	/usr/lib/system/libsystem_configuration.dylib
0x000000000b351000 	/usr/lib/system/libsystem_coreservices.dylib
0x000000000b351000 	/usr/lib/system/libsystem_darwin.dylib
0x000000000b351000 	/usr/lib/system/libsystem_dnssd.dylib
0x000000000b351000 	/usr/lib/system/libsystem_info.dylib
0x000000000b351000 	/usr/lib/system/libsystem_m.dylib
0x000000000b351000 	/usr/lib/system/libsystem_malloc.dylib
0x000000000b351000 	/usr/lib/system/libsystem_network.dylib
0x000000000b351000 	/usr/lib/system/libsystem_networkextension.dylib
0x000000000b351000 	/usr/lib/system/libsystem_notify.dylib
0x000000000b351000 	/usr/lib/system/libsystem_sandbox.dylib
0x000000000b351000 	/usr/lib/system/libsystem_secinit.dylib
0x000000000b351000 	/usr/lib/system/libsystem_kernel.dylib
0x000000000b351000 	/usr/lib/system/libsystem_platform.dylib
0x000000000b351000 	/usr/lib/system/libsystem_pthread.dylib
0x000000000b351000 	/usr/lib/system/libsystem_symptoms.dylib
0x000000000b351000 	/usr/lib/system/libsystem_trace.dylib
0x000000000b351000 	/usr/lib/system/libunwind.dylib
0x000000000b351000 	/usr/lib/system/libxpc.dylib
0x000000000b351000 	/usr/lib/closure/libclosured.dylib
0x000000000b351000 	/usr/lib/libbsm.0.dylib
0x000000000b351000 	/usr/lib/system/libkxld.dylib
0x000000000b351000 	/usr/lib/libOpenScriptingUtil.dylib
0x000000000b351000 	/usr/lib/libcoretls.dylib
0x000000000b351000 	/usr/lib/libcoretls_cfhelpers.dylib
0x000000000b351000 	/usr/lib/libpam.2.dylib
0x000000000b351000 	/usr/lib/libsqlite3.dylib
0x000000000b351000 	/usr/lib/libxar.1.dylib
0x000000000b351000 	/usr/lib/libbz2.1.0.dylib
0x000000000b351000 	/usr/lib/liblzma.5.dylib
0x000000000b351000 	/usr/lib/libnetwork.dylib
0x000000000b351000 	/usr/lib/libapple_nghttp2.dylib
0x000000000b351000 	/usr/lib/libpcap.A.dylib
0x000000000b351000 	/usr/lib/libboringssl.dylib
0x000000000b351000 	/usr/lib/libusrtcp.dylib
0x000000000b351000 	/usr/lib/libapple_crypto.dylib
0x000000000b351000 	/System/Library/Frameworks/CoreServices.framework/Versions/A/Frameworks/FSEvents.framework/Versions/A/FSEvents
0x000000000b351000 	/System/Library/Frameworks/CoreServices.framework/Versions/A/Frameworks/CarbonCore.framework/Versions/A/CarbonCore
0x000000000b351000 	/System/Library/Frameworks/CoreServices.framework/Versions/A/Frameworks/Metadata.framework/Versions/A/Metadata
0x000000000b351000 	/System/Library/Frameworks/CoreServices.framework/Versions/A/Frameworks/OSServices.framework/Versions/A/OSServices
0x000000000b351000 	/System/Library/Frameworks/CoreServices.framework/Versions/A/Frameworks/SearchKit.framework/Versions/A/SearchKit
0x000000000b351000 	/System/Library/Frameworks/CoreServices.framework/Versions/A/Frameworks/AE.framework/Versions/A/AE
0x000000000b351000 	/System/Library/Frameworks/CoreServices.framework/Versions/A/Frameworks/LaunchServices.framework/Versions/A/LaunchServices
0x000000000b351000 	/System/Library/Frameworks/CoreServices.framework/Versions/A/Frameworks/DictionaryServices.framework/Versions/A/DictionaryServices
0x000000000b351000 	/System/Library/Frameworks/CoreServices.framework/Versions/A/Frameworks/SharedFileList.framework/Versions/A/SharedFileList
0x000000000b351000 	/System/Library/Frameworks/NetFS.framework/Versions/A/NetFS
0x000000000b351000 	/System/Library/PrivateFrameworks/NetAuth.framework/Versions/A/NetAuth
0x000000000b351000 	/System/Library/PrivateFrameworks/login.framework/Versions/A/Frameworks/loginsupport.framework/Versions/A/loginsupport
0x000000000b351000 	/System/Library/PrivateFrameworks/TCC.framework/Versions/A/TCC
0x000000000b351000 	/usr/lib/libmecabra.dylib
0x000000000b351000 	/System/Library/Frameworks/ApplicationServices.framework/Versions/A/Frameworks/ATS.framework/Versions/A/ATS
0x000000000b351000 	/System/Library/Frameworks/ApplicationServices.framework/Versions/A/Frameworks/ColorSyncLegacy.framework/Versions/A/ColorSyncLegacy
0x000000000b351000 	/System/Library/Frameworks/ApplicationServices.framework/Versions/A/Frameworks/HIServices.framework/Versions/A/HIServices
0x000000000b351000 	/System/Library/Frameworks/ApplicationServices.framework/Versions/A/Frameworks/LangAnalysis.framework/Versions/A/LangAnalysis
0x000000000b351000 	/System/Library/Frameworks/ApplicationServices.framework/Versions/A/Frameworks/PrintCore.framework/Versions/A/PrintCore
0x000000000b351000 	/System/Library/Frameworks/ApplicationServices.framework/Versions/A/Frameworks/QD.framework/Versions/A/QD
0x000000000b351000 	/System/Library/Frameworks/ApplicationServices.framework/Versions/A/Frameworks/SpeechSynthesis.framework/Versions/A/SpeechSynthesis
0x000000000b351000 	/System/Library/Frameworks/CoreDisplay.framework/Versions/A/CoreDisplay
0x000000000b351000 	/System/Library/Frameworks/Accelerate.framework/Versions/A/Frameworks/vImage.framework/Versions/A/vImage
0x000000000b351000 	/System/Library/Frameworks/Accelerate.framework/Versions/A/Frameworks/vecLib.framework/Versions/A/vecLib
0x000000000b351000 	/System/Library/Frameworks/Accelerate.framework/Versions/A/Frameworks/vecLib.framework/Versions/A/libvDSP.dylib
0x000000000b351000 	/System/Library/Frameworks/Accelerate.framework/Versions/A/Frameworks/vecLib.framework/Versions/A/libBNNS.dylib
0x000000000b351000 	/System/Library/Frameworks/Accelerate.framework/Versions/A/Frameworks/vecLib.framework/Versions/A/libQuadrature.dylib
0x000000000b351000 	/System/Library/Frameworks/Accelerate.framework/Versions/A/Frameworks/vecLib.framework/Versions/A/libvMisc.dylib
0x000000000b351000 	/System/Library/Frameworks/Accelerate.framework/Versions/A/Frameworks/vecLib.framework/Versions/A/libLAPACK.dylib
0x000000000b351000 	/System/Library/Frameworks/Accelerate.framework/Versions/A/Frameworks/vecLib.framework/Versions/A/libBLAS.dylib
0x000000000b351000 	/System/Library/Frameworks/Accelerate.framework/Versions/A/Frameworks/vecLib.framework/Versions/A/libLinearAlgebra.dylib
0x000000000b351000 	/System/Library/Frameworks/Accelerate.framework/Versions/A/Frameworks/vecLib.framework/Versions/A/libSparse.dylib
0x000000000b351000 	/System/Library/Frameworks/Accelerate.framework/Versions/A/Frameworks/vecLib.framework/Versions/A/libSparseBLAS.dylib
0x000000000b351000 	/System/Library/PrivateFrameworks/GPUWrangler.framework/Versions/A/GPUWrangler
0x000000000b351000 	/System/Library/PrivateFrameworks/IOAccelerator.framework/Versions/A/IOAccelerator
0x000000000b351000 	/System/Library/PrivateFrameworks/IOPresentment.framework/Versions/A/IOPresentment
0x000000000b351000 	/System/Library/PrivateFrameworks/DSExternalDisplay.framework/Versions/A/DSExternalDisplay
0x000000000b351000 	/System/Library/Frameworks/OpenGL.framework/Versions/A/Libraries/libCoreFSCache.dylib
0x000000000b351000 	/System/Library/Frameworks/CoreVideo.framework/Versions/A/CoreVideo
0x000000000b351000 	/System/Library/PrivateFrameworks/GraphVisualizer.framework/Versions/A/GraphVisualizer
0x000000000b351000 	/System/Library/Frameworks/MetalPerformanceShaders.framework/Versions/A/MetalPerformanceShaders
0x000000000b351000 	/usr/lib/libFosl_dynamic.dylib
0x000000000b351000 	/System/Library/PrivateFrameworks/FaceCore.framework/Versions/A/FaceCore
0x000000000b351000 	/System/Library/Frameworks/OpenCL.framework/Versions/A/OpenCL
0x000000000b351000 	/usr/lib/libcompression.dylib
0x000000000b351000 	/System/Library/Frameworks/ApplicationServices.framework/Versions/A/Frameworks/ATS.framework/Versions/A/Resources/libFontParser.dylib
0x000000000b351000 	/System/Library/Frameworks/ApplicationServices.framework/Versions/A/Frameworks/ATS.framework/Versions/A/Resources/libFontRegistry.dylib
0x000000000b351000 	/System/Library/Frameworks/ImageIO.framework/Versions/A/Resources/libJPEG.dylib
0x000000000b351000 	/System/Library/Frameworks/ImageIO.framework/Versions/A/Resources/libTIFF.dylib
0x000000000b351000 	/System/Library/Frameworks/ImageIO.framework/Versions/A/Resources/libPng.dylib
0x000000000b351000 	/System/Library/Frameworks/ImageIO.framework/Versions/A/Resources/libGIF.dylib
0x000000000b351000 	/System/Library/Frameworks/ImageIO.framework/Versions/A/Resources/libJP2.dylib
0x000000000b351000 	/System/Library/Frameworks/ImageIO.framework/Versions/A/Resources/libRadiance.dylib
0x000000000b351000 	/System/Library/PrivateFrameworks/AppleJPEG.framework/Versions/A/AppleJPEG
0x000000000b351000 	/System/Library/Frameworks/MetalPerformanceShaders.framework/Frameworks/MPSCore.framework/Versions/A/MPSCore
0x000000000b351000 	/System/Library/Frameworks/MetalPerformanceShaders.framework/Frameworks/MPSImage.framework/Versions/A/MPSImage
0x000000000b351000 	/System/Library/Frameworks/MetalPerformanceShaders.framework/Frameworks/MPSNeuralNetwork.framework/Versions/A/MPSNeuralNetwork
0x000000000b351000 	/System/Library/Frameworks/MetalPerformanceShaders.framework/Frameworks/MPSMatrix.framework/Versions/A/MPSMatrix
0x000000000b351000 	/System/Library/PrivateFrameworks/MetalTools.framework/Versions/A/MetalTools
0x000000000b351000 	/System/Library/Frameworks/OpenGL.framework/Versions/A/Libraries/libGLU.dylib
0x000000000b351000 	/System/Library/Frameworks/OpenGL.framework/Versions/A/Libraries/libGFXShared.dylib
0x000000000b351000 	/System/Library/Frameworks/OpenGL.framework/Versions/A/Libraries/libGL.dylib
0x000000000b351000 	/System/Library/Frameworks/OpenGL.framework/Versions/A/Libraries/libGLImage.dylib
0x000000000b351000 	/System/Library/Frameworks/OpenGL.framework/Versions/A/Libraries/libCVMSPluginSupport.dylib
0x000000000b351000 	/System/Library/Frameworks/OpenGL.framework/Versions/A/Libraries/libCoreVMClient.dylib
0x000000000b351000 	/usr/lib/libcups.2.dylib
0x000000000b351000 	/System/Library/Frameworks/Kerberos.framework/Versions/A/Kerberos
0x000000000b351000 	/System/Library/Frameworks/GSS.framework/Versions/A/GSS
0x000000000b351000 	/usr/lib/libresolv.9.dylib
0x000000000b351000 	/usr/lib/libiconv.2.dylib
0x000000000b351000 	/System/Library/PrivateFrameworks/Heimdal.framework/Versions/A/Heimdal
0x000000000b351000 	/usr/lib/libheimdal-asn1.dylib
0x000000000b351000 	/System/Library/Frameworks/OpenDirectory.framework/Versions/A/OpenDirectory
0x000000000b351000 	/System/Library/PrivateFrameworks/CommonAuth.framework/Versions/A/CommonAuth
0x000000000b351000 	/System/Library/Frameworks/OpenDirectory.framework/Versions/A/Frameworks/CFOpenDirectory.framework/Versions/A/CFOpenDirectory
0x000000000b351000 	/System/Library/Frameworks/SecurityFoundation.framework/Versions/A/SecurityFoundation
0x000000000b351000 	/System/Library/PrivateFrameworks/APFS.framework/Versions/A/APFS
0x000000000b351000 	/usr/lib/libutil.dylib
0x000000000b351000 	/System/Library/PrivateFrameworks/AppleSauce.framework/Versions/A/AppleSauce
0x000000000b351000 	/System/Library/PrivateFrameworks/LinguisticData.framework/Versions/A/LinguisticData
0x000000000b351000 	/usr/lib/libmarisa.dylib
0x000000000b351000 	/System/Library/PrivateFrameworks/Lexicon.framework/Versions/A/Lexicon
0x000000000b351000 	/usr/lib/libChineseTokenizer.dylib
0x000000000b351000 	/usr/lib/libcmph.dylib
0x000000000b351000 	/System/Library/PrivateFrameworks/LanguageModeling.framework/Versions/A/LanguageModeling
0x000000000b351000 	/System/Library/PrivateFrameworks/CoreEmoji.framework/Versions/A/CoreEmoji
0x000000000b351000 	/System/Library/Frameworks/ServiceManagement.framework/Versions/A/ServiceManagement
0x000000000b351000 	/System/Library/PrivateFrameworks/BackgroundTaskManagement.framework/Versions/A/BackgroundTaskManagement
0x000000000b351000 	/usr/lib/libxslt.1.dylib
0x000000000b351000 	/System/Library/Frameworks/Carbon.framework/Versions/A/Frameworks/Ink.framework/Versions/A/Ink
0x000000000b351000 	/System/Library/PrivateFrameworks/TextureIO.framework/Versions/A/TextureIO
0x000000000b351000 	/usr/lib/libate.dylib
0x000000000b351000 	/System/Library/PrivateFrameworks/CrashReporterSupport.framework/Versions/A/CrashReporterSupport
0x000000000b351000 	/System/Library/PrivateFrameworks/Sharing.framework/Versions/A/Sharing
0x000000000b351000 	/System/Library/PrivateFrameworks/IconServices.framework/Versions/A/IconServices
0x000000000b351000 	/System/Library/PrivateFrameworks/AuthKit.framework/Versions/A/AuthKit
0x000000000b351000 	/System/Library/PrivateFrameworks/Apple80211.framework/Versions/A/Apple80211
0x000000000b351000 	/System/Library/PrivateFrameworks/CoreUtils.framework/Versions/A/CoreUtils
0x000000000b351000 	/System/Library/Frameworks/CoreWLAN.framework/Versions/A/CoreWLAN
0x000000000b351000 	/System/Library/Frameworks/IOBluetooth.framework/Versions/A/IOBluetooth
0x000000000b351000 	/System/Library/PrivateFrameworks/ProtocolBuffer.framework/Versions/A/ProtocolBuffer
0x000000000b351000 	/System/Library/PrivateFrameworks/MobileKeyBag.framework/Versions/A/MobileKeyBag
0x000000000b351000 	/System/Library/PrivateFrameworks/CorePhoneNumbers.framework/Versions/A/CorePhoneNumbers
0x000000000b351000 	/System/Library/PrivateFrameworks/AppleIDAuthSupport.framework/Versions/A/AppleIDAuthSupport
0x000000000b351000 	/System/Library/PrivateFrameworks/KeychainCircle.framework/Versions/A/KeychainCircle
0x000000000b351000 	/System/Library/PrivateFrameworks/CoreWiFi.framework/Versions/A/CoreWiFi
0x000000000b351000 	/System/Library/Frameworks/CoreBluetooth.framework/Versions/A/CoreBluetooth
0x000000000b351000 	/System/Library/PrivateFrameworks/DebugSymbols.framework/Versions/A/DebugSymbols
0x000000000b351000 	/System/Library/PrivateFrameworks/CoreSymbolication.framework/Versions/A/CoreSymbolication
0x000000000b351000 	/System/Library/PrivateFrameworks/Symbolication.framework/Versions/A/Symbolication
0x000000000b351000 	/System/Library/PrivateFrameworks/AppleFSCompression.framework/Versions/A/AppleFSCompression
0x000000000b351000 	/System/Library/PrivateFrameworks/SpeechRecognitionCore.framework/Versions/A/SpeechRecognitionCore
0x0000000107400000 	/Library/Java/JavaVirtualMachines/jdk1.8.0_131.jdk/Contents/Home/jre/lib/server/libjvm.dylib
0x000000000b351000 	/usr/lib/libstdc++.6.0.9.dylib
0x0000000106342000 	/Library/Java/JavaVirtualMachines/jdk1.8.0_131.jdk/Contents/Home/jre/lib/libverify.dylib
0x0000000106350000 	/Library/Java/JavaVirtualMachines/jdk1.8.0_131.jdk/Contents/Home/jre/lib/libjava.dylib
0x00000001063cf000 	/Library/Java/JavaVirtualMachines/jdk1.8.0_131.jdk/Contents/Home/jre/lib/libzip.dylib
0x000000000b351000 	/System/Library/Frameworks/JavaVM.framework/Versions/A/Frameworks/JavaRuntimeSupport.framework/Versions/A/JavaRuntimeSupport
0x000000000b351000 	/System/Library/Frameworks/JavaVM.framework/Versions/A/Frameworks/JavaNativeFoundation.framework/Versions/A/JavaNativeFoundation
0x000000000b351000 	/System/Library/Frameworks/JavaVM.framework/Versions/A/JavaVM
0x000000000b351000 	/System/Library/Frameworks/Carbon.framework/Versions/A/Carbon
0x000000000b351000 	/System/Library/PrivateFrameworks/JavaLaunching.framework/Versions/A/JavaLaunching
0x000000000b351000 	/System/Library/Frameworks/Carbon.framework/Versions/A/Frameworks/CommonPanels.framework/Versions/A/CommonPanels
0x000000000b351000 	/System/Library/Frameworks/Carbon.framework/Versions/A/Frameworks/Help.framework/Versions/A/Help
0x000000000b351000 	/System/Library/Frameworks/Carbon.framework/Versions/A/Frameworks/ImageCapture.framework/Versions/A/ImageCapture
0x000000000b351000 	/System/Library/Frameworks/Carbon.framework/Versions/A/Frameworks/OpenScripting.framework/Versions/A/OpenScripting
0x000000000b351000 	/System/Library/Frameworks/Carbon.framework/Versions/A/Frameworks/Print.framework/Versions/A/Print
0x000000000b351000 	/System/Library/Frameworks/Carbon.framework/Versions/A/Frameworks/SecurityHI.framework/Versions/A/SecurityHI
0x00000001253c2000 	/Library/Java/JavaVirtualMachines/jdk1.8.0_131.jdk/Contents/Home/jre/lib/libnet.dylib
0x0000000125447000 	/Library/Java/JavaVirtualMachines/jdk1.8.0_131.jdk/Contents/Home/jre/lib/libawt.dylib
0x00000001254ef000 	/Library/Java/JavaVirtualMachines/jdk1.8.0_131.jdk/Contents/Home/jre/lib/./libmlib_image.dylib
0x00000001255bb000 	/Library/Java/JavaVirtualMachines/jdk1.8.0_131.jdk/Contents/Home/jre/lib/libawt_lwawt.dylib
0x0000000125672000 	/Library/Java/JavaVirtualMachines/jdk1.8.0_131.jdk/Contents/Home/jre/lib/./libosxapp.dylib
0x000000000b351000 	/System/Library/Frameworks/ExceptionHandling.framework/Versions/A/ExceptionHandling
0x000000000b351000 	/System/Library/PrivateFrameworks/CoreServicesInternal.framework/Versions/A/CoreServicesInternal
0x000000000b351000 	/System/Library/CoreServices/RawCamera.bundle/Contents/MacOS/RawCamera
0x000000000b351000 	/System/Library/PrivateFrameworks/MobileAsset.framework/Versions/A/MobileAsset
0x000000000b351000 	/System/Library/PrivateFrameworks/StreamingZip.framework/Versions/A/StreamingZip
0x000000000b351000 	/System/Library/Frameworks/MediaToolbox.framework/Versions/A/MediaToolbox
0x000000000b351000 	/System/Library/PrivateFrameworks/CoreAVCHD.framework/Versions/A/CoreAVCHD
0x000000000b351000 	/System/Library/Frameworks/MediaAccessibility.framework/Versions/A/MediaAccessibility
0x000000000b351000 	/System/Library/PrivateFrameworks/Mangrove.framework/Versions/A/Mangrove
0x000000000b351000 	/System/Library/Frameworks/CoreMedia.framework/Versions/A/CoreMedia
0x000000000b351000 	/System/Library/Frameworks/VideoToolbox.framework/Versions/A/VideoToolbox
0x000000000b351000 	/System/Library/PrivateFrameworks/CoreAUC.framework/Versions/A/CoreAUC
0x000000000b351000 	/usr/lib/libspindump.dylib
0x000000000b351000 	/System/Library/PrivateFrameworks/AppleVA.framework/Versions/A/AppleVA
0x000000000b351000 	/System/Library/Frameworks/Accelerate.framework/Versions/A/Frameworks/vImage.framework/Versions/A/Libraries/libCGInterfaces.dylib
0x000000000b351000 	/System/Library/Frameworks/ApplicationServices.framework/Versions/A/Frameworks/ATS.framework/Versions/A/Resources/libTrueTypeScaler.dylib
0x000000000b351000 	/System/Library/Extensions/AppleIntelHD5000GraphicsMTLDriver.bundle/Contents/MacOS/AppleIntelHD5000GraphicsMTLDriver
0x000000000b351000 	/System/Library/PrivateFrameworks/GPUCompiler.framework/Versions/3802/Libraries/libmetal_timestamp.dylib
0x000000000b351000 	/System/Library/PrivateFrameworks/FamilyControls.framework/Versions/A/FamilyControls
0x000000000b351000 	/System/Library/PrivateFrameworks/CommerceKit.framework/Versions/A/Frameworks/CommerceCore.framework/Versions/A/CommerceCore
0x000000000b351000 	/System/Library/PrivateFrameworks/SystemAdministration.framework/Versions/A/SystemAdministration
0x000000000b351000 	/System/Library/PrivateFrameworks/AppContainer.framework/Versions/A/AppContainer
0x000000000b351000 	/System/Library/PrivateFrameworks/SecCodeWrapper.framework/Versions/A/SecCodeWrapper
0x000000000b351000 	/System/Library/PrivateFrameworks/DiskManagement.framework/Versions/A/DiskManagement
0x000000000b351000 	/System/Library/Frameworks/DirectoryService.framework/Versions/A/DirectoryService
0x000000000b351000 	/System/Library/PrivateFrameworks/DiskImages.framework/Versions/A/DiskImages
0x000000000b351000 	/System/Library/PrivateFrameworks/LoginUIKit.framework/Versions/A/Frameworks/LoginUICore.framework/Versions/A/LoginUICore
0x000000000b351000 	/usr/lib/libCoreStorage.dylib
0x000000000b351000 	/usr/lib/libcsfde.dylib
0x000000000b351000 	/usr/lib/libodfde.dylib
0x000000000b351000 	/System/Library/PrivateFrameworks/MediaKit.framework/Versions/A/MediaKit
0x000000000b351000 	/System/Library/Frameworks/DiscRecording.framework/Versions/A/DiscRecording
0x000000000b351000 	/System/Library/PrivateFrameworks/EFILogin.framework/Versions/A/EFILogin
0x000000000b351000 	/System/Library/PrivateFrameworks/ProtectedCloudStorage.framework/Versions/A/ProtectedCloudStorage
0x000000000b351000 	/usr/lib/libcurl.4.dylib
0x000000000b351000 	/usr/lib/libcrypto.35.dylib
0x000000000b351000 	/usr/lib/libssl.35.dylib
0x000000000b351000 	/System/Library/Frameworks/LDAP.framework/Versions/A/LDAP
0x000000000b351000 	/System/Library/PrivateFrameworks/TrustEvaluationAgent.framework/Versions/A/TrustEvaluationAgent
0x000000000b351000 	/usr/lib/libsasl2.2.dylib
0x000000000b351000 	/System/Library/PrivateFrameworks/CoreDaemon.framework/Versions/B/CoreDaemon
0x000000000b351000 	/System/Library/PrivateFrameworks/AppleSRP.framework/Versions/A/AppleSRP
0x0000000127ea8000 	/Users/anshulbansal/Library/Caches/JNA/temp/jna1247743055987733924.tmp
0x000000012833d000 	/usr/local/lib/libtesseract.dylib
0x00000001285d9000 	/usr/local/opt/leptonica/lib/liblept.5.dylib
0x00000001287e9000 	/usr/local/opt/libpng/lib/libpng16.16.dylib
0x0000000128814000 	/usr/local/opt/jpeg/lib/libjpeg.9.dylib
0x000000012782c000 	/usr/local/opt/giflib/lib/libgif.dylib
0x0000000128848000 	/usr/local/opt/libtiff/lib/libtiff.5.dylib
0x00000001288b3000 	/usr/local/opt/webp/lib/libwebpmux.3.dylib
0x00000001288bd000 	/usr/local/opt/webp/lib/libwebp.7.dylib
0x0000000128920000 	/usr/local/opt/openjpeg/lib/libopenjp2.7.dylib
0x000000000b351000 	/System/Library/PrivateFrameworks/ViewBridge.framework/Versions/A/ViewBridge

VM Arguments:
jvm_args: -Dfile.encoding=UTF-8 
java_command: com.baeldung.tesseract.Tess4JExample
java_class_path (initial): /Users/anshulbansal/eclipse-workspace/tutorials/image-processing/target/classes:/Users/anshulbansal/.m2/repository/net/imagej/ij/1.51h/ij-1.51h.jar:/Library/Java/JavaVirtualMachines/jdk1.8.0_131.jdk/Contents/Home/lib/tools.jar:/Users/anshulbansal/.m2/repository/org/openimaj/core-image/1.3.5/core-image-1.3.5.jar:/Users/anshulbansal/.m2/repository/net/billylieurance/azuresearch/azure-bing-search-java/0.12.0/azure-bing-search-java-0.12.0.jar:/Users/anshulbansal/.m2/repository/org/apache/httpcomponents/httpclient/4.2.1/httpclient-4.2.1.jar:/Users/anshulbansal/.m2/repository/commons-codec/commons-codec/1.6/commons-codec-1.6.jar:/Users/anshulbansal/.m2/repository/org/apache/httpcomponents/httpcore/4.2.1/httpcore-4.2.1.jar:/Users/anshulbansal/.m2/repository/net/sourceforge/jeuclid/jeuclid-core/3.1.9/jeuclid-core-3.1.9.jar:/Users/anshulbansal/.m2/repository/org/apache/xmlgraphics/batik-svg-dom/1.7/batik-svg-dom-1.7.jar:/Users/anshulbansal/.m2/repository/org/apache/xmlgraphics/batik-anim/1.7/batik-anim-1.7.jar:/Users/anshulbansal/.m2/repository/org/apache/xmlgraphics/batik-awt-util/1.7/batik-awt-util-1.7.jar:/Users/anshulbansal/.m2/repository/org/apache/xmlgraphics/batik-css/1.7/batik-css-1.7.jar:/Users/anshulbansal/.m2/repository/org/apache/xmlgraphics/batik-dom/1.7/batik-dom-1.7.jar:/Users/anshulbansal/.m2/repository/org/apache/xmlgraphics/batik-xml/1.7/batik-xml-1.7.jar:/Users/anshulbansal/.m2/repository/org/apache/xmlgraphics/batik-ext/1.7/batik-ext-1.7.jar:/Users/anshulbansal/.m2/repository/org/apache/xmlgraphics/batik-parser/1.7/batik-parser-1.7.jar:/Users/anshulbansal/.m2/repository/org/apache/xmlgraphics/batik-util/1.7/batik-util-1.7.jar:/Users/anshulbansal/.m2/repository/xml-apis/xml-apis/1.3.04/xml-apis-1.3.04.jar:/Users/anshulbansal/.m2/repository/xml-apis/xml-apis-ext/1.3.04/xml-apis-ext-1.3.04.jar:/Users/anshulbansal/.m2/repository/org/apache/xmlgraphics/xmlgraphics-commons/1.3.1/xmlgraphics-commons-1.3.1.jar:/Users/anshulbansal/.m2/
Launcher Type: SUN_STANDARD

Environment Variables:
PATH=/usr/bin:/bin:/usr/sbin:/sbin
SHELL=/bin/bash

Signal Handlers:
SIGSEGV: [libjvm.dylib+0x5b1eb1], sa_mask[0]=11111111011111110111111111111111, sa_flags=SA_ONSTACK|SA_RESTART|SA_SIGINFO
SIGBUS: [libjvm.dylib+0x5b1eb1], sa_mask[0]=11111111011111110111111111111111, sa_flags=SA_RESTART|SA_SIGINFO
SIGFPE: [libjvm.dylib+0x488988], sa_mask[0]=11111111011111110111111111111111, sa_flags=SA_RESTART|SA_SIGINFO
SIGPIPE: [libjvm.dylib+0x488988], sa_mask[0]=11111111011111110111111111111111, sa_flags=SA_RESTART|SA_SIGINFO
SIGXFSZ: [libjvm.dylib+0x488988], sa_mask[0]=11111111011111110111111111111111, sa_flags=SA_RESTART|SA_SIGINFO
SIGILL: [libjvm.dylib+0x488988], sa_mask[0]=11111111011111110111111111111111, sa_flags=SA_RESTART|SA_SIGINFO
SIGUSR1: SIG_DFL, sa_mask[0]=00000000000000000000000000000000, sa_flags=none
SIGUSR2: [libjvm.dylib+0x4884a6], sa_mask[0]=00100000000000000000000000000000, sa_flags=SA_RESTART|SA_SIGINFO
SIGHUP: [libjvm.dylib+0x486a7d], sa_mask[0]=11111111011111110111111111111111, sa_flags=SA_RESTART|SA_SIGINFO
SIGINT: [libjvm.dylib+0x486a7d], sa_mask[0]=11111111011111110111111111111111, sa_flags=SA_RESTART|SA_SIGINFO
SIGTERM: [libjvm.dylib+0x486a7d], sa_mask[0]=11111111011111110111111111111111, sa_flags=SA_RESTART|SA_SIGINFO
SIGQUIT: [libjvm.dylib+0x486a7d], sa_mask[0]=11111111011111110111111111111111, sa_flags=SA_RESTART|SA_SIGINFO


---------------  S Y S T E M  ---------------

OS:Bsduname:Darwin 17.7.0 Darwin Kernel Version 17.7.0: Thu Jun 21 22:53:14 PDT 2018; root:xnu-4570.71.2~1/RELEASE_X86_64 x86_64
rlimit: STACK 8192k, CORE 0k, NPROC 1418, NOFILE 10240, AS infinity
load average:5.31 5.07 4.91

CPU:total 8 (initial active 8) (4 cores per cpu, 2 threads per core) family 6 model 70 stepping 1, cmov, cx8, fxsr, mmx, sse, sse2, sse3, ssse3, sse4.1, sse4.2, popcnt, avx, avx2, aes, clmul, erms, lzcnt, ht, tsc, tscinvbit, bmi1, bmi2

Memory: 4k page, physical 16777216k(398380k free)

/proc/meminfo:


vm_info: Java HotSpot(TM) 64-Bit Server VM (25.131-b11) for bsd-amd64 JRE (1.8.0_131-b11), built on Mar 15 2017 01:32:22 by "java_re" with gcc 4.2.1 (Based on Apple Inc. build 5658) (LLVM build 2336.11.00)

time: Sat Mar  7 18:11:01 2020
elapsed time: 1 seconds (0d 0h 0m 1s)

