#
# A fatal error has been detected by the Java Runtime Environment:
#
#  SIGSEGV (0xb) at pc=0x00007f47fe661119, pid=8373, tid=8374
#
# JRE version: OpenJDK Runtime Environment GraalVM CE 22.3.0 (17.0.5+8) (build 17.0.5+8-jvmci-22.3-b08)
# Java VM: OpenJDK 64-Bit Server VM GraalVM CE 22.3.0 (17.0.5+8-jvmci-22.3-b08, mixed mode, sharing, tiered, jvmci, jvmci compiler, compressed oops, compressed class ptrs, g1 gc, linux-amd64)
# Problematic frame:
# C  [libnativelib.so+0x1119]  core+0x10
#
# Core dump will be written. Default location: Core dumps may be processed with "/usr/lib/systemd/systemd-coredump %P %u %g %s %t %c %h" (or dumping to /home/michael/Desktop/Angular/HeapDump/src/core.8373)
#
# If you would like to submit a bug report, please visit:
#   https://github.com/oracle/graal/issues
# The crash happened outside the Java Virtual Machine in native code.
# See problematic frame for where to report the bug.
#

---------------  S U M M A R Y ------------

Command Line: -XX:ThreadPriorityPolicy=1 -XX:+UnlockExperimentalVMOptions -XX:+EnableJVMCIProduct -XX:JVMCIThreadsPerNativeLibraryRuntime=1 -XX:-UnlockExperimentalVMOptions -Djava.library.path=. CoreDump

Host: Intel(R) Core(TM) i3-3120M CPU @ 2.50GHz, 8 cores, 11G, Arch Linux
Time: Tue Sep  5 06:45:56 2023 UTC elapsed time: 0.088199 seconds (0d 0h 0m 0s)

---------------  T H R E A D  ---------------

Current thread (0x00007f47f80258f0):  JavaThread "main" [_thread_in_native, id=8374, stack(0x00007f47fd300000,0x00007f47fd400000)]

Stack: [0x00007f47fd300000,0x00007f47fd400000],  sp=0x00007f47fd3fe900,  free space=1018k
Native frames: (J=compiled Java code, j=interpreted, Vv=VM code, C=native code)
C  [libnativelib.so+0x1119]  core+0x10
C  [libnativelib.so+0x113c]  Java_CoreDump_core+0x1a
j  CoreDump.core()V+0
j  CoreDump.main([Ljava/lang/String;)V+7
v  ~StubRoutines::call_stub
V  [libjvm.so+0x7f8bf5]
V  [libjvm.so+0x89380d]
V  [libjvm.so+0x89664e]
C  [libjli.so+0x46ae]
C  [libjli.so+0x7d29]

Java frames: (J=compiled Java code, j=interpreted, Vv=VM code)
j  CoreDump.core()V+0
j  CoreDump.main([Ljava/lang/String;)V+7
v  ~StubRoutines::call_stub

siginfo: si_signo: 11 (SIGSEGV), si_code: 1 (SEGV_MAPERR), si_addr: 0x0000000000000000

Register to memory mapping:

RAX=0x0 is NULL
RBX={method} {0x00007f47c9801268} 'core' '()V' in 'CoreDump'
RCX=0x0000000000000001 is an unknown value
RDX=0x00007f47f80263e8 points into unknown readable memory: 0x0000000000000105 | 05 01 00 00 00 00 00 00
RSP=0x00007f47fd3fe900 is pointing into the stack for thread: 0x00007f47f80258f0
RBP=0x00007f47fd3fe900 is pointing into the stack for thread: 0x00007f47f80258f0
RSI=0x00007f47fd3fe9a8 is pointing into the stack for thread: 0x00007f47f80258f0
RDI=0x00007f47f8025b98 points into unknown readable memory: 0x00007f47fe5cf300 | 00 f3 5c fe 47 7f 00 00
R8 =0x00007f47f80263f0 points into unknown readable memory: 0x00007f47c9801310 | 10 13 80 c9 47 7f 00 00
R9 =0x0000000000000002 is an unknown value
R10=0x00007f47fe6603c0: <offset 0x00000000000003c0> in /home/michael/Desktop/Angular/HeapDump/src/libnativelib.so at 0x00007f47fe660000
R11=0x00007f47fe661109: core+0x0000000000000000 in /home/michael/Desktop/Angular/HeapDump/src/libnativelib.so at 0x00007f47fe660000
R12=0x0 is NULL
R13={method} {0x00007f47c9801268} 'core' '()V' in 'CoreDump'
R14=0x00007f47fd3fe9a8 is pointing into the stack for thread: 0x00007f47f80258f0
R15=0x00007f47f80258f0 is a thread


Registers:
RAX=0x0000000000000000, RBX=0x00007f47c9801268, RCX=0x0000000000000001, RDX=0x00007f47f80263e8
RSP=0x00007f47fd3fe900, RBP=0x00007f47fd3fe900, RSI=0x00007f47fd3fe9a8, RDI=0x00007f47f8025b98
R8 =0x00007f47f80263f0, R9 =0x0000000000000002, R10=0x00007f47fe6603c0, R11=0x00007f47fe661109
R12=0x0000000000000000, R13=0x00007f47c9801268, R14=0x00007f47fd3fe9a8, R15=0x00007f47f80258f0
RIP=0x00007f47fe661119, EFLAGS=0x0000000000010202, CSGSFS=0x002b000000000033, ERR=0x0000000000000006
  TRAPNO=0x000000000000000e

Top of Stack: (sp=0x00007f47fd3fe900)
0x00007f47fd3fe900:   00007f47fd3fe920 00007f47fe66113c
0x00007f47fd3fe910:   00007f47fd3fe9a8 00007f47f8025b98
0x00007f47fd3fe920:   00007f47fd3fe988 00007f47df40d01a
0x00007f47fd3fe930:   0000000000000000 00007f47df40cd56 

Instructions: (pc=0x00007f47fe661119)
0x00007f47fe661019:   08 c3 00 00 00 00 00 ff 35 ca 2f 00 00 ff 25 cc
0x00007f47fe661029:   2f 00 00 0f 1f 40 00 ff 25 ca 2f 00 00 68 00 00
0x00007f47fe661039:   00 00 e9 e0 ff ff ff 48 8d 3d c9 2f 00 00 48 8d
0x00007f47fe661049:   05 c2 2f 00 00 48 39 f8 74 15 48 8b 05 6e 2f 00
0x00007f47fe661059:   00 48 85 c0 74 09 ff e0 0f 1f 80 00 00 00 00 c3
0x00007f47fe661069:   0f 1f 80 00 00 00 00 48 8d 3d 99 2f 00 00 48 8d
0x00007f47fe661079:   35 92 2f 00 00 48 29 fe 48 89 f0 48 c1 ee 3f 48
0x00007f47fe661089:   c1 f8 03 48 01 c6 48 d1 fe 74 14 48 8b 05 3d 2f
0x00007f47fe661099:   00 00 48 85 c0 74 08 ff e0 66 0f 1f 44 00 00 c3
0x00007f47fe6610a9:   0f 1f 80 00 00 00 00 f3 0f 1e fa 80 3d 55 2f 00
0x00007f47fe6610b9:   00 00 75 33 55 48 83 3d 1a 2f 00 00 00 48 89 e5
0x00007f47fe6610c9:   74 0d 48 8b 3d 36 2f 00 00 ff 15 08 2f 00 00 e8
0x00007f47fe6610d9:   63 ff ff ff c6 05 2c 2f 00 00 01 5d c3 66 2e 0f
0x00007f47fe6610e9:   1f 84 00 00 00 00 00 c3 66 66 2e 0f 1f 84 00 00
0x00007f47fe6610f9:   00 00 00 0f 1f 40 00 f3 0f 1e fa e9 67 ff ff ff
0x00007f47fe661109:   55 48 89 e5 48 c7 45 f8 00 00 00 00 48 8b 45 f8
0x00007f47fe661119:   c7 00 00 00 00 00 90 5d c3 55 48 89 e5 48 83 ec
0x00007f47fe661129:   10 48 89 7d f8 48 89 75 f0 b8 00 00 00 00 e8 f4
0x00007f47fe661139:   fe ff ff 90 c9 c3 55 48 89 e5 90 5d c3 00 00 f3
0x00007f47fe661149:   0f 1e fa 48 83 ec 08 48 83 c4 08 c3 00 00 00 00
0x00007f47fe661159:   00 00 00 00 00 00 00 00 00 00 00 00 00 00 00 00
0x00007f47fe661169:   00 00 00 00 00 00 00 00 00 00 00 00 00 00 00 00
0x00007f47fe661179:   00 00 00 00 00 00 00 00 00 00 00 00 00 00 00 00
0x00007f47fe661189:   00 00 00 00 00 00 00 00 00 00 00 00 00 00 00 00
0x00007f47fe661199:   00 00 00 00 00 00 00 00 00 00 00 00 00 00 00 00
0x00007f47fe6611a9:   00 00 00 00 00 00 00 00 00 00 00 00 00 00 00 00
0x00007f47fe6611b9:   00 00 00 00 00 00 00 00 00 00 00 00 00 00 00 00
0x00007f47fe6611c9:   00 00 00 00 00 00 00 00 00 00 00 00 00 00 00 00
0x00007f47fe6611d9:   00 00 00 00 00 00 00 00 00 00 00 00 00 00 00 00
0x00007f47fe6611e9:   00 00 00 00 00 00 00 00 00 00 00 00 00 00 00 00
0x00007f47fe6611f9:   00 00 00 00 00 00 00 00 00 00 00 00 00 00 00 00
0x00007f47fe661209:   00 00 00 00 00 00 00 00 00 00 00 00 00 00 00 00 


Stack slot to memory mapping:
stack at sp + 0 slots: 0x00007f47fd3fe920 is pointing into the stack for thread: 0x00007f47f80258f0
stack at sp + 1 slots: 0x00007f47fe66113c: Java_CoreDump_core+0x000000000000001a in /home/michael/Desktop/Angular/HeapDump/src/libnativelib.so at 0x00007f47fe660000
stack at sp + 2 slots: 0x00007f47fd3fe9a8 is pointing into the stack for thread: 0x00007f47f80258f0
stack at sp + 3 slots: 0x00007f47f8025b98 points into unknown readable memory: 0x00007f47fe5cf300 | 00 f3 5c fe 47 7f 00 00
stack at sp + 4 slots: 0x00007f47fd3fe988 is pointing into the stack for thread: 0x00007f47f80258f0
stack at sp + 5 slots: 0x00007f47df40d01a is at code_begin+890 in an Interpreter codelet
method entry point (kind = native)  [0x00007f47df40cca0, 0x00007f47df40d500]  2144 bytes
stack at sp + 6 slots: 0x0 is NULL
stack at sp + 7 slots: 0x00007f47df40cd56 is at code_begin+182 in an Interpreter codelet
method entry point (kind = native)  [0x00007f47df40cca0, 0x00007f47df40d500]  2144 bytes


---------------  P R O C E S S  ---------------

Threads class SMR info:
_java_thread_list=0x00007f47f81f6b10, length=12, elements={
0x00007f47f80258f0, 0x00007f47f8135ac0, 0x00007f47f8136ef0, 0x00007f47f8141bc0,
0x00007f47f8142f80, 0x00007f47f81443a0, 0x00007f47f81650d0, 0x00007f47f8166610,
0x00007f47f8167a90, 0x00007f47f81add20, 0x00007f479c06e820, 0x00007f47f81f5b50
}

Java Threads: ( => current thread )
=>0x00007f47f80258f0 JavaThread "main" [_thread_in_native, id=8374, stack(0x00007f47fd300000,0x00007f47fd400000)]
  0x00007f47f8135ac0 JavaThread "Reference Handler" daemon [_thread_blocked, id=8381, stack(0x00007f47d891c000,0x00007f47d8a1c000)]
  0x00007f47f8136ef0 JavaThread "Finalizer" daemon [_thread_blocked, id=8382, stack(0x00007f47d881c000,0x00007f47d891c000)]
  0x00007f47f8141bc0 JavaThread "Signal Dispatcher" daemon [_thread_blocked, id=8383, stack(0x00007f47d8300000,0x00007f47d8400000)]
  0x00007f47f8142f80 JavaThread "Service Thread" daemon [_thread_blocked, id=8384, stack(0x00007f47d8200000,0x00007f47d8300000)]
  0x00007f47f81443a0 JavaThread "Monitor Deflation Thread" daemon [_thread_blocked, id=8385, stack(0x00007f47d8100000,0x00007f47d8200000)]
  0x00007f47f81650d0 JavaThread "JVMCI-native CompilerThread0" daemon [_thread_blocked, id=8386, stack(0x00007f47c9e00000,0x00007f47ca000000)]
  0x00007f47f8166610 JavaThread "C1 CompilerThread0" daemon [_thread_blocked, id=8387, stack(0x00007f47c9c00000,0x00007f47c9e00000)]
  0x00007f47f8167a90 JavaThread "Sweeper thread" daemon [_thread_blocked, id=8388, stack(0x00007f47d8000000,0x00007f47d8100000)]
  0x00007f47f81add20 JavaThread "Common-Cleaner" daemon [_thread_blocked, id=8389, stack(0x00007f47c9300000,0x00007f47c9400000)]
  0x00007f479c06e820 JavaThread "C1 CompilerThread1" daemon [_thread_blocked, id=8390, stack(0x00007f47c9100000,0x00007f47c9300000)]
  0x00007f47f81f5b50 JavaThread "Notification Thread" daemon [_thread_blocked, id=8391, stack(0x00007f47c9000000,0x00007f47c9100000)]

Other Threads:
  0x00007f47f81317e0 VMThread "VM Thread" [stack: 0x00007f47d8a1e000,0x00007f47d8b1e000] [id=8380]
  0x00007f47f81f7510 WatcherThread [stack: 0x00007f47c8f00000,0x00007f47c9000000] [id=8392]
  0x00007f47f807b290 GCTaskThread "GC Thread#0" [stack: 0x00007f47fc0ab000,0x00007f47fc1ab000] [id=8375]
  0x00007f47f8087d30 ConcurrentGCThread "G1 Main Marker" [stack: 0x00007f47d92fa000,0x00007f47d93fa000] [id=8376]
  0x00007f47f8088c90 ConcurrentGCThread "G1 Conc#0" [stack: 0x00007f47d91f8000,0x00007f47d92f8000] [id=8377]
  0x00007f47f8104ce0 ConcurrentGCThread "G1 Refine#0" [stack: 0x00007f47d8cf2000,0x00007f47d8df2000] [id=8378]
  0x00007f47f8105bd0 ConcurrentGCThread "G1 Service" [stack: 0x00007f47d8bf0000,0x00007f47d8cf0000] [id=8379]

Threads with active compile tasks:

VM state: not at safepoint (normal execution)

VM Mutex/Monitor currently owned by a thread: None

Heap address: 0x000000074b400000, size: 2892 MB, Compressed Oops mode: Zero based, Oop shift amount: 3

CDS archive(s) mapped at: [0x0000000800000000-0x0000000800bc8000-0x0000000800bc8000), size 12353536, SharedBaseAddress: 0x0000000800000000, ArchiveRelocationMode: 0.
Compressed class space mapped at: 0x0000000800c00000-0x0000000840c00000, reserved size: 1073741824
Narrow klass base: 0x0000000800000000, Narrow klass shift: 0, Narrow klass range: 0x100000000

GC Precious Log:
 CPUs: 8 total, 4 available
 Memory: 11563M
 Large Page Support: Disabled
 NUMA Support: Disabled
 Compressed Oops: Enabled (Zero based)
 Heap Region Size: 2M
 Heap Min Capacity: 8M
 Heap Initial Capacity: 182M
 Heap Max Capacity: 2892M
 Pre-touch: Disabled
 Parallel Workers: 4
 Concurrent Workers: 1
 Concurrent Refinement Workers: 4
 Periodic GC: Disabled

Heap:
 garbage-first heap   total 190464K, used 1868K [0x000000074b400000, 0x0000000800000000)
  region size 2048K, 1 young (2048K), 0 survivors (0K)
 Metaspace       used 267K, committed 512K, reserved 1056768K
  class space    used 3K, committed 128K, reserved 1048576K

Heap Regions: E=young(eden), S=young(survivor), O=old, HS=humongous(starts), HC=humongous(continues), CS=collection set, F=free, OA=open archive, CA=closed archive, TAMS=top-at-mark-start (previous, next)
|   0|0x000000074b400000, 0x000000074b400000, 0x000000074b600000|  0%| F|  |TAMS 0x000000074b400000, 0x000000074b400000| Untracked 
|   1|0x000000074b600000, 0x000000074b600000, 0x000000074b800000|  0%| F|  |TAMS 0x000000074b600000, 0x000000074b600000| Untracked 
|   2|0x000000074b800000, 0x000000074b800000, 0x000000074ba00000|  0%| F|  |TAMS 0x000000074b800000, 0x000000074b800000| Untracked 
|   3|0x000000074ba00000, 0x000000074ba00000, 0x000000074bc00000|  0%| F|  |TAMS 0x000000074ba00000, 0x000000074ba00000| Untracked 
|   4|0x000000074bc00000, 0x000000074bc00000, 0x000000074be00000|  0%| F|  |TAMS 0x000000074bc00000, 0x000000074bc00000| Untracked 
|   5|0x000000074be00000, 0x000000074be00000, 0x000000074c000000|  0%| F|  |TAMS 0x000000074be00000, 0x000000074be00000| Untracked 
|   6|0x000000074c000000, 0x000000074c000000, 0x000000074c200000|  0%| F|  |TAMS 0x000000074c000000, 0x000000074c000000| Untracked 
|   7|0x000000074c200000, 0x000000074c200000, 0x000000074c400000|  0%| F|  |TAMS 0x000000074c200000, 0x000000074c200000| Untracked 
|   8|0x000000074c400000, 0x000000074c400000, 0x000000074c600000|  0%| F|  |TAMS 0x000000074c400000, 0x000000074c400000| Untracked 
|   9|0x000000074c600000, 0x000000074c600000, 0x000000074c800000|  0%| F|  |TAMS 0x000000074c600000, 0x000000074c600000| Untracked 
|  10|0x000000074c800000, 0x000000074c800000, 0x000000074ca00000|  0%| F|  |TAMS 0x000000074c800000, 0x000000074c800000| Untracked 
|  11|0x000000074ca00000, 0x000000074ca00000, 0x000000074cc00000|  0%| F|  |TAMS 0x000000074ca00000, 0x000000074ca00000| Untracked 
|  12|0x000000074cc00000, 0x000000074cc00000, 0x000000074ce00000|  0%| F|  |TAMS 0x000000074cc00000, 0x000000074cc00000| Untracked 
|  13|0x000000074ce00000, 0x000000074ce00000, 0x000000074d000000|  0%| F|  |TAMS 0x000000074ce00000, 0x000000074ce00000| Untracked 
|  14|0x000000074d000000, 0x000000074d000000, 0x000000074d200000|  0%| F|  |TAMS 0x000000074d000000, 0x000000074d000000| Untracked 
|  15|0x000000074d200000, 0x000000074d200000, 0x000000074d400000|  0%| F|  |TAMS 0x000000074d200000, 0x000000074d200000| Untracked 
|  16|0x000000074d400000, 0x000000074d400000, 0x000000074d600000|  0%| F|  |TAMS 0x000000074d400000, 0x000000074d400000| Untracked 
|  17|0x000000074d600000, 0x000000074d600000, 0x000000074d800000|  0%| F|  |TAMS 0x000000074d600000, 0x000000074d600000| Untracked 
|  18|0x000000074d800000, 0x000000074d800000, 0x000000074da00000|  0%| F|  |TAMS 0x000000074d800000, 0x000000074d800000| Untracked 
|  19|0x000000074da00000, 0x000000074da00000, 0x000000074dc00000|  0%| F|  |TAMS 0x000000074da00000, 0x000000074da00000| Untracked 
|  20|0x000000074dc00000, 0x000000074dc00000, 0x000000074de00000|  0%| F|  |TAMS 0x000000074dc00000, 0x000000074dc00000| Untracked 
|  21|0x000000074de00000, 0x000000074de00000, 0x000000074e000000|  0%| F|  |TAMS 0x000000074de00000, 0x000000074de00000| Untracked 
|  22|0x000000074e000000, 0x000000074e000000, 0x000000074e200000|  0%| F|  |TAMS 0x000000074e000000, 0x000000074e000000| Untracked 
|  23|0x000000074e200000, 0x000000074e200000, 0x000000074e400000|  0%| F|  |TAMS 0x000000074e200000, 0x000000074e200000| Untracked 
|  24|0x000000074e400000, 0x000000074e400000, 0x000000074e600000|  0%| F|  |TAMS 0x000000074e400000, 0x000000074e400000| Untracked 
|  25|0x000000074e600000, 0x000000074e600000, 0x000000074e800000|  0%| F|  |TAMS 0x000000074e600000, 0x000000074e600000| Untracked 
|  26|0x000000074e800000, 0x000000074e800000, 0x000000074ea00000|  0%| F|  |TAMS 0x000000074e800000, 0x000000074e800000| Untracked 
|  27|0x000000074ea00000, 0x000000074ea00000, 0x000000074ec00000|  0%| F|  |TAMS 0x000000074ea00000, 0x000000074ea00000| Untracked 
|  28|0x000000074ec00000, 0x000000074ec00000, 0x000000074ee00000|  0%| F|  |TAMS 0x000000074ec00000, 0x000000074ec00000| Untracked 
|  29|0x000000074ee00000, 0x000000074ee00000, 0x000000074f000000|  0%| F|  |TAMS 0x000000074ee00000, 0x000000074ee00000| Untracked 
|  30|0x000000074f000000, 0x000000074f000000, 0x000000074f200000|  0%| F|  |TAMS 0x000000074f000000, 0x000000074f000000| Untracked 
|  31|0x000000074f200000, 0x000000074f200000, 0x000000074f400000|  0%| F|  |TAMS 0x000000074f200000, 0x000000074f200000| Untracked 
|  32|0x000000074f400000, 0x000000074f400000, 0x000000074f600000|  0%| F|  |TAMS 0x000000074f400000, 0x000000074f400000| Untracked 
|  33|0x000000074f600000, 0x000000074f600000, 0x000000074f800000|  0%| F|  |TAMS 0x000000074f600000, 0x000000074f600000| Untracked 
|  34|0x000000074f800000, 0x000000074f800000, 0x000000074fa00000|  0%| F|  |TAMS 0x000000074f800000, 0x000000074f800000| Untracked 
|  35|0x000000074fa00000, 0x000000074fa00000, 0x000000074fc00000|  0%| F|  |TAMS 0x000000074fa00000, 0x000000074fa00000| Untracked 
|  36|0x000000074fc00000, 0x000000074fc00000, 0x000000074fe00000|  0%| F|  |TAMS 0x000000074fc00000, 0x000000074fc00000| Untracked 
|  37|0x000000074fe00000, 0x000000074fe00000, 0x0000000750000000|  0%| F|  |TAMS 0x000000074fe00000, 0x000000074fe00000| Untracked 
|  38|0x0000000750000000, 0x0000000750000000, 0x0000000750200000|  0%| F|  |TAMS 0x0000000750000000, 0x0000000750000000| Untracked 
|  39|0x0000000750200000, 0x0000000750200000, 0x0000000750400000|  0%| F|  |TAMS 0x0000000750200000, 0x0000000750200000| Untracked 
|  40|0x0000000750400000, 0x0000000750400000, 0x0000000750600000|  0%| F|  |TAMS 0x0000000750400000, 0x0000000750400000| Untracked 
|  41|0x0000000750600000, 0x0000000750600000, 0x0000000750800000|  0%| F|  |TAMS 0x0000000750600000, 0x0000000750600000| Untracked 
|  42|0x0000000750800000, 0x0000000750800000, 0x0000000750a00000|  0%| F|  |TAMS 0x0000000750800000, 0x0000000750800000| Untracked 
|  43|0x0000000750a00000, 0x0000000750a00000, 0x0000000750c00000|  0%| F|  |TAMS 0x0000000750a00000, 0x0000000750a00000| Untracked 
|  44|0x0000000750c00000, 0x0000000750c00000, 0x0000000750e00000|  0%| F|  |TAMS 0x0000000750c00000, 0x0000000750c00000| Untracked 
|  45|0x0000000750e00000, 0x0000000750e00000, 0x0000000751000000|  0%| F|  |TAMS 0x0000000750e00000, 0x0000000750e00000| Untracked 
|  46|0x0000000751000000, 0x0000000751000000, 0x0000000751200000|  0%| F|  |TAMS 0x0000000751000000, 0x0000000751000000| Untracked 
|  47|0x0000000751200000, 0x0000000751200000, 0x0000000751400000|  0%| F|  |TAMS 0x0000000751200000, 0x0000000751200000| Untracked 
|  48|0x0000000751400000, 0x0000000751400000, 0x0000000751600000|  0%| F|  |TAMS 0x0000000751400000, 0x0000000751400000| Untracked 
|  49|0x0000000751600000, 0x0000000751600000, 0x0000000751800000|  0%| F|  |TAMS 0x0000000751600000, 0x0000000751600000| Untracked 
|  50|0x0000000751800000, 0x0000000751800000, 0x0000000751a00000|  0%| F|  |TAMS 0x0000000751800000, 0x0000000751800000| Untracked 
|  51|0x0000000751a00000, 0x0000000751a00000, 0x0000000751c00000|  0%| F|  |TAMS 0x0000000751a00000, 0x0000000751a00000| Untracked 
|  52|0x0000000751c00000, 0x0000000751c00000, 0x0000000751e00000|  0%| F|  |TAMS 0x0000000751c00000, 0x0000000751c00000| Untracked 
|  53|0x0000000751e00000, 0x0000000751e00000, 0x0000000752000000|  0%| F|  |TAMS 0x0000000751e00000, 0x0000000751e00000| Untracked 
|  54|0x0000000752000000, 0x0000000752000000, 0x0000000752200000|  0%| F|  |TAMS 0x0000000752000000, 0x0000000752000000| Untracked 
|  55|0x0000000752200000, 0x0000000752200000, 0x0000000752400000|  0%| F|  |TAMS 0x0000000752200000, 0x0000000752200000| Untracked 
|  56|0x0000000752400000, 0x0000000752400000, 0x0000000752600000|  0%| F|  |TAMS 0x0000000752400000, 0x0000000752400000| Untracked 
|  57|0x0000000752600000, 0x0000000752600000, 0x0000000752800000|  0%| F|  |TAMS 0x0000000752600000, 0x0000000752600000| Untracked 
|  58|0x0000000752800000, 0x0000000752800000, 0x0000000752a00000|  0%| F|  |TAMS 0x0000000752800000, 0x0000000752800000| Untracked 
|  59|0x0000000752a00000, 0x0000000752a00000, 0x0000000752c00000|  0%| F|  |TAMS 0x0000000752a00000, 0x0000000752a00000| Untracked 
|  60|0x0000000752c00000, 0x0000000752c00000, 0x0000000752e00000|  0%| F|  |TAMS 0x0000000752c00000, 0x0000000752c00000| Untracked 
|  61|0x0000000752e00000, 0x0000000752e00000, 0x0000000753000000|  0%| F|  |TAMS 0x0000000752e00000, 0x0000000752e00000| Untracked 
|  62|0x0000000753000000, 0x0000000753000000, 0x0000000753200000|  0%| F|  |TAMS 0x0000000753000000, 0x0000000753000000| Untracked 
|  63|0x0000000753200000, 0x0000000753200000, 0x0000000753400000|  0%| F|  |TAMS 0x0000000753200000, 0x0000000753200000| Untracked 
|  64|0x0000000753400000, 0x0000000753400000, 0x0000000753600000|  0%| F|  |TAMS 0x0000000753400000, 0x0000000753400000| Untracked 
|  65|0x0000000753600000, 0x0000000753600000, 0x0000000753800000|  0%| F|  |TAMS 0x0000000753600000, 0x0000000753600000| Untracked 
|  66|0x0000000753800000, 0x0000000753800000, 0x0000000753a00000|  0%| F|  |TAMS 0x0000000753800000, 0x0000000753800000| Untracked 
|  67|0x0000000753a00000, 0x0000000753a00000, 0x0000000753c00000|  0%| F|  |TAMS 0x0000000753a00000, 0x0000000753a00000| Untracked 
|  68|0x0000000753c00000, 0x0000000753c00000, 0x0000000753e00000|  0%| F|  |TAMS 0x0000000753c00000, 0x0000000753c00000| Untracked 
|  69|0x0000000753e00000, 0x0000000753e00000, 0x0000000754000000|  0%| F|  |TAMS 0x0000000753e00000, 0x0000000753e00000| Untracked 
|  70|0x0000000754000000, 0x0000000754000000, 0x0000000754200000|  0%| F|  |TAMS 0x0000000754000000, 0x0000000754000000| Untracked 
|  71|0x0000000754200000, 0x0000000754200000, 0x0000000754400000|  0%| F|  |TAMS 0x0000000754200000, 0x0000000754200000| Untracked 
|  72|0x0000000754400000, 0x0000000754400000, 0x0000000754600000|  0%| F|  |TAMS 0x0000000754400000, 0x0000000754400000| Untracked 
|  73|0x0000000754600000, 0x0000000754600000, 0x0000000754800000|  0%| F|  |TAMS 0x0000000754600000, 0x0000000754600000| Untracked 
|  74|0x0000000754800000, 0x0000000754800000, 0x0000000754a00000|  0%| F|  |TAMS 0x0000000754800000, 0x0000000754800000| Untracked 
|  75|0x0000000754a00000, 0x0000000754a00000, 0x0000000754c00000|  0%| F|  |TAMS 0x0000000754a00000, 0x0000000754a00000| Untracked 
|  76|0x0000000754c00000, 0x0000000754c00000, 0x0000000754e00000|  0%| F|  |TAMS 0x0000000754c00000, 0x0000000754c00000| Untracked 
|  77|0x0000000754e00000, 0x0000000754e00000, 0x0000000755000000|  0%| F|  |TAMS 0x0000000754e00000, 0x0000000754e00000| Untracked 
|  78|0x0000000755000000, 0x0000000755000000, 0x0000000755200000|  0%| F|  |TAMS 0x0000000755000000, 0x0000000755000000| Untracked 
|  79|0x0000000755200000, 0x0000000755200000, 0x0000000755400000|  0%| F|  |TAMS 0x0000000755200000, 0x0000000755200000| Untracked 
|  80|0x0000000755400000, 0x0000000755400000, 0x0000000755600000|  0%| F|  |TAMS 0x0000000755400000, 0x0000000755400000| Untracked 
|  81|0x0000000755600000, 0x0000000755600000, 0x0000000755800000|  0%| F|  |TAMS 0x0000000755600000, 0x0000000755600000| Untracked 
|  82|0x0000000755800000, 0x0000000755800000, 0x0000000755a00000|  0%| F|  |TAMS 0x0000000755800000, 0x0000000755800000| Untracked 
|  83|0x0000000755a00000, 0x0000000755a00000, 0x0000000755c00000|  0%| F|  |TAMS 0x0000000755a00000, 0x0000000755a00000| Untracked 
|  84|0x0000000755c00000, 0x0000000755c00000, 0x0000000755e00000|  0%| F|  |TAMS 0x0000000755c00000, 0x0000000755c00000| Untracked 
|  85|0x0000000755e00000, 0x0000000755e00000, 0x0000000756000000|  0%| F|  |TAMS 0x0000000755e00000, 0x0000000755e00000| Untracked 
|  86|0x0000000756000000, 0x0000000756000000, 0x0000000756200000|  0%| F|  |TAMS 0x0000000756000000, 0x0000000756000000| Untracked 
|  87|0x0000000756200000, 0x0000000756200000, 0x0000000756400000|  0%| F|  |TAMS 0x0000000756200000, 0x0000000756200000| Untracked 
|  88|0x0000000756400000, 0x0000000756400000, 0x0000000756600000|  0%| F|  |TAMS 0x0000000756400000, 0x0000000756400000| Untracked 
|  89|0x0000000756600000, 0x0000000756600000, 0x0000000756800000|  0%| F|  |TAMS 0x0000000756600000, 0x0000000756600000| Untracked 
|  90|0x0000000756800000, 0x00000007569ae688, 0x0000000756a00000| 84%| E|  |TAMS 0x0000000756800000, 0x0000000756800000| Complete 
|1444|0x00000007ffc00000, 0x00000007ffd46000, 0x00000007ffe00000| 63%|OA|  |TAMS 0x00000007ffc00000, 0x00000007ffc00000| Untracked 
|1445|0x00000007ffe00000, 0x00000007ffe8d000, 0x0000000800000000| 27%|CA|  |TAMS 0x00000007ffe00000, 0x00000007ffe00000| Untracked 

Card table byte_map: [0x00007f47fc1dc000,0x00007f47fc782000] _byte_map_base: 0x00007f47f8782000

Marking Bits (Prev, Next): (CMBitMap*) 0x00007f47f807bd10, (CMBitMap*) 0x00007f47f807bd50
 Prev Bits: [0x00007f47dc12a000, 0x00007f47dee5a000)
 Next Bits: [0x00007f47d93fa000, 0x00007f47dc12a000)

Polling page: 0x00007f47fe9c0000

Metaspace:

Usage:
  Non-class:    263.53 KB used.
      Class:      3.72 KB used.
       Both:    267.25 KB used.

Virtual space:
  Non-class space:        8.00 MB reserved,     384.00 KB (  5%) committed,  1 nodes.
      Class space:        1.00 GB reserved,     128.00 KB ( <1%) committed,  1 nodes.
             Both:        1.01 GB reserved,     512.00 KB ( <1%) committed. 

Chunk freelists:
   Non-Class:  3.99 MB
       Class:  3.75 MB
        Both:  7.74 MB

MaxMetaspaceSize: unlimited
CompressedClassSpaceSize: 1.00 GB
Initial GC threshold: 21.00 MB
Current GC threshold: 21.00 MB
CDS: on
MetaspaceReclaimPolicy: balanced
 - commit_granule_bytes: 65536.
 - commit_granule_words: 8192.
 - virtual_space_node_default_size: 1048576.
 - enlarge_chunks_in_place: 1.
 - new_chunks_are_fully_committed: 0.
 - uncommit_free_chunks: 1.
 - use_allocation_guard: 0.
 - handle_deallocations: 1.


Internal statistics:

num_allocs_failed_limit: 0.
num_arena_births: 6.
num_arena_deaths: 0.
num_vsnodes_births: 2.
num_vsnodes_deaths: 0.
num_space_committed: 8.
num_space_uncommitted: 0.
num_chunks_returned_to_freelist: 0.
num_chunks_taken_from_freelist: 7.
num_chunk_merges: 0.
num_chunk_splits: 2.
num_chunks_enlarged: 1.
num_purges: 0.
num_inconsistent_stats: 0.

CodeHeap 'non-profiled nmethods': size=119752Kb used=43Kb max_used=43Kb free=119708Kb
 bounds [0x00007f47e6f0e000, 0x00007f47e717e000, 0x00007f47ee400000]
CodeHeap 'profiled nmethods': size=119752Kb used=229Kb max_used=229Kb free=119522Kb
 bounds [0x00007f47dfa1c000, 0x00007f47dfc8c000, 0x00007f47e6f0e000]
CodeHeap 'non-nmethods': size=6256Kb used=1619Kb max_used=1619Kb free=4636Kb
 bounds [0x00007f47df400000, 0x00007f47df670000, 0x00007f47dfa1c000]
 total_blobs=490 nmethods=171 adapters=247
 compilation: enabled
              stopped_count=0, restarted_count=0
 full_count=0

JVMCI Events (1 events):
Event: 0.010 Thread 0x00007f47f80258f0 created new Java JVMCI runtime -1 (0x00007f47f812d1b0)

Compilation events (20 events):
Event: 0.082 Thread 0x00007f479c06e820 nmethod 161 0x00007f47e6f18c90 code [0x00007f47e6f18e20, 0x00007f47e6f18ef0]
Event: 0.082 Thread 0x00007f47f8166610  162       3       java.util.ImmutableCollections$ListN::get (7 bytes)
Event: 0.082 Thread 0x00007f47f8166610 nmethod 162 0x00007f47dfa50910 code [0x00007f47dfa50aa0, 0x00007f47dfa50bd0]
Event: 0.084 Thread 0x00007f479c06e820  163       3       java.lang.StringLatin1::indexOfChar (33 bytes)
Event: 0.084 Thread 0x00007f479c06e820 nmethod 163 0x00007f47dfa50c90 code [0x00007f47dfa50e40, 0x00007f47dfa51070]
Event: 0.085 Thread 0x00007f47f8166610  164       3       java.lang.AbstractStringBuilder::putStringAt (12 bytes)
Event: 0.085 Thread 0x00007f479c06e820  165       3       java.lang.AbstractStringBuilder::putStringAt (34 bytes)
Event: 0.085 Thread 0x00007f47f8166610 nmethod 164 0x00007f47dfa51190 code [0x00007f47dfa51340, 0x00007f47dfa51580]
Event: 0.085 Thread 0x00007f479c06e820 nmethod 165 0x00007f47dfa51710 code [0x00007f47dfa518e0, 0x00007f47dfa51bf0]
Event: 0.085 Thread 0x00007f47f8166610  166       3       java.lang.AbstractStringBuilder::getCoder (15 bytes)
Event: 0.085 Thread 0x00007f47f8166610 nmethod 166 0x00007f47dfa51d90 code [0x00007f47dfa51f20, 0x00007f47dfa52050]
Event: 0.085 Thread 0x00007f47f8166610  167       3       java.lang.StringBuilder::append (8 bytes)
Event: 0.085 Thread 0x00007f479c06e820  168       3       java.lang.AbstractStringBuilder::append (45 bytes)
Event: 0.085 Thread 0x00007f47f8166610 nmethod 167 0x00007f47dfa52110 code [0x00007f47dfa522c0, 0x00007f47dfa52400]
Event: 0.085 Thread 0x00007f47f8166610  169       3       java.lang.String::substring (58 bytes)
Event: 0.085 Thread 0x00007f479c06e820 nmethod 168 0x00007f47dfa52490 code [0x00007f47dfa52680, 0x00007f47dfa529c0]
Event: 0.086 Thread 0x00007f479c06e820  170       3       java.lang.String::checkBoundsBeginEnd (63 bytes)
Event: 0.086 Thread 0x00007f47f8166610 nmethod 169 0x00007f47dfa52b90 code [0x00007f47dfa52d80, 0x00007f47dfa53220]
Event: 0.086 Thread 0x00007f479c06e820 nmethod 170 0x00007f47dfa53390 code [0x00007f47dfa53620, 0x00007f47dfa53ef0]
Event: 0.086 Thread 0x00007f47f8166610  171       3       java.lang.Class::getClassLoader (28 bytes)

GC Heap History (0 events):
No events

Dll operation events (3 events):
Event: 0.002 Loaded shared library /usr/lib/jvm/java-17-graalvm/lib/libjava.so
Event: 0.011 Loaded shared library /usr/lib/jvm/java-17-graalvm/lib/libjsvml.so
Event: 0.087 Loaded shared library /home/michael/Desktop/Angular/HeapDump/src/libnativelib.so

Deoptimization events (0 events):
No events

Classes unloaded (0 events):
No events

Classes redefined (0 events):
No events

Internal exceptions (0 events):
No events

VM Operations (2 events):
Event: 0.062 Executing VM operation: HandshakeAllThreads
Event: 0.062 Executing VM operation: HandshakeAllThreads done

Events (20 events):
Event: 0.023 Thread 0x00007f47f81443a0 Thread added: 0x00007f47f81443a0
Event: 0.023 Protecting memory [0x00007f47d8100000,0x00007f47d8104000] with protection modes 0
Event: 0.023 Thread 0x00007f47f81650d0 Thread added: 0x00007f47f81650d0
Event: 0.023 Protecting memory [0x00007f47c9e00000,0x00007f47c9e04000] with protection modes 0
Event: 0.024 Thread 0x00007f47f8166610 Thread added: 0x00007f47f8166610
Event: 0.024 Protecting memory [0x00007f47c9c00000,0x00007f47c9c04000] with protection modes 0
Event: 0.024 Thread 0x00007f47f8167a90 Thread added: 0x00007f47f8167a90
Event: 0.024 Protecting memory [0x00007f47d8000000,0x00007f47d8004000] with protection modes 0
Event: 0.051 Thread 0x00007f47f81add20 Thread added: 0x00007f47f81add20
Event: 0.051 Protecting memory [0x00007f47c9300000,0x00007f47c9304000] with protection modes 0
Event: 0.063 Thread 0x00007f479c06e820 Thread added: 0x00007f479c06e820
Event: 0.063 Protecting memory [0x00007f47c9100000,0x00007f47c9104000] with protection modes 0
Event: 0.083 Thread 0x00007f47f81f5b50 Thread added: 0x00007f47f81f5b50
Event: 0.083 loading class jdk/internal/vm/PostVMInitHook
Event: 0.083 Protecting memory [0x00007f47c9000000,0x00007f47c9004000] with protection modes 0
Event: 0.083 loading class jdk/internal/vm/PostVMInitHook done
Event: 0.084 loading class jdk/internal/loader/URLClassPath$FileLoader
Event: 0.084 loading class jdk/internal/loader/URLClassPath$FileLoader done
Event: 0.084 loading class jdk/internal/loader/URLClassPath$FileLoader$1
Event: 0.084 loading class jdk/internal/loader/URLClassPath$FileLoader$1 done


Dynamic libraries:
74b400000-756a00000 rw-p 00000000 00:00 0 
756a00000-7ffc00000 ---p 00000000 00:00 0 
7ffc00000-7ffd00000 rw-p 00000000 00:00 0 
7ffd00000-7ffd46000 rw-p 00c8c000 08:01 9449900                          /usr/lib/jvm/java-17-graalvm/lib/server/classes.jsa
7ffd46000-7ffe00000 rw-p 00000000 00:00 0 
7ffe00000-7ffe8d000 rw-p 00bff000 08:01 9449900                          /usr/lib/jvm/java-17-graalvm/lib/server/classes.jsa
7ffe8d000-800000000 rw-p 00000000 00:00 0 
800000000-800449000 rw-p 00001000 08:01 9449900                          /usr/lib/jvm/java-17-graalvm/lib/server/classes.jsa
800449000-800bc8000 r--p 0044a000 08:01 9449900                          /usr/lib/jvm/java-17-graalvm/lib/server/classes.jsa
800bc8000-800c00000 ---p 00000000 00:00 0 
800c00000-800c10000 rw-p 00000000 00:00 0 
800c10000-800c40000 ---p 00000000 00:00 0 
800c40000-800c50000 rw-p 00000000 00:00 0 
800c50000-840c00000 ---p 00000000 00:00 0 
55896903e000-55896903f000 r-xp 00000000 08:01 9449347                    /usr/lib/jvm/java-17-graalvm/bin/java
558969040000-558969041000 r--p 00001000 08:01 9449347                    /usr/lib/jvm/java-17-graalvm/bin/java
558969041000-558969042000 rw-p 00002000 08:01 9449347                    /usr/lib/jvm/java-17-graalvm/bin/java
55896aa5e000-55896aaa6000 rw-p 00000000 00:00 0                          [heap]
7f478c000000-7f478c021000 rw-p 00000000 00:00 0 
7f478c021000-7f4790000000 ---p 00000000 00:00 0 
7f4790000000-7f4790021000 rw-p 00000000 00:00 0 
7f4790021000-7f4794000000 ---p 00000000 00:00 0 
7f4794000000-7f4794021000 rw-p 00000000 00:00 0 
7f4794021000-7f4798000000 ---p 00000000 00:00 0 
7f4798000000-7f4798021000 rw-p 00000000 00:00 0 
7f4798021000-7f479c000000 ---p 00000000 00:00 0 
7f479c000000-7f479c082000 rw-p 00000000 00:00 0 
7f479c082000-7f47a0000000 ---p 00000000 00:00 0 
7f47a0000000-7f47a0021000 rw-p 00000000 00:00 0 
7f47a0021000-7f47a4000000 ---p 00000000 00:00 0 
7f47a4000000-7f47a4021000 rw-p 00000000 00:00 0 
7f47a4021000-7f47a8000000 ---p 00000000 00:00 0 
7f47a8000000-7f47a8022000 rw-p 00000000 00:00 0 
7f47a8022000-7f47ac000000 ---p 00000000 00:00 0 
7f47ac000000-7f47ac021000 rw-p 00000000 00:00 0 
7f47ac021000-7f47b0000000 ---p 00000000 00:00 0 
7f47b0000000-7f47b0021000 rw-p 00000000 00:00 0 
7f47b0021000-7f47b4000000 ---p 00000000 00:00 0 
7f47b4000000-7f47b4021000 rw-p 00000000 00:00 0 
7f47b4021000-7f47b8000000 ---p 00000000 00:00 0 
7f47b8000000-7f47b8021000 rw-p 00000000 00:00 0 
7f47b8021000-7f47bc000000 ---p 00000000 00:00 0 
7f47bc000000-7f47bc021000 rw-p 00000000 00:00 0 
7f47bc021000-7f47c0000000 ---p 00000000 00:00 0 
7f47c0000000-7f47c0021000 rw-p 00000000 00:00 0 
7f47c0021000-7f47c4000000 ---p 00000000 00:00 0 
7f47c4000000-7f47c4021000 rw-p 00000000 00:00 0 
7f47c4021000-7f47c8000000 ---p 00000000 00:00 0 
7f47c8efe000-7f47c8eff000 ---p 00000000 00:00 0 
7f47c8eff000-7f47c9000000 rw-p 00000000 00:00 0 
7f47c9000000-7f47c9004000 ---p 00000000 00:00 0 
7f47c9004000-7f47c9100000 rw-p 00000000 00:00 0 
7f47c9100000-7f47c9104000 ---p 00000000 00:00 0 
7f47c9104000-7f47c9300000 rw-p 00000000 00:00 0 
7f47c9300000-7f47c9304000 ---p 00000000 00:00 0 
7f47c9304000-7f47c9450000 rw-p 00000000 00:00 0 
7f47c9450000-7f47c9800000 ---p 00000000 00:00 0 
7f47c9800000-7f47c9810000 rw-p 00000000 00:00 0 
7f47c9810000-7f47c9c00000 ---p 00000000 00:00 0 
7f47c9c00000-7f47c9c04000 ---p 00000000 00:00 0 
7f47c9c04000-7f47c9e00000 rw-p 00000000 00:00 0 
7f47c9e00000-7f47c9e04000 ---p 00000000 00:00 0 
7f47c9e04000-7f47cc021000 rw-p 00000000 00:00 0 
7f47cc021000-7f47d0000000 ---p 00000000 00:00 0 
7f47d0000000-7f47d0021000 rw-p 00000000 00:00 0 
7f47d0021000-7f47d4000000 ---p 00000000 00:00 0 
7f47d4000000-7f47d4021000 rw-p 00000000 00:00 0 
7f47d4021000-7f47d8000000 ---p 00000000 00:00 0 
7f47d8000000-7f47d8004000 ---p 00000000 00:00 0 
7f47d8004000-7f47d8100000 rw-p 00000000 00:00 0 
7f47d8100000-7f47d8104000 ---p 00000000 00:00 0 
7f47d8104000-7f47d8200000 rw-p 00000000 00:00 0 
7f47d8200000-7f47d8204000 ---p 00000000 00:00 0 
7f47d8204000-7f47d8300000 rw-p 00000000 00:00 0 
7f47d8300000-7f47d8304000 ---p 00000000 00:00 0 
7f47d8304000-7f47d8400000 rw-p 00000000 00:00 0 
7f47d8400000-7f47d86ea000 r--p 00000000 08:01 8711779                    /usr/lib/locale/locale-archive
7f47d87c4000-7f47d881c000 r--p 00000000 08:01 8654188                    /usr/lib/locale/C.UTF-8/LC_CTYPE
7f47d881c000-7f47d8820000 ---p 00000000 00:00 0 
7f47d8820000-7f47d891c000 rw-p 00000000 00:00 0 
7f47d891c000-7f47d8920000 ---p 00000000 00:00 0 
7f47d8920000-7f47d8a1c000 rw-p 00000000 00:00 0 
7f47d8a1c000-7f47d8a1d000 ---p 00000000 00:00 0 
7f47d8a1d000-7f47d8b1e000 rw-p 00000000 00:00 0 
7f47d8b1e000-7f47d8bec000 r-xp 00000000 08:01 9449866                    /usr/lib/jvm/java-17-graalvm/lib/libjsvml.so
7f47d8bec000-7f47d8bed000 r--p 000cd000 08:01 9449866                    /usr/lib/jvm/java-17-graalvm/lib/libjsvml.so
7f47d8bed000-7f47d8bee000 rw-p 000ce000 08:01 9449866                    /usr/lib/jvm/java-17-graalvm/lib/libjsvml.so
7f47d8bee000-7f47d8bef000 ---p 00000000 00:00 0 
7f47d8bef000-7f47d8cf0000 rw-p 00000000 00:00 0 
7f47d8cf0000-7f47d8cf1000 ---p 00000000 00:00 0 
7f47d8cf1000-7f47d91f6000 rw-p 00000000 00:00 0 
7f47d91f6000-7f47d91f7000 ---p 00000000 00:00 0 
7f47d91f7000-7f47d92f8000 rw-p 00000000 00:00 0 
7f47d92f8000-7f47d92f9000 ---p 00000000 00:00 0 
7f47d92f9000-7f47d96d2000 rw-p 00000000 00:00 0 
7f47d96d2000-7f47dc11a000 ---p 00000000 00:00 0 
7f47dc11a000-7f47dc402000 rw-p 00000000 00:00 0 
7f47dc402000-7f47dee4a000 ---p 00000000 00:00 0 
7f47dee4a000-7f47deeb5000 rw-p 00000000 00:00 0 
7f47deeb5000-7f47df3fe000 ---p 00000000 00:00 0 
7f47df3fe000-7f47df400000 rw-p 00000000 00:00 0 
7f47df400000-7f47df670000 rwxp 00000000 00:00 0 
7f47df670000-7f47dfa1c000 ---p 00000000 00:00 0 
7f47dfa1c000-7f47dfc8c000 rwxp 00000000 00:00 0 
7f47dfc8c000-7f47e6f0e000 ---p 00000000 00:00 0 
7f47e6f0e000-7f47e717e000 rwxp 00000000 00:00 0 
7f47e717e000-7f47ee400000 ---p 00000000 00:00 0 
7f47ee400000-7f47f7f4d000 r--s 00000000 08:01 9449886                    /usr/lib/jvm/java-17-graalvm/lib/modules
7f47f7f7f000-7f47f8203000 rw-p 00000000 00:00 0 
7f47f8203000-7f47fc000000 ---p 00000000 00:00 0 
7f47fc00d000-7f47fc0a9000 rw-p 00000000 00:00 0 
7f47fc0a9000-7f47fc0aa000 ---p 00000000 00:00 0 
7f47fc0aa000-7f47fc237000 rw-p 00000000 00:00 0 
7f47fc237000-7f47fc780000 ---p 00000000 00:00 0 
7f47fc780000-7f47fc7dd000 rw-p 00000000 00:00 0 
7f47fc7dd000-7f47fcd26000 ---p 00000000 00:00 0 
7f47fcd26000-7f47fd131000 rw-p 00000000 00:00 0 
7f47fd131000-7f47fd216000 ---p 00000000 00:00 0 
7f47fd216000-7f47fd21b000 rw-p 00000000 00:00 0 
7f47fd21b000-7f47fd300000 ---p 00000000 00:00 0 
7f47fd300000-7f47fd304000 ---p 00000000 00:00 0 
7f47fd304000-7f47fd400000 rw-p 00000000 00:00 0 
7f47fd400000-7f47fe513000 r-xp 00000000 08:01 9449902                    /usr/lib/jvm/java-17-graalvm/lib/server/libjvm.so
7f47fe513000-7f47fe514000 ---p 01113000 08:01 9449902                    /usr/lib/jvm/java-17-graalvm/lib/server/libjvm.so
7f47fe514000-7f47fe5c9000 r--p 01113000 08:01 9449902                    /usr/lib/jvm/java-17-graalvm/lib/server/libjvm.so
7f47fe5c9000-7f47fe5fd000 rw-p 011c8000 08:01 9449902                    /usr/lib/jvm/java-17-graalvm/lib/server/libjvm.so
7f47fe5fd000-7f47fe656000 rw-p 00000000 00:00 0 
7f47fe660000-7f47fe661000 r--p 00000000 08:01 6458194                    /home/michael/Desktop/Angular/HeapDump/src/libnativelib.so
7f47fe661000-7f47fe662000 r-xp 00001000 08:01 6458194                    /home/michael/Desktop/Angular/HeapDump/src/libnativelib.so
7f47fe662000-7f47fe663000 r--p 00002000 08:01 6458194                    /home/michael/Desktop/Angular/HeapDump/src/libnativelib.so
7f47fe663000-7f47fe664000 r--p 00002000 08:01 6458194                    /home/michael/Desktop/Angular/HeapDump/src/libnativelib.so
7f47fe664000-7f47fe665000 rw-p 00003000 08:01 6458194                    /home/michael/Desktop/Angular/HeapDump/src/libnativelib.so
7f47fe665000-7f47fe666000 r--p 00000000 08:01 8654194                    /usr/lib/locale/C.UTF-8/LC_NUMERIC
7f47fe666000-7f47fe667000 r--p 00000000 08:01 8654197                    /usr/lib/locale/C.UTF-8/LC_TIME
7f47fe667000-7f47fe668000 r--p 00000000 08:01 8654187                    /usr/lib/locale/C.UTF-8/LC_COLLATE
7f47fe668000-7f47fe669000 r--p 00000000 08:01 8654192                    /usr/lib/locale/C.UTF-8/LC_MONETARY
7f47fe669000-7f47fe66a000 r--p 00000000 08:01 8654191                    /usr/lib/locale/C.UTF-8/LC_MESSAGES/SYS_LC_MESSAGES
7f47fe66a000-7f47fe66b000 r--p 00000000 08:01 8654195                    /usr/lib/locale/C.UTF-8/LC_PAPER
7f47fe66b000-7f47fe66c000 r--p 00000000 08:01 8654193                    /usr/lib/locale/C.UTF-8/LC_NAME
7f47fe66c000-7f47fe66d000 r--p 00000000 08:01 8654186                    /usr/lib/locale/C.UTF-8/LC_ADDRESS
7f47fe66d000-7f47fe672000 rw-p 00000000 00:00 0 
7f47fe672000-7f47fe67a000 ---p 00000000 00:00 0 
7f47fe67a000-7f47fe69e000 r-xp 00000000 08:01 9449858                    /usr/lib/jvm/java-17-graalvm/lib/libjava.so
7f47fe69e000-7f47fe69f000 ---p 00024000 08:01 9449858                    /usr/lib/jvm/java-17-graalvm/lib/libjava.so
7f47fe69f000-7f47fe6a0000 r--p 00024000 08:01 9449858                    /usr/lib/jvm/java-17-graalvm/lib/libjava.so
7f47fe6a0000-7f47fe6a1000 rw-p 00025000 08:01 9449858                    /usr/lib/jvm/java-17-graalvm/lib/libjava.so
7f47fe6a1000-7f47fe6a2000 rw-p 00000000 00:00 0 
7f47fe6a2000-7f47fe6aa000 rw-s 00000000 00:21 688                        /tmp/hsperfdata_michael/8373
7f47fe6aa000-7f47fe6b8000 r--p 00000000 08:01 8654119                    /usr/lib/libm.so.6
7f47fe6b8000-7f47fe737000 r-xp 0000e000 08:01 8654119                    /usr/lib/libm.so.6
7f47fe737000-7f47fe795000 r--p 0008d000 08:01 8654119                    /usr/lib/libm.so.6
7f47fe795000-7f47fe796000 r--p 000ea000 08:01 8654119                    /usr/lib/libm.so.6
7f47fe796000-7f47fe797000 rw-p 000eb000 08:01 8654119                    /usr/lib/libm.so.6
7f47fe797000-7f47fe798000 r--p 00000000 08:01 8654181                    /usr/lib/librt.so.1
7f47fe798000-7f47fe799000 r-xp 00001000 08:01 8654181                    /usr/lib/librt.so.1
7f47fe799000-7f47fe79a000 r--p 00002000 08:01 8654181                    /usr/lib/librt.so.1
7f47fe79a000-7f47fe79b000 r--p 00002000 08:01 8654181                    /usr/lib/librt.so.1
7f47fe79b000-7f47fe79c000 rw-p 00003000 08:01 8654181                    /usr/lib/librt.so.1
7f47fe79c000-7f47fe79e000 rw-p 00000000 00:00 0 
7f47fe79e000-7f47fe7c0000 r--p 00000000 08:01 8654103                    /usr/lib/libc.so.6
7f47fe7c0000-7f47fe91d000 r-xp 00022000 08:01 8654103                    /usr/lib/libc.so.6
7f47fe91d000-7f47fe975000 r--p 0017f000 08:01 8654103                    /usr/lib/libc.so.6
7f47fe975000-7f47fe979000 r--p 001d6000 08:01 8654103                    /usr/lib/libc.so.6
7f47fe979000-7f47fe97b000 rw-p 001da000 08:01 8654103                    /usr/lib/libc.so.6
7f47fe97b000-7f47fe988000 rw-p 00000000 00:00 0 
7f47fe988000-7f47fe989000 r--p 00000000 08:01 8654111                    /usr/lib/libdl.so.2
7f47fe989000-7f47fe98a000 r-xp 00001000 08:01 8654111                    /usr/lib/libdl.so.2
7f47fe98a000-7f47fe98b000 r--p 00002000 08:01 8654111                    /usr/lib/libdl.so.2
7f47fe98b000-7f47fe98c000 r--p 00002000 08:01 8654111                    /usr/lib/libdl.so.2
7f47fe98c000-7f47fe98d000 rw-p 00003000 08:01 8654111                    /usr/lib/libdl.so.2
7f47fe98d000-7f47fe98e000 r--p 00000000 08:01 8654143                    /usr/lib/libpthread.so.0
7f47fe98e000-7f47fe98f000 r-xp 00001000 08:01 8654143                    /usr/lib/libpthread.so.0
7f47fe98f000-7f47fe990000 r--p 00002000 08:01 8654143                    /usr/lib/libpthread.so.0
7f47fe990000-7f47fe991000 r--p 00002000 08:01 8654143                    /usr/lib/libpthread.so.0
7f47fe991000-7f47fe992000 rw-p 00003000 08:01 8654143                    /usr/lib/libpthread.so.0
7f47fe992000-7f47fe9a0000 r-xp 00000000 08:01 9449863                    /usr/lib/jvm/java-17-graalvm/lib/libjli.so
7f47fe9a0000-7f47fe9a1000 ---p 0000e000 08:01 9449863                    /usr/lib/jvm/java-17-graalvm/lib/libjli.so
7f47fe9a1000-7f47fe9a2000 r--p 0000e000 08:01 9449863                    /usr/lib/jvm/java-17-graalvm/lib/libjli.so
7f47fe9a2000-7f47fe9a3000 rw-p 0000f000 08:01 9449863                    /usr/lib/jvm/java-17-graalvm/lib/libjli.so
7f47fe9a3000-7f47fe9a6000 r--p 00000000 08:01 8664134                    /usr/lib/libz.so.1.2.13
7f47fe9a6000-7f47fe9b4000 r-xp 00003000 08:01 8664134                    /usr/lib/libz.so.1.2.13
7f47fe9b4000-7f47fe9bb000 r--p 00011000 08:01 8664134                    /usr/lib/libz.so.1.2.13
7f47fe9bb000-7f47fe9bc000 r--p 00017000 08:01 8664134                    /usr/lib/libz.so.1.2.13
7f47fe9bc000-7f47fe9bd000 rw-p 00018000 08:01 8664134                    /usr/lib/libz.so.1.2.13
7f47fe9bd000-7f47fe9be000 r--p 00000000 08:01 8654196                    /usr/lib/locale/C.UTF-8/LC_TELEPHONE
7f47fe9be000-7f47fe9bf000 r--p 00000000 08:01 8654190                    /usr/lib/locale/C.UTF-8/LC_MEASUREMENT
7f47fe9bf000-7f47fe9c0000 r--p 00000000 08:01 8654189                    /usr/lib/locale/C.UTF-8/LC_IDENTIFICATION
7f47fe9c0000-7f47fe9c1000 ---p 00000000 00:00 0 
7f47fe9c1000-7f47fe9c2000 r--p 00000000 00:00 0 
7f47fe9c2000-7f47fe9c3000 ---p 00000000 00:00 0 
7f47fe9c3000-7f47fe9de000 r-xp 00000000 08:01 9449862                    /usr/lib/jvm/java-17-graalvm/lib/libjimage.so
7f47fe9de000-7f47fe9df000 ---p 0001b000 08:01 9449862                    /usr/lib/jvm/java-17-graalvm/lib/libjimage.so
7f47fe9df000-7f47fe9e1000 r--p 0001b000 08:01 9449862                    /usr/lib/jvm/java-17-graalvm/lib/libjimage.so
7f47fe9e1000-7f47fe9e2000 rw-p 0001d000 08:01 9449862                    /usr/lib/jvm/java-17-graalvm/lib/libjimage.so
7f47fe9e2000-7f47fe9e4000 rw-p 00000000 00:00 0 
7f47fe9e4000-7f47fe9e5000 r--p 00000000 08:01 8654092                    /usr/lib/ld-linux-x86-64.so.2
7f47fe9e5000-7f47fea0b000 r-xp 00001000 08:01 8654092                    /usr/lib/ld-linux-x86-64.so.2
7f47fea0b000-7f47fea15000 r--p 00027000 08:01 8654092                    /usr/lib/ld-linux-x86-64.so.2
7f47fea15000-7f47fea17000 r--p 00031000 08:01 8654092                    /usr/lib/ld-linux-x86-64.so.2
7f47fea17000-7f47fea19000 rw-p 00033000 08:01 8654092                    /usr/lib/ld-linux-x86-64.so.2
7ffccbb03000-7ffccbb24000 rw-p 00000000 00:00 0                          [stack]
7ffccbbc1000-7ffccbbc5000 r--p 00000000 00:00 0                          [vvar]
7ffccbbc5000-7ffccbbc7000 r-xp 00000000 00:00 0                          [vdso]
ffffffffff600000-ffffffffff601000 --xp 00000000 00:00 0                  [vsyscall]


VM Arguments:
jvm_args: -XX:ThreadPriorityPolicy=1 -XX:+UnlockExperimentalVMOptions -XX:+EnableJVMCIProduct -XX:JVMCIThreadsPerNativeLibraryRuntime=1 -XX:-UnlockExperimentalVMOptions -Djava.library.path=. 
java_command: CoreDump
java_class_path (initial): .
Launcher Type: SUN_STANDARD

[Global flags]
     intx CICompilerCount                          = 3                                         {product} {ergonomic}
     uint ConcGCThreads                            = 1                                         {product} {ergonomic}
     bool EnableJVMCIProduct                       = true                                {JVMCI product} {jimage}
     uint G1ConcRefinementThreads                  = 4                                         {product} {ergonomic}
   size_t G1HeapRegionSize                         = 2097152                                   {product} {ergonomic}
    uintx GCDrainStackTargetSize                   = 64                                        {product} {ergonomic}
   size_t InitialHeapSize                          = 190840832                                 {product} {ergonomic}
     uint JVMCIThreadsPerNativeLibraryRuntime      = 1                                   {JVMCI product} {jimage}
   size_t MarkStackSize                            = 4194304                                   {product} {ergonomic}
   size_t MaxHeapSize                              = 3032481792                                {product} {ergonomic}
   size_t MaxNewSize                               = 1818230784                                {product} {ergonomic}
   size_t MinHeapDeltaBytes                        = 2097152                                   {product} {ergonomic}
   size_t MinHeapSize                              = 8388608                                   {product} {ergonomic}
    uintx NonNMethodCodeHeapSize                   = 6402904                                {pd product} {ergonomic}
    uintx NonProfiledCodeHeapSize                  = 122627668                              {pd product} {ergonomic}
    uintx ProfiledCodeHeapSize                     = 122627668                              {pd product} {ergonomic}
    uintx ReservedCodeCacheSize                    = 251658240                              {pd product} {ergonomic}
     bool SegmentedCodeCache                       = true                                      {product} {ergonomic}
   size_t SoftMaxHeapSize                          = 3032481792                             {manageable} {ergonomic}
     intx ThreadPriorityPolicy                     = 1                                         {product} {jimage}
     bool UseCompressedClassPointers               = true                           {product lp64_product} {ergonomic}
     bool UseCompressedOops                        = true                           {product lp64_product} {ergonomic}
     bool UseG1GC                                  = true                                      {product} {ergonomic}

Logging:
Log output configuration:
 #0: stdout all=warning uptime,level,tags
 #1: stderr all=off uptime,level,tags

Environment Variables:
PATH=/home/michael/.local/bin:/home/michael/.cargo/bin:/usr/local/bin:/usr/bin:/bin:/usr/local/sbin:/usr/lib/jvm/default/bin:/usr/bin/site_perl:/usr/bin/vendor_perl:/usr/bin/core_perl:/var/lib/snapd/snap/bin:/home/michael/.web3j:/home/michael/.local/share/coursier/bin:/home/michael/.web3j
SHELL=/bin/bash
DISPLAY=:0.0
LANG=C.UTF-8
TERM=xterm-256color

Signal Handlers:
   SIGSEGV: 0x00007f47fe200370 in libjvm.so+14680944, mask=11100100010111111101111111111110, flags=SA_RESTART|SA_SIGINFO
    SIGBUS: 0x00007f47fe200370 in libjvm.so+14680944, mask=11100100010111111101111111111110, flags=SA_RESTART|SA_SIGINFO
    SIGFPE: 0x00007f47fe200370 in libjvm.so+14680944, mask=11100100010111111101111111111110, flags=SA_RESTART|SA_SIGINFO
   SIGPIPE: 0x00007f47fe0ac760 in libjvm.so+13289312, mask=11100100010111111101111111111110, flags=SA_RESTART|SA_SIGINFO
   SIGXFSZ: 0x00007f47fe0ac760 in libjvm.so+13289312, mask=11100100010111111101111111111110, flags=SA_RESTART|SA_SIGINFO
    SIGILL: 0x00007f47fe200370 in libjvm.so+14680944, mask=11100100010111111101111111111110, flags=SA_RESTART|SA_SIGINFO
   SIGUSR2: 0x00007f47fe0abdf0 in libjvm.so+13286896, mask=00100000000000000000000000000000, flags=SA_RESTART|SA_SIGINFO
    SIGHUP: 0x00007f47fe0abd20 in libjvm.so+13286688, mask=11100100010111111101111111111110, flags=SA_RESTART|SA_SIGINFO
    SIGINT: 0x00007f47fe0abd20 in libjvm.so+13286688, mask=11100100010111111101111111111110, flags=SA_RESTART|SA_SIGINFO
   SIGTERM: 0x00007f47fe0abd20 in libjvm.so+13286688, mask=11100100010111111101111111111110, flags=SA_RESTART|SA_SIGINFO
   SIGQUIT: 0x00007f47fe0abd20 in libjvm.so+13286688, mask=11100100010111111101111111111110, flags=SA_RESTART|SA_SIGINFO
  *** Handler was modified!
  *** Expected: 0x00007f47fe0ac760 in libjvm.so+13289312, mask=11100100110111111111111111111110, flags=SA_RESTART|SA_SIGINFO
   SIGTRAP: 0x00007f47fe200370 in libjvm.so+14680944, mask=11100100010111111101111111111110, flags=SA_RESTART|SA_SIGINFO


---------------  S Y S T E M  ---------------

OS:
NAME="Arch Linux"
PRETTY_NAME="Arch Linux"
ID=arch
BUILD_ID=rolling
ANSI_COLOR="38;2;23;147;209"
HOME_URL="https://archlinux.org/"
DOCUMENTATION_URL="https://wiki.archlinux.org/"
SUPPORT_URL="https://bbs.archlinux.org/"
BUG_REPORT_URL="https://bugs.archlinux.org/"
PRIVACY_POLICY_URL="https://terms.archlinux.org/docs/privacy-policy/"
LOGO=archlinux-logo
uname: Linux 6.4.3-arch1-1 #1 SMP PREEMPT_DYNAMIC Tue, 11 Jul 2023 05:13:39 +0000 x86_64
OS uptime: 0 days 3:07 hours
libc: glibc 2.37 NPTL 2.37 
rlimit (soft/hard): STACK 8192k/infinity , CORE infinity/infinity , NPROC 46142/46142 , NOFILE 524288/524288 , AS infinity/infinity , CPU infinity/infinity , DATA infinity/infinity , FSIZE infinity/infinity , MEMLOCK 8192k/8192k
load average: 0.24 0.37 0.42

/proc/meminfo:
MemTotal:       11840724 kB
MemFree:         3809932 kB
MemAvailable:    6513296 kB
Buffers:          227512 kB
Cached:          3024592 kB
SwapCached:            0 kB
Active:          4378956 kB
Inactive:        3122144 kB
Active(anon):    2899392 kB
Inactive(anon):  1698932 kB
Active(file):    1479564 kB
Inactive(file):  1423212 kB
Unevictable:      169112 kB
Mlocked:              96 kB
SwapTotal:      10485756 kB
SwapFree:       10485756 kB
Zswap:                 0 kB
Zswapped:              0 kB
Dirty:               384 kB
Writeback:             0 kB
AnonPages:       4390552 kB
Mapped:          1132560 kB
Shmem:            349328 kB
KReclaimable:      99308 kB
Slab:             184612 kB
SReclaimable:      99308 kB
SUnreclaim:        85304 kB
KernelStack:       13092 kB
PageTables:        48068 kB
SecPageTables:         0 kB
NFS_Unstable:          0 kB
Bounce:                0 kB
WritebackTmp:          0 kB
CommitLimit:    16406116 kB
Committed_AS:   11676524 kB
VmallocTotal:   34359738367 kB
VmallocUsed:       46544 kB
VmallocChunk:          0 kB
Percpu:             4064 kB
HardwareCorrupted:     0 kB
AnonHugePages:   2459648 kB
ShmemHugePages:        0 kB
ShmemPmdMapped:        0 kB
FileHugePages:    131072 kB
FilePmdMapped:     75776 kB
CmaTotal:              0 kB
CmaFree:               0 kB
HugePages_Total:       0
HugePages_Free:        0
HugePages_Rsvd:        0
HugePages_Surp:        0
Hugepagesize:       2048 kB
Hugetlb:               0 kB
DirectMap4k:      117096 kB
DirectMap2M:    12050432 kB

/sys/kernel/mm/transparent_hugepage/enabled: [always] madvise never
/sys/kernel/mm/transparent_hugepage/defrag (defrag/compaction efforts parameter): always defer defer+madvise [madvise] never

Process Memory:
Virtual Size: 5884328K (peak: 5884328K)
Resident Set Size: 42184K (peak: 42184K) (anon: 18376K, file: 23808K, shmem: 0K)
Swapped out: 0K
C-Heap outstanding allocations: 12331K, retained: 2168K
glibc malloc tunables: (default)

/proc/sys/kernel/threads-max (system-wide limit on the number of threads): 92285
/proc/sys/vm/max_map_count (maximum number of memory map areas a process may have): 65530
/proc/sys/kernel/pid_max (system-wide limit on number of process identifiers): 4194304

container (cgroup) information:
container_type: cgroupv2
cpu_cpuset_cpus: not supported
cpu_memory_nodes: not supported
active_processor_count: 4
cpu_quota: no quota
cpu_period: 100000
cpu_shares: no shares
memory_limit_in_bytes: unlimited
memory_and_swap_limit_in_bytes: unlimited
memory_soft_limit_in_bytes: unlimited
memory_usage_in_bytes: 6951560 k
memory_max_usage_in_bytes: not supported
maximum number of tasks: unlimited
current number of tasks: 603

Steal ticks since vm start: 0
Steal ticks percentage since vm start:  0.000

CPU: total 8 (initial active 4) (2 cores per cpu, 2 threads per core) family 6 model 58 stepping 9 microcode 0x21, cx8, cmov, fxsr, ht, mmx, sse, sse2, sse3, ssse3, sse4.1, sse4.2, popcnt, tsc, tscinvbit, avx, erms, clmul, vzeroupper, clflush
CPU Model and flags from /proc/cpuinfo:
model name	: Intel(R) Core(TM) i3-3120M CPU @ 2.50GHz
flags		: fpu vme de pse tsc msr pae mce cx8 apic sep mtrr pge mca cmov pat pse36 clflush dts acpi mmx fxsr sse sse2 ss ht tm pbe syscall nx rdtscp lm constant_tsc arch_perfmon pebs bts rep_good nopl xtopology nonstop_tsc cpuid aperfmperf pni pclmulqdq dtes64 monitor ds_cpl vmx est tm2 ssse3 cx16 xtpr pdcm pcid sse4_1 sse4_2 x2apic popcnt tsc_deadline_timer xsave avx f16c lahf_lm cpuid_fault epb pti ssbd ibrs ibpb stibp tpr_shadow flexpriority ept vpid fsgsbase smep erms xsaveopt dtherm arat pln pts vnmi md_clear flush_l1d

Online cpus: 0-3
Offline cpus: 4-7
BIOS frequency limitation: <Not Available>
Frequency switch latency (ns): 20000
Available cpu frequencies: <Not Available>
Current governor: schedutil
Core performance/turbo boost: <Not Available>

Memory: 4k page, physical 11840724k(3809932k free), swap 10485756k(10485756k free)
Page Sizes: 4k

vm_info: OpenJDK 64-Bit Server VM (17.0.5+8-jvmci-22.3-b08) for linux-amd64 JRE (17.0.5+8-jvmci-22.3-b08), built on Oct 19 2022 09:01:27 by "buildslave" with gcc 10.3.0

END.
