2016-02-14 07:40:07 INFO  ComplexDataGson:27 - -------Round 1
2016-02-14 07:40:15 INFO  ComplexDataGson:54 - Json Generation Time(ms):: 3797149997
2016-02-14 07:40:16 INFO  ComplexDataGson:29 - Size of Complex content Jackson :: 250 MB
2016-02-14 07:40:16 INFO  ComplexDataGson:30 - --------------------------------------------------------------------------
2016-02-14 07:40:19 INFO  ComplexDataGson:64 - Generating Map from json Time(ms):: 3387405404
2016-02-14 07:40:19 INFO  ComplexDataGson:65 - --------------------------------------------------------------------------
2016-02-14 07:40:27 INFO  ComplexDataGson:76 - Generating Actual Object from json Time(ms):: 2878285736
2016-02-14 07:40:27 INFO  ComplexDataGson:77 - --------------------------------------------------------------------------
2016-02-14 07:40:31 INFO  ComplexDataGson:27 - -------Round 2
2016-02-14 07:40:37 INFO  ComplexDataGson:54 - Json Generation Time(ms):: 2490870463
2016-02-14 07:40:38 INFO  ComplexDataGson:29 - Size of Complex content Jackson :: 250 MB
2016-02-14 07:40:38 INFO  ComplexDataGson:30 - --------------------------------------------------------------------------
2016-02-14 07:40:41 INFO  ComplexDataGson:64 - Generating Map from json Time(ms):: 3039905087
2016-02-14 07:40:41 INFO  ComplexDataGson:65 - --------------------------------------------------------------------------
2016-02-14 07:40:47 INFO  ComplexDataGson:76 - Generating Actual Object from json Time(ms):: 3045785254
2016-02-14 07:40:47 INFO  ComplexDataGson:77 - --------------------------------------------------------------------------
2016-02-14 07:40:50 INFO  ComplexDataGson:27 - -------Round 3
2016-02-14 07:40:55 INFO  ComplexDataGson:54 - Json Generation Time(ms):: 2523651926
2016-02-14 07:40:56 INFO  ComplexDataGson:29 - Size of Complex content Jackson :: 250 MB
2016-02-14 07:40:56 INFO  ComplexDataGson:30 - --------------------------------------------------------------------------
2016-02-14 07:41:01 INFO  ComplexDataGson:64 - Generating Map from json Time(ms):: 4578827448
2016-02-14 07:41:01 INFO  ComplexDataGson:65 - --------------------------------------------------------------------------
2016-02-14 07:41:23 INFO  ComplexDataGson:76 - Generating Actual Object from json Time(ms):: 8280810781
2016-02-14 07:41:23 INFO  ComplexDataGson:77 - --------------------------------------------------------------------------
2016-02-14 07:41:27 INFO  ComplexDataGson:27 - -------Round 4
2016-02-14 07:41:33 INFO  ComplexDataGson:54 - Json Generation Time(ms):: 2370172675
2016-02-14 07:41:34 INFO  ComplexDataGson:29 - Size of Complex content Jackson :: 250 MB
2016-02-14 07:41:34 INFO  ComplexDataGson:30 - --------------------------------------------------------------------------
2016-02-14 07:42:06 INFO  ComplexDataGson:64 - Generating Map from json Time(ms):: 32830902935
2016-02-14 07:42:06 INFO  ComplexDataGson:65 - --------------------------------------------------------------------------
2016-02-14 07:42:14 INFO  ComplexDataGson:76 - Generating Actual Object from json Time(ms):: 2791214171
2016-02-14 07:42:14 INFO  ComplexDataGson:77 - --------------------------------------------------------------------------
2016-02-14 07:42:17 INFO  ComplexDataGson:27 - -------Round 5
2016-02-14 07:42:23 INFO  ComplexDataGson:54 - Json Generation Time(ms):: 2517693992
2016-02-14 07:42:24 INFO  ComplexDataGson:29 - Size of Complex content Jackson :: 250 MB
2016-02-14 07:42:24 INFO  ComplexDataGson:30 - --------------------------------------------------------------------------
2016-02-14 07:42:29 INFO  ComplexDataGson:64 - Generating Map from json Time(ms):: 4962835649
2016-02-14 07:42:29 INFO  ComplexDataGson:65 - --------------------------------------------------------------------------
2016-02-14 07:42:40 INFO  ComplexDataGson:76 - Generating Actual Object from json Time(ms):: 2876976750
2016-02-14 07:42:40 INFO  ComplexDataGson:77 - --------------------------------------------------------------------------
2016-02-14 07:42:44 INFO  ComplexDataGson:27 - -------Round 6
2016-02-14 07:42:50 INFO  ComplexDataGson:54 - Json Generation Time(ms):: 2983421369
2016-02-14 07:42:51 INFO  ComplexDataGson:29 - Size of Complex content Jackson :: 250 MB
2016-02-14 07:42:51 INFO  ComplexDataGson:30 - --------------------------------------------------------------------------
2016-02-14 07:43:05 INFO  ComplexDataGson:64 - Generating Map from json Time(ms):: 13683434909
2016-02-14 07:43:05 INFO  ComplexDataGson:65 - --------------------------------------------------------------------------
2016-02-14 07:43:16 INFO  ComplexDataGson:76 - Generating Actual Object from json Time(ms):: 2770234887
2016-02-14 07:43:16 INFO  ComplexDataGson:77 - --------------------------------------------------------------------------
2016-02-14 07:43:20 INFO  ComplexDataGson:27 - -------Round 7
2016-02-14 07:43:25 INFO  ComplexDataGson:54 - Json Generation Time(ms):: 2405473419
2016-02-14 07:43:26 INFO  ComplexDataGson:29 - Size of Complex content Jackson :: 250 MB
2016-02-14 07:43:26 INFO  ComplexDataGson:30 - --------------------------------------------------------------------------
2016-02-14 07:43:33 INFO  ComplexDataGson:64 - Generating Map from json Time(ms):: 6810693016
2016-02-14 07:43:33 INFO  ComplexDataGson:65 - --------------------------------------------------------------------------
2016-02-14 07:43:42 INFO  ComplexDataGson:76 - Generating Actual Object from json Time(ms):: 2768497206
2016-02-14 07:43:42 INFO  ComplexDataGson:77 - --------------------------------------------------------------------------
2016-02-14 07:43:45 INFO  ComplexDataGson:27 - -------Round 8
2016-02-14 07:43:50 INFO  ComplexDataGson:54 - Json Generation Time(ms):: 2374051075
2016-02-14 07:43:51 INFO  ComplexDataGson:29 - Size of Complex content Jackson :: 250 MB
2016-02-14 07:43:51 INFO  ComplexDataGson:30 - --------------------------------------------------------------------------
2016-02-14 07:43:59 INFO  ComplexDataGson:64 - Generating Map from json Time(ms):: 7719104349
2016-02-14 07:43:59 INFO  ComplexDataGson:65 - --------------------------------------------------------------------------
2016-02-14 07:44:58 INFO  ComplexDataGson:76 - Generating Actual Object from json Time(ms):: 20399180345
2016-02-14 07:44:58 INFO  ComplexDataGson:77 - --------------------------------------------------------------------------
2016-02-14 07:45:02 INFO  ComplexDataGson:27 - -------Round 9
2016-02-14 07:45:07 INFO  ComplexDataGson:54 - Json Generation Time(ms):: 2533230094
2016-02-14 07:45:08 INFO  ComplexDataGson:29 - Size of Complex content Jackson :: 250 MB
2016-02-14 07:45:08 INFO  ComplexDataGson:30 - --------------------------------------------------------------------------
2016-02-14 07:45:44 INFO  ComplexDataGson:64 - Generating Map from json Time(ms):: 35641108832
2016-02-14 07:45:44 INFO  ComplexDataGson:65 - --------------------------------------------------------------------------
2016-02-14 07:46:41 INFO  ComplexDataGson:76 - Generating Actual Object from json Time(ms):: 4185201210
2016-02-14 07:46:41 INFO  ComplexDataGson:77 - --------------------------------------------------------------------------
2016-02-14 07:46:45 INFO  ComplexDataGson:27 - -------Round 10
2016-02-14 07:46:51 INFO  ComplexDataGson:54 - Json Generation Time(ms):: 2466678325
2016-02-14 07:46:52 INFO  ComplexDataGson:29 - Size of Complex content Jackson :: 250 MB
2016-02-14 07:46:52 INFO  ComplexDataGson:30 - --------------------------------------------------------------------------
2016-02-14 07:47:04 INFO  ComplexDataGson:64 - Generating Map from json Time(ms):: 12154237562
2016-02-14 07:47:04 INFO  ComplexDataGson:65 - --------------------------------------------------------------------------
2016-02-14 07:47:13 INFO  ComplexDataGson:76 - Generating Actual Object from json Time(ms):: 2783741983
2016-02-14 07:47:13 INFO  ComplexDataGson:77 - --------------------------------------------------------------------------
2016-02-14 07:47:17 INFO  ComplexDataGson:27 - -------Round 11
2016-02-14 07:47:22 INFO  ComplexDataGson:54 - Json Generation Time(ms):: 2476994277
2016-02-14 07:47:23 INFO  ComplexDataGson:29 - Size of Complex content Jackson :: 250 MB
2016-02-14 07:47:23 INFO  ComplexDataGson:30 - --------------------------------------------------------------------------
2016-02-14 07:47:36 INFO  ComplexDataGson:64 - Generating Map from json Time(ms):: 13312892750
2016-02-14 07:47:36 INFO  ComplexDataGson:65 - --------------------------------------------------------------------------
2016-02-14 07:48:03 INFO  ComplexDataGson:76 - Generating Actual Object from json Time(ms):: 3745747872
2016-02-14 07:48:03 INFO  ComplexDataGson:77 - --------------------------------------------------------------------------
2016-02-14 07:48:08 INFO  ComplexDataGson:27 - -------Round 12
2016-02-14 07:48:14 INFO  ComplexDataGson:54 - Json Generation Time(ms):: 2477815749
2016-02-14 07:48:14 INFO  ComplexDataGson:29 - Size of Complex content Jackson :: 250 MB
2016-02-14 07:48:14 INFO  ComplexDataGson:30 - --------------------------------------------------------------------------
2016-02-14 07:48:19 INFO  ComplexDataGson:64 - Generating Map from json Time(ms):: 5183533399
2016-02-14 07:48:19 INFO  ComplexDataGson:65 - --------------------------------------------------------------------------
2016-02-14 07:48:29 INFO  ComplexDataGson:76 - Generating Actual Object from json Time(ms):: 2717330745
2016-02-14 07:48:29 INFO  ComplexDataGson:77 - --------------------------------------------------------------------------
2016-02-14 07:48:33 INFO  ComplexDataGson:27 - -------Round 13
2016-02-14 07:48:38 INFO  ComplexDataGson:54 - Json Generation Time(ms):: 2483506437
2016-02-14 07:48:39 INFO  ComplexDataGson:29 - Size of Complex content Jackson :: 250 MB
2016-02-14 07:48:39 INFO  ComplexDataGson:30 - --------------------------------------------------------------------------
2016-02-14 07:48:48 INFO  ComplexDataGson:64 - Generating Map from json Time(ms):: 9145250726
2016-02-14 07:48:48 INFO  ComplexDataGson:65 - --------------------------------------------------------------------------
2016-02-14 07:49:46 INFO  ComplexDataGson:76 - Generating Actual Object from json Time(ms):: 5718372485
2016-02-14 07:49:46 INFO  ComplexDataGson:77 - --------------------------------------------------------------------------
2016-02-14 07:49:51 INFO  ComplexDataGson:27 - -------Round 14
2016-02-14 07:49:56 INFO  ComplexDataGson:54 - Json Generation Time(ms):: 2375017418
2016-02-14 07:49:57 INFO  ComplexDataGson:29 - Size of Complex content Jackson :: 250 MB
2016-02-14 07:49:57 INFO  ComplexDataGson:30 - --------------------------------------------------------------------------
2016-02-14 07:50:05 INFO  ComplexDataGson:64 - Generating Map from json Time(ms):: 8356615446
2016-02-14 07:50:05 INFO  ComplexDataGson:65 - --------------------------------------------------------------------------
2016-02-14 07:50:12 INFO  ComplexDataGson:76 - Generating Actual Object from json Time(ms):: 2680602591
2016-02-14 07:50:12 INFO  ComplexDataGson:77 - --------------------------------------------------------------------------
2016-02-14 07:50:15 INFO  ComplexDataGson:27 - -------Round 15
2016-02-14 07:50:20 INFO  ComplexDataGson:54 - Json Generation Time(ms):: 2352459143
2016-02-14 07:50:21 INFO  ComplexDataGson:29 - Size of Complex content Jackson :: 250 MB
2016-02-14 07:50:21 INFO  ComplexDataGson:30 - --------------------------------------------------------------------------
2016-02-14 07:50:26 INFO  ComplexDataGson:64 - Generating Map from json Time(ms):: 4920213117
2016-02-14 07:50:26 INFO  ComplexDataGson:65 - --------------------------------------------------------------------------
2016-02-14 07:50:33 INFO  ComplexDataGson:76 - Generating Actual Object from json Time(ms):: 2853892670
2016-02-14 07:50:33 INFO  ComplexDataGson:77 - --------------------------------------------------------------------------
2016-02-14 07:50:36 INFO  ComplexDataGson:27 - -------Round 16
2016-02-14 07:50:41 INFO  ComplexDataGson:54 - Json Generation Time(ms):: 2431161653
2016-02-14 07:50:42 INFO  ComplexDataGson:29 - Size of Complex content Jackson :: 250 MB
2016-02-14 07:50:42 INFO  ComplexDataGson:30 - --------------------------------------------------------------------------
2016-02-14 07:50:46 INFO  ComplexDataGson:64 - Generating Map from json Time(ms):: 4680718647
2016-02-14 07:50:46 INFO  ComplexDataGson:65 - --------------------------------------------------------------------------
2016-02-14 07:50:53 INFO  ComplexDataGson:76 - Generating Actual Object from json Time(ms):: 3122951011
2016-02-14 07:50:53 INFO  ComplexDataGson:77 - --------------------------------------------------------------------------
2016-02-14 07:50:57 INFO  ComplexDataGson:27 - -------Round 17
2016-02-14 07:51:02 INFO  ComplexDataGson:54 - Json Generation Time(ms):: 2421268081
2016-02-14 07:51:02 INFO  ComplexDataGson:29 - Size of Complex content Jackson :: 250 MB
2016-02-14 07:51:02 INFO  ComplexDataGson:30 - --------------------------------------------------------------------------
2016-02-14 07:51:07 INFO  ComplexDataGson:64 - Generating Map from json Time(ms):: 4890545033
2016-02-14 07:51:07 INFO  ComplexDataGson:65 - --------------------------------------------------------------------------
2016-02-14 07:51:14 INFO  ComplexDataGson:76 - Generating Actual Object from json Time(ms):: 3173707723
2016-02-14 07:51:14 INFO  ComplexDataGson:77 - --------------------------------------------------------------------------
2016-02-14 07:51:18 INFO  ComplexDataGson:27 - -------Round 18
2016-02-14 07:51:24 INFO  ComplexDataGson:54 - Json Generation Time(ms):: 3015968746
2016-02-14 07:51:25 INFO  ComplexDataGson:29 - Size of Complex content Jackson :: 250 MB
2016-02-14 07:51:25 INFO  ComplexDataGson:30 - --------------------------------------------------------------------------
2016-02-14 07:51:30 INFO  ComplexDataGson:64 - Generating Map from json Time(ms):: 4825937003
2016-02-14 07:51:30 INFO  ComplexDataGson:65 - --------------------------------------------------------------------------
2016-02-14 07:51:36 INFO  ComplexDataGson:76 - Generating Actual Object from json Time(ms):: 2780808215
2016-02-14 07:51:36 INFO  ComplexDataGson:77 - --------------------------------------------------------------------------
2016-02-14 07:51:40 INFO  ComplexDataGson:27 - -------Round 19
2016-02-14 07:51:45 INFO  ComplexDataGson:54 - Json Generation Time(ms):: 2449963505
2016-02-14 07:51:46 INFO  ComplexDataGson:29 - Size of Complex content Jackson :: 250 MB
2016-02-14 07:51:46 INFO  ComplexDataGson:30 - --------------------------------------------------------------------------
2016-02-14 07:51:51 INFO  ComplexDataGson:64 - Generating Map from json Time(ms):: 5297335332
2016-02-14 07:51:51 INFO  ComplexDataGson:65 - --------------------------------------------------------------------------
2016-02-14 07:51:57 INFO  ComplexDataGson:76 - Generating Actual Object from json Time(ms):: 2769354993
2016-02-14 07:51:57 INFO  ComplexDataGson:77 - --------------------------------------------------------------------------
2016-02-14 07:52:01 INFO  ComplexDataGson:27 - -------Round 20
2016-02-14 07:52:07 INFO  ComplexDataGson:54 - Json Generation Time(ms):: 2474888297
2016-02-14 07:52:07 INFO  ComplexDataGson:29 - Size of Complex content Jackson :: 250 MB
2016-02-14 07:52:07 INFO  ComplexDataGson:30 - --------------------------------------------------------------------------
2016-02-14 07:52:12 INFO  ComplexDataGson:64 - Generating Map from json Time(ms):: 4832219815
2016-02-14 07:52:12 INFO  ComplexDataGson:65 - --------------------------------------------------------------------------
2016-02-14 07:52:19 INFO  ComplexDataGson:76 - Generating Actual Object from json Time(ms):: 2738290291
2016-02-14 07:52:19 INFO  ComplexDataGson:77 - --------------------------------------------------------------------------
2016-02-14 07:52:22 INFO  ComplexDataGson:27 - -------Round 21
2016-02-14 07:52:28 INFO  ComplexDataGson:54 - Json Generation Time(ms):: 2521485548
2016-02-14 07:52:29 INFO  ComplexDataGson:29 - Size of Complex content Jackson :: 250 MB
2016-02-14 07:52:29 INFO  ComplexDataGson:30 - --------------------------------------------------------------------------
2016-02-14 07:52:34 INFO  ComplexDataGson:64 - Generating Map from json Time(ms):: 4986757780
2016-02-14 07:52:34 INFO  ComplexDataGson:65 - --------------------------------------------------------------------------
2016-02-14 07:52:41 INFO  ComplexDataGson:76 - Generating Actual Object from json Time(ms):: 2767275460
2016-02-14 07:52:41 INFO  ComplexDataGson:77 - --------------------------------------------------------------------------
2016-02-14 07:52:45 INFO  ComplexDataGson:27 - -------Round 22
2016-02-14 07:52:51 INFO  ComplexDataGson:54 - Json Generation Time(ms):: 2819066808
2016-02-14 07:52:52 INFO  ComplexDataGson:29 - Size of Complex content Jackson :: 250 MB
2016-02-14 07:52:52 INFO  ComplexDataGson:30 - --------------------------------------------------------------------------
2016-02-14 07:52:57 INFO  ComplexDataGson:64 - Generating Map from json Time(ms):: 5448328064
2016-02-14 07:52:57 INFO  ComplexDataGson:65 - --------------------------------------------------------------------------
2016-02-14 07:53:04 INFO  ComplexDataGson:76 - Generating Actual Object from json Time(ms):: 2726202709
2016-02-14 07:53:04 INFO  ComplexDataGson:77 - --------------------------------------------------------------------------
2016-02-14 07:53:08 INFO  ComplexDataGson:27 - -------Round 23
2016-02-14 07:53:13 INFO  ComplexDataGson:54 - Json Generation Time(ms):: 2524093649
2016-02-14 07:53:14 INFO  ComplexDataGson:29 - Size of Complex content Jackson :: 250 MB
2016-02-14 07:53:14 INFO  ComplexDataGson:30 - --------------------------------------------------------------------------
2016-02-14 07:53:19 INFO  ComplexDataGson:64 - Generating Map from json Time(ms):: 5153818734
2016-02-14 07:53:19 INFO  ComplexDataGson:65 - --------------------------------------------------------------------------
2016-02-14 07:53:26 INFO  ComplexDataGson:76 - Generating Actual Object from json Time(ms):: 3535297784
2016-02-14 07:53:26 INFO  ComplexDataGson:77 - --------------------------------------------------------------------------
2016-02-14 07:53:30 INFO  ComplexDataGson:27 - -------Round 24
2016-02-14 07:53:36 INFO  ComplexDataGson:54 - Json Generation Time(ms):: 2601603625
2016-02-14 07:53:37 INFO  ComplexDataGson:29 - Size of Complex content Jackson :: 250 MB
2016-02-14 07:53:37 INFO  ComplexDataGson:30 - --------------------------------------------------------------------------
2016-02-14 07:53:42 INFO  ComplexDataGson:64 - Generating Map from json Time(ms):: 5013024319
2016-02-14 07:53:42 INFO  ComplexDataGson:65 - --------------------------------------------------------------------------
2016-02-14 07:53:49 INFO  ComplexDataGson:76 - Generating Actual Object from json Time(ms):: 2825129744
2016-02-14 07:53:49 INFO  ComplexDataGson:77 - --------------------------------------------------------------------------
2016-02-14 07:53:53 INFO  ComplexDataGson:27 - -------Round 25
2016-02-14 07:53:58 INFO  ComplexDataGson:54 - Json Generation Time(ms):: 2467801778
2016-02-14 07:53:59 INFO  ComplexDataGson:29 - Size of Complex content Jackson :: 250 MB
2016-02-14 07:53:59 INFO  ComplexDataGson:30 - --------------------------------------------------------------------------
2016-02-14 07:54:04 INFO  ComplexDataGson:64 - Generating Map from json Time(ms):: 4986123024
2016-02-14 07:54:04 INFO  ComplexDataGson:65 - --------------------------------------------------------------------------
2016-02-14 07:54:11 INFO  ComplexDataGson:76 - Generating Actual Object from json Time(ms):: 2805291678
2016-02-14 07:54:11 INFO  ComplexDataGson:77 - --------------------------------------------------------------------------
2016-02-14 07:54:14 INFO  ComplexDataGson:27 - -------Round 26
2016-02-14 07:54:19 INFO  ComplexDataGson:54 - Json Generation Time(ms):: 2373800804
2016-02-14 07:54:20 INFO  ComplexDataGson:29 - Size of Complex content Jackson :: 250 MB
2016-02-14 07:54:20 INFO  ComplexDataGson:30 - --------------------------------------------------------------------------
2016-02-14 07:54:25 INFO  ComplexDataGson:64 - Generating Map from json Time(ms):: 5206601294
2016-02-14 07:54:25 INFO  ComplexDataGson:65 - --------------------------------------------------------------------------
2016-02-14 07:54:32 INFO  ComplexDataGson:76 - Generating Actual Object from json Time(ms):: 2715289502
2016-02-14 07:54:32 INFO  ComplexDataGson:77 - --------------------------------------------------------------------------
2016-02-14 07:54:35 INFO  ComplexDataGson:27 - -------Round 27
2016-02-14 07:54:41 INFO  ComplexDataGson:54 - Json Generation Time(ms):: 2401132374
2016-02-14 07:54:41 INFO  ComplexDataGson:29 - Size of Complex content Jackson :: 250 MB
2016-02-14 07:54:41 INFO  ComplexDataGson:30 - --------------------------------------------------------------------------
2016-02-14 07:54:46 INFO  ComplexDataGson:64 - Generating Map from json Time(ms):: 4847989607
2016-02-14 07:54:46 INFO  ComplexDataGson:65 - --------------------------------------------------------------------------
2016-02-14 07:54:53 INFO  ComplexDataGson:76 - Generating Actual Object from json Time(ms):: 2784961360
2016-02-14 07:54:53 INFO  ComplexDataGson:77 - --------------------------------------------------------------------------
2016-02-14 07:54:57 INFO  ComplexDataGson:27 - -------Round 28
2016-02-14 07:55:02 INFO  ComplexDataGson:54 - Json Generation Time(ms):: 2589043530
2016-02-14 07:55:03 INFO  ComplexDataGson:29 - Size of Complex content Jackson :: 250 MB
2016-02-14 07:55:03 INFO  ComplexDataGson:30 - --------------------------------------------------------------------------
2016-02-14 07:55:08 INFO  ComplexDataGson:64 - Generating Map from json Time(ms):: 4939033522
2016-02-14 07:55:08 INFO  ComplexDataGson:65 - --------------------------------------------------------------------------
2016-02-14 07:55:15 INFO  ComplexDataGson:76 - Generating Actual Object from json Time(ms):: 2813883370
2016-02-14 07:55:15 INFO  ComplexDataGson:77 - --------------------------------------------------------------------------
2016-02-14 07:55:18 INFO  ComplexDataGson:27 - -------Round 29
2016-02-14 07:55:24 INFO  ComplexDataGson:54 - Json Generation Time(ms):: 2444364004
2016-02-14 07:55:24 INFO  ComplexDataGson:29 - Size of Complex content Jackson :: 250 MB
2016-02-14 07:55:24 INFO  ComplexDataGson:30 - --------------------------------------------------------------------------
2016-02-14 07:55:30 INFO  ComplexDataGson:64 - Generating Map from json Time(ms):: 5366266642
2016-02-14 07:55:30 INFO  ComplexDataGson:65 - --------------------------------------------------------------------------
2016-02-14 07:55:36 INFO  ComplexDataGson:76 - Generating Actual Object from json Time(ms):: 2712294943
2016-02-14 07:55:36 INFO  ComplexDataGson:77 - --------------------------------------------------------------------------
2016-02-14 07:55:40 INFO  ComplexDataGson:27 - -------Round 30
2016-02-14 07:55:45 INFO  ComplexDataGson:54 - Json Generation Time(ms):: 2430504792
2016-02-14 07:55:46 INFO  ComplexDataGson:29 - Size of Complex content Jackson :: 250 MB
2016-02-14 07:55:46 INFO  ComplexDataGson:30 - --------------------------------------------------------------------------
2016-02-14 07:55:51 INFO  ComplexDataGson:64 - Generating Map from json Time(ms):: 4817296757
2016-02-14 07:55:51 INFO  ComplexDataGson:65 - --------------------------------------------------------------------------
2016-02-14 07:55:57 INFO  ComplexDataGson:76 - Generating Actual Object from json Time(ms):: 2742085794
2016-02-14 07:55:57 INFO  ComplexDataGson:77 - --------------------------------------------------------------------------
2016-02-14 07:56:01 INFO  ComplexDataGson:27 - -------Round 31
2016-02-14 07:56:07 INFO  ComplexDataGson:54 - Json Generation Time(ms):: 2737635009
2016-02-14 07:56:08 INFO  ComplexDataGson:29 - Size of Complex content Jackson :: 250 MB
2016-02-14 07:56:08 INFO  ComplexDataGson:30 - --------------------------------------------------------------------------
2016-02-14 07:56:13 INFO  ComplexDataGson:64 - Generating Map from json Time(ms):: 5277481080
2016-02-14 07:56:13 INFO  ComplexDataGson:65 - --------------------------------------------------------------------------
2016-02-14 07:56:20 INFO  ComplexDataGson:76 - Generating Actual Object from json Time(ms):: 2757257938
2016-02-14 07:56:20 INFO  ComplexDataGson:77 - --------------------------------------------------------------------------
2016-02-14 07:56:23 INFO  ComplexDataGson:27 - -------Round 32
2016-02-14 07:56:29 INFO  ComplexDataGson:54 - Json Generation Time(ms):: 2423339719
2016-02-14 07:56:29 INFO  ComplexDataGson:29 - Size of Complex content Jackson :: 250 MB
2016-02-14 07:56:29 INFO  ComplexDataGson:30 - --------------------------------------------------------------------------
2016-02-14 07:56:34 INFO  ComplexDataGson:64 - Generating Map from json Time(ms):: 4689185204
2016-02-14 07:56:34 INFO  ComplexDataGson:65 - --------------------------------------------------------------------------
2016-02-14 07:56:41 INFO  ComplexDataGson:76 - Generating Actual Object from json Time(ms):: 3093930314
2016-02-14 07:56:41 INFO  ComplexDataGson:77 - --------------------------------------------------------------------------
2016-02-14 07:56:45 INFO  ComplexDataGson:27 - -------Round 33
2016-02-14 07:56:50 INFO  ComplexDataGson:54 - Json Generation Time(ms):: 2399545487
2016-02-14 07:56:51 INFO  ComplexDataGson:29 - Size of Complex content Jackson :: 250 MB
2016-02-14 07:56:51 INFO  ComplexDataGson:30 - --------------------------------------------------------------------------
2016-02-14 07:56:55 INFO  ComplexDataGson:64 - Generating Map from json Time(ms):: 4826696105
2016-02-14 07:56:55 INFO  ComplexDataGson:65 - --------------------------------------------------------------------------
2016-02-14 07:57:02 INFO  ComplexDataGson:76 - Generating Actual Object from json Time(ms):: 2978790184
2016-02-14 07:57:02 INFO  ComplexDataGson:77 - --------------------------------------------------------------------------
2016-02-14 07:57:06 INFO  ComplexDataGson:27 - -------Round 34
2016-02-14 07:57:12 INFO  ComplexDataGson:54 - Json Generation Time(ms):: 2718127741
2016-02-14 07:57:13 INFO  ComplexDataGson:29 - Size of Complex content Jackson :: 250 MB
2016-02-14 07:57:13 INFO  ComplexDataGson:30 - --------------------------------------------------------------------------
2016-02-14 07:57:17 INFO  ComplexDataGson:64 - Generating Map from json Time(ms):: 4706243059
2016-02-14 07:57:17 INFO  ComplexDataGson:65 - --------------------------------------------------------------------------
2016-02-14 07:57:25 INFO  ComplexDataGson:76 - Generating Actual Object from json Time(ms):: 3105616831
2016-02-14 07:57:25 INFO  ComplexDataGson:77 - --------------------------------------------------------------------------
2016-02-14 07:57:28 INFO  ComplexDataGson:27 - -------Round 35
2016-02-14 07:57:34 INFO  ComplexDataGson:54 - Json Generation Time(ms):: 2631047886
2016-02-14 07:57:35 INFO  ComplexDataGson:29 - Size of Complex content Jackson :: 250 MB
2016-02-14 07:57:35 INFO  ComplexDataGson:30 - --------------------------------------------------------------------------
2016-02-14 07:57:39 INFO  ComplexDataGson:64 - Generating Map from json Time(ms):: 4823275612
2016-02-14 07:57:39 INFO  ComplexDataGson:65 - --------------------------------------------------------------------------
2016-02-14 07:57:48 INFO  ComplexDataGson:76 - Generating Actual Object from json Time(ms):: 3703097312
2016-02-14 07:57:48 INFO  ComplexDataGson:77 - --------------------------------------------------------------------------
2016-02-14 07:57:51 INFO  ComplexDataGson:27 - -------Round 36
2016-02-14 07:57:57 INFO  ComplexDataGson:54 - Json Generation Time(ms):: 2436002054
2016-02-14 07:57:58 INFO  ComplexDataGson:29 - Size of Complex content Jackson :: 250 MB
2016-02-14 07:57:58 INFO  ComplexDataGson:30 - --------------------------------------------------------------------------
2016-02-14 07:58:02 INFO  ComplexDataGson:64 - Generating Map from json Time(ms):: 4684077163
2016-02-14 07:58:02 INFO  ComplexDataGson:65 - --------------------------------------------------------------------------
2016-02-14 07:58:09 INFO  ComplexDataGson:76 - Generating Actual Object from json Time(ms):: 2743737815
2016-02-14 07:58:09 INFO  ComplexDataGson:77 - --------------------------------------------------------------------------
2016-02-14 07:58:13 INFO  ComplexDataGson:27 - -------Round 37
2016-02-14 07:58:18 INFO  ComplexDataGson:54 - Json Generation Time(ms):: 2464042197
2016-02-14 07:58:19 INFO  ComplexDataGson:29 - Size of Complex content Jackson :: 250 MB
2016-02-14 07:58:19 INFO  ComplexDataGson:30 - --------------------------------------------------------------------------
2016-02-14 07:58:23 INFO  ComplexDataGson:64 - Generating Map from json Time(ms):: 4845604539
2016-02-14 07:58:23 INFO  ComplexDataGson:65 - --------------------------------------------------------------------------
2016-02-14 07:58:30 INFO  ComplexDataGson:76 - Generating Actual Object from json Time(ms):: 2730389802
2016-02-14 07:58:30 INFO  ComplexDataGson:77 - --------------------------------------------------------------------------
2016-02-14 07:58:34 INFO  ComplexDataGson:27 - -------Round 38
2016-02-14 07:58:39 INFO  ComplexDataGson:54 - Json Generation Time(ms):: 2450035744
2016-02-14 07:58:40 INFO  ComplexDataGson:29 - Size of Complex content Jackson :: 250 MB
2016-02-14 07:58:40 INFO  ComplexDataGson:30 - --------------------------------------------------------------------------
2016-02-14 07:58:45 INFO  ComplexDataGson:64 - Generating Map from json Time(ms):: 4703580879
2016-02-14 07:58:45 INFO  ComplexDataGson:65 - --------------------------------------------------------------------------
2016-02-14 07:58:51 INFO  ComplexDataGson:76 - Generating Actual Object from json Time(ms):: 2761148969
2016-02-14 07:58:51 INFO  ComplexDataGson:77 - --------------------------------------------------------------------------
2016-02-14 07:58:55 INFO  ComplexDataGson:27 - -------Round 39
2016-02-14 07:59:01 INFO  ComplexDataGson:54 - Json Generation Time(ms):: 2461427780
2016-02-14 07:59:01 INFO  ComplexDataGson:29 - Size of Complex content Jackson :: 250 MB
2016-02-14 07:59:01 INFO  ComplexDataGson:30 - --------------------------------------------------------------------------
2016-02-14 07:59:06 INFO  ComplexDataGson:64 - Generating Map from json Time(ms):: 4850024928
2016-02-14 07:59:06 INFO  ComplexDataGson:65 - --------------------------------------------------------------------------
2016-02-14 07:59:13 INFO  ComplexDataGson:76 - Generating Actual Object from json Time(ms):: 2769605659
2016-02-14 07:59:13 INFO  ComplexDataGson:77 - --------------------------------------------------------------------------
2016-02-14 07:59:16 INFO  ComplexDataGson:27 - -------Round 40
2016-02-14 07:59:22 INFO  ComplexDataGson:54 - Json Generation Time(ms):: 2419508689
2016-02-14 07:59:22 INFO  ComplexDataGson:29 - Size of Complex content Jackson :: 250 MB
2016-02-14 07:59:22 INFO  ComplexDataGson:30 - --------------------------------------------------------------------------
2016-02-14 07:59:27 INFO  ComplexDataGson:64 - Generating Map from json Time(ms):: 4708503388
2016-02-14 07:59:27 INFO  ComplexDataGson:65 - --------------------------------------------------------------------------
2016-02-14 07:59:34 INFO  ComplexDataGson:76 - Generating Actual Object from json Time(ms):: 2737963439
2016-02-14 07:59:34 INFO  ComplexDataGson:77 - --------------------------------------------------------------------------
2016-02-14 07:59:37 INFO  ComplexDataGson:27 - -------Round 41
2016-02-14 07:59:43 INFO  ComplexDataGson:54 - Json Generation Time(ms):: 2796656957
2016-02-14 07:59:44 INFO  ComplexDataGson:29 - Size of Complex content Jackson :: 250 MB
2016-02-14 07:59:44 INFO  ComplexDataGson:30 - --------------------------------------------------------------------------
2016-02-14 07:59:49 INFO  ComplexDataGson:64 - Generating Map from json Time(ms):: 5214122035
2016-02-14 07:59:49 INFO  ComplexDataGson:65 - --------------------------------------------------------------------------
2016-02-14 07:59:56 INFO  ComplexDataGson:76 - Generating Actual Object from json Time(ms):: 2818194809
2016-02-14 07:59:56 INFO  ComplexDataGson:77 - --------------------------------------------------------------------------
2016-02-14 07:59:59 INFO  ComplexDataGson:27 - -------Round 42
2016-02-14 08:00:05 INFO  ComplexDataGson:54 - Json Generation Time(ms):: 2467121627
2016-02-14 08:00:05 INFO  ComplexDataGson:29 - Size of Complex content Jackson :: 250 MB
2016-02-14 08:00:05 INFO  ComplexDataGson:30 - --------------------------------------------------------------------------
2016-02-14 08:00:10 INFO  ComplexDataGson:64 - Generating Map from json Time(ms):: 4789276352
2016-02-14 08:00:10 INFO  ComplexDataGson:65 - --------------------------------------------------------------------------
2016-02-14 08:00:19 INFO  ComplexDataGson:76 - Generating Actual Object from json Time(ms):: 3489966490
2016-02-14 08:00:19 INFO  ComplexDataGson:77 - --------------------------------------------------------------------------
2016-02-14 08:00:22 INFO  ComplexDataGson:27 - -------Round 43
2016-02-14 08:00:28 INFO  ComplexDataGson:54 - Json Generation Time(ms):: 2483219849
2016-02-14 08:00:29 INFO  ComplexDataGson:29 - Size of Complex content Jackson :: 250 MB
2016-02-14 08:00:29 INFO  ComplexDataGson:30 - --------------------------------------------------------------------------
2016-02-14 08:00:34 INFO  ComplexDataGson:64 - Generating Map from json Time(ms):: 5075942431
2016-02-14 08:00:34 INFO  ComplexDataGson:65 - --------------------------------------------------------------------------
2016-02-14 08:00:41 INFO  ComplexDataGson:76 - Generating Actual Object from json Time(ms):: 2818891934
2016-02-14 08:00:41 INFO  ComplexDataGson:77 - --------------------------------------------------------------------------
2016-02-14 08:00:44 INFO  ComplexDataGson:27 - -------Round 44
2016-02-14 08:00:50 INFO  ComplexDataGson:54 - Json Generation Time(ms):: 2487425891
2016-02-14 08:00:50 INFO  ComplexDataGson:29 - Size of Complex content Jackson :: 250 MB
2016-02-14 08:00:50 INFO  ComplexDataGson:30 - --------------------------------------------------------------------------
2016-02-14 08:00:55 INFO  ComplexDataGson:64 - Generating Map from json Time(ms):: 4765529489
2016-02-14 08:00:55 INFO  ComplexDataGson:65 - --------------------------------------------------------------------------
2016-02-14 08:01:03 INFO  ComplexDataGson:76 - Generating Actual Object from json Time(ms):: 2788979501
2016-02-14 08:01:03 INFO  ComplexDataGson:77 - --------------------------------------------------------------------------
2016-02-14 08:01:07 INFO  ComplexDataGson:27 - -------Round 45
2016-02-14 08:01:13 INFO  ComplexDataGson:54 - Json Generation Time(ms):: 2601907186
2016-02-14 08:01:14 INFO  ComplexDataGson:29 - Size of Complex content Jackson :: 250 MB
2016-02-14 08:01:14 INFO  ComplexDataGson:30 - --------------------------------------------------------------------------
2016-02-14 08:01:19 INFO  ComplexDataGson:64 - Generating Map from json Time(ms):: 5569084670
2016-02-14 08:01:19 INFO  ComplexDataGson:65 - --------------------------------------------------------------------------
2016-02-14 08:01:26 INFO  ComplexDataGson:76 - Generating Actual Object from json Time(ms):: 2955014505
2016-02-14 08:01:26 INFO  ComplexDataGson:77 - --------------------------------------------------------------------------
2016-02-14 08:01:30 INFO  ComplexDataGson:27 - -------Round 46
2016-02-14 08:01:36 INFO  ComplexDataGson:54 - Json Generation Time(ms):: 2449779158
2016-02-14 08:01:36 INFO  ComplexDataGson:29 - Size of Complex content Jackson :: 250 MB
2016-02-14 08:01:36 INFO  ComplexDataGson:30 - --------------------------------------------------------------------------
2016-02-14 08:01:41 INFO  ComplexDataGson:64 - Generating Map from json Time(ms):: 4740324033
2016-02-14 08:01:41 INFO  ComplexDataGson:65 - --------------------------------------------------------------------------
2016-02-14 08:01:48 INFO  ComplexDataGson:76 - Generating Actual Object from json Time(ms):: 2783091438
2016-02-14 08:01:48 INFO  ComplexDataGson:77 - --------------------------------------------------------------------------
2016-02-14 08:01:51 INFO  ComplexDataGson:27 - -------Round 47
2016-02-14 08:01:57 INFO  ComplexDataGson:54 - Json Generation Time(ms):: 2465765273
2016-02-14 08:01:57 INFO  ComplexDataGson:29 - Size of Complex content Jackson :: 250 MB
2016-02-14 08:01:57 INFO  ComplexDataGson:30 - --------------------------------------------------------------------------
2016-02-14 08:02:02 INFO  ComplexDataGson:64 - Generating Map from json Time(ms):: 4886437678
2016-02-14 08:02:02 INFO  ComplexDataGson:65 - --------------------------------------------------------------------------
2016-02-14 08:02:10 INFO  ComplexDataGson:76 - Generating Actual Object from json Time(ms):: 3316012444
2016-02-14 08:02:10 INFO  ComplexDataGson:77 - --------------------------------------------------------------------------
2016-02-14 08:02:13 INFO  ComplexDataGson:27 - -------Round 48
2016-02-14 08:02:20 INFO  ComplexDataGson:54 - Json Generation Time(ms):: 3236147401
2016-02-14 08:02:21 INFO  ComplexDataGson:29 - Size of Complex content Jackson :: 250 MB
2016-02-14 08:02:21 INFO  ComplexDataGson:30 - --------------------------------------------------------------------------
2016-02-14 08:02:26 INFO  ComplexDataGson:64 - Generating Map from json Time(ms):: 5479380529
2016-02-14 08:02:26 INFO  ComplexDataGson:65 - --------------------------------------------------------------------------
2016-02-14 08:02:33 INFO  ComplexDataGson:76 - Generating Actual Object from json Time(ms):: 2714805541
2016-02-14 08:02:33 INFO  ComplexDataGson:77 - --------------------------------------------------------------------------
2016-02-14 08:02:36 INFO  ComplexDataGson:27 - -------Round 49
2016-02-14 08:02:42 INFO  ComplexDataGson:54 - Json Generation Time(ms):: 2405275256
2016-02-14 08:02:42 INFO  ComplexDataGson:29 - Size of Complex content Jackson :: 250 MB
2016-02-14 08:02:42 INFO  ComplexDataGson:30 - --------------------------------------------------------------------------
2016-02-14 08:02:47 INFO  ComplexDataGson:64 - Generating Map from json Time(ms):: 4832263632
2016-02-14 08:02:47 INFO  ComplexDataGson:65 - --------------------------------------------------------------------------
2016-02-14 08:02:54 INFO  ComplexDataGson:76 - Generating Actual Object from json Time(ms):: 2773142206
2016-02-14 08:02:54 INFO  ComplexDataGson:77 - --------------------------------------------------------------------------
2016-02-14 08:02:57 INFO  ComplexDataGson:27 - -------Round 50
2016-02-14 08:03:03 INFO  ComplexDataGson:54 - Json Generation Time(ms):: 2341883841
2016-02-14 08:03:03 INFO  ComplexDataGson:29 - Size of Complex content Jackson :: 250 MB
2016-02-14 08:03:03 INFO  ComplexDataGson:30 - --------------------------------------------------------------------------
2016-02-14 08:03:08 INFO  ComplexDataGson:64 - Generating Map from json Time(ms):: 4684440727
2016-02-14 08:03:08 INFO  ComplexDataGson:65 - --------------------------------------------------------------------------
2016-02-14 08:03:15 INFO  ComplexDataGson:76 - Generating Actual Object from json Time(ms):: 2707959030
2016-02-14 08:03:15 INFO  ComplexDataGson:77 - --------------------------------------------------------------------------
2016-02-14 08:03:18 INFO  ComplexDataGson:40 - --------------------------------------------------------------------------
2016-02-14 08:03:18 INFO  ComplexDataGson:41 - Average Time to Generate JSON : 2549404565
2016-02-14 08:03:18 INFO  ComplexDataGson:42 - Average Time to Parse JSON To Map : 6783408594
2016-02-14 08:03:18 INFO  ComplexDataGson:43 - Average Time to Parse JSON To Actual Object : 3441125908
2016-02-14 08:03:18 INFO  ComplexDataGson:44 - --------------------------------------------------------------------------
2016-02-14 08:12:17 INFO  ComplexDataJackson:31 - -------Round 1
2016-02-14 08:12:24 INFO  ComplexDataJackson:59 - Json Generation Time(ms):: 2440775348
2016-02-14 08:12:24 INFO  ComplexDataJackson:33 - Size of Complex content Jackson :: 250 MB
2016-02-14 08:12:24 INFO  ComplexDataJackson:34 - --------------------------------------------------------------------------
2016-02-14 08:12:27 INFO  ComplexDataJackson:69 - Generating Map from json Time(ms):: 2956427703
2016-02-14 08:12:32 INFO  ComplexDataJackson:82 - Generating Actual Object from json Time(ms):: 1768665369
2016-02-14 08:12:36 INFO  ComplexDataJackson:31 - -------Round 2
2016-02-14 08:12:40 INFO  ComplexDataJackson:59 - Json Generation Time(ms):: 1076246782
2016-02-14 08:12:40 INFO  ComplexDataJackson:33 - Size of Complex content Jackson :: 250 MB
2016-02-14 08:12:40 INFO  ComplexDataJackson:34 - --------------------------------------------------------------------------
2016-02-14 08:12:42 INFO  ComplexDataJackson:69 - Generating Map from json Time(ms):: 1699796428
2016-02-14 08:12:46 INFO  ComplexDataJackson:82 - Generating Actual Object from json Time(ms):: 1435017947
2016-02-14 08:12:49 INFO  ComplexDataJackson:31 - -------Round 3
2016-02-14 08:12:53 INFO  ComplexDataJackson:59 - Json Generation Time(ms):: 1085262040
2016-02-14 08:12:53 INFO  ComplexDataJackson:33 - Size of Complex content Jackson :: 250 MB
2016-02-14 08:12:53 INFO  ComplexDataJackson:34 - --------------------------------------------------------------------------
2016-02-14 08:12:55 INFO  ComplexDataJackson:69 - Generating Map from json Time(ms):: 1698377309
2016-02-14 08:12:59 INFO  ComplexDataJackson:82 - Generating Actual Object from json Time(ms):: 1442987517
2016-02-14 08:13:01 INFO  ComplexDataJackson:31 - -------Round 4
2016-02-14 08:13:05 INFO  ComplexDataJackson:59 - Json Generation Time(ms):: 1040101277
2016-02-14 08:13:06 INFO  ComplexDataJackson:33 - Size of Complex content Jackson :: 250 MB
2016-02-14 08:13:06 INFO  ComplexDataJackson:34 - --------------------------------------------------------------------------
2016-02-14 08:13:07 INFO  ComplexDataJackson:69 - Generating Map from json Time(ms):: 1670708624
2016-02-14 08:13:12 INFO  ComplexDataJackson:82 - Generating Actual Object from json Time(ms):: 1441443262
2016-02-14 08:13:14 INFO  ComplexDataJackson:31 - -------Round 5
2016-02-14 08:13:19 INFO  ComplexDataJackson:59 - Json Generation Time(ms):: 1341135004
2016-02-14 08:13:20 INFO  ComplexDataJackson:33 - Size of Complex content Jackson :: 250 MB
2016-02-14 08:13:20 INFO  ComplexDataJackson:34 - --------------------------------------------------------------------------
2016-02-14 08:13:22 INFO  ComplexDataJackson:69 - Generating Map from json Time(ms):: 1978411620
2016-02-14 08:13:26 INFO  ComplexDataJackson:82 - Generating Actual Object from json Time(ms):: 1450048771
2016-02-14 08:13:29 INFO  ComplexDataJackson:31 - -------Round 6
2016-02-14 08:13:32 INFO  ComplexDataJackson:59 - Json Generation Time(ms):: 1071070845
2016-02-14 08:13:33 INFO  ComplexDataJackson:33 - Size of Complex content Jackson :: 250 MB
2016-02-14 08:13:33 INFO  ComplexDataJackson:34 - --------------------------------------------------------------------------
2016-02-14 08:13:35 INFO  ComplexDataJackson:69 - Generating Map from json Time(ms):: 2355220405
2016-02-14 08:13:41 INFO  ComplexDataJackson:82 - Generating Actual Object from json Time(ms):: 1639170619
2016-02-14 08:13:43 INFO  ComplexDataJackson:31 - -------Round 7
2016-02-14 08:13:47 INFO  ComplexDataJackson:59 - Json Generation Time(ms):: 1191407439
2016-02-14 08:13:48 INFO  ComplexDataJackson:33 - Size of Complex content Jackson :: 250 MB
2016-02-14 08:13:48 INFO  ComplexDataJackson:34 - --------------------------------------------------------------------------
2016-02-14 08:13:50 INFO  ComplexDataJackson:69 - Generating Map from json Time(ms):: 1984646667
2016-02-14 08:13:55 INFO  ComplexDataJackson:82 - Generating Actual Object from json Time(ms):: 1957293386
2016-02-14 08:13:57 INFO  ComplexDataJackson:31 - -------Round 8
2016-02-14 08:14:01 INFO  ComplexDataJackson:59 - Json Generation Time(ms):: 1035984844
2016-02-14 08:14:01 INFO  ComplexDataJackson:33 - Size of Complex content Jackson :: 250 MB
2016-02-14 08:14:01 INFO  ComplexDataJackson:34 - --------------------------------------------------------------------------
2016-02-14 08:14:04 INFO  ComplexDataJackson:69 - Generating Map from json Time(ms):: 2125148573
2016-02-14 08:14:08 INFO  ComplexDataJackson:82 - Generating Actual Object from json Time(ms):: 1951296372
2016-02-14 08:14:11 INFO  ComplexDataJackson:31 - -------Round 9
2016-02-14 08:14:15 INFO  ComplexDataJackson:59 - Json Generation Time(ms):: 1037756473
2016-02-14 08:14:15 INFO  ComplexDataJackson:33 - Size of Complex content Jackson :: 250 MB
2016-02-14 08:14:15 INFO  ComplexDataJackson:34 - --------------------------------------------------------------------------
2016-02-14 08:14:17 INFO  ComplexDataJackson:69 - Generating Map from json Time(ms):: 2125514505
2016-02-14 08:14:22 INFO  ComplexDataJackson:82 - Generating Actual Object from json Time(ms):: 1948151809
2016-02-14 08:14:25 INFO  ComplexDataJackson:31 - -------Round 10
2016-02-14 08:14:28 INFO  ComplexDataJackson:59 - Json Generation Time(ms):: 1032009335
2016-02-14 08:14:29 INFO  ComplexDataJackson:33 - Size of Complex content Jackson :: 250 MB
2016-02-14 08:14:29 INFO  ComplexDataJackson:34 - --------------------------------------------------------------------------
2016-02-14 08:14:31 INFO  ComplexDataJackson:69 - Generating Map from json Time(ms):: 2120127773
2016-02-14 08:14:36 INFO  ComplexDataJackson:82 - Generating Actual Object from json Time(ms):: 1954880686
2016-02-14 08:14:38 INFO  ComplexDataJackson:31 - -------Round 11
2016-02-14 08:14:42 INFO  ComplexDataJackson:59 - Json Generation Time(ms):: 1012279825
2016-02-14 08:14:43 INFO  ComplexDataJackson:33 - Size of Complex content Jackson :: 250 MB
2016-02-14 08:14:43 INFO  ComplexDataJackson:34 - --------------------------------------------------------------------------
2016-02-14 08:14:45 INFO  ComplexDataJackson:69 - Generating Map from json Time(ms):: 2114519980
2016-02-14 08:14:49 INFO  ComplexDataJackson:82 - Generating Actual Object from json Time(ms):: 1956102826
2016-02-14 08:14:52 INFO  ComplexDataJackson:31 - -------Round 12
2016-02-14 08:14:56 INFO  ComplexDataJackson:59 - Json Generation Time(ms):: 1019135415
2016-02-14 08:14:56 INFO  ComplexDataJackson:33 - Size of Complex content Jackson :: 250 MB
2016-02-14 08:14:56 INFO  ComplexDataJackson:34 - --------------------------------------------------------------------------
2016-02-14 08:14:58 INFO  ComplexDataJackson:69 - Generating Map from json Time(ms):: 2116012128
2016-02-14 08:15:03 INFO  ComplexDataJackson:82 - Generating Actual Object from json Time(ms):: 2005033828
2016-02-14 08:15:06 INFO  ComplexDataJackson:31 - -------Round 13
2016-02-14 08:15:09 INFO  ComplexDataJackson:59 - Json Generation Time(ms):: 1030257443
2016-02-14 08:15:10 INFO  ComplexDataJackson:33 - Size of Complex content Jackson :: 250 MB
2016-02-14 08:15:10 INFO  ComplexDataJackson:34 - --------------------------------------------------------------------------
2016-02-14 08:15:12 INFO  ComplexDataJackson:69 - Generating Map from json Time(ms):: 2146258913
2016-02-14 08:15:17 INFO  ComplexDataJackson:82 - Generating Actual Object from json Time(ms):: 1975422588
2016-02-14 08:15:19 INFO  ComplexDataJackson:31 - -------Round 14
2016-02-14 08:15:23 INFO  ComplexDataJackson:59 - Json Generation Time(ms):: 1031869989
2016-02-14 08:15:24 INFO  ComplexDataJackson:33 - Size of Complex content Jackson :: 250 MB
2016-02-14 08:15:24 INFO  ComplexDataJackson:34 - --------------------------------------------------------------------------
2016-02-14 08:15:26 INFO  ComplexDataJackson:69 - Generating Map from json Time(ms):: 2132500362
2016-02-14 08:15:30 INFO  ComplexDataJackson:82 - Generating Actual Object from json Time(ms):: 1958415260
2016-02-14 08:15:33 INFO  ComplexDataJackson:31 - -------Round 15
2016-02-14 08:15:37 INFO  ComplexDataJackson:59 - Json Generation Time(ms):: 1032830806
2016-02-14 08:15:37 INFO  ComplexDataJackson:33 - Size of Complex content Jackson :: 250 MB
2016-02-14 08:15:37 INFO  ComplexDataJackson:34 - --------------------------------------------------------------------------
2016-02-14 08:15:40 INFO  ComplexDataJackson:69 - Generating Map from json Time(ms):: 2184912648
2016-02-14 08:15:44 INFO  ComplexDataJackson:82 - Generating Actual Object from json Time(ms):: 1979574943
2016-02-14 08:15:46 INFO  ComplexDataJackson:31 - -------Round 16
2016-02-14 08:15:50 INFO  ComplexDataJackson:59 - Json Generation Time(ms):: 1035782337
2016-02-14 08:15:51 INFO  ComplexDataJackson:33 - Size of Complex content Jackson :: 250 MB
2016-02-14 08:15:51 INFO  ComplexDataJackson:34 - --------------------------------------------------------------------------
2016-02-14 08:15:53 INFO  ComplexDataJackson:69 - Generating Map from json Time(ms):: 2126135444
2016-02-14 08:15:58 INFO  ComplexDataJackson:82 - Generating Actual Object from json Time(ms):: 1957399178
2016-02-14 08:16:00 INFO  ComplexDataJackson:31 - -------Round 17
2016-02-14 08:16:04 INFO  ComplexDataJackson:59 - Json Generation Time(ms):: 1042031595
2016-02-14 08:16:05 INFO  ComplexDataJackson:33 - Size of Complex content Jackson :: 250 MB
2016-02-14 08:16:05 INFO  ComplexDataJackson:34 - --------------------------------------------------------------------------
2016-02-14 08:16:07 INFO  ComplexDataJackson:69 - Generating Map from json Time(ms):: 2127070207
2016-02-14 08:16:12 INFO  ComplexDataJackson:82 - Generating Actual Object from json Time(ms):: 2462038061
2016-02-14 08:16:15 INFO  ComplexDataJackson:31 - -------Round 18
2016-02-14 08:16:19 INFO  ComplexDataJackson:59 - Json Generation Time(ms):: 1195357288
2016-02-14 08:16:20 INFO  ComplexDataJackson:33 - Size of Complex content Jackson :: 250 MB
2016-02-14 08:16:20 INFO  ComplexDataJackson:34 - --------------------------------------------------------------------------
2016-02-14 08:16:22 INFO  ComplexDataJackson:69 - Generating Map from json Time(ms):: 2348974306
2016-02-14 08:16:27 INFO  ComplexDataJackson:82 - Generating Actual Object from json Time(ms):: 1949930939
2016-02-14 08:16:30 INFO  ComplexDataJackson:31 - -------Round 19
2016-02-14 08:16:34 INFO  ComplexDataJackson:59 - Json Generation Time(ms):: 1050152353
2016-02-14 08:16:34 INFO  ComplexDataJackson:33 - Size of Complex content Jackson :: 250 MB
2016-02-14 08:16:34 INFO  ComplexDataJackson:34 - --------------------------------------------------------------------------
2016-02-14 08:16:36 INFO  ComplexDataJackson:69 - Generating Map from json Time(ms):: 2125778986
2016-02-14 08:16:41 INFO  ComplexDataJackson:82 - Generating Actual Object from json Time(ms):: 1942497437
2016-02-14 08:16:43 INFO  ComplexDataJackson:31 - -------Round 20
2016-02-14 08:16:47 INFO  ComplexDataJackson:59 - Json Generation Time(ms):: 1030772194
2016-02-14 08:16:48 INFO  ComplexDataJackson:33 - Size of Complex content Jackson :: 250 MB
2016-02-14 08:16:48 INFO  ComplexDataJackson:34 - --------------------------------------------------------------------------
2016-02-14 08:16:50 INFO  ComplexDataJackson:69 - Generating Map from json Time(ms):: 2126496243
2016-02-14 08:16:55 INFO  ComplexDataJackson:82 - Generating Actual Object from json Time(ms):: 1947109675
2016-02-14 08:16:57 INFO  ComplexDataJackson:31 - -------Round 21
2016-02-14 08:17:01 INFO  ComplexDataJackson:59 - Json Generation Time(ms):: 1028750295
2016-02-14 08:17:02 INFO  ComplexDataJackson:33 - Size of Complex content Jackson :: 250 MB
2016-02-14 08:17:02 INFO  ComplexDataJackson:34 - --------------------------------------------------------------------------
2016-02-14 08:17:04 INFO  ComplexDataJackson:69 - Generating Map from json Time(ms):: 2124714745
2016-02-14 08:17:08 INFO  ComplexDataJackson:82 - Generating Actual Object from json Time(ms):: 1955796501
2016-02-14 08:17:11 INFO  ComplexDataJackson:31 - -------Round 22
2016-02-14 08:17:15 INFO  ComplexDataJackson:59 - Json Generation Time(ms):: 1062502837
2016-02-14 08:17:16 INFO  ComplexDataJackson:33 - Size of Complex content Jackson :: 250 MB
2016-02-14 08:17:16 INFO  ComplexDataJackson:34 - --------------------------------------------------------------------------
2016-02-14 08:17:18 INFO  ComplexDataJackson:69 - Generating Map from json Time(ms):: 2125079493
2016-02-14 08:17:22 INFO  ComplexDataJackson:82 - Generating Actual Object from json Time(ms):: 1971739193
2016-02-14 08:17:25 INFO  ComplexDataJackson:31 - -------Round 23
2016-02-14 08:17:29 INFO  ComplexDataJackson:59 - Json Generation Time(ms):: 1059218533
2016-02-14 08:17:29 INFO  ComplexDataJackson:33 - Size of Complex content Jackson :: 250 MB
2016-02-14 08:17:29 INFO  ComplexDataJackson:34 - --------------------------------------------------------------------------
2016-02-14 08:17:32 INFO  ComplexDataJackson:69 - Generating Map from json Time(ms):: 2168292568
2016-02-14 08:17:36 INFO  ComplexDataJackson:82 - Generating Actual Object from json Time(ms):: 2030034016
2016-02-14 08:17:39 INFO  ComplexDataJackson:31 - -------Round 24
2016-02-14 08:17:44 INFO  ComplexDataJackson:59 - Json Generation Time(ms):: 1350753436
2016-02-14 08:17:44 INFO  ComplexDataJackson:33 - Size of Complex content Jackson :: 250 MB
2016-02-14 08:17:44 INFO  ComplexDataJackson:34 - --------------------------------------------------------------------------
2016-02-14 08:17:47 INFO  ComplexDataJackson:69 - Generating Map from json Time(ms):: 2723882380
2016-02-14 08:17:52 INFO  ComplexDataJackson:82 - Generating Actual Object from json Time(ms):: 2221258291
2016-02-14 08:17:55 INFO  ComplexDataJackson:31 - -------Round 25
2016-02-14 08:17:59 INFO  ComplexDataJackson:59 - Json Generation Time(ms):: 1023832128
2016-02-14 08:18:00 INFO  ComplexDataJackson:33 - Size of Complex content Jackson :: 250 MB
2016-02-14 08:18:00 INFO  ComplexDataJackson:34 - --------------------------------------------------------------------------
2016-02-14 08:18:02 INFO  ComplexDataJackson:69 - Generating Map from json Time(ms):: 2157595684
2016-02-14 08:18:06 INFO  ComplexDataJackson:82 - Generating Actual Object from json Time(ms):: 1956225592
2016-02-14 08:18:09 INFO  ComplexDataJackson:31 - -------Round 26
2016-02-14 08:18:12 INFO  ComplexDataJackson:59 - Json Generation Time(ms):: 1023012236
2016-02-14 08:18:13 INFO  ComplexDataJackson:33 - Size of Complex content Jackson :: 250 MB
2016-02-14 08:18:13 INFO  ComplexDataJackson:34 - --------------------------------------------------------------------------
2016-02-14 08:18:15 INFO  ComplexDataJackson:69 - Generating Map from json Time(ms):: 2125057782
2016-02-14 08:18:20 INFO  ComplexDataJackson:82 - Generating Actual Object from json Time(ms):: 1935725534
2016-02-14 08:18:22 INFO  ComplexDataJackson:31 - -------Round 27
2016-02-14 08:18:26 INFO  ComplexDataJackson:59 - Json Generation Time(ms):: 1012124294
2016-02-14 08:18:26 INFO  ComplexDataJackson:33 - Size of Complex content Jackson :: 250 MB
2016-02-14 08:18:26 INFO  ComplexDataJackson:34 - --------------------------------------------------------------------------
2016-02-14 08:18:29 INFO  ComplexDataJackson:69 - Generating Map from json Time(ms):: 2109949982
2016-02-14 08:18:33 INFO  ComplexDataJackson:82 - Generating Actual Object from json Time(ms):: 1985652090
2016-02-14 08:18:36 INFO  ComplexDataJackson:31 - -------Round 28
2016-02-14 08:18:40 INFO  ComplexDataJackson:59 - Json Generation Time(ms):: 1030921014
2016-02-14 08:18:40 INFO  ComplexDataJackson:33 - Size of Complex content Jackson :: 250 MB
2016-02-14 08:18:40 INFO  ComplexDataJackson:34 - --------------------------------------------------------------------------
2016-02-14 08:18:42 INFO  ComplexDataJackson:69 - Generating Map from json Time(ms):: 2122576789
2016-02-14 08:18:47 INFO  ComplexDataJackson:82 - Generating Actual Object from json Time(ms):: 1932141615
2016-02-14 08:18:50 INFO  ComplexDataJackson:31 - -------Round 29
2016-02-14 08:18:53 INFO  ComplexDataJackson:59 - Json Generation Time(ms):: 1021380348
2016-02-14 08:18:54 INFO  ComplexDataJackson:33 - Size of Complex content Jackson :: 250 MB
2016-02-14 08:18:54 INFO  ComplexDataJackson:34 - --------------------------------------------------------------------------
2016-02-14 08:18:56 INFO  ComplexDataJackson:69 - Generating Map from json Time(ms):: 2144563470
2016-02-14 08:19:01 INFO  ComplexDataJackson:82 - Generating Actual Object from json Time(ms):: 1958701453
2016-02-14 08:19:03 INFO  ComplexDataJackson:31 - -------Round 30
2016-02-14 08:19:07 INFO  ComplexDataJackson:59 - Json Generation Time(ms):: 1019731484
2016-02-14 08:19:08 INFO  ComplexDataJackson:33 - Size of Complex content Jackson :: 250 MB
2016-02-14 08:19:08 INFO  ComplexDataJackson:34 - --------------------------------------------------------------------------
2016-02-14 08:19:10 INFO  ComplexDataJackson:69 - Generating Map from json Time(ms):: 2240348705
2016-02-14 08:19:16 INFO  ComplexDataJackson:82 - Generating Actual Object from json Time(ms):: 2485404386
2016-02-14 08:19:19 INFO  ComplexDataJackson:31 - -------Round 31
2016-02-14 08:19:22 INFO  ComplexDataJackson:59 - Json Generation Time(ms):: 1042472529
2016-02-14 08:19:23 INFO  ComplexDataJackson:33 - Size of Complex content Jackson :: 250 MB
2016-02-14 08:19:23 INFO  ComplexDataJackson:34 - --------------------------------------------------------------------------
2016-02-14 08:19:25 INFO  ComplexDataJackson:69 - Generating Map from json Time(ms):: 2124567109
2016-02-14 08:19:30 INFO  ComplexDataJackson:82 - Generating Actual Object from json Time(ms):: 2000236849
2016-02-14 08:19:32 INFO  ComplexDataJackson:31 - -------Round 32
2016-02-14 08:19:36 INFO  ComplexDataJackson:59 - Json Generation Time(ms):: 1019639508
2016-02-14 08:19:37 INFO  ComplexDataJackson:33 - Size of Complex content Jackson :: 250 MB
2016-02-14 08:19:37 INFO  ComplexDataJackson:34 - --------------------------------------------------------------------------
2016-02-14 08:19:39 INFO  ComplexDataJackson:69 - Generating Map from json Time(ms):: 2165450777
2016-02-14 08:19:44 INFO  ComplexDataJackson:82 - Generating Actual Object from json Time(ms):: 1950601221
2016-02-14 08:19:47 INFO  ComplexDataJackson:31 - -------Round 33
2016-02-14 08:19:50 INFO  ComplexDataJackson:59 - Json Generation Time(ms):: 1016860876
2016-02-14 08:19:51 INFO  ComplexDataJackson:33 - Size of Complex content Jackson :: 250 MB
2016-02-14 08:19:51 INFO  ComplexDataJackson:34 - --------------------------------------------------------------------------
2016-02-14 08:19:53 INFO  ComplexDataJackson:69 - Generating Map from json Time(ms):: 2119094717
2016-02-14 08:19:57 INFO  ComplexDataJackson:82 - Generating Actual Object from json Time(ms):: 1948888804
2016-02-14 08:20:00 INFO  ComplexDataJackson:31 - -------Round 34
2016-02-14 08:20:04 INFO  ComplexDataJackson:59 - Json Generation Time(ms):: 1036841447
2016-02-14 08:20:04 INFO  ComplexDataJackson:33 - Size of Complex content Jackson :: 250 MB
2016-02-14 08:20:04 INFO  ComplexDataJackson:34 - --------------------------------------------------------------------------
2016-02-14 08:20:07 INFO  ComplexDataJackson:69 - Generating Map from json Time(ms):: 2110651055
2016-02-14 08:20:11 INFO  ComplexDataJackson:82 - Generating Actual Object from json Time(ms):: 1937063730
2016-02-14 08:20:14 INFO  ComplexDataJackson:31 - -------Round 35
2016-02-14 08:20:18 INFO  ComplexDataJackson:59 - Json Generation Time(ms):: 1290871331
2016-02-14 08:20:19 INFO  ComplexDataJackson:33 - Size of Complex content Jackson :: 250 MB
2016-02-14 08:20:19 INFO  ComplexDataJackson:34 - --------------------------------------------------------------------------
2016-02-14 08:20:22 INFO  ComplexDataJackson:69 - Generating Map from json Time(ms):: 2592745083
2016-02-14 08:20:27 INFO  ComplexDataJackson:82 - Generating Actual Object from json Time(ms):: 1944194064
2016-02-14 08:20:29 INFO  ComplexDataJackson:31 - -------Round 36
2016-02-14 08:20:33 INFO  ComplexDataJackson:59 - Json Generation Time(ms):: 1010976761
2016-02-14 08:20:33 INFO  ComplexDataJackson:33 - Size of Complex content Jackson :: 250 MB
2016-02-14 08:20:33 INFO  ComplexDataJackson:34 - --------------------------------------------------------------------------
2016-02-14 08:20:36 INFO  ComplexDataJackson:69 - Generating Map from json Time(ms):: 2119356830
2016-02-14 08:20:40 INFO  ComplexDataJackson:82 - Generating Actual Object from json Time(ms):: 1946314257
2016-02-14 08:20:43 INFO  ComplexDataJackson:31 - -------Round 37
2016-02-14 08:20:46 INFO  ComplexDataJackson:59 - Json Generation Time(ms):: 1030989306
2016-02-14 08:20:47 INFO  ComplexDataJackson:33 - Size of Complex content Jackson :: 250 MB
2016-02-14 08:20:47 INFO  ComplexDataJackson:34 - --------------------------------------------------------------------------
2016-02-14 08:20:49 INFO  ComplexDataJackson:69 - Generating Map from json Time(ms):: 2116773203
2016-02-14 08:20:54 INFO  ComplexDataJackson:82 - Generating Actual Object from json Time(ms):: 1950905572
2016-02-14 08:20:56 INFO  ComplexDataJackson:31 - -------Round 38
2016-02-14 08:21:00 INFO  ComplexDataJackson:59 - Json Generation Time(ms):: 1017828404
2016-02-14 08:21:01 INFO  ComplexDataJackson:33 - Size of Complex content Jackson :: 250 MB
2016-02-14 08:21:01 INFO  ComplexDataJackson:34 - --------------------------------------------------------------------------
2016-02-14 08:21:03 INFO  ComplexDataJackson:69 - Generating Map from json Time(ms):: 2115104602
2016-02-14 08:21:08 INFO  ComplexDataJackson:82 - Generating Actual Object from json Time(ms):: 1937908885
2016-02-14 08:21:10 INFO  ComplexDataJackson:31 - -------Round 39
2016-02-14 08:21:14 INFO  ComplexDataJackson:59 - Json Generation Time(ms):: 1035317324
2016-02-14 08:21:15 INFO  ComplexDataJackson:33 - Size of Complex content Jackson :: 250 MB
2016-02-14 08:21:15 INFO  ComplexDataJackson:34 - --------------------------------------------------------------------------
2016-02-14 08:21:17 INFO  ComplexDataJackson:69 - Generating Map from json Time(ms):: 2116247398
2016-02-14 08:21:21 INFO  ComplexDataJackson:82 - Generating Actual Object from json Time(ms):: 1968002902
2016-02-14 08:21:24 INFO  ComplexDataJackson:31 - -------Round 40
2016-02-14 08:21:28 INFO  ComplexDataJackson:59 - Json Generation Time(ms):: 1079234236
2016-02-14 08:21:28 INFO  ComplexDataJackson:33 - Size of Complex content Jackson :: 250 MB
2016-02-14 08:21:29 INFO  ComplexDataJackson:34 - --------------------------------------------------------------------------
2016-02-14 08:21:31 INFO  ComplexDataJackson:69 - Generating Map from json Time(ms):: 2150258895
2016-02-14 08:21:36 INFO  ComplexDataJackson:82 - Generating Actual Object from json Time(ms):: 1981606712
2016-02-14 08:21:38 INFO  ComplexDataJackson:31 - -------Round 41
2016-02-14 08:21:42 INFO  ComplexDataJackson:59 - Json Generation Time(ms):: 1024907027
2016-02-14 08:21:43 INFO  ComplexDataJackson:33 - Size of Complex content Jackson :: 250 MB
2016-02-14 08:21:43 INFO  ComplexDataJackson:34 - --------------------------------------------------------------------------
2016-02-14 08:21:45 INFO  ComplexDataJackson:69 - Generating Map from json Time(ms):: 2132610102
2016-02-14 08:21:49 INFO  ComplexDataJackson:82 - Generating Actual Object from json Time(ms):: 1951541511
2016-02-14 08:21:52 INFO  ComplexDataJackson:31 - -------Round 42
2016-02-14 08:21:56 INFO  ComplexDataJackson:59 - Json Generation Time(ms):: 1026086139
2016-02-14 08:21:56 INFO  ComplexDataJackson:33 - Size of Complex content Jackson :: 250 MB
2016-02-14 08:21:56 INFO  ComplexDataJackson:34 - --------------------------------------------------------------------------
2016-02-14 08:21:58 INFO  ComplexDataJackson:69 - Generating Map from json Time(ms):: 2130974266
2016-02-14 08:22:03 INFO  ComplexDataJackson:82 - Generating Actual Object from json Time(ms):: 1942215193
2016-02-14 08:22:06 INFO  ComplexDataJackson:31 - -------Round 43
2016-02-14 08:22:09 INFO  ComplexDataJackson:59 - Json Generation Time(ms):: 1012376932
2016-02-14 08:22:10 INFO  ComplexDataJackson:33 - Size of Complex content Jackson :: 250 MB
2016-02-14 08:22:10 INFO  ComplexDataJackson:34 - --------------------------------------------------------------------------
2016-02-14 08:22:12 INFO  ComplexDataJackson:69 - Generating Map from json Time(ms):: 2112633874
2016-02-14 08:22:17 INFO  ComplexDataJackson:82 - Generating Actual Object from json Time(ms):: 1950879123
2016-02-14 08:22:19 INFO  ComplexDataJackson:31 - -------Round 44
2016-02-14 08:22:23 INFO  ComplexDataJackson:59 - Json Generation Time(ms):: 1031510768
2016-02-14 08:22:24 INFO  ComplexDataJackson:33 - Size of Complex content Jackson :: 250 MB
2016-02-14 08:22:24 INFO  ComplexDataJackson:34 - --------------------------------------------------------------------------
2016-02-14 08:22:26 INFO  ComplexDataJackson:69 - Generating Map from json Time(ms):: 2111779244
2016-02-14 08:22:31 INFO  ComplexDataJackson:82 - Generating Actual Object from json Time(ms):: 1954917791
2016-02-14 08:22:33 INFO  ComplexDataJackson:31 - -------Round 45
2016-02-14 08:22:37 INFO  ComplexDataJackson:59 - Json Generation Time(ms):: 1011530593
2016-02-14 08:22:37 INFO  ComplexDataJackson:33 - Size of Complex content Jackson :: 250 MB
2016-02-14 08:22:37 INFO  ComplexDataJackson:34 - --------------------------------------------------------------------------
2016-02-14 08:22:40 INFO  ComplexDataJackson:69 - Generating Map from json Time(ms):: 2112648085
2016-02-14 08:22:44 INFO  ComplexDataJackson:82 - Generating Actual Object from json Time(ms):: 1950791884
2016-02-14 08:22:47 INFO  ComplexDataJackson:31 - -------Round 46
2016-02-14 08:22:50 INFO  ComplexDataJackson:59 - Json Generation Time(ms):: 1024148321
2016-02-14 08:22:51 INFO  ComplexDataJackson:33 - Size of Complex content Jackson :: 250 MB
2016-02-14 08:22:51 INFO  ComplexDataJackson:34 - --------------------------------------------------------------------------
2016-02-14 08:22:53 INFO  ComplexDataJackson:69 - Generating Map from json Time(ms):: 2126121233
2016-02-14 08:22:58 INFO  ComplexDataJackson:82 - Generating Actual Object from json Time(ms):: 1985191814
2016-02-14 08:23:01 INFO  ComplexDataJackson:31 - -------Round 47
2016-02-14 08:23:04 INFO  ComplexDataJackson:59 - Json Generation Time(ms):: 1038904795
2016-02-14 08:23:05 INFO  ComplexDataJackson:33 - Size of Complex content Jackson :: 250 MB
2016-02-14 08:23:05 INFO  ComplexDataJackson:34 - --------------------------------------------------------------------------
2016-02-14 08:23:07 INFO  ComplexDataJackson:69 - Generating Map from json Time(ms):: 2171032910
2016-02-14 08:23:12 INFO  ComplexDataJackson:82 - Generating Actual Object from json Time(ms):: 1942167823
2016-02-14 08:23:15 INFO  ComplexDataJackson:31 - -------Round 48
2016-02-14 08:23:18 INFO  ComplexDataJackson:59 - Json Generation Time(ms):: 1019919780
2016-02-14 08:23:19 INFO  ComplexDataJackson:33 - Size of Complex content Jackson :: 250 MB
2016-02-14 08:23:19 INFO  ComplexDataJackson:34 - --------------------------------------------------------------------------
2016-02-14 08:23:21 INFO  ComplexDataJackson:69 - Generating Map from json Time(ms):: 2116935444
2016-02-14 08:23:26 INFO  ComplexDataJackson:82 - Generating Actual Object from json Time(ms):: 1966154692
2016-02-14 08:23:28 INFO  ComplexDataJackson:31 - -------Round 49
2016-02-14 08:23:32 INFO  ComplexDataJackson:59 - Json Generation Time(ms):: 1038407413
2016-02-14 08:23:33 INFO  ComplexDataJackson:33 - Size of Complex content Jackson :: 250 MB
2016-02-14 08:23:33 INFO  ComplexDataJackson:34 - --------------------------------------------------------------------------
2016-02-14 08:23:35 INFO  ComplexDataJackson:69 - Generating Map from json Time(ms):: 2164705097
2016-02-14 08:23:40 INFO  ComplexDataJackson:82 - Generating Actual Object from json Time(ms):: 2018967252
2016-02-14 08:23:42 INFO  ComplexDataJackson:31 - -------Round 50
2016-02-14 08:23:47 INFO  ComplexDataJackson:59 - Json Generation Time(ms):: 1333104642
2016-02-14 08:23:48 INFO  ComplexDataJackson:33 - Size of Complex content Jackson :: 250 MB
2016-02-14 08:23:48 INFO  ComplexDataJackson:34 - --------------------------------------------------------------------------
2016-02-14 08:23:50 INFO  ComplexDataJackson:69 - Generating Map from json Time(ms):: 2717974579
2016-02-14 08:23:56 INFO  ComplexDataJackson:82 - Generating Actual Object from json Time(ms):: 2187066394
2016-02-14 08:23:59 INFO  ComplexDataJackson:44 - --------------------------------------------------------------------------
2016-02-14 08:23:59 INFO  ComplexDataJackson:45 - Average Time to Generate JSON : 1092127467
2016-02-14 08:23:59 INFO  ComplexDataJackson:46 - Average Time to Parse JSON To Map : 2158655298
2016-02-14 08:23:59 INFO  ComplexDataJackson:47 - Average Time to Parse JSON To Actual Object : 1939415512
2016-02-14 08:23:59 INFO  ComplexDataJackson:48 - --------------------------------------------------------------------------
