2016-02-13 19:58:48 INFO  ComplexDataJackson:29 - -------Round 1
2016-02-13 19:58:48 INFO  ComplexDataJackson:56 - Json Generation Time(ms):: 87235780
2016-02-13 19:58:48 INFO  ComplexDataJackson:31 - Size of Complex content Jackson :: 10 KB
2016-02-13 19:58:48 INFO  ComplexDataJackson:32 - --------------------------------------------------------------------------
2016-02-13 19:58:48 INFO  ComplexDataJackson:66 - Generating Map from json Time(ms):: 29891117
2016-02-13 19:58:48 INFO  ComplexDataJackson:79 - Generating Actual Object from json Time(ms):: 18692902
2016-02-13 19:58:48 INFO  ComplexDataJackson:29 - -------Round 2
2016-02-13 19:58:48 INFO  ComplexDataJackson:56 - Json Generation Time(ms):: 1735313
2016-02-13 19:58:48 INFO  ComplexDataJackson:31 - Size of Complex content Jackson :: 10 KB
2016-02-13 19:58:48 INFO  ComplexDataJackson:32 - --------------------------------------------------------------------------
2016-02-13 19:58:48 INFO  ComplexDataJackson:66 - Generating Map from json Time(ms):: 1242667
2016-02-13 19:58:49 INFO  ComplexDataJackson:79 - Generating Actual Object from json Time(ms):: 2039268
2016-02-13 19:58:49 INFO  ComplexDataJackson:29 - -------Round 3
2016-02-13 19:58:49 INFO  ComplexDataJackson:56 - Json Generation Time(ms):: 1130953
2016-02-13 19:58:49 INFO  ComplexDataJackson:31 - Size of Complex content Jackson :: 10 KB
2016-02-13 19:58:49 INFO  ComplexDataJackson:32 - --------------------------------------------------------------------------
2016-02-13 19:58:49 INFO  ComplexDataJackson:66 - Generating Map from json Time(ms):: 721205
2016-02-13 19:58:49 INFO  ComplexDataJackson:79 - Generating Actual Object from json Time(ms):: 5425418
2016-02-13 19:58:49 INFO  ComplexDataJackson:29 - -------Round 4
2016-02-13 19:58:49 INFO  ComplexDataJackson:56 - Json Generation Time(ms):: 761864
2016-02-13 19:58:49 INFO  ComplexDataJackson:31 - Size of Complex content Jackson :: 10 KB
2016-02-13 19:58:49 INFO  ComplexDataJackson:32 - --------------------------------------------------------------------------
2016-02-13 19:58:49 INFO  ComplexDataJackson:66 - Generating Map from json Time(ms):: 688441
2016-02-13 19:58:49 INFO  ComplexDataJackson:79 - Generating Actual Object from json Time(ms):: 959238
2016-02-13 19:58:49 INFO  ComplexDataJackson:29 - -------Round 5
2016-02-13 19:58:49 INFO  ComplexDataJackson:56 - Json Generation Time(ms):: 636334
2016-02-13 19:58:49 INFO  ComplexDataJackson:31 - Size of Complex content Jackson :: 10 KB
2016-02-13 19:58:49 INFO  ComplexDataJackson:32 - --------------------------------------------------------------------------
2016-02-13 19:58:49 INFO  ComplexDataJackson:66 - Generating Map from json Time(ms):: 589754
2016-02-13 19:58:49 INFO  ComplexDataJackson:79 - Generating Actual Object from json Time(ms):: 846735
2016-02-13 19:58:49 INFO  ComplexDataJackson:29 - -------Round 6
2016-02-13 19:58:49 INFO  ComplexDataJackson:56 - Json Generation Time(ms):: 1905844
2016-02-13 19:58:49 INFO  ComplexDataJackson:31 - Size of Complex content Jackson :: 10 KB
2016-02-13 19:58:49 INFO  ComplexDataJackson:32 - --------------------------------------------------------------------------
2016-02-13 19:58:49 INFO  ComplexDataJackson:66 - Generating Map from json Time(ms):: 495409
2016-02-13 19:58:49 INFO  ComplexDataJackson:79 - Generating Actual Object from json Time(ms):: 933974
2016-02-13 19:58:49 INFO  ComplexDataJackson:29 - -------Round 7
2016-02-13 19:58:49 INFO  ComplexDataJackson:56 - Json Generation Time(ms):: 654098
2016-02-13 19:58:49 INFO  ComplexDataJackson:31 - Size of Complex content Jackson :: 10 KB
2016-02-13 19:58:49 INFO  ComplexDataJackson:32 - --------------------------------------------------------------------------
2016-02-13 19:58:49 INFO  ComplexDataJackson:66 - Generating Map from json Time(ms):: 474882
2016-02-13 19:58:49 INFO  ComplexDataJackson:79 - Generating Actual Object from json Time(ms):: 753574
2016-02-13 19:58:49 INFO  ComplexDataJackson:29 - -------Round 8
2016-02-13 19:58:49 INFO  ComplexDataJackson:56 - Json Generation Time(ms):: 3619051
2016-02-13 19:58:49 INFO  ComplexDataJackson:31 - Size of Complex content Jackson :: 10 KB
2016-02-13 19:58:49 INFO  ComplexDataJackson:32 - --------------------------------------------------------------------------
2016-02-13 19:58:49 INFO  ComplexDataJackson:66 - Generating Map from json Time(ms):: 515146
2016-02-13 19:58:49 INFO  ComplexDataJackson:79 - Generating Actual Object from json Time(ms):: 607912
2016-02-13 19:58:49 INFO  ComplexDataJackson:29 - -------Round 9
2016-02-13 19:58:49 INFO  ComplexDataJackson:56 - Json Generation Time(ms):: 404617
2016-02-13 19:58:49 INFO  ComplexDataJackson:31 - Size of Complex content Jackson :: 10 KB
2016-02-13 19:58:49 INFO  ComplexDataJackson:32 - --------------------------------------------------------------------------
2016-02-13 19:58:49 INFO  ComplexDataJackson:66 - Generating Map from json Time(ms):: 930816
2016-02-13 19:58:49 INFO  ComplexDataJackson:79 - Generating Actual Object from json Time(ms):: 498566
2016-02-13 19:58:49 INFO  ComplexDataJackson:29 - -------Round 10
2016-02-13 19:58:49 INFO  ComplexDataJackson:56 - Json Generation Time(ms):: 384879
2016-02-13 19:58:49 INFO  ComplexDataJackson:31 - Size of Complex content Jackson :: 10 KB
2016-02-13 19:58:49 INFO  ComplexDataJackson:32 - --------------------------------------------------------------------------
2016-02-13 19:58:49 INFO  ComplexDataJackson:66 - Generating Map from json Time(ms):: 270008
2016-02-13 19:58:49 INFO  ComplexDataJackson:79 - Generating Actual Object from json Time(ms):: 547516
2016-02-13 19:58:49 INFO  ComplexDataJackson:41 - --------------------------------------------------------------------------
2016-02-13 19:58:49 INFO  ComplexDataJackson:42 - Average Time to Generate JSON : 9846873
2016-02-13 19:58:49 INFO  ComplexDataJackson:43 - Average Time to Parse JSON To Map : 3581944
2016-02-13 19:58:49 INFO  ComplexDataJackson:44 - Average Time to Parse JSON To Actual Object : 3130510
2016-02-13 19:58:49 INFO  ComplexDataJackson:45 - --------------------------------------------------------------------------
2016-02-13 19:59:07 INFO  ComplexDataJackson:31 - -------Round 1
2016-02-13 19:59:07 INFO  ComplexDataJackson:58 - Json Generation Time(ms):: 68404321
2016-02-13 19:59:07 INFO  ComplexDataJackson:33 - Size of Complex content Jackson :: 10 KB
2016-02-13 19:59:07 INFO  ComplexDataJackson:34 - --------------------------------------------------------------------------
2016-02-13 19:59:07 INFO  ComplexDataJackson:68 - Generating Map from json Time(ms):: 27264858
2016-02-13 19:59:07 INFO  ComplexDataJackson:81 - Generating Actual Object from json Time(ms):: 18062489
2016-02-13 19:59:07 INFO  ComplexDataJackson:31 - -------Round 2
2016-02-13 19:59:07 INFO  ComplexDataJackson:58 - Json Generation Time(ms):: 1630310
2016-02-13 19:59:07 INFO  ComplexDataJackson:33 - Size of Complex content Jackson :: 10 KB
2016-02-13 19:59:07 INFO  ComplexDataJackson:34 - --------------------------------------------------------------------------
2016-02-13 19:59:07 INFO  ComplexDataJackson:68 - Generating Map from json Time(ms):: 876340
2016-02-13 19:59:07 INFO  ComplexDataJackson:81 - Generating Actual Object from json Time(ms):: 1223324
2016-02-13 19:59:07 INFO  ComplexDataJackson:31 - -------Round 3
2016-02-13 19:59:07 INFO  ComplexDataJackson:58 - Json Generation Time(ms):: 907921
2016-02-13 19:59:07 INFO  ComplexDataJackson:33 - Size of Complex content Jackson :: 10 KB
2016-02-13 19:59:07 INFO  ComplexDataJackson:34 - --------------------------------------------------------------------------
2016-02-13 19:59:07 INFO  ComplexDataJackson:68 - Generating Map from json Time(ms):: 660019
2016-02-13 19:59:07 INFO  ComplexDataJackson:81 - Generating Actual Object from json Time(ms):: 1451884
2016-02-13 19:59:07 INFO  ComplexDataJackson:31 - -------Round 4
2016-02-13 19:59:07 INFO  ComplexDataJackson:58 - Json Generation Time(ms):: 838445
2016-02-13 19:59:07 INFO  ComplexDataJackson:33 - Size of Complex content Jackson :: 10 KB
2016-02-13 19:59:07 INFO  ComplexDataJackson:34 - --------------------------------------------------------------------------
2016-02-13 19:59:07 INFO  ComplexDataJackson:68 - Generating Map from json Time(ms):: 886999
2016-02-13 19:59:07 INFO  ComplexDataJackson:81 - Generating Actual Object from json Time(ms):: 1187797
2016-02-13 19:59:07 INFO  ComplexDataJackson:31 - -------Round 5
2016-02-13 19:59:07 INFO  ComplexDataJackson:58 - Json Generation Time(ms):: 768970
2016-02-13 19:59:07 INFO  ComplexDataJackson:33 - Size of Complex content Jackson :: 10 KB
2016-02-13 19:59:07 INFO  ComplexDataJackson:34 - --------------------------------------------------------------------------
2016-02-13 19:59:07 INFO  ComplexDataJackson:68 - Generating Map from json Time(ms):: 577122
2016-02-13 19:59:07 INFO  ComplexDataJackson:81 - Generating Actual Object from json Time(ms):: 858972
2016-02-13 19:59:07 INFO  ComplexDataJackson:31 - -------Round 6
2016-02-13 19:59:07 INFO  ComplexDataJackson:58 - Json Generation Time(ms):: 756732
2016-02-13 19:59:07 INFO  ComplexDataJackson:33 - Size of Complex content Jackson :: 10 KB
2016-02-13 19:59:07 INFO  ComplexDataJackson:34 - --------------------------------------------------------------------------
2016-02-13 19:59:07 INFO  ComplexDataJackson:68 - Generating Map from json Time(ms):: 626465
2016-02-13 19:59:07 INFO  ComplexDataJackson:81 - Generating Actual Object from json Time(ms):: 878709
2016-02-13 19:59:07 INFO  ComplexDataJackson:31 - -------Round 7
2016-02-13 19:59:07 INFO  ComplexDataJackson:58 - Json Generation Time(ms):: 616992
2016-02-13 19:59:07 INFO  ComplexDataJackson:33 - Size of Complex content Jackson :: 10 KB
2016-02-13 19:59:07 INFO  ComplexDataJackson:34 - --------------------------------------------------------------------------
2016-02-13 19:59:07 INFO  ComplexDataJackson:68 - Generating Map from json Time(ms):: 414486
2016-02-13 19:59:07 INFO  ComplexDataJackson:81 - Generating Actual Object from json Time(ms):: 779628
2016-02-13 19:59:07 INFO  ComplexDataJackson:31 - -------Round 8
2016-02-13 19:59:07 INFO  ComplexDataJackson:58 - Json Generation Time(ms):: 519093
2016-02-13 19:59:07 INFO  ComplexDataJackson:33 - Size of Complex content Jackson :: 10 KB
2016-02-13 19:59:07 INFO  ComplexDataJackson:34 - --------------------------------------------------------------------------
2016-02-13 19:59:07 INFO  ComplexDataJackson:68 - Generating Map from json Time(ms):: 480408
2016-02-13 19:59:07 INFO  ComplexDataJackson:81 - Generating Actual Object from json Time(ms):: 596859
2016-02-13 19:59:07 INFO  ComplexDataJackson:31 - -------Round 9
2016-02-13 19:59:07 INFO  ComplexDataJackson:58 - Json Generation Time(ms):: 482382
2016-02-13 19:59:07 INFO  ComplexDataJackson:33 - Size of Complex content Jackson :: 10 KB
2016-02-13 19:59:07 INFO  ComplexDataJackson:34 - --------------------------------------------------------------------------
2016-02-13 19:59:07 INFO  ComplexDataJackson:68 - Generating Map from json Time(ms):: 552647
2016-02-13 19:59:07 INFO  ComplexDataJackson:81 - Generating Actual Object from json Time(ms):: 594096
2016-02-13 19:59:07 INFO  ComplexDataJackson:31 - -------Round 10
2016-02-13 19:59:07 INFO  ComplexDataJackson:58 - Json Generation Time(ms):: 392774
2016-02-13 19:59:07 INFO  ComplexDataJackson:33 - Size of Complex content Jackson :: 10 KB
2016-02-13 19:59:07 INFO  ComplexDataJackson:34 - --------------------------------------------------------------------------
2016-02-13 19:59:07 INFO  ComplexDataJackson:68 - Generating Map from json Time(ms):: 337904
2016-02-13 19:59:07 INFO  ComplexDataJackson:81 - Generating Actual Object from json Time(ms):: 966344
2016-02-13 19:59:07 INFO  ComplexDataJackson:31 - -------Round 11
2016-02-13 19:59:07 INFO  ComplexDataJackson:58 - Json Generation Time(ms):: 430671
2016-02-13 19:59:07 INFO  ComplexDataJackson:33 - Size of Complex content Jackson :: 10 KB
2016-02-13 19:59:07 INFO  ComplexDataJackson:34 - --------------------------------------------------------------------------
2016-02-13 19:59:07 INFO  ComplexDataJackson:68 - Generating Map from json Time(ms):: 416065
2016-02-13 19:59:07 INFO  ComplexDataJackson:81 - Generating Actual Object from json Time(ms):: 546726
2016-02-13 19:59:07 INFO  ComplexDataJackson:31 - -------Round 12
2016-02-13 19:59:07 INFO  ComplexDataJackson:58 - Json Generation Time(ms):: 353695
2016-02-13 19:59:07 INFO  ComplexDataJackson:33 - Size of Complex content Jackson :: 10 KB
2016-02-13 19:59:07 INFO  ComplexDataJackson:34 - --------------------------------------------------------------------------
2016-02-13 19:59:07 INFO  ComplexDataJackson:68 - Generating Map from json Time(ms):: 292508
2016-02-13 19:59:07 INFO  ComplexDataJackson:81 - Generating Actual Object from json Time(ms):: 297245
2016-02-13 19:59:07 INFO  ComplexDataJackson:31 - -------Round 13
2016-02-13 19:59:07 INFO  ComplexDataJackson:58 - Json Generation Time(ms):: 396722
2016-02-13 19:59:07 INFO  ComplexDataJackson:33 - Size of Complex content Jackson :: 10 KB
2016-02-13 19:59:07 INFO  ComplexDataJackson:34 - --------------------------------------------------------------------------
2016-02-13 19:59:07 INFO  ComplexDataJackson:68 - Generating Map from json Time(ms):: 341852
2016-02-13 19:59:07 INFO  ComplexDataJackson:81 - Generating Actual Object from json Time(ms):: 420407
2016-02-13 19:59:07 INFO  ComplexDataJackson:31 - -------Round 14
2016-02-13 19:59:07 INFO  ComplexDataJackson:58 - Json Generation Time(ms):: 357247
2016-02-13 19:59:07 INFO  ComplexDataJackson:33 - Size of Complex content Jackson :: 10 KB
2016-02-13 19:59:07 INFO  ComplexDataJackson:34 - --------------------------------------------------------------------------
2016-02-13 19:59:07 INFO  ComplexDataJackson:68 - Generating Map from json Time(ms):: 354089
2016-02-13 19:59:07 INFO  ComplexDataJackson:81 - Generating Actual Object from json Time(ms):: 410143
2016-02-13 19:59:07 INFO  ComplexDataJackson:31 - -------Round 15
2016-02-13 19:59:07 INFO  ComplexDataJackson:58 - Json Generation Time(ms):: 382906
2016-02-13 19:59:07 INFO  ComplexDataJackson:33 - Size of Complex content Jackson :: 10 KB
2016-02-13 19:59:07 INFO  ComplexDataJackson:34 - --------------------------------------------------------------------------
2016-02-13 19:59:07 INFO  ComplexDataJackson:68 - Generating Map from json Time(ms):: 279087
2016-02-13 19:59:07 INFO  ComplexDataJackson:81 - Generating Actual Object from json Time(ms):: 433039
2016-02-13 19:59:07 INFO  ComplexDataJackson:31 - -------Round 16
2016-02-13 19:59:07 INFO  ComplexDataJackson:58 - Json Generation Time(ms):: 728310
2016-02-13 19:59:07 INFO  ComplexDataJackson:33 - Size of Complex content Jackson :: 10 KB
2016-02-13 19:59:07 INFO  ComplexDataJackson:34 - --------------------------------------------------------------------------
2016-02-13 19:59:07 INFO  ComplexDataJackson:68 - Generating Map from json Time(ms):: 713705
2016-02-13 19:59:07 INFO  ComplexDataJackson:81 - Generating Actual Object from json Time(ms):: 1305037
2016-02-13 19:59:07 INFO  ComplexDataJackson:31 - -------Round 17
2016-02-13 19:59:07 INFO  ComplexDataJackson:58 - Json Generation Time(ms):: 318167
2016-02-13 19:59:07 INFO  ComplexDataJackson:33 - Size of Complex content Jackson :: 10 KB
2016-02-13 19:59:07 INFO  ComplexDataJackson:34 - --------------------------------------------------------------------------
2016-02-13 19:59:07 INFO  ComplexDataJackson:68 - Generating Map from json Time(ms):: 288166
2016-02-13 19:59:07 INFO  ComplexDataJackson:81 - Generating Actual Object from json Time(ms):: 445670
2016-02-13 19:59:07 INFO  ComplexDataJackson:31 - -------Round 18
2016-02-13 19:59:07 INFO  ComplexDataJackson:58 - Json Generation Time(ms):: 246718
2016-02-13 19:59:07 INFO  ComplexDataJackson:33 - Size of Complex content Jackson :: 10 KB
2016-02-13 19:59:07 INFO  ComplexDataJackson:34 - --------------------------------------------------------------------------
2016-02-13 19:59:07 INFO  ComplexDataJackson:68 - Generating Map from json Time(ms):: 287377
2016-02-13 19:59:07 INFO  ComplexDataJackson:81 - Generating Actual Object from json Time(ms):: 453566
2016-02-13 19:59:07 INFO  ComplexDataJackson:31 - -------Round 19
2016-02-13 19:59:07 INFO  ComplexDataJackson:58 - Json Generation Time(ms):: 250270
2016-02-13 19:59:07 INFO  ComplexDataJackson:33 - Size of Complex content Jackson :: 10 KB
2016-02-13 19:59:07 INFO  ComplexDataJackson:34 - --------------------------------------------------------------------------
2016-02-13 19:59:07 INFO  ComplexDataJackson:68 - Generating Map from json Time(ms):: 286587
2016-02-13 19:59:07 INFO  ComplexDataJackson:81 - Generating Actual Object from json Time(ms):: 469356
2016-02-13 19:59:07 INFO  ComplexDataJackson:31 - -------Round 20
2016-02-13 19:59:07 INFO  ComplexDataJackson:58 - Json Generation Time(ms):: 234875
2016-02-13 19:59:07 INFO  ComplexDataJackson:33 - Size of Complex content Jackson :: 10 KB
2016-02-13 19:59:07 INFO  ComplexDataJackson:34 - --------------------------------------------------------------------------
2016-02-13 19:59:07 INFO  ComplexDataJackson:68 - Generating Map from json Time(ms):: 286981
2016-02-13 19:59:07 INFO  ComplexDataJackson:81 - Generating Actual Object from json Time(ms):: 459487
2016-02-13 19:59:07 INFO  ComplexDataJackson:31 - -------Round 21
2016-02-13 19:59:07 INFO  ComplexDataJackson:58 - Json Generation Time(ms):: 255007
2016-02-13 19:59:07 INFO  ComplexDataJackson:33 - Size of Complex content Jackson :: 10 KB
2016-02-13 19:59:07 INFO  ComplexDataJackson:34 - --------------------------------------------------------------------------
2016-02-13 19:59:07 INFO  ComplexDataJackson:68 - Generating Map from json Time(ms):: 350536
2016-02-13 19:59:07 INFO  ComplexDataJackson:81 - Generating Actual Object from json Time(ms):: 620544
2016-02-13 19:59:07 INFO  ComplexDataJackson:31 - -------Round 22
2016-02-13 19:59:07 INFO  ComplexDataJackson:58 - Json Generation Time(ms):: 265666
2016-02-13 19:59:07 INFO  ComplexDataJackson:33 - Size of Complex content Jackson :: 10 KB
2016-02-13 19:59:07 INFO  ComplexDataJackson:34 - --------------------------------------------------------------------------
2016-02-13 19:59:07 INFO  ComplexDataJackson:68 - Generating Map from json Time(ms):: 309087
2016-02-13 19:59:07 INFO  ComplexDataJackson:81 - Generating Actual Object from json Time(ms):: 545937
2016-02-13 19:59:07 INFO  ComplexDataJackson:31 - -------Round 23
2016-02-13 19:59:07 INFO  ComplexDataJackson:58 - Json Generation Time(ms):: 235270
2016-02-13 19:59:07 INFO  ComplexDataJackson:33 - Size of Complex content Jackson :: 10 KB
2016-02-13 19:59:07 INFO  ComplexDataJackson:34 - --------------------------------------------------------------------------
2016-02-13 19:59:07 INFO  ComplexDataJackson:68 - Generating Map from json Time(ms):: 250270
2016-02-13 19:59:07 INFO  ComplexDataJackson:81 - Generating Actual Object from json Time(ms):: 411328
2016-02-13 19:59:07 INFO  ComplexDataJackson:31 - -------Round 24
2016-02-13 19:59:07 INFO  ComplexDataJackson:58 - Json Generation Time(ms):: 254218
2016-02-13 19:59:07 INFO  ComplexDataJackson:33 - Size of Complex content Jackson :: 10 KB
2016-02-13 19:59:07 INFO  ComplexDataJackson:34 - --------------------------------------------------------------------------
2016-02-13 19:59:07 INFO  ComplexDataJackson:68 - Generating Map from json Time(ms):: 236059
2016-02-13 19:59:07 INFO  ComplexDataJackson:81 - Generating Actual Object from json Time(ms):: 394353
2016-02-13 19:59:07 INFO  ComplexDataJackson:31 - -------Round 25
2016-02-13 19:59:07 INFO  ComplexDataJackson:58 - Json Generation Time(ms):: 203690
2016-02-13 19:59:07 INFO  ComplexDataJackson:33 - Size of Complex content Jackson :: 10 KB
2016-02-13 19:59:07 INFO  ComplexDataJackson:34 - --------------------------------------------------------------------------
2016-02-13 19:59:07 INFO  ComplexDataJackson:68 - Generating Map from json Time(ms):: 247508
2016-02-13 19:59:07 INFO  ComplexDataJackson:81 - Generating Actual Object from json Time(ms):: 196585
2016-02-13 19:59:07 INFO  ComplexDataJackson:31 - -------Round 26
2016-02-13 19:59:07 INFO  ComplexDataJackson:58 - Json Generation Time(ms):: 244349
2016-02-13 19:59:07 INFO  ComplexDataJackson:33 - Size of Complex content Jackson :: 10 KB
2016-02-13 19:59:07 INFO  ComplexDataJackson:34 - --------------------------------------------------------------------------
2016-02-13 19:59:07 INFO  ComplexDataJackson:68 - Generating Map from json Time(ms):: 243954
2016-02-13 19:59:07 INFO  ComplexDataJackson:81 - Generating Actual Object from json Time(ms):: 213953
2016-02-13 19:59:07 INFO  ComplexDataJackson:31 - -------Round 27
2016-02-13 19:59:08 INFO  ComplexDataJackson:58 - Json Generation Time(ms):: 176058
2016-02-13 19:59:08 INFO  ComplexDataJackson:33 - Size of Complex content Jackson :: 10 KB
2016-02-13 19:59:08 INFO  ComplexDataJackson:34 - --------------------------------------------------------------------------
2016-02-13 19:59:08 INFO  ComplexDataJackson:68 - Generating Map from json Time(ms):: 167373
2016-02-13 19:59:08 INFO  ComplexDataJackson:81 - Generating Actual Object from json Time(ms):: 436986
2016-02-13 19:59:08 INFO  ComplexDataJackson:31 - -------Round 28
2016-02-13 19:59:08 INFO  ComplexDataJackson:58 - Json Generation Time(ms):: 287377
2016-02-13 19:59:08 INFO  ComplexDataJackson:33 - Size of Complex content Jackson :: 10 KB
2016-02-13 19:59:08 INFO  ComplexDataJackson:34 - --------------------------------------------------------------------------
2016-02-13 19:59:08 INFO  ComplexDataJackson:68 - Generating Map from json Time(ms):: 275534
2016-02-13 19:59:08 INFO  ComplexDataJackson:81 - Generating Actual Object from json Time(ms):: 302377
2016-02-13 19:59:08 INFO  ComplexDataJackson:31 - -------Round 29
2016-02-13 19:59:08 INFO  ComplexDataJackson:58 - Json Generation Time(ms):: 258560
2016-02-13 19:59:08 INFO  ComplexDataJackson:33 - Size of Complex content Jackson :: 10 KB
2016-02-13 19:59:08 INFO  ComplexDataJackson:34 - --------------------------------------------------------------------------
2016-02-13 19:59:08 INFO  ComplexDataJackson:68 - Generating Map from json Time(ms):: 164216
2016-02-13 19:59:08 INFO  ComplexDataJackson:81 - Generating Actual Object from json Time(ms):: 268034
2016-02-13 19:59:08 INFO  ComplexDataJackson:31 - -------Round 30
2016-02-13 19:59:08 INFO  ComplexDataJackson:58 - Json Generation Time(ms):: 148031
2016-02-13 19:59:08 INFO  ComplexDataJackson:33 - Size of Complex content Jackson :: 10 KB
2016-02-13 19:59:08 INFO  ComplexDataJackson:34 - --------------------------------------------------------------------------
2016-02-13 19:59:08 INFO  ComplexDataJackson:68 - Generating Map from json Time(ms):: 152373
2016-02-13 19:59:08 INFO  ComplexDataJackson:81 - Generating Actual Object from json Time(ms):: 201321
2016-02-13 19:59:08 INFO  ComplexDataJackson:31 - -------Round 31
2016-02-13 19:59:08 INFO  ComplexDataJackson:58 - Json Generation Time(ms):: 232112
2016-02-13 19:59:08 INFO  ComplexDataJackson:33 - Size of Complex content Jackson :: 10 KB
2016-02-13 19:59:08 INFO  ComplexDataJackson:34 - --------------------------------------------------------------------------
2016-02-13 19:59:08 INFO  ComplexDataJackson:68 - Generating Map from json Time(ms):: 307114
2016-02-13 19:59:08 INFO  ComplexDataJackson:81 - Generating Actual Object from json Time(ms):: 332378
2016-02-13 19:59:08 INFO  ComplexDataJackson:31 - -------Round 32
2016-02-13 19:59:08 INFO  ComplexDataJackson:58 - Json Generation Time(ms):: 325272
2016-02-13 19:59:08 INFO  ComplexDataJackson:33 - Size of Complex content Jackson :: 10 KB
2016-02-13 19:59:08 INFO  ComplexDataJackson:34 - --------------------------------------------------------------------------
2016-02-13 19:59:08 INFO  ComplexDataJackson:68 - Generating Map from json Time(ms):: 249086
2016-02-13 19:59:08 INFO  ComplexDataJackson:81 - Generating Actual Object from json Time(ms):: 335536
2016-02-13 19:59:08 INFO  ComplexDataJackson:31 - -------Round 33
2016-02-13 19:59:08 INFO  ComplexDataJackson:58 - Json Generation Time(ms):: 232507
2016-02-13 19:59:08 INFO  ComplexDataJackson:33 - Size of Complex content Jackson :: 10 KB
2016-02-13 19:59:08 INFO  ComplexDataJackson:34 - --------------------------------------------------------------------------
2016-02-13 19:59:08 INFO  ComplexDataJackson:68 - Generating Map from json Time(ms):: 262113
2016-02-13 19:59:08 INFO  ComplexDataJackson:81 - Generating Actual Object from json Time(ms):: 325667
2016-02-13 19:59:08 INFO  ComplexDataJackson:31 - -------Round 34
2016-02-13 19:59:08 INFO  ComplexDataJackson:58 - Json Generation Time(ms):: 256587
2016-02-13 19:59:08 INFO  ComplexDataJackson:33 - Size of Complex content Jackson :: 10 KB
2016-02-13 19:59:08 INFO  ComplexDataJackson:34 - --------------------------------------------------------------------------
2016-02-13 19:59:08 INFO  ComplexDataJackson:68 - Generating Map from json Time(ms):: 269613
2016-02-13 19:59:08 INFO  ComplexDataJackson:81 - Generating Actual Object from json Time(ms):: 313825
2016-02-13 19:59:08 INFO  ComplexDataJackson:31 - -------Round 35
2016-02-13 19:59:08 INFO  ComplexDataJackson:58 - Json Generation Time(ms):: 230532
2016-02-13 19:59:08 INFO  ComplexDataJackson:33 - Size of Complex content Jackson :: 10 KB
2016-02-13 19:59:08 INFO  ComplexDataJackson:34 - --------------------------------------------------------------------------
2016-02-13 19:59:08 INFO  ComplexDataJackson:68 - Generating Map from json Time(ms):: 242375
2016-02-13 19:59:08 INFO  ComplexDataJackson:81 - Generating Actual Object from json Time(ms):: 267244
2016-02-13 19:59:08 INFO  ComplexDataJackson:31 - -------Round 36
2016-02-13 19:59:08 INFO  ComplexDataJackson:58 - Json Generation Time(ms):: 223032
2016-02-13 19:59:08 INFO  ComplexDataJackson:33 - Size of Complex content Jackson :: 10 KB
2016-02-13 19:59:08 INFO  ComplexDataJackson:34 - --------------------------------------------------------------------------
2016-02-13 19:59:08 INFO  ComplexDataJackson:68 - Generating Map from json Time(ms):: 227375
2016-02-13 19:59:08 INFO  ComplexDataJackson:81 - Generating Actual Object from json Time(ms):: 287377
2016-02-13 19:59:08 INFO  ComplexDataJackson:31 - -------Round 37
2016-02-13 19:59:08 INFO  ComplexDataJackson:58 - Json Generation Time(ms):: 157899
2016-02-13 19:59:08 INFO  ComplexDataJackson:33 - Size of Complex content Jackson :: 10 KB
2016-02-13 19:59:08 INFO  ComplexDataJackson:34 - --------------------------------------------------------------------------
2016-02-13 19:59:08 INFO  ComplexDataJackson:68 - Generating Map from json Time(ms):: 159084
2016-02-13 19:59:08 INFO  ComplexDataJackson:81 - Generating Actual Object from json Time(ms):: 285403
2016-02-13 19:59:08 INFO  ComplexDataJackson:31 - -------Round 38
2016-02-13 19:59:08 INFO  ComplexDataJackson:58 - Json Generation Time(ms):: 249086
2016-02-13 19:59:08 INFO  ComplexDataJackson:33 - Size of Complex content Jackson :: 10 KB
2016-02-13 19:59:08 INFO  ComplexDataJackson:34 - --------------------------------------------------------------------------
2016-02-13 19:59:08 INFO  ComplexDataJackson:68 - Generating Map from json Time(ms):: 243165
2016-02-13 19:59:08 INFO  ComplexDataJackson:81 - Generating Actual Object from json Time(ms):: 312640
2016-02-13 19:59:08 INFO  ComplexDataJackson:31 - -------Round 39
2016-02-13 19:59:08 INFO  ComplexDataJackson:58 - Json Generation Time(ms):: 149610
2016-02-13 19:59:08 INFO  ComplexDataJackson:33 - Size of Complex content Jackson :: 10 KB
2016-02-13 19:59:08 INFO  ComplexDataJackson:34 - --------------------------------------------------------------------------
2016-02-13 19:59:08 INFO  ComplexDataJackson:68 - Generating Map from json Time(ms):: 244349
2016-02-13 19:59:08 INFO  ComplexDataJackson:81 - Generating Actual Object from json Time(ms):: 298429
2016-02-13 19:59:08 INFO  ComplexDataJackson:31 - -------Round 40
2016-02-13 19:59:08 INFO  ComplexDataJackson:58 - Json Generation Time(ms):: 190268
2016-02-13 19:59:08 INFO  ComplexDataJackson:33 - Size of Complex content Jackson :: 10 KB
2016-02-13 19:59:08 INFO  ComplexDataJackson:34 - --------------------------------------------------------------------------
2016-02-13 19:59:08 INFO  ComplexDataJackson:68 - Generating Map from json Time(ms):: 564095
2016-02-13 19:59:08 INFO  ComplexDataJackson:81 - Generating Actual Object from json Time(ms):: 287772
2016-02-13 19:59:08 INFO  ComplexDataJackson:31 - -------Round 41
2016-02-13 19:59:08 INFO  ComplexDataJackson:58 - Json Generation Time(ms):: 216322
2016-02-13 19:59:08 INFO  ComplexDataJackson:33 - Size of Complex content Jackson :: 10 KB
2016-02-13 19:59:08 INFO  ComplexDataJackson:34 - --------------------------------------------------------------------------
2016-02-13 19:59:08 INFO  ComplexDataJackson:68 - Generating Map from json Time(ms):: 166583
2016-02-13 19:59:08 INFO  ComplexDataJackson:81 - Generating Actual Object from json Time(ms):: 290534
2016-02-13 19:59:08 INFO  ComplexDataJackson:31 - -------Round 42
2016-02-13 19:59:08 INFO  ComplexDataJackson:58 - Json Generation Time(ms):: 205269
2016-02-13 19:59:08 INFO  ComplexDataJackson:33 - Size of Complex content Jackson :: 10 KB
2016-02-13 19:59:08 INFO  ComplexDataJackson:34 - --------------------------------------------------------------------------
2016-02-13 19:59:08 INFO  ComplexDataJackson:68 - Generating Map from json Time(ms):: 215532
2016-02-13 19:59:08 INFO  ComplexDataJackson:81 - Generating Actual Object from json Time(ms):: 279482
2016-02-13 19:59:08 INFO  ComplexDataJackson:31 - -------Round 43
2016-02-13 19:59:08 INFO  ComplexDataJackson:58 - Json Generation Time(ms):: 164215
2016-02-13 19:59:08 INFO  ComplexDataJackson:33 - Size of Complex content Jackson :: 10 KB
2016-02-13 19:59:08 INFO  ComplexDataJackson:34 - --------------------------------------------------------------------------
2016-02-13 19:59:08 INFO  ComplexDataJackson:68 - Generating Map from json Time(ms):: 248297
2016-02-13 19:59:08 INFO  ComplexDataJackson:81 - Generating Actual Object from json Time(ms):: 283823
2016-02-13 19:59:08 INFO  ComplexDataJackson:31 - -------Round 44
2016-02-13 19:59:08 INFO  ComplexDataJackson:58 - Json Generation Time(ms):: 211190
2016-02-13 19:59:08 INFO  ComplexDataJackson:33 - Size of Complex content Jackson :: 10 KB
2016-02-13 19:59:08 INFO  ComplexDataJackson:34 - --------------------------------------------------------------------------
2016-02-13 19:59:08 INFO  ComplexDataJackson:68 - Generating Map from json Time(ms):: 204479
2016-02-13 19:59:08 INFO  ComplexDataJackson:81 - Generating Actual Object from json Time(ms):: 328825
2016-02-13 19:59:08 INFO  ComplexDataJackson:31 - -------Round 45
2016-02-13 19:59:08 INFO  ComplexDataJackson:58 - Json Generation Time(ms):: 238822
2016-02-13 19:59:08 INFO  ComplexDataJackson:33 - Size of Complex content Jackson :: 10 KB
2016-02-13 19:59:08 INFO  ComplexDataJackson:34 - --------------------------------------------------------------------------
2016-02-13 19:59:08 INFO  ComplexDataJackson:68 - Generating Map from json Time(ms):: 240007
2016-02-13 19:59:08 INFO  ComplexDataJackson:81 - Generating Actual Object from json Time(ms):: 262902
2016-02-13 19:59:08 INFO  ComplexDataJackson:31 - -------Round 46
2016-02-13 19:59:08 INFO  ComplexDataJackson:58 - Json Generation Time(ms):: 241586
2016-02-13 19:59:08 INFO  ComplexDataJackson:33 - Size of Complex content Jackson :: 10 KB
2016-02-13 19:59:08 INFO  ComplexDataJackson:34 - --------------------------------------------------------------------------
2016-02-13 19:59:08 INFO  ComplexDataJackson:68 - Generating Map from json Time(ms):: 238033
2016-02-13 19:59:08 INFO  ComplexDataJackson:81 - Generating Actual Object from json Time(ms):: 281060
2016-02-13 19:59:08 INFO  ComplexDataJackson:31 - -------Round 47
2016-02-13 19:59:08 INFO  ComplexDataJackson:58 - Json Generation Time(ms):: 215532
2016-02-13 19:59:08 INFO  ComplexDataJackson:33 - Size of Complex content Jackson :: 10 KB
2016-02-13 19:59:08 INFO  ComplexDataJackson:34 - --------------------------------------------------------------------------
2016-02-13 19:59:08 INFO  ComplexDataJackson:68 - Generating Map from json Time(ms):: 258165
2016-02-13 19:59:08 INFO  ComplexDataJackson:81 - Generating Actual Object from json Time(ms):: 262113
2016-02-13 19:59:08 INFO  ComplexDataJackson:31 - -------Round 48
2016-02-13 19:59:08 INFO  ComplexDataJackson:58 - Json Generation Time(ms):: 142109
2016-02-13 19:59:08 INFO  ComplexDataJackson:33 - Size of Complex content Jackson :: 10 KB
2016-02-13 19:59:08 INFO  ComplexDataJackson:34 - --------------------------------------------------------------------------
2016-02-13 19:59:08 INFO  ComplexDataJackson:68 - Generating Map from json Time(ms):: 125924
2016-02-13 19:59:08 INFO  ComplexDataJackson:81 - Generating Actual Object from json Time(ms):: 163426
2016-02-13 19:59:08 INFO  ComplexDataJackson:31 - -------Round 49
2016-02-13 19:59:09 INFO  ComplexDataJackson:58 - Json Generation Time(ms):: 148030
2016-02-13 19:59:09 INFO  ComplexDataJackson:33 - Size of Complex content Jackson :: 10 KB
2016-02-13 19:59:09 INFO  ComplexDataJackson:34 - --------------------------------------------------------------------------
2016-02-13 19:59:09 INFO  ComplexDataJackson:68 - Generating Map from json Time(ms):: 233296
2016-02-13 19:59:09 INFO  ComplexDataJackson:81 - Generating Actual Object from json Time(ms):: 225006
2016-02-13 19:59:09 INFO  ComplexDataJackson:31 - -------Round 50
2016-02-13 19:59:09 INFO  ComplexDataJackson:58 - Json Generation Time(ms):: 219086
2016-02-13 19:59:09 INFO  ComplexDataJackson:33 - Size of Complex content Jackson :: 10 KB
2016-02-13 19:59:09 INFO  ComplexDataJackson:34 - --------------------------------------------------------------------------
2016-02-13 19:59:09 INFO  ComplexDataJackson:68 - Generating Map from json Time(ms):: 135004
2016-02-13 19:59:09 INFO  ComplexDataJackson:81 - Generating Actual Object from json Time(ms):: 176453
2016-02-13 19:59:09 INFO  ComplexDataJackson:43 - --------------------------------------------------------------------------
2016-02-13 19:59:09 INFO  ComplexDataJackson:44 - Average Time to Generate JSON : 1711896
2016-02-13 19:59:09 INFO  ComplexDataJackson:45 - Average Time to Parse JSON To Map : 869085
2016-02-13 19:59:09 INFO  ComplexDataJackson:46 - Average Time to Parse JSON To Actual Object : 820641
2016-02-13 19:59:09 INFO  ComplexDataJackson:47 - --------------------------------------------------------------------------
