/*C33*/SET SCHEMA PUBLIC
CONNECT USER SA
SET AUTOCOMMIT FALSE
/*C34*/SET SCHEMA PUBLIC
CONNECT USER SA
SET AUTOCOMMIT FALSE
/*C35*/SET SCHEMA PUBLIC
CONNECT USER SA
SET AUTOCOMMIT FALSE
/*C36*/SET SCHEMA PUBLIC
CONNECT USER SA
DELETE FROM RACE_RESULT WHERE RACE_ID=1 AND RUNNER_ID=1
DELETE FROM RACE_PARTICIPANTS WHERE RACE_ID=1 AND RUNNER_ID=1
DELETE FROM RUNNER WHERE RUNNER_ID=1
DELETE FROM RUNNER WHERE RUNNER_ID=2
DELETE FROM RUNNER WHERE RUNNER_ID=3
DELETE FROM RUNNER WHERE RUNNER_ID=50
DELETE FROM RACE WHERE RACE_ID=1
DELETE FROM RACE WHERE RACE_ID=2
DELETE FROM RACE WHERE RACE_ID=3
DELETE FROM RACE WHERE RACE_ID=4
DELETE FROM RACE WHERE RACE_ID=15
INSERT INTO RACE VALUES(15,'Mclean 5K',3.1E0,'2008-05-12',NULL)
INSERT INTO RACE VALUES(20,'Reston 5K',3.1E0,'2008-09-13',NULL)
INSERT INTO RUNNER VALUES(50,'Andrew','Glover',32)
INSERT INTO RUNNER VALUES(51,'Lisa','Smith',40)
INSERT INTO RUNNER VALUES(52,'Bill','Payne',18)
INSERT INTO RACE_PARTICIPANTS VALUES(15,50)
INSERT INTO RACE_PARTICIPANTS VALUES(20,51)
INSERT INTO RACE_PARTICIPANTS VALUES(20,52)
INSERT INTO RACE_RESULT VALUES(15,50,100.04,45)
DISCONNECT
/*C37*/SET SCHEMA PUBLIC
CONNECT USER SA
DISCONNECT
/*C38*/SET SCHEMA PUBLIC
CONNECT USER SA
DELETE FROM RACE_RESULT WHERE RACE_ID=15 AND RUNNER_ID=50
DELETE FROM RACE_PARTICIPANTS WHERE RACE_ID=15 AND RUNNER_ID=50
DELETE FROM RACE_PARTICIPANTS WHERE RACE_ID=20 AND RUNNER_ID=51
DELETE FROM RACE_PARTICIPANTS WHERE RACE_ID=20 AND RUNNER_ID=52
DELETE FROM RUNNER WHERE RUNNER_ID=50
DELETE FROM RUNNER WHERE RUNNER_ID=51
DELETE FROM RUNNER WHERE RUNNER_ID=52
DELETE FROM RACE WHERE RACE_ID=15
DELETE FROM RACE WHERE RACE_ID=20
INSERT INTO RACE VALUES(15,'Mclean 5K',3.1E0,'2008-05-12',NULL)
INSERT INTO RACE VALUES(20,'Reston 5K',3.1E0,'2008-09-13',NULL)
INSERT INTO RUNNER VALUES(50,'Andrew','Glover',32)
INSERT INTO RUNNER VALUES(51,'Lisa','Smith',40)
INSERT INTO RUNNER VALUES(52,'Bill','Payne',18)
INSERT INTO RACE_PARTICIPANTS VALUES(15,50)
INSERT INTO RACE_PARTICIPANTS VALUES(20,51)
INSERT INTO RACE_PARTICIPANTS VALUES(20,52)
INSERT INTO RACE_RESULT VALUES(15,50,100.04,45)
DISCONNECT
/*C34*/INSERT INTO RACE VALUES(1301283425687825700084005599576071,'Belgium 5K',3.1E0,'2010-08-11','Fly fast on this fast course')
/*C39*/SET SCHEMA PUBLIC
CONNECT USER SA
DISCONNECT
/*C40*/SET SCHEMA PUBLIC
CONNECT USER SA
DELETE FROM RACE_RESULT WHERE RACE_ID=15 AND RUNNER_ID=50
DELETE FROM RACE_PARTICIPANTS WHERE RACE_ID=15 AND RUNNER_ID=50
DELETE FROM RACE_PARTICIPANTS WHERE RACE_ID=20 AND RUNNER_ID=51
DELETE FROM RACE_PARTICIPANTS WHERE RACE_ID=20 AND RUNNER_ID=52
DELETE FROM RUNNER WHERE RUNNER_ID=50
DELETE FROM RUNNER WHERE RUNNER_ID=51
DELETE FROM RUNNER WHERE RUNNER_ID=52
DELETE FROM RACE WHERE RACE_ID=15
DELETE FROM RACE WHERE RACE_ID=20
DELETE FROM RACE WHERE RACE_ID=1301283425687825700084005599576071
INSERT INTO RACE VALUES(15,'Mclean 5K',3.1E0,'2008-05-12',NULL)
INSERT INTO RACE VALUES(20,'Reston 5K',3.1E0,'2008-09-13',NULL)
INSERT INTO RUNNER VALUES(50,'Andrew','Glover',32)
INSERT INTO RUNNER VALUES(51,'Lisa','Smith',40)
INSERT INTO RUNNER VALUES(52,'Bill','Payne',18)
INSERT INTO RACE_PARTICIPANTS VALUES(15,50)
INSERT INTO RACE_PARTICIPANTS VALUES(20,51)
INSERT INTO RACE_PARTICIPANTS VALUES(20,52)
INSERT INTO RACE_RESULT VALUES(15,50,100.04,45)
DISCONNECT
/*C41*/SET SCHEMA PUBLIC
CONNECT USER SA
DISCONNECT
/*C34*/INSERT INTO RUNNER VALUES(1301283425687825700084005603115016,'Michaels','Lebbys',84)
DELETE FROM RACE WHERE RACE_ID=15
INSERT INTO RACE VALUES(15,'Mclean 5K',3.1E0,'2008-05-12',NULL)
DELETE FROM RUNNER WHERE RUNNER_ID=50
INSERT INTO RUNNER VALUES(50,'Andrew','Glover',32)
INSERT INTO RACE_PARTICIPANTS VALUES(15,1301283425687825700084005603115016)
/*C42*/SET SCHEMA PUBLIC
CONNECT USER SA
DISCONNECT
/*C43*/SET SCHEMA PUBLIC
CONNECT USER SA
DISCONNECT
/*C44*/SET SCHEMA PUBLIC
CONNECT USER SA
DELETE FROM RACE_RESULT WHERE RACE_ID=15 AND RUNNER_ID=50
DELETE FROM RACE_PARTICIPANTS WHERE RACE_ID=15 AND RUNNER_ID=50
DELETE FROM RACE_PARTICIPANTS WHERE RACE_ID=15 AND RUNNER_ID=1301283425687825700084005603115016
DELETE FROM RACE_PARTICIPANTS WHERE RACE_ID=20 AND RUNNER_ID=51
DELETE FROM RACE_PARTICIPANTS WHERE RACE_ID=20 AND RUNNER_ID=52
DELETE FROM RUNNER WHERE RUNNER_ID=50
DELETE FROM RUNNER WHERE RUNNER_ID=51
DELETE FROM RUNNER WHERE RUNNER_ID=52
DELETE FROM RUNNER WHERE RUNNER_ID=1301283425687825700084005603115016
DELETE FROM RACE WHERE RACE_ID=15
DELETE FROM RACE WHERE RACE_ID=20
INSERT INTO RACE VALUES(15,'Mclean 5K',3.1E0,'2008-05-12',NULL)
INSERT INTO RACE VALUES(20,'Reston 5K',3.1E0,'2008-09-13',NULL)
INSERT INTO RUNNER VALUES(50,'Andrew','Glover',32)
INSERT INTO RUNNER VALUES(51,'Lisa','Smith',40)
INSERT INTO RUNNER VALUES(52,'Bill','Payne',18)
INSERT INTO RACE_PARTICIPANTS VALUES(15,50)
INSERT INTO RACE_PARTICIPANTS VALUES(20,51)
INSERT INTO RACE_PARTICIPANTS VALUES(20,52)
INSERT INTO RACE_RESULT VALUES(15,50,100.04,45)
DISCONNECT
/*C45*/SET SCHEMA PUBLIC
CONNECT USER SA
DELETE FROM RACE_RESULT WHERE RACE_ID=15 AND RUNNER_ID=50
DELETE FROM RACE_PARTICIPANTS WHERE RACE_ID=15 AND RUNNER_ID=50
DELETE FROM RACE_PARTICIPANTS WHERE RACE_ID=20 AND RUNNER_ID=51
DELETE FROM RACE_PARTICIPANTS WHERE RACE_ID=20 AND RUNNER_ID=52
DELETE FROM RUNNER WHERE RUNNER_ID=50
DELETE FROM RUNNER WHERE RUNNER_ID=51
DELETE FROM RUNNER WHERE RUNNER_ID=52
DELETE FROM RACE WHERE RACE_ID=15
DELETE FROM RACE WHERE RACE_ID=20
INSERT INTO RACE VALUES(1,'Mclean 1/2 Marathon',13.1E0,'2008-05-12',NULL)
INSERT INTO RACE VALUES(2,'Reston 5K',3.1E0,'2008-09-13',NULL)
INSERT INTO RACE VALUES(3,'Herndon 10K',6.2E0,'2008-10-22',NULL)
INSERT INTO RACE VALUES(4,'Leesburg 1/2 Marathon',13.1E0,'2008-01-02',NULL)
INSERT INTO RACE VALUES(5,'Leesburg 5K',3.1E0,'2008-05-12',NULL)
INSERT INTO RACE VALUES(6,'Leesburg 10K',6.2E0,'2008-07-30',NULL)
INSERT INTO RUNNER VALUES(1,'Andrew','Glover',32)
INSERT INTO RUNNER VALUES(2,'Lisa','Smith',40)
INSERT INTO RUNNER VALUES(3,'Bill','Payne',18)
INSERT INTO RACE_PARTICIPANTS VALUES(1,1)
INSERT INTO RACE_PARTICIPANTS VALUES(2,2)
INSERT INTO RACE_PARTICIPANTS VALUES(2,3)
INSERT INTO RACE_RESULT VALUES(1,1,100.04,45)
DISCONNECT
/*C46*/SET SCHEMA PUBLIC
CONNECT USER SA
DELETE FROM RACE_RESULT WHERE RACE_ID=1 AND RUNNER_ID=1
DELETE FROM RACE_PARTICIPANTS WHERE RACE_ID=1 AND RUNNER_ID=1
DELETE FROM RACE_PARTICIPANTS WHERE RACE_ID=2 AND RUNNER_ID=2
DELETE FROM RACE_PARTICIPANTS WHERE RACE_ID=2 AND RUNNER_ID=3
DELETE FROM RUNNER WHERE RUNNER_ID=1
DELETE FROM RUNNER WHERE RUNNER_ID=2
DELETE FROM RUNNER WHERE RUNNER_ID=3
DELETE FROM RACE WHERE RACE_ID=1
DELETE FROM RACE WHERE RACE_ID=2
DELETE FROM RACE WHERE RACE_ID=3
DELETE FROM RACE WHERE RACE_ID=4
DELETE FROM RACE WHERE RACE_ID=5
DELETE FROM RACE WHERE RACE_ID=6
INSERT INTO RACE VALUES(1,'Mclean 1/2 Marathon',13.1E0,'2008-05-12',NULL)
INSERT INTO RACE VALUES(2,'Reston 5K',3.1E0,'2008-09-13',NULL)
INSERT INTO RACE VALUES(3,'Herndon 10K',6.2E0,'2008-10-22',NULL)
INSERT INTO RACE VALUES(4,'Leesburg 1/2 Marathon',13.1E0,'2008-01-02',NULL)
INSERT INTO RACE VALUES(5,'Leesburg 5K',3.1E0,'2008-05-12',NULL)
INSERT INTO RACE VALUES(6,'Leesburg 10K',6.2E0,'2008-07-30',NULL)
INSERT INTO RUNNER VALUES(1,'Andrew','Glover',32)
INSERT INTO RUNNER VALUES(2,'Lisa','Smith',40)
INSERT INTO RUNNER VALUES(3,'Bill','Payne',18)
INSERT INTO RACE_PARTICIPANTS VALUES(1,1)
INSERT INTO RACE_PARTICIPANTS VALUES(2,2)
INSERT INTO RACE_PARTICIPANTS VALUES(2,3)
INSERT INTO RACE_RESULT VALUES(1,1,100.04,45)
DISCONNECT
/*C47*/SET SCHEMA PUBLIC
CONNECT USER SA
DELETE FROM RACE_RESULT WHERE RACE_ID=1 AND RUNNER_ID=1
DELETE FROM RACE_PARTICIPANTS WHERE RACE_ID=1 AND RUNNER_ID=1
DELETE FROM RACE_PARTICIPANTS WHERE RACE_ID=2 AND RUNNER_ID=2
DELETE FROM RACE_PARTICIPANTS WHERE RACE_ID=2 AND RUNNER_ID=3
DELETE FROM RUNNER WHERE RUNNER_ID=1
DELETE FROM RUNNER WHERE RUNNER_ID=2
DELETE FROM RUNNER WHERE RUNNER_ID=3
DELETE FROM RACE WHERE RACE_ID=1
DELETE FROM RACE WHERE RACE_ID=2
DELETE FROM RACE WHERE RACE_ID=3
DELETE FROM RACE WHERE RACE_ID=4
DELETE FROM RACE WHERE RACE_ID=5
DELETE FROM RACE WHERE RACE_ID=6
INSERT INTO RACE VALUES(1,'Mclean 1/2 Marathon',13.1E0,'2008-05-12',NULL)
INSERT INTO RACE VALUES(2,'Reston 5K',3.1E0,'2008-09-13',NULL)
INSERT INTO RACE VALUES(3,'Herndon 10K',6.2E0,'2008-10-22',NULL)
INSERT INTO RACE VALUES(4,'Leesburg 1/2 Marathon',13.1E0,'2008-01-02',NULL)
INSERT INTO RACE VALUES(5,'Leesburg 5K',3.1E0,'2008-05-12',NULL)
INSERT INTO RACE VALUES(6,'Leesburg 10K',6.2E0,'2008-07-30',NULL)
INSERT INTO RUNNER VALUES(1,'Andrew','Glover',32)
INSERT INTO RUNNER VALUES(2,'Lisa','Smith',40)
INSERT INTO RUNNER VALUES(3,'Bill','Payne',18)
INSERT INTO RACE_PARTICIPANTS VALUES(1,1)
INSERT INTO RACE_PARTICIPANTS VALUES(2,2)
INSERT INTO RACE_PARTICIPANTS VALUES(2,3)
INSERT INTO RACE_RESULT VALUES(1,1,100.04,45)
DISCONNECT
/*C48*/SET SCHEMA PUBLIC
CONNECT USER SA
DELETE FROM RACE_RESULT WHERE RACE_ID=1 AND RUNNER_ID=1
DELETE FROM RACE_PARTICIPANTS WHERE RACE_ID=1 AND RUNNER_ID=1
DELETE FROM RACE_PARTICIPANTS WHERE RACE_ID=2 AND RUNNER_ID=2
DELETE FROM RACE_PARTICIPANTS WHERE RACE_ID=2 AND RUNNER_ID=3
DELETE FROM RUNNER WHERE RUNNER_ID=1
DELETE FROM RUNNER WHERE RUNNER_ID=2
DELETE FROM RUNNER WHERE RUNNER_ID=3
DELETE FROM RACE WHERE RACE_ID=1
DELETE FROM RACE WHERE RACE_ID=2
DELETE FROM RACE WHERE RACE_ID=3
DELETE FROM RACE WHERE RACE_ID=4
DELETE FROM RACE WHERE RACE_ID=5
DELETE FROM RACE WHERE RACE_ID=6
INSERT INTO RACE VALUES(1,'Mclean 1/2 Marathon',13.1E0,'2008-05-12',NULL)
INSERT INTO RACE VALUES(2,'Reston 5K',3.1E0,'2008-09-13',NULL)
INSERT INTO RACE VALUES(3,'Herndon 10K',6.2E0,'2008-10-22',NULL)
INSERT INTO RACE VALUES(4,'Leesburg 1/2 Marathon',13.1E0,'2008-01-02',NULL)
INSERT INTO RACE VALUES(5,'Leesburg 5K',3.1E0,'2008-05-12',NULL)
INSERT INTO RACE VALUES(6,'Leesburg 10K',6.2E0,'2008-07-30',NULL)
INSERT INTO RUNNER VALUES(1,'Andrew','Glover',32)
INSERT INTO RUNNER VALUES(2,'Lisa','Smith',40)
INSERT INTO RUNNER VALUES(3,'Bill','Payne',18)
INSERT INTO RACE_PARTICIPANTS VALUES(1,1)
INSERT INTO RACE_PARTICIPANTS VALUES(2,2)
INSERT INTO RACE_PARTICIPANTS VALUES(2,3)
INSERT INTO RACE_RESULT VALUES(1,1,100.04,45)
DISCONNECT
/*C49*/SET SCHEMA PUBLIC
CONNECT USER SA
DELETE FROM RACE_RESULT WHERE RACE_ID=1 AND RUNNER_ID=1
DELETE FROM RACE_PARTICIPANTS WHERE RACE_ID=1 AND RUNNER_ID=1
DELETE FROM RACE_PARTICIPANTS WHERE RACE_ID=2 AND RUNNER_ID=2
DELETE FROM RACE_PARTICIPANTS WHERE RACE_ID=2 AND RUNNER_ID=3
DELETE FROM RUNNER WHERE RUNNER_ID=1
DELETE FROM RUNNER WHERE RUNNER_ID=2
DELETE FROM RUNNER WHERE RUNNER_ID=3
DELETE FROM RACE WHERE RACE_ID=1
DELETE FROM RACE WHERE RACE_ID=2
DELETE FROM RACE WHERE RACE_ID=3
DELETE FROM RACE WHERE RACE_ID=4
DELETE FROM RACE WHERE RACE_ID=5
DELETE FROM RACE WHERE RACE_ID=6
INSERT INTO RACE VALUES(1,'Mclean 1/2 Marathon',13.1E0,'2008-05-12',NULL)
INSERT INTO RACE VALUES(2,'Reston 5K',3.1E0,'2008-09-13',NULL)
INSERT INTO RACE VALUES(3,'Herndon 10K',6.2E0,'2008-10-22',NULL)
INSERT INTO RACE VALUES(4,'Leesburg 1/2 Marathon',13.1E0,'2008-01-02',NULL)
INSERT INTO RACE VALUES(5,'Leesburg 5K',3.1E0,'2008-05-12',NULL)
INSERT INTO RACE VALUES(6,'Leesburg 10K',6.2E0,'2008-07-30',NULL)
INSERT INTO RUNNER VALUES(1,'Andrew','Glover',32)
INSERT INTO RUNNER VALUES(2,'Lisa','Smith',40)
INSERT INTO RUNNER VALUES(3,'Bill','Payne',18)
INSERT INTO RACE_PARTICIPANTS VALUES(1,1)
INSERT INTO RACE_PARTICIPANTS VALUES(2,2)
INSERT INTO RACE_PARTICIPANTS VALUES(2,3)
INSERT INTO RACE_RESULT VALUES(1,1,100.04,45)
DISCONNECT
/*C50*/SET SCHEMA PUBLIC
CONNECT USER SA
DELETE FROM RACE_RESULT WHERE RACE_ID=1 AND RUNNER_ID=1
DELETE FROM RACE_PARTICIPANTS WHERE RACE_ID=1 AND RUNNER_ID=1
DELETE FROM RACE_PARTICIPANTS WHERE RACE_ID=2 AND RUNNER_ID=2
DELETE FROM RACE_PARTICIPANTS WHERE RACE_ID=2 AND RUNNER_ID=3
DELETE FROM RUNNER WHERE RUNNER_ID=1
DELETE FROM RUNNER WHERE RUNNER_ID=2
DELETE FROM RUNNER WHERE RUNNER_ID=3
DELETE FROM RACE WHERE RACE_ID=1
DELETE FROM RACE WHERE RACE_ID=2
DELETE FROM RACE WHERE RACE_ID=3
DELETE FROM RACE WHERE RACE_ID=4
DELETE FROM RACE WHERE RACE_ID=5
DELETE FROM RACE WHERE RACE_ID=6
INSERT INTO RACE VALUES(1,'Mclean 1/2 Marathon',13.1E0,'2008-05-12',NULL)
INSERT INTO RACE VALUES(2,'Reston 5K',3.1E0,'2008-09-13',NULL)
INSERT INTO RACE VALUES(3,'Herndon 10K',6.2E0,'2008-10-22',NULL)
INSERT INTO RACE VALUES(4,'Leesburg 1/2 Marathon',13.1E0,'2008-01-02',NULL)
INSERT INTO RACE VALUES(5,'Leesburg 5K',3.1E0,'2008-05-12',NULL)
INSERT INTO RACE VALUES(6,'Leesburg 10K',6.2E0,'2008-07-30',NULL)
INSERT INTO RUNNER VALUES(1,'Andrew','Glover',32)
INSERT INTO RUNNER VALUES(2,'Lisa','Smith',40)
INSERT INTO RUNNER VALUES(3,'Bill','Payne',18)
INSERT INTO RACE_PARTICIPANTS VALUES(1,1)
INSERT INTO RACE_PARTICIPANTS VALUES(2,2)
INSERT INTO RACE_PARTICIPANTS VALUES(2,3)
INSERT INTO RACE_RESULT VALUES(1,1,100.04,45)
DISCONNECT
/*C51*/SET SCHEMA PUBLIC
CONNECT USER SA
DELETE FROM RACE_RESULT WHERE RACE_ID=1 AND RUNNER_ID=1
DELETE FROM RACE_PARTICIPANTS WHERE RACE_ID=1 AND RUNNER_ID=1
DELETE FROM RACE_PARTICIPANTS WHERE RACE_ID=2 AND RUNNER_ID=2
DELETE FROM RACE_PARTICIPANTS WHERE RACE_ID=2 AND RUNNER_ID=3
DELETE FROM RUNNER WHERE RUNNER_ID=1
DELETE FROM RUNNER WHERE RUNNER_ID=2
DELETE FROM RUNNER WHERE RUNNER_ID=3
DELETE FROM RACE WHERE RACE_ID=1
DELETE FROM RACE WHERE RACE_ID=2
DELETE FROM RACE WHERE RACE_ID=3
DELETE FROM RACE WHERE RACE_ID=4
DELETE FROM RACE WHERE RACE_ID=5
DELETE FROM RACE WHERE RACE_ID=6
INSERT INTO RACE VALUES(1,'Mclean 1/2 Marathon',13.1E0,'2008-05-12',NULL)
INSERT INTO RACE VALUES(2,'Reston 5K',3.1E0,'2008-09-13',NULL)
INSERT INTO RACE VALUES(3,'Herndon 10K',6.2E0,'2008-10-22',NULL)
INSERT INTO RACE VALUES(4,'Leesburg 1/2 Marathon',13.1E0,'2008-01-02',NULL)
INSERT INTO RACE VALUES(5,'Leesburg 5K',3.1E0,'2008-05-12',NULL)
INSERT INTO RACE VALUES(6,'Leesburg 10K',6.2E0,'2008-07-30',NULL)
INSERT INTO RUNNER VALUES(1,'Andrew','Glover',32)
INSERT INTO RUNNER VALUES(2,'Lisa','Smith',40)
INSERT INTO RUNNER VALUES(3,'Bill','Payne',18)
INSERT INTO RACE_PARTICIPANTS VALUES(1,1)
INSERT INTO RACE_PARTICIPANTS VALUES(2,2)
INSERT INTO RACE_PARTICIPANTS VALUES(2,3)
INSERT INTO RACE_RESULT VALUES(1,1,100.04,45)
DISCONNECT
/*C52*/SET SCHEMA PUBLIC
CONNECT USER SA
DELETE FROM RACE_RESULT WHERE RACE_ID=1 AND RUNNER_ID=1
DELETE FROM RACE_PARTICIPANTS WHERE RACE_ID=1 AND RUNNER_ID=1
DELETE FROM RACE_PARTICIPANTS WHERE RACE_ID=2 AND RUNNER_ID=2
DELETE FROM RACE_PARTICIPANTS WHERE RACE_ID=2 AND RUNNER_ID=3
DELETE FROM RUNNER WHERE RUNNER_ID=1
DELETE FROM RUNNER WHERE RUNNER_ID=2
DELETE FROM RUNNER WHERE RUNNER_ID=3
DELETE FROM RACE WHERE RACE_ID=1
DELETE FROM RACE WHERE RACE_ID=2
DELETE FROM RACE WHERE RACE_ID=3
DELETE FROM RACE WHERE RACE_ID=4
DELETE FROM RACE WHERE RACE_ID=5
DELETE FROM RACE WHERE RACE_ID=6
INSERT INTO RACE VALUES(1,'Mclean 1/2 Marathon',13.1E0,'2008-05-12',NULL)
INSERT INTO RACE VALUES(2,'Reston 5K',3.1E0,'2008-09-13',NULL)
INSERT INTO RACE VALUES(3,'Herndon 10K',6.2E0,'2008-10-22',NULL)
INSERT INTO RACE VALUES(4,'Leesburg 1/2 Marathon',13.1E0,'2008-01-02',NULL)
INSERT INTO RACE VALUES(5,'Leesburg 5K',3.1E0,'2008-05-12',NULL)
INSERT INTO RACE VALUES(6,'Leesburg 10K',6.2E0,'2008-07-30',NULL)
INSERT INTO RUNNER VALUES(1,'Andrew','Glover',32)
INSERT INTO RUNNER VALUES(2,'Lisa','Smith',40)
INSERT INTO RUNNER VALUES(3,'Bill','Payne',18)
INSERT INTO RACE_PARTICIPANTS VALUES(1,1)
INSERT INTO RACE_PARTICIPANTS VALUES(2,2)
INSERT INTO RACE_PARTICIPANTS VALUES(2,3)
INSERT INTO RACE_RESULT VALUES(1,1,100.04,45)
DISCONNECT
/*C53*/SET SCHEMA PUBLIC
CONNECT USER SA
DELETE FROM RACE_RESULT WHERE RACE_ID=1 AND RUNNER_ID=1
DELETE FROM RACE_PARTICIPANTS WHERE RACE_ID=1 AND RUNNER_ID=1
DELETE FROM RACE_PARTICIPANTS WHERE RACE_ID=2 AND RUNNER_ID=2
DELETE FROM RACE_PARTICIPANTS WHERE RACE_ID=2 AND RUNNER_ID=3
DELETE FROM RUNNER WHERE RUNNER_ID=1
DELETE FROM RUNNER WHERE RUNNER_ID=2
DELETE FROM RUNNER WHERE RUNNER_ID=3
DELETE FROM RACE WHERE RACE_ID=1
DELETE FROM RACE WHERE RACE_ID=2
DELETE FROM RACE WHERE RACE_ID=3
DELETE FROM RACE WHERE RACE_ID=4
DELETE FROM RACE WHERE RACE_ID=5
DELETE FROM RACE WHERE RACE_ID=6
INSERT INTO RACE VALUES(1,'Mclean 1/2 Marathon',13.1E0,'2008-05-12',NULL)
INSERT INTO RACE VALUES(2,'Reston 5K',3.1E0,'2008-09-13',NULL)
INSERT INTO RACE VALUES(3,'Herndon 10K',6.2E0,'2008-10-22',NULL)
INSERT INTO RACE VALUES(4,'Leesburg 1/2 Marathon',13.1E0,'2008-01-02',NULL)
INSERT INTO RACE VALUES(5,'Leesburg 5K',3.1E0,'2008-05-12',NULL)
INSERT INTO RACE VALUES(6,'Leesburg 10K',6.2E0,'2008-07-30',NULL)
INSERT INTO RUNNER VALUES(1,'Andrew','Glover',32)
INSERT INTO RUNNER VALUES(2,'Lisa','Smith',40)
INSERT INTO RUNNER VALUES(3,'Bill','Payne',18)
INSERT INTO RACE_PARTICIPANTS VALUES(1,1)
INSERT INTO RACE_PARTICIPANTS VALUES(2,2)
INSERT INTO RACE_PARTICIPANTS VALUES(2,3)
INSERT INTO RACE_RESULT VALUES(1,1,100.04,45)
DISCONNECT
/*C34*/INSERT INTO RACE VALUES(1301283425687825700084005644926987,'SML 10K',6.2E0,'2010-08-11','race the hills of Smith Mountain lake')
/*C54*/SET SCHEMA PUBLIC
CONNECT USER SA
DELETE FROM RACE_RESULT WHERE RACE_ID=1 AND RUNNER_ID=1
DELETE FROM RACE_PARTICIPANTS WHERE RACE_ID=1 AND RUNNER_ID=1
DELETE FROM RACE_PARTICIPANTS WHERE RACE_ID=2 AND RUNNER_ID=2
DELETE FROM RACE_PARTICIPANTS WHERE RACE_ID=2 AND RUNNER_ID=3
DELETE FROM RUNNER WHERE RUNNER_ID=1
DELETE FROM RUNNER WHERE RUNNER_ID=2
DELETE FROM RUNNER WHERE RUNNER_ID=3
DELETE FROM RACE WHERE RACE_ID=1
DELETE FROM RACE WHERE RACE_ID=2
DELETE FROM RACE WHERE RACE_ID=3
DELETE FROM RACE WHERE RACE_ID=4
DELETE FROM RACE WHERE RACE_ID=5
DELETE FROM RACE WHERE RACE_ID=6
DELETE FROM RACE WHERE RACE_ID=1301283425687825700084005644926987
INSERT INTO RACE VALUES(1,'Mclean 1/2 Marathon',13.1E0,'2008-05-12',NULL)
INSERT INTO RACE VALUES(2,'Reston 5K',3.1E0,'2008-09-13',NULL)
INSERT INTO RACE VALUES(3,'Herndon 10K',6.2E0,'2008-10-22',NULL)
INSERT INTO RACE VALUES(4,'Leesburg 1/2 Marathon',13.1E0,'2008-01-02',NULL)
INSERT INTO RACE VALUES(5,'Leesburg 5K',3.1E0,'2008-05-12',NULL)
INSERT INTO RACE VALUES(6,'Leesburg 10K',6.2E0,'2008-07-30',NULL)
INSERT INTO RUNNER VALUES(1,'Andrew','Glover',32)
INSERT INTO RUNNER VALUES(2,'Lisa','Smith',40)
INSERT INTO RUNNER VALUES(3,'Bill','Payne',18)
INSERT INTO RACE_PARTICIPANTS VALUES(1,1)
INSERT INTO RACE_PARTICIPANTS VALUES(2,2)
INSERT INTO RACE_PARTICIPANTS VALUES(2,3)
INSERT INTO RACE_RESULT VALUES(1,1,100.04,45)
DISCONNECT
/*C34*/DELETE FROM RACE WHERE RACE_ID=1
INSERT INTO RACE VALUES(1,'Mclean 1/2 Marathon',13.1E0,'2008-05-12','run 13 miles through lovely Mclean, VA!')
DELETE FROM RUNNER WHERE RUNNER_ID=1
INSERT INTO RUNNER VALUES(1,'Andrew','Glover',32)
/*C55*/SET SCHEMA PUBLIC
CONNECT USER SA
DELETE FROM RACE_RESULT WHERE RACE_ID=1 AND RUNNER_ID=1
DELETE FROM RACE_PARTICIPANTS WHERE RACE_ID=1 AND RUNNER_ID=1
DELETE FROM RACE_PARTICIPANTS WHERE RACE_ID=2 AND RUNNER_ID=2
DELETE FROM RACE_PARTICIPANTS WHERE RACE_ID=2 AND RUNNER_ID=3
DELETE FROM RUNNER WHERE RUNNER_ID=1
DELETE FROM RUNNER WHERE RUNNER_ID=2
DELETE FROM RUNNER WHERE RUNNER_ID=3
DELETE FROM RACE WHERE RACE_ID=1
DELETE FROM RACE WHERE RACE_ID=2
DELETE FROM RACE WHERE RACE_ID=3
DELETE FROM RACE WHERE RACE_ID=4
DELETE FROM RACE WHERE RACE_ID=5
DELETE FROM RACE WHERE RACE_ID=6
INSERT INTO RACE VALUES(1,'Mclean 1/2 Marathon',13.1E0,'2008-05-12',NULL)
INSERT INTO RACE VALUES(2,'Reston 5K',3.1E0,'2008-09-13',NULL)
INSERT INTO RACE VALUES(3,'Herndon 10K',6.2E0,'2008-10-22',NULL)
INSERT INTO RACE VALUES(4,'Leesburg 1/2 Marathon',13.1E0,'2008-01-02',NULL)
INSERT INTO RACE VALUES(5,'Leesburg 5K',3.1E0,'2008-05-12',NULL)
INSERT INTO RACE VALUES(6,'Leesburg 10K',6.2E0,'2008-07-30',NULL)
INSERT INTO RUNNER VALUES(1,'Andrew','Glover',32)
INSERT INTO RUNNER VALUES(2,'Lisa','Smith',40)
INSERT INTO RUNNER VALUES(3,'Bill','Payne',18)
INSERT INTO RACE_PARTICIPANTS VALUES(1,1)
INSERT INTO RACE_PARTICIPANTS VALUES(2,2)
INSERT INTO RACE_PARTICIPANTS VALUES(2,3)
INSERT INTO RACE_RESULT VALUES(1,1,100.04,45)
DISCONNECT
/*C34*/DELETE FROM RACE_PARTICIPANTS WHERE RACE_ID=1 AND RUNNER_ID=1
DELETE FROM RACE_RESULT WHERE RACE_ID=1 AND RUNNER_ID=1
DELETE FROM RACE WHERE RACE_ID=1
/*C56*/SET SCHEMA PUBLIC
CONNECT USER SA
DELETE FROM RACE_PARTICIPANTS WHERE RACE_ID=2 AND RUNNER_ID=2
DELETE FROM RACE_PARTICIPANTS WHERE RACE_ID=2 AND RUNNER_ID=3
DELETE FROM RUNNER WHERE RUNNER_ID=1
DELETE FROM RUNNER WHERE RUNNER_ID=2
DELETE FROM RUNNER WHERE RUNNER_ID=3
DELETE FROM RACE WHERE RACE_ID=2
DELETE FROM RACE WHERE RACE_ID=3
DELETE FROM RACE WHERE RACE_ID=4
DELETE FROM RACE WHERE RACE_ID=5
DELETE FROM RACE WHERE RACE_ID=6
INSERT INTO RACE VALUES(1,'Mclean 1/2 Marathon',13.1E0,'2008-05-12',NULL)
INSERT INTO RACE VALUES(2,'Reston 5K',3.1E0,'2008-09-13',NULL)
INSERT INTO RACE VALUES(3,'Herndon 10K',6.2E0,'2008-10-22',NULL)
INSERT INTO RACE VALUES(4,'Leesburg 1/2 Marathon',13.1E0,'2008-01-02',NULL)
INSERT INTO RACE VALUES(5,'Leesburg 5K',3.1E0,'2008-05-12',NULL)
INSERT INTO RACE VALUES(6,'Leesburg 10K',6.2E0,'2008-07-30',NULL)
INSERT INTO RUNNER VALUES(1,'Andrew','Glover',32)
INSERT INTO RUNNER VALUES(2,'Lisa','Smith',40)
INSERT INTO RUNNER VALUES(3,'Bill','Payne',18)
INSERT INTO RACE_PARTICIPANTS VALUES(1,1)
INSERT INTO RACE_PARTICIPANTS VALUES(2,2)
INSERT INTO RACE_PARTICIPANTS VALUES(2,3)
INSERT INTO RACE_RESULT VALUES(1,1,100.04,45)
DISCONNECT
/*C57*/SET SCHEMA PUBLIC
CONNECT USER SA
DELETE FROM RACE_RESULT WHERE RACE_ID=1 AND RUNNER_ID=1
DELETE FROM RACE_PARTICIPANTS WHERE RACE_ID=1 AND RUNNER_ID=1
DELETE FROM RACE_PARTICIPANTS WHERE RACE_ID=2 AND RUNNER_ID=2
DELETE FROM RACE_PARTICIPANTS WHERE RACE_ID=2 AND RUNNER_ID=3
DELETE FROM RUNNER WHERE RUNNER_ID=1
DELETE FROM RUNNER WHERE RUNNER_ID=2
DELETE FROM RUNNER WHERE RUNNER_ID=3
DELETE FROM RACE WHERE RACE_ID=1
DELETE FROM RACE WHERE RACE_ID=2
DELETE FROM RACE WHERE RACE_ID=3
DELETE FROM RACE WHERE RACE_ID=4
DELETE FROM RACE WHERE RACE_ID=5
DELETE FROM RACE WHERE RACE_ID=6
INSERT INTO RACE VALUES(1,'Mclean 1/2 Marathon',13.1E0,'2008-05-12',NULL)
INSERT INTO RACE VALUES(2,'Reston 5K',3.1E0,'2008-09-13',NULL)
INSERT INTO RACE VALUES(3,'Herndon 10K',6.2E0,'2008-10-22',NULL)
INSERT INTO RACE VALUES(4,'Leesburg 1/2 Marathon',13.1E0,'2008-01-02',NULL)
INSERT INTO RACE VALUES(5,'Leesburg 5K',3.1E0,'2008-05-12',NULL)
INSERT INTO RACE VALUES(6,'Leesburg 10K',6.2E0,'2008-07-30',NULL)
INSERT INTO RUNNER VALUES(1,'Andrew','Glover',32)
INSERT INTO RUNNER VALUES(2,'Lisa','Smith',40)
INSERT INTO RUNNER VALUES(3,'Bill','Payne',18)
INSERT INTO RACE_PARTICIPANTS VALUES(1,1)
INSERT INTO RACE_PARTICIPANTS VALUES(2,2)
INSERT INTO RACE_PARTICIPANTS VALUES(2,3)
INSERT INTO RACE_RESULT VALUES(1,1,100.04,45)
DISCONNECT
/*C34*/INSERT INTO RUNNER VALUES(1301283425687825700084005657903116,'John','Smith',55)
DELETE FROM RACE WHERE RACE_ID=2
INSERT INTO RACE VALUES(2,'Reston 5K',3.1E0,'2008-09-13',NULL)
DELETE FROM RUNNER WHERE RUNNER_ID=3
INSERT INTO RUNNER VALUES(3,'Bill','Payne',18)
DELETE FROM RUNNER WHERE RUNNER_ID=2
INSERT INTO RUNNER VALUES(2,'Lisa','Smith',40)
INSERT INTO RACE_PARTICIPANTS VALUES(2,1301283425687825700084005657903116)
/*C58*/SET SCHEMA PUBLIC
CONNECT USER SA
DELETE FROM RACE_RESULT WHERE RACE_ID=1 AND RUNNER_ID=1
DELETE FROM RACE_PARTICIPANTS WHERE RACE_ID=1 AND RUNNER_ID=1
DELETE FROM RACE_PARTICIPANTS WHERE RACE_ID=2 AND RUNNER_ID=2
DELETE FROM RACE_PARTICIPANTS WHERE RACE_ID=2 AND RUNNER_ID=3
DELETE FROM RACE_PARTICIPANTS WHERE RACE_ID=2 AND RUNNER_ID=1301283425687825700084005657903116
DELETE FROM RUNNER WHERE RUNNER_ID=1
DELETE FROM RUNNER WHERE RUNNER_ID=2
DELETE FROM RUNNER WHERE RUNNER_ID=3
DELETE FROM RUNNER WHERE RUNNER_ID=1301283425687825700084005657903116
DELETE FROM RACE WHERE RACE_ID=1
DELETE FROM RACE WHERE RACE_ID=2
DELETE FROM RACE WHERE RACE_ID=3
DELETE FROM RACE WHERE RACE_ID=4
DELETE FROM RACE WHERE RACE_ID=5
DELETE FROM RACE WHERE RACE_ID=6
INSERT INTO RACE VALUES(1,'Mclean 1/2 Marathon',13.1E0,'2008-05-12',NULL)
INSERT INTO RACE VALUES(2,'Reston 5K',3.1E0,'2008-09-13',NULL)
INSERT INTO RACE VALUES(3,'Herndon 10K',6.2E0,'2008-10-22',NULL)
INSERT INTO RACE VALUES(4,'Leesburg 1/2 Marathon',13.1E0,'2008-01-02',NULL)
INSERT INTO RACE VALUES(5,'Leesburg 5K',3.1E0,'2008-05-12',NULL)
INSERT INTO RACE VALUES(6,'Leesburg 10K',6.2E0,'2008-07-30',NULL)
INSERT INTO RUNNER VALUES(1,'Andrew','Glover',32)
INSERT INTO RUNNER VALUES(2,'Lisa','Smith',40)
INSERT INTO RUNNER VALUES(3,'Bill','Payne',18)
INSERT INTO RACE_PARTICIPANTS VALUES(1,1)
INSERT INTO RACE_PARTICIPANTS VALUES(2,2)
INSERT INTO RACE_PARTICIPANTS VALUES(2,3)
INSERT INTO RACE_RESULT VALUES(1,1,100.04,45)
DISCONNECT
/*C59*/SET SCHEMA PUBLIC
CONNECT USER SA
DELETE FROM RACE_RESULT WHERE RACE_ID=1 AND RUNNER_ID=1
DELETE FROM RACE_PARTICIPANTS WHERE RACE_ID=1 AND RUNNER_ID=1
DELETE FROM RACE_PARTICIPANTS WHERE RACE_ID=2 AND RUNNER_ID=2
DELETE FROM RACE_PARTICIPANTS WHERE RACE_ID=2 AND RUNNER_ID=3
DELETE FROM RUNNER WHERE RUNNER_ID=1
DELETE FROM RUNNER WHERE RUNNER_ID=2
DELETE FROM RUNNER WHERE RUNNER_ID=3
DELETE FROM RACE WHERE RACE_ID=1
DELETE FROM RACE WHERE RACE_ID=2
DELETE FROM RACE WHERE RACE_ID=3
DELETE FROM RACE WHERE RACE_ID=4
DELETE FROM RACE WHERE RACE_ID=5
DELETE FROM RACE WHERE RACE_ID=6
INSERT INTO RACE VALUES(1,'Mclean 1/2 Marathon',13.1E0,'2008-05-12',NULL)
INSERT INTO RACE VALUES(2,'Reston 5K',3.1E0,'2008-09-13',NULL)
INSERT INTO RACE VALUES(3,'Herndon 10K',6.2E0,'2008-10-22',NULL)
INSERT INTO RACE VALUES(4,'Leesburg 1/2 Marathon',13.1E0,'2008-01-02',NULL)
INSERT INTO RACE VALUES(5,'Leesburg 5K',3.1E0,'2008-05-12',NULL)
INSERT INTO RACE VALUES(6,'Leesburg 10K',6.2E0,'2008-07-30',NULL)
INSERT INTO RUNNER VALUES(1,'Andrew','Glover',32)
INSERT INTO RUNNER VALUES(2,'Lisa','Smith',40)
INSERT INTO RUNNER VALUES(3,'Bill','Payne',18)
INSERT INTO RACE_PARTICIPANTS VALUES(1,1)
INSERT INTO RACE_PARTICIPANTS VALUES(2,2)
INSERT INTO RACE_PARTICIPANTS VALUES(2,3)
INSERT INTO RACE_RESULT VALUES(1,1,100.04,45)
DISCONNECT
/*C60*/SET SCHEMA PUBLIC
CONNECT USER SA
DELETE FROM RACE_RESULT WHERE RACE_ID=1 AND RUNNER_ID=1
DELETE FROM RACE_PARTICIPANTS WHERE RACE_ID=1 AND RUNNER_ID=1
DELETE FROM RACE_PARTICIPANTS WHERE RACE_ID=2 AND RUNNER_ID=2
DELETE FROM RACE_PARTICIPANTS WHERE RACE_ID=2 AND RUNNER_ID=3
DELETE FROM RUNNER WHERE RUNNER_ID=1
DELETE FROM RUNNER WHERE RUNNER_ID=2
DELETE FROM RUNNER WHERE RUNNER_ID=3
DELETE FROM RACE WHERE RACE_ID=1
DELETE FROM RACE WHERE RACE_ID=2
DELETE FROM RACE WHERE RACE_ID=3
DELETE FROM RACE WHERE RACE_ID=4
DELETE FROM RACE WHERE RACE_ID=5
DELETE FROM RACE WHERE RACE_ID=6
INSERT INTO RACE VALUES(1,'Mclean 1/2 Marathon',13.1E0,'2008-05-12',NULL)
INSERT INTO RACE VALUES(2,'Reston 5K',3.1E0,'2008-09-13',NULL)
INSERT INTO RACE VALUES(3,'Herndon 10K',6.2E0,'2008-10-22',NULL)
INSERT INTO RACE VALUES(4,'Leesburg 1/2 Marathon',13.1E0,'2008-01-02',NULL)
INSERT INTO RACE VALUES(5,'Leesburg 5K',3.1E0,'2008-05-12',NULL)
INSERT INTO RACE VALUES(6,'Leesburg 10K',6.2E0,'2008-07-30',NULL)
INSERT INTO RUNNER VALUES(1,'Andrew','Glover',32)
INSERT INTO RUNNER VALUES(2,'Lisa','Smith',40)
INSERT INTO RUNNER VALUES(3,'Bill','Payne',18)
INSERT INTO RACE_PARTICIPANTS VALUES(1,1)
INSERT INTO RACE_PARTICIPANTS VALUES(2,2)
INSERT INTO RACE_PARTICIPANTS VALUES(2,3)
INSERT INTO RACE_RESULT VALUES(1,1,100.04,45)
DISCONNECT
/*C61*/SET SCHEMA PUBLIC
CONNECT USER SA
DELETE FROM RACE_RESULT WHERE RACE_ID=1 AND RUNNER_ID=1
DELETE FROM RACE_PARTICIPANTS WHERE RACE_ID=1 AND RUNNER_ID=1
DELETE FROM RACE_PARTICIPANTS WHERE RACE_ID=2 AND RUNNER_ID=2
DELETE FROM RACE_PARTICIPANTS WHERE RACE_ID=2 AND RUNNER_ID=3
DELETE FROM RUNNER WHERE RUNNER_ID=1
DELETE FROM RUNNER WHERE RUNNER_ID=2
DELETE FROM RUNNER WHERE RUNNER_ID=3
DELETE FROM RACE WHERE RACE_ID=1
DELETE FROM RACE WHERE RACE_ID=2
DELETE FROM RACE WHERE RACE_ID=3
DELETE FROM RACE WHERE RACE_ID=4
DELETE FROM RACE WHERE RACE_ID=5
DELETE FROM RACE WHERE RACE_ID=6
INSERT INTO RACE VALUES(1,'Mclean 1/2 Marathon',13.1E0,'2008-05-12',NULL)
INSERT INTO RACE VALUES(2,'Reston 5K',3.1E0,'2008-09-13',NULL)
INSERT INTO RACE VALUES(3,'Herndon 10K',6.2E0,'2008-10-22',NULL)
INSERT INTO RACE VALUES(4,'Leesburg 1/2 Marathon',13.1E0,'2008-01-02',NULL)
INSERT INTO RACE VALUES(5,'Leesburg 5K',3.1E0,'2008-05-12',NULL)
INSERT INTO RACE VALUES(6,'Leesburg 10K',6.2E0,'2008-07-30',NULL)
INSERT INTO RUNNER VALUES(1,'Andrew','Glover',32)
INSERT INTO RUNNER VALUES(2,'Lisa','Smith',40)
INSERT INTO RUNNER VALUES(3,'Bill','Payne',18)
INSERT INTO RACE_PARTICIPANTS VALUES(1,1)
INSERT INTO RACE_PARTICIPANTS VALUES(2,2)
INSERT INTO RACE_PARTICIPANTS VALUES(2,3)
INSERT INTO RACE_RESULT VALUES(1,1,100.04,45)
DISCONNECT
/*C62*/SET SCHEMA PUBLIC
CONNECT USER SA
DELETE FROM RACE_RESULT WHERE RACE_ID=1 AND RUNNER_ID=1
DELETE FROM RACE_PARTICIPANTS WHERE RACE_ID=1 AND RUNNER_ID=1
DELETE FROM RACE_PARTICIPANTS WHERE RACE_ID=2 AND RUNNER_ID=2
DELETE FROM RACE_PARTICIPANTS WHERE RACE_ID=2 AND RUNNER_ID=3
DELETE FROM RUNNER WHERE RUNNER_ID=1
DELETE FROM RUNNER WHERE RUNNER_ID=2
DELETE FROM RUNNER WHERE RUNNER_ID=3
DELETE FROM RACE WHERE RACE_ID=1
DELETE FROM RACE WHERE RACE_ID=2
DELETE FROM RACE WHERE RACE_ID=3
DELETE FROM RACE WHERE RACE_ID=4
DELETE FROM RACE WHERE RACE_ID=5
DELETE FROM RACE WHERE RACE_ID=6
INSERT INTO RACE VALUES(1,'Mclean 1/2 Marathon',13.1E0,'2008-05-12',NULL)
INSERT INTO RACE VALUES(2,'Reston 5K',3.1E0,'2008-09-13',NULL)
INSERT INTO RACE VALUES(3,'Herndon 10K',6.2E0,'2008-10-22',NULL)
INSERT INTO RACE VALUES(4,'Leesburg 1/2 Marathon',13.1E0,'2008-01-02',NULL)
INSERT INTO RACE VALUES(5,'Leesburg 5K',3.1E0,'2008-05-12',NULL)
INSERT INTO RACE VALUES(6,'Leesburg 10K',6.2E0,'2008-07-30',NULL)
INSERT INTO RUNNER VALUES(1,'Andrew','Glover',32)
INSERT INTO RUNNER VALUES(2,'Lisa','Smith',40)
INSERT INTO RUNNER VALUES(3,'Bill','Payne',18)
INSERT INTO RACE_PARTICIPANTS VALUES(1,1)
INSERT INTO RACE_PARTICIPANTS VALUES(2,2)
INSERT INTO RACE_PARTICIPANTS VALUES(2,3)
INSERT INTO RACE_RESULT VALUES(1,1,100.04,45)
DISCONNECT
/*C34*/INSERT INTO RUNNER VALUES(1301283425687825700084005689950221,'Michael','Lebby',34)
DELETE FROM RACE WHERE RACE_ID=1
INSERT INTO RACE VALUES(1,'Mclean 1/2 Marathon',13.1E0,'2008-05-12',NULL)
DELETE FROM RUNNER WHERE RUNNER_ID=1
INSERT INTO RUNNER VALUES(1,'Andrew','Glover',32)
INSERT INTO RACE_PARTICIPANTS VALUES(1,1301283425687825700084005689950221)
/*C63*/SET SCHEMA PUBLIC
CONNECT USER SA
DELETE FROM RACE_RESULT WHERE RACE_ID=1 AND RUNNER_ID=1
DELETE FROM RACE_PARTICIPANTS WHERE RACE_ID=1 AND RUNNER_ID=1
DELETE FROM RACE_PARTICIPANTS WHERE RACE_ID=1 AND RUNNER_ID=1301283425687825700084005689950221
DELETE FROM RACE_PARTICIPANTS WHERE RACE_ID=2 AND RUNNER_ID=2
DELETE FROM RACE_PARTICIPANTS WHERE RACE_ID=2 AND RUNNER_ID=3
DELETE FROM RUNNER WHERE RUNNER_ID=1
DELETE FROM RUNNER WHERE RUNNER_ID=2
DELETE FROM RUNNER WHERE RUNNER_ID=3
DELETE FROM RUNNER WHERE RUNNER_ID=1301283425687825700084005689950221
DELETE FROM RACE WHERE RACE_ID=1
DELETE FROM RACE WHERE RACE_ID=2
DELETE FROM RACE WHERE RACE_ID=3
DELETE FROM RACE WHERE RACE_ID=4
DELETE FROM RACE WHERE RACE_ID=5
DELETE FROM RACE WHERE RACE_ID=6
INSERT INTO RACE VALUES(1,'Mclean 1/2 Marathon',13.1E0,'2008-05-12',NULL)
INSERT INTO RACE VALUES(2,'Reston 5K',3.1E0,'2008-09-13',NULL)
INSERT INTO RACE VALUES(3,'Herndon 10K',6.2E0,'2008-10-22',NULL)
INSERT INTO RACE VALUES(4,'Leesburg 1/2 Marathon',13.1E0,'2008-01-02',NULL)
INSERT INTO RACE VALUES(5,'Leesburg 5K',3.1E0,'2008-05-12',NULL)
INSERT INTO RACE VALUES(6,'Leesburg 10K',6.2E0,'2008-07-30',NULL)
INSERT INTO RUNNER VALUES(1,'Andrew','Glover',32)
INSERT INTO RUNNER VALUES(2,'Lisa','Smith',40)
INSERT INTO RUNNER VALUES(3,'Bill','Payne',18)
INSERT INTO RACE_PARTICIPANTS VALUES(1,1)
INSERT INTO RACE_PARTICIPANTS VALUES(2,2)
INSERT INTO RACE_PARTICIPANTS VALUES(2,3)
INSERT INTO RACE_RESULT VALUES(1,1,100.04,45)
DISCONNECT
/*C35*/DELETE FROM RUNNER WHERE RUNNER_ID=1
INSERT INTO RUNNER VALUES(1,'Andrew','Law',32)
DELETE FROM RACE WHERE RACE_ID=1
INSERT INTO RACE VALUES(1,'Mclean 1/2 Marathon',13.1E0,'2008-05-12',NULL)
/*C64*/SET SCHEMA PUBLIC
CONNECT USER SA
DELETE FROM RACE_RESULT WHERE RACE_ID=1 AND RUNNER_ID=1
DELETE FROM RACE_PARTICIPANTS WHERE RACE_ID=1 AND RUNNER_ID=1
DELETE FROM RACE_PARTICIPANTS WHERE RACE_ID=2 AND RUNNER_ID=2
DELETE FROM RACE_PARTICIPANTS WHERE RACE_ID=2 AND RUNNER_ID=3
DELETE FROM RUNNER WHERE RUNNER_ID=1
DELETE FROM RUNNER WHERE RUNNER_ID=2
DELETE FROM RUNNER WHERE RUNNER_ID=3
DELETE FROM RACE WHERE RACE_ID=1
DELETE FROM RACE WHERE RACE_ID=2
DELETE FROM RACE WHERE RACE_ID=3
DELETE FROM RACE WHERE RACE_ID=4
DELETE FROM RACE WHERE RACE_ID=5
DELETE FROM RACE WHERE RACE_ID=6
INSERT INTO RACE VALUES(1,'Mclean 1/2 Marathon',13.1E0,'2008-05-12',NULL)
INSERT INTO RACE VALUES(2,'Reston 5K',3.1E0,'2008-09-13',NULL)
INSERT INTO RACE VALUES(3,'Herndon 10K',6.2E0,'2008-10-22',NULL)
INSERT INTO RACE VALUES(4,'Leesburg 1/2 Marathon',13.1E0,'2008-01-02',NULL)
