#
# A fatal error has been detected by the Java Runtime Environment:
#
#  SIGSEGV (0xb) at pc=0x00007f7ecd45c090, pid=100, tid=115
#
# JRE version: OpenJDK Runtime Environment (14.0.2+12) (build 14.0.2+12-46)
# Java VM: OpenJDK 64-Bit Server VM (14.0.2+12-46, mixed mode, sharing, tiered, compressed oops, serial gc, linux-amd64)
# Problematic frame:
# C  [libc.so.6+0x15e090]  __memset_avx2_unaligned_erms+0x60
#
# Core dump will be written. Default location: /project/java-native/core
#
# If you would like to submit a bug report, please visit:
#   https://bugreport.java.com/bugreport/crash.jsp
# The crash happened outside the Java Virtual Machine in native code.
# See problematic frame for where to report the bug.
#

---------------  S U M M A R Y ------------

Command Line: /project/java-native/target/surefire/surefirebooter15072611568838389395.jar /project/java-native/target/surefire 2020-10-01T00-09-53_430-jvmRun2 surefire3272641396836511080tmp surefire_29468511371192344687tmp

Host: Intel(R) Core(TM) i7-4500U CPU @ 1.80GHz, 1 cores, 1G, Oracle Linux Server release 8.2
Time: Thu Oct  1 00:10:23 2020 UTC elapsed time: 13 seconds (0d 0h 0m 13s)

---------------  T H R E A D  ---------------

Current thread (0x00007f7ec4028800):  JavaThread "main" [_thread_in_native, id=115, stack(0x00007f7ecde0a000,0x00007f7ecdf0b000)]

Stack: [0x00007f7ecde0a000,0x00007f7ecdf0b000],  sp=0x00007f7ecdf07788,  free space=1013k
Native frames: (J=compiled Java code, A=aot compiled Java code, j=interpreted, Vv=VM code, C=native code)
C  [libc.so.6+0x15e090]  __memset_avx2_unaligned_erms+0x60
j  com.sun.jna.Native.setMemory(Lcom/sun/jna/Pointer;JJJB)V+0
j  com.sun.jna.Pointer.setMemory(JJB)V+9
j  com.baeldung.jna.StdCUnitTest.whenAccessViolation_thenShouldThrowError()V+17
v  ~StubRoutines::call_stub
V  [libjvm.so+0x78e42b]  JavaCalls::call_helper(JavaValue*, methodHandle const&, JavaCallArguments*, Thread*)+0x2fb
V  [libjvm.so+0xbb0efb]  invoke(InstanceKlass*, methodHandle const&, Handle, bool, objArrayHandle, BasicType, objArrayHandle, bool, Thread*) [clone .constprop.117]+0x85b
V  [libjvm.so+0xbb19cd]  Reflection::invoke_method(oopDesc*, Handle, objArrayHandle, Thread*)+0xfd
V  [libjvm.so+0x83b8e3]  JVM_InvokeMethod+0xf3
j  jdk.internal.reflect.NativeMethodAccessorImpl.invoke0(Ljava/lang/reflect/Method;Ljava/lang/Object;[Ljava/lang/Object;)Ljava/lang/Object;+0 java.base@14.0.2
j  jdk.internal.reflect.NativeMethodAccessorImpl.invoke(Ljava/lang/Object;[Ljava/lang/Object;)Ljava/lang/Object;+100 java.base@14.0.2
j  jdk.internal.reflect.DelegatingMethodAccessorImpl.invoke(Ljava/lang/Object;[Ljava/lang/Object;)Ljava/lang/Object;+6 java.base@14.0.2
j  java.lang.reflect.Method.invoke(Ljava/lang/Object;[Ljava/lang/Object;)Ljava/lang/Object;+59 java.base@14.0.2
j  org.junit.platform.commons.util.ReflectionUtils.invokeMethod(Ljava/lang/reflect/Method;Ljava/lang/Object;[Ljava/lang/Object;)Ljava/lang/Object;+41
j  org.junit.jupiter.engine.execution.ExecutableInvoker.invoke(Ljava/lang/reflect/Method;Ljava/lang/Object;Lorg/junit/jupiter/api/extension/ExtensionContext;Lorg/junit/jupiter/engine/extension/ExtensionRegistry;)Ljava/lang/Object;+32
j  org.junit.jupiter.engine.descriptor.TestMethodTestDescriptor.lambda$invokeTestMethod$6(Lorg/junit/jupiter/api/extension/ExtensionContext;Lorg/junit/jupiter/engine/execution/JupiterEngineExecutionContext;)V+24
j  org.junit.jupiter.engine.descriptor.TestMethodTestDescriptor$$Lambda$232.execute()V+12
j  org.junit.jupiter.engine.execution.ThrowableCollector.execute(Lorg/junit/jupiter/api/function/Executable;)V+1
j  org.junit.jupiter.engine.descriptor.TestMethodTestDescriptor.invokeTestMethod(Lorg/junit/jupiter/engine/execution/JupiterEngineExecutionContext;Lorg/junit/platform/engine/support/hierarchical/Node$DynamicTestExecutor;)V+21
j  org.junit.jupiter.engine.descriptor.TestMethodTestDescriptor.execute(Lorg/junit/jupiter/engine/execution/JupiterEngineExecutionContext;Lorg/junit/platform/engine/support/hierarchical/Node$DynamicTestExecutor;)Lorg/junit/jupiter/engine/execution/JupiterEngineExecutionContext;+44
j  org.junit.jupiter.engine.descriptor.TestMethodTestDescriptor.execute(Lorg/junit/platform/engine/support/hierarchical/EngineExecutionContext;Lorg/junit/platform/engine/support/hierarchical/Node$DynamicTestExecutor;)Lorg/junit/platform/engine/support/hierarchical/EngineExecutionContext;+6
j  org.junit.platform.engine.support.hierarchical.HierarchicalTestExecutor$NodeExecutor.lambda$executeRecursively$3(Lorg/junit/platform/engine/support/hierarchical/ExecutionTracker;)V+35
j  org.junit.platform.engine.support.hierarchical.HierarchicalTestExecutor$NodeExecutor$$Lambda$187.execute()V+8
j  org.junit.platform.engine.support.hierarchical.SingleTestExecutor.executeSafely(Lorg/junit/platform/engine/support/hierarchical/SingleTestExecutor$Executable;)Lorg/junit/platform/engine/TestExecutionResult;+1
j  org.junit.platform.engine.support.hierarchical.HierarchicalTestExecutor$NodeExecutor.executeRecursively(Lorg/junit/platform/engine/support/hierarchical/ExecutionTracker;)V+27
j  org.junit.platform.engine.support.hierarchical.HierarchicalTestExecutor$NodeExecutor.execute(Lorg/junit/platform/engine/support/hierarchical/EngineExecutionContext;Lorg/junit/platform/engine/support/hierarchical/ExecutionTracker;)V+53
j  org.junit.platform.engine.support.hierarchical.HierarchicalTestExecutor$NodeExecutor.lambda$executeRecursively$2(Lorg/junit/platform/engine/support/hierarchical/ExecutionTracker;Lorg/junit/platform/engine/TestDescriptor;)V+17
j  org.junit.platform.engine.support.hierarchical.HierarchicalTestExecutor$NodeExecutor$$Lambda$190.accept(Ljava/lang/Object;)V+12
j  java.util.stream.ForEachOps$ForEachOp$OfRef.accept(Ljava/lang/Object;)V+5 java.base@14.0.2
j  java.util.stream.ReferencePipeline$2$1.accept(Ljava/lang/Object;)V+21 java.base@14.0.2
j  java.util.Iterator.forEachRemaining(Ljava/util/function/Consumer;)V+21 java.base@14.0.2
j  java.util.Spliterators$IteratorSpliterator.forEachRemaining(Ljava/util/function/Consumer;)V+52 java.base@14.0.2
j  java.util.stream.AbstractPipeline.copyInto(Ljava/util/stream/Sink;Ljava/util/Spliterator;)V+32 java.base@14.0.2
j  java.util.stream.AbstractPipeline.wrapAndCopyInto(Ljava/util/stream/Sink;Ljava/util/Spliterator;)Ljava/util/stream/Sink;+13 java.base@14.0.2
j  java.util.stream.ForEachOps$ForEachOp.evaluateSequential(Ljava/util/stream/PipelineHelper;Ljava/util/Spliterator;)Ljava/lang/Void;+3 java.base@14.0.2
j  java.util.stream.ForEachOps$ForEachOp$OfRef.evaluateSequential(Ljava/util/stream/PipelineHelper;Ljava/util/Spliterator;)Ljava/lang/Object;+3 java.base@14.0.2
j  java.util.stream.AbstractPipeline.evaluate(Ljava/util/stream/TerminalOp;)Ljava/lang/Object;+88 java.base@14.0.2
j  java.util.stream.ReferencePipeline.forEach(Ljava/util/function/Consumer;)V+6 java.base@14.0.2
j  org.junit.platform.engine.support.hierarchical.HierarchicalTestExecutor$NodeExecutor.lambda$executeRecursively$3(Lorg/junit/platform/engine/support/hierarchical/ExecutionTracker;)V+75
j  org.junit.platform.engine.support.hierarchical.HierarchicalTestExecutor$NodeExecutor$$Lambda$187.execute()V+8
j  org.junit.platform.engine.support.hierarchical.SingleTestExecutor.executeSafely(Lorg/junit/platform/engine/support/hierarchical/SingleTestExecutor$Executable;)Lorg/junit/platform/engine/TestExecutionResult;+1
j  org.junit.platform.engine.support.hierarchical.HierarchicalTestExecutor$NodeExecutor.executeRecursively(Lorg/junit/platform/engine/support/hierarchical/ExecutionTracker;)V+27
j  org.junit.platform.engine.support.hierarchical.HierarchicalTestExecutor$NodeExecutor.execute(Lorg/junit/platform/engine/support/hierarchical/EngineExecutionContext;Lorg/junit/platform/engine/support/hierarchical/ExecutionTracker;)V+53
j  org.junit.platform.engine.support.hierarchical.HierarchicalTestExecutor$NodeExecutor.lambda$executeRecursively$2(Lorg/junit/platform/engine/support/hierarchical/ExecutionTracker;Lorg/junit/platform/engine/TestDescriptor;)V+17
j  org.junit.platform.engine.support.hierarchical.HierarchicalTestExecutor$NodeExecutor$$Lambda$190.accept(Ljava/lang/Object;)V+12
j  java.util.stream.ForEachOps$ForEachOp$OfRef.accept(Ljava/lang/Object;)V+5 java.base@14.0.2
j  java.util.stream.ReferencePipeline$2$1.accept(Ljava/lang/Object;)V+21 java.base@14.0.2
j  java.util.Iterator.forEachRemaining(Ljava/util/function/Consumer;)V+21 java.base@14.0.2
j  java.util.Spliterators$IteratorSpliterator.forEachRemaining(Ljava/util/function/Consumer;)V+52 java.base@14.0.2
j  java.util.stream.AbstractPipeline.copyInto(Ljava/util/stream/Sink;Ljava/util/Spliterator;)V+32 java.base@14.0.2
j  java.util.stream.AbstractPipeline.wrapAndCopyInto(Ljava/util/stream/Sink;Ljava/util/Spliterator;)Ljava/util/stream/Sink;+13 java.base@14.0.2
j  java.util.stream.ForEachOps$ForEachOp.evaluateSequential(Ljava/util/stream/PipelineHelper;Ljava/util/Spliterator;)Ljava/lang/Void;+3 java.base@14.0.2
j  java.util.stream.ForEachOps$ForEachOp$OfRef.evaluateSequential(Ljava/util/stream/PipelineHelper;Ljava/util/Spliterator;)Ljava/lang/Object;+3 java.base@14.0.2
j  java.util.stream.AbstractPipeline.evaluate(Ljava/util/stream/TerminalOp;)Ljava/lang/Object;+88 java.base@14.0.2
j  java.util.stream.ReferencePipeline.forEach(Ljava/util/function/Consumer;)V+6 java.base@14.0.2
j  org.junit.platform.engine.support.hierarchical.HierarchicalTestExecutor$NodeExecutor.lambda$executeRecursively$3(Lorg/junit/platform/engine/support/hierarchical/ExecutionTracker;)V+75
j  org.junit.platform.engine.support.hierarchical.HierarchicalTestExecutor$NodeExecutor$$Lambda$187.execute()V+8
j  org.junit.platform.engine.support.hierarchical.SingleTestExecutor.executeSafely(Lorg/junit/platform/engine/support/hierarchical/SingleTestExecutor$Executable;)Lorg/junit/platform/engine/TestExecutionResult;+1
j  org.junit.platform.engine.support.hierarchical.HierarchicalTestExecutor$NodeExecutor.executeRecursively(Lorg/junit/platform/engine/support/hierarchical/ExecutionTracker;)V+27
j  org.junit.platform.engine.support.hierarchical.HierarchicalTestExecutor$NodeExecutor.execute(Lorg/junit/platform/engine/support/hierarchical/EngineExecutionContext;Lorg/junit/platform/engine/support/hierarchical/ExecutionTracker;)V+53
j  org.junit.platform.engine.support.hierarchical.HierarchicalTestExecutor.execute()V+23
j  org.junit.platform.engine.support.hierarchical.HierarchicalTestEngine.execute(Lorg/junit/platform/engine/ExecutionRequest;)V+13
j  org.junit.platform.launcher.core.DefaultLauncher.execute(Lorg/junit/platform/engine/TestEngine;Lorg/junit/platform/engine/ExecutionRequest;)V+2
j  org.junit.platform.launcher.core.DefaultLauncher.execute(Lorg/junit/platform/launcher/core/Root;Lorg/junit/platform/engine/ConfigurationParameters;[Lorg/junit/platform/launcher/TestExecutionListener;)V+101
j  org.junit.platform.launcher.core.DefaultLauncher.execute(Lorg/junit/platform/launcher/LauncherDiscoveryRequest;[Lorg/junit/platform/launcher/TestExecutionListener;)V+36
j  org.junit.platform.surefire.provider.JUnitPlatformProvider.invokeAllTests(Lorg/apache/maven/surefire/util/TestsToRun;)Lorg/apache/maven/surefire/suite/RunResult;+55
j  org.junit.platform.surefire.provider.JUnitPlatformProvider.invoke(Ljava/lang/Object;)Lorg/apache/maven/surefire/suite/RunResult;+31
j  org.apache.maven.surefire.booter.ForkedBooter.invokeProviderInSameClassLoader(Lorg/apache/maven/surefire/booter/ForkingReporterFactory;)Lorg/apache/maven/surefire/suite/RunResult;+9
j  org.apache.maven.surefire.booter.ForkedBooter.runSuitesInProcess()Lorg/apache/maven/surefire/suite/RunResult;+7
j  org.apache.maven.surefire.booter.ForkedBooter.execute()V+1
j  org.apache.maven.surefire.booter.ForkedBooter.main([Ljava/lang/String;)V+35
v  ~StubRoutines::call_stub
V  [libjvm.so+0x78e42b]  JavaCalls::call_helper(JavaValue*, methodHandle const&, JavaCallArguments*, Thread*)+0x2fb
V  [libjvm.so+0x80d2e3]  jni_invoke_static(JNIEnv_*, JavaValue*, _jobject*, JNICallType, _jmethodID*, JNI_ArgumentPusher*, Thread*) [clone .isra.125] [clone .constprop.264]+0x193
V  [libjvm.so+0x80f338]  jni_CallStaticVoidMethod+0x108
C  [libjli.so+0x4647]  JavaMain+0xcd7
C  [libjli.so+0x85a9]  ThreadJavaMain+0x9

Java frames: (J=compiled Java code, j=interpreted, Vv=VM code)
j  com.sun.jna.Native.setMemory(Lcom/sun/jna/Pointer;JJJB)V+0
j  com.sun.jna.Pointer.setMemory(JJB)V+9
j  com.baeldung.jna.StdCUnitTest.whenAccessViolation_thenShouldThrowError()V+17
v  ~StubRoutines::call_stub
j  jdk.internal.reflect.NativeMethodAccessorImpl.invoke0(Ljava/lang/reflect/Method;Ljava/lang/Object;[Ljava/lang/Object;)Ljava/lang/Object;+0 java.base@14.0.2
j  jdk.internal.reflect.NativeMethodAccessorImpl.invoke(Ljava/lang/Object;[Ljava/lang/Object;)Ljava/lang/Object;+100 java.base@14.0.2
j  jdk.internal.reflect.DelegatingMethodAccessorImpl.invoke(Ljava/lang/Object;[Ljava/lang/Object;)Ljava/lang/Object;+6 java.base@14.0.2
j  java.lang.reflect.Method.invoke(Ljava/lang/Object;[Ljava/lang/Object;)Ljava/lang/Object;+59 java.base@14.0.2
j  org.junit.platform.commons.util.ReflectionUtils.invokeMethod(Ljava/lang/reflect/Method;Ljava/lang/Object;[Ljava/lang/Object;)Ljava/lang/Object;+41
j  org.junit.jupiter.engine.execution.ExecutableInvoker.invoke(Ljava/lang/reflect/Method;Ljava/lang/Object;Lorg/junit/jupiter/api/extension/ExtensionContext;Lorg/junit/jupiter/engine/extension/ExtensionRegistry;)Ljava/lang/Object;+32
j  org.junit.jupiter.engine.descriptor.TestMethodTestDescriptor.lambda$invokeTestMethod$6(Lorg/junit/jupiter/api/extension/ExtensionContext;Lorg/junit/jupiter/engine/execution/JupiterEngineExecutionContext;)V+24
j  org.junit.jupiter.engine.descriptor.TestMethodTestDescriptor$$Lambda$232.execute()V+12
j  org.junit.jupiter.engine.execution.ThrowableCollector.execute(Lorg/junit/jupiter/api/function/Executable;)V+1
j  org.junit.jupiter.engine.descriptor.TestMethodTestDescriptor.invokeTestMethod(Lorg/junit/jupiter/engine/execution/JupiterEngineExecutionContext;Lorg/junit/platform/engine/support/hierarchical/Node$DynamicTestExecutor;)V+21
j  org.junit.jupiter.engine.descriptor.TestMethodTestDescriptor.execute(Lorg/junit/jupiter/engine/execution/JupiterEngineExecutionContext;Lorg/junit/platform/engine/support/hierarchical/Node$DynamicTestExecutor;)Lorg/junit/jupiter/engine/execution/JupiterEngineExecutionContext;+44
j  org.junit.jupiter.engine.descriptor.TestMethodTestDescriptor.execute(Lorg/junit/platform/engine/support/hierarchical/EngineExecutionContext;Lorg/junit/platform/engine/support/hierarchical/Node$DynamicTestExecutor;)Lorg/junit/platform/engine/support/hierarchical/EngineExecutionContext;+6
j  org.junit.platform.engine.support.hierarchical.HierarchicalTestExecutor$NodeExecutor.lambda$executeRecursively$3(Lorg/junit/platform/engine/support/hierarchical/ExecutionTracker;)V+35
j  org.junit.platform.engine.support.hierarchical.HierarchicalTestExecutor$NodeExecutor$$Lambda$187.execute()V+8
j  org.junit.platform.engine.support.hierarchical.SingleTestExecutor.executeSafely(Lorg/junit/platform/engine/support/hierarchical/SingleTestExecutor$Executable;)Lorg/junit/platform/engine/TestExecutionResult;+1
j  org.junit.platform.engine.support.hierarchical.HierarchicalTestExecutor$NodeExecutor.executeRecursively(Lorg/junit/platform/engine/support/hierarchical/ExecutionTracker;)V+27
j  org.junit.platform.engine.support.hierarchical.HierarchicalTestExecutor$NodeExecutor.execute(Lorg/junit/platform/engine/support/hierarchical/EngineExecutionContext;Lorg/junit/platform/engine/support/hierarchical/ExecutionTracker;)V+53
j  org.junit.platform.engine.support.hierarchical.HierarchicalTestExecutor$NodeExecutor.lambda$executeRecursively$2(Lorg/junit/platform/engine/support/hierarchical/ExecutionTracker;Lorg/junit/platform/engine/TestDescriptor;)V+17
j  org.junit.platform.engine.support.hierarchical.HierarchicalTestExecutor$NodeExecutor$$Lambda$190.accept(Ljava/lang/Object;)V+12
j  java.util.stream.ForEachOps$ForEachOp$OfRef.accept(Ljava/lang/Object;)V+5 java.base@14.0.2
j  java.util.stream.ReferencePipeline$2$1.accept(Ljava/lang/Object;)V+21 java.base@14.0.2
j  java.util.Iterator.forEachRemaining(Ljava/util/function/Consumer;)V+21 java.base@14.0.2
j  java.util.Spliterators$IteratorSpliterator.forEachRemaining(Ljava/util/function/Consumer;)V+52 java.base@14.0.2
j  java.util.stream.AbstractPipeline.copyInto(Ljava/util/stream/Sink;Ljava/util/Spliterator;)V+32 java.base@14.0.2
j  java.util.stream.AbstractPipeline.wrapAndCopyInto(Ljava/util/stream/Sink;Ljava/util/Spliterator;)Ljava/util/stream/Sink;+13 java.base@14.0.2
j  java.util.stream.ForEachOps$ForEachOp.evaluateSequential(Ljava/util/stream/PipelineHelper;Ljava/util/Spliterator;)Ljava/lang/Void;+3 java.base@14.0.2
j  java.util.stream.ForEachOps$ForEachOp$OfRef.evaluateSequential(Ljava/util/stream/PipelineHelper;Ljava/util/Spliterator;)Ljava/lang/Object;+3 java.base@14.0.2
j  java.util.stream.AbstractPipeline.evaluate(Ljava/util/stream/TerminalOp;)Ljava/lang/Object;+88 java.base@14.0.2
j  java.util.stream.ReferencePipeline.forEach(Ljava/util/function/Consumer;)V+6 java.base@14.0.2
j  org.junit.platform.engine.support.hierarchical.HierarchicalTestExecutor$NodeExecutor.lambda$executeRecursively$3(Lorg/junit/platform/engine/support/hierarchical/ExecutionTracker;)V+75
j  org.junit.platform.engine.support.hierarchical.HierarchicalTestExecutor$NodeExecutor$$Lambda$187.execute()V+8
j  org.junit.platform.engine.support.hierarchical.SingleTestExecutor.executeSafely(Lorg/junit/platform/engine/support/hierarchical/SingleTestExecutor$Executable;)Lorg/junit/platform/engine/TestExecutionResult;+1
j  org.junit.platform.engine.support.hierarchical.HierarchicalTestExecutor$NodeExecutor.executeRecursively(Lorg/junit/platform/engine/support/hierarchical/ExecutionTracker;)V+27
j  org.junit.platform.engine.support.hierarchical.HierarchicalTestExecutor$NodeExecutor.execute(Lorg/junit/platform/engine/support/hierarchical/EngineExecutionContext;Lorg/junit/platform/engine/support/hierarchical/ExecutionTracker;)V+53
j  org.junit.platform.engine.support.hierarchical.HierarchicalTestExecutor$NodeExecutor.lambda$executeRecursively$2(Lorg/junit/platform/engine/support/hierarchical/ExecutionTracker;Lorg/junit/platform/engine/TestDescriptor;)V+17
j  org.junit.platform.engine.support.hierarchical.HierarchicalTestExecutor$NodeExecutor$$Lambda$190.accept(Ljava/lang/Object;)V+12
j  java.util.stream.ForEachOps$ForEachOp$OfRef.accept(Ljava/lang/Object;)V+5 java.base@14.0.2
j  java.util.stream.ReferencePipeline$2$1.accept(Ljava/lang/Object;)V+21 java.base@14.0.2
j  java.util.Iterator.forEachRemaining(Ljava/util/function/Consumer;)V+21 java.base@14.0.2
j  java.util.Spliterators$IteratorSpliterator.forEachRemaining(Ljava/util/function/Consumer;)V+52 java.base@14.0.2
j  java.util.stream.AbstractPipeline.copyInto(Ljava/util/stream/Sink;Ljava/util/Spliterator;)V+32 java.base@14.0.2
j  java.util.stream.AbstractPipeline.wrapAndCopyInto(Ljava/util/stream/Sink;Ljava/util/Spliterator;)Ljava/util/stream/Sink;+13 java.base@14.0.2
j  java.util.stream.ForEachOps$ForEachOp.evaluateSequential(Ljava/util/stream/PipelineHelper;Ljava/util/Spliterator;)Ljava/lang/Void;+3 java.base@14.0.2
j  java.util.stream.ForEachOps$ForEachOp$OfRef.evaluateSequential(Ljava/util/stream/PipelineHelper;Ljava/util/Spliterator;)Ljava/lang/Object;+3 java.base@14.0.2
j  java.util.stream.AbstractPipeline.evaluate(Ljava/util/stream/TerminalOp;)Ljava/lang/Object;+88 java.base@14.0.2
j  java.util.stream.ReferencePipeline.forEach(Ljava/util/function/Consumer;)V+6 java.base@14.0.2
j  org.junit.platform.engine.support.hierarchical.HierarchicalTestExecutor$NodeExecutor.lambda$executeRecursively$3(Lorg/junit/platform/engine/support/hierarchical/ExecutionTracker;)V+75
j  org.junit.platform.engine.support.hierarchical.HierarchicalTestExecutor$NodeExecutor$$Lambda$187.execute()V+8
j  org.junit.platform.engine.support.hierarchical.SingleTestExecutor.executeSafely(Lorg/junit/platform/engine/support/hierarchical/SingleTestExecutor$Executable;)Lorg/junit/platform/engine/TestExecutionResult;+1
j  org.junit.platform.engine.support.hierarchical.HierarchicalTestExecutor$NodeExecutor.executeRecursively(Lorg/junit/platform/engine/support/hierarchical/ExecutionTracker;)V+27
j  org.junit.platform.engine.support.hierarchical.HierarchicalTestExecutor$NodeExecutor.execute(Lorg/junit/platform/engine/support/hierarchical/EngineExecutionContext;Lorg/junit/platform/engine/support/hierarchical/ExecutionTracker;)V+53
j  org.junit.platform.engine.support.hierarchical.HierarchicalTestExecutor.execute()V+23
j  org.junit.platform.engine.support.hierarchical.HierarchicalTestEngine.execute(Lorg/junit/platform/engine/ExecutionRequest;)V+13
j  org.junit.platform.launcher.core.DefaultLauncher.execute(Lorg/junit/platform/engine/TestEngine;Lorg/junit/platform/engine/ExecutionRequest;)V+2
j  org.junit.platform.launcher.core.DefaultLauncher.execute(Lorg/junit/platform/launcher/core/Root;Lorg/junit/platform/engine/ConfigurationParameters;[Lorg/junit/platform/launcher/TestExecutionListener;)V+101
j  org.junit.platform.launcher.core.DefaultLauncher.execute(Lorg/junit/platform/launcher/LauncherDiscoveryRequest;[Lorg/junit/platform/launcher/TestExecutionListener;)V+36
j  org.junit.platform.surefire.provider.JUnitPlatformProvider.invokeAllTests(Lorg/apache/maven/surefire/util/TestsToRun;)Lorg/apache/maven/surefire/suite/RunResult;+55
j  org.junit.platform.surefire.provider.JUnitPlatformProvider.invoke(Ljava/lang/Object;)Lorg/apache/maven/surefire/suite/RunResult;+31
j  org.apache.maven.surefire.booter.ForkedBooter.invokeProviderInSameClassLoader(Lorg/apache/maven/surefire/booter/ForkingReporterFactory;)Lorg/apache/maven/surefire/suite/RunResult;+9
j  org.apache.maven.surefire.booter.ForkedBooter.runSuitesInProcess()Lorg/apache/maven/surefire/suite/RunResult;+7
j  org.apache.maven.surefire.booter.ForkedBooter.execute()V+1
j  org.apache.maven.surefire.booter.ForkedBooter.main([Ljava/lang/String;)V+35
v  ~StubRoutines::call_stub

siginfo: si_signo: 11 (SIGSEGV), si_code: 1 (SEGV_MAPERR), si_addr: 0x0000000000000000

Register to memory mapping:

RAX=0x0 is NULL
RBX={method} {0x00007f7ecb469628} 'setMemory' '(Lcom/sun/jna/Pointer;JJJB)V' in 'com/sun/jna/Native'
RCX=0x0000000000000080 is an unknown value
RDX=0x0000000000019000 is an unknown value
RSP=0x00007f7ecdf07788 is pointing into the stack for thread: 0x00007f7ec4028800
RBP=0x00007f7ecdf077c0 is pointing into the stack for thread: 0x00007f7ec4028800
RSI=0x0 is NULL
RDI=0x0 is NULL
R8 =0x0 is NULL
R9 =0x0000000000019000 is an unknown value
R10=0x0000000000000009 is an unknown value
R11=0x00007f7ecd45bfd0: <offset 0x000000000015dfd0> in /lib64/libc.so.6 at 0x00007f7ecd2fe000
R12=0x0 is NULL
R13={method} {0x00007f7ecb469628} 'setMemory' '(Lcom/sun/jna/Pointer;JJJB)V' in 'com/sun/jna/Native'
R14=0x00007f7ecdf078b8 is pointing into the stack for thread: 0x00007f7ec4028800
R15=0x00007f7ec4028800 is a thread


Registers:
RAX=0x0000000000000000, RBX=0x00007f7ecb469628, RCX=0x0000000000000080, RDX=0x0000000000019000
RSP=0x00007f7ecdf07788, RBP=0x00007f7ecdf077c0, RSI=0x0000000000000000, RDI=0x0000000000000000
R8 =0x0000000000000000, R9 =0x0000000000019000, R10=0x0000000000000009, R11=0x00007f7ecd45bfd0
R12=0x0000000000000000, R13=0x00007f7ecb469628, R14=0x00007f7ecdf078b8, R15=0x00007f7ec4028800
RIP=0x00007f7ecd45c090, EFLAGS=0x0000000000010202, CSGSFS=0x002b000000000033, ERR=0x0000000000000006
  TRAPNO=0x000000000000000e

Top of Stack: (sp=0x00007f7ecdf07788)
0x00007f7ecdf07788:   00007f7ec9756e8d 00007f7ecb469628
0x00007f7ecdf07798:   00007f7ec4028b10 0000000000000000
0x00007f7ecdf077a8:   0000000000019000 0000000000000000
0x00007f7ecdf077b8:   0000000000000000 00007f7ecdf07860 

Instructions: (pc=0x00007f7ecd45c090)
0x00007f7ecd45bf90:   f3 0f 1e fa 48 39 d1 0f 82 53 d9 fa ff 0f 1f 00
0x00007f7ecd45bfa0:   f3 0f 1e fa 48 c1 e2 02 c5 f9 6e c6 48 89 f8 c4
0x00007f7ecd45bfb0:   e2 7d 58 c0 eb 2a 66 2e 0f 1f 84 00 00 00 00 00
0x00007f7ecd45bfc0:   f3 0f 1e fa 48 39 d1 0f 82 23 d9 fa ff 0f 1f 00
0x00007f7ecd45bfd0:   f3 0f 1e fa c5 f9 6e c6 48 89 f8 c4 e2 7d 78 c0
0x00007f7ecd45bfe0:   48 83 fa 20 0f 82 04 01 00 00 48 83 fa 40 77 77
0x00007f7ecd45bff0:   c5 fe 7f 44 17 e0 c5 fe 7f 07 c5 f8 77 c3 66 90
0x00007f7ecd45c000:   f3 0f 1e fa c5 f8 77 48 89 d1 40 0f b6 c6 48 89
0x00007f7ecd45c010:   fa f3 aa 48 89 d0 c3 66 0f 1f 84 00 00 00 00 00
0x00007f7ecd45c020:   f3 0f 1e fa 48 39 d1 0f 82 c3 d8 fa ff 0f 1f 00
0x00007f7ecd45c030:   f3 0f 1e fa c5 f9 6e c6 48 89 f8 c4 e2 7d 78 c0
0x00007f7ecd45c040:   48 83 fa 20 0f 82 a4 00 00 00 48 83 fa 40 77 0e
0x00007f7ecd45c050:   c5 fe 7f 44 17 e0 c5 fe 7f 07 c5 f8 77 c3 48 81
0x00007f7ecd45c060:   fa 00 08 00 00 77 9d 48 81 fa 80 00 00 00 77 19
0x00007f7ecd45c070:   c5 fe 7f 07 c5 fe 7f 47 20 c5 fe 7f 44 17 e0 c5
0x00007f7ecd45c080:   fe 7f 44 17 c0 c5 f8 77 c3 48 8d 8f 80 00 00 00
0x00007f7ecd45c090:   c5 fe 7f 07 48 83 e1 80 c5 fe 7f 44 17 e0 c5 fe
0x00007f7ecd45c0a0:   7f 47 20 c5 fe 7f 44 17 c0 c5 fe 7f 47 40 c5 fe
0x00007f7ecd45c0b0:   7f 44 17 a0 c5 fe 7f 47 60 c5 fe 7f 44 17 80 48
0x00007f7ecd45c0c0:   01 fa 48 83 e2 80 48 39 d1 74 ba c5 fd 7f 01 c5
0x00007f7ecd45c0d0:   fd 7f 41 20 c5 fd 7f 41 40 c5 fd 7f 41 60 48 81
0x00007f7ecd45c0e0:   c1 80 00 00 00 48 39 ca 75 e1 c5 f8 77 c3 80 fa
0x00007f7ecd45c0f0:   10 73 1c c4 e1 f9 7e c1 80 fa 08 73 20 80 fa 04
0x00007f7ecd45c100:   73 27 80 fa 01 77 2c 72 02 88 0f c5 f8 77 c3 c5
0x00007f7ecd45c110:   fa 7f 44 17 f0 c5 fa 7f 07 c5 f8 77 c3 48 89 4c
0x00007f7ecd45c120:   17 f8 48 89 0f c5 f8 77 c3 89 4c 17 fc 89 0f c5
0x00007f7ecd45c130:   f8 77 c3 66 89 4c 17 fe 66 89 0f c5 f8 77 c3 90
0x00007f7ecd45c140:   f3 0f 1e fa 48 c1 e2 02 48 83 fa 20 0f 82 3e 01
0x00007f7ecd45c150:   00 00 c5 fe 6f 16 c5 ed 76 17 c5 fd d7 c2 83 e8
0x00007f7ecd45c160:   ff 0f 85 e9 00 00 00 48 83 fa 40 0f 86 c0 00 00
0x00007f7ecd45c170:   00 c5 fd 76 c0 48 81 fa 00 01 00 00 0f 87 9e 01
0x00007f7ecd45c180:   00 00 48 81 fa 80 00 00 00 0f 82 28 02 00 00 c5 


Stack slot to memory mapping:
stack at sp + 0 slots: 0x00007f7ec9756e8d: Java_com_sun_jna_Native_setMemory+0x00000000000000bd in /root/.cache/JNA/temp/jna17886832672380520920.tmp at 0x00007f7ec9750000
stack at sp + 1 slots: {method} {0x00007f7ecb469628} 'setMemory' '(Lcom/sun/jna/Pointer;JJJB)V' in 'com/sun/jna/Native'
stack at sp + 2 slots: 0x00007f7ec4028b10 points into unknown readable memory: 80 b8 24 cd 7e 7f 00 00
stack at sp + 3 slots: 0x0 is NULL
stack at sp + 4 slots: 0x0000000000019000 is an unknown value
stack at sp + 5 slots: 0x0 is NULL
stack at sp + 6 slots: 0x0 is NULL
stack at sp + 7 slots: 0x00007f7ecdf07860 is pointing into the stack for thread: 0x00007f7ec4028800


---------------  P R O C E S S  ---------------

Threads class SMR info:
_java_thread_list=0x00007f7ec41c0640, length=12, elements={
0x00007f7ec4028800, 0x00007f7ec40a2000, 0x00007f7ec40a3800, 0x00007f7ec40ad000,
0x00007f7ec40af000, 0x00007f7ec40b1000, 0x00007f7ec40b3000, 0x00007f7ec40b5000,
0x00007f7ec40ef800, 0x00007f7ec40f4800, 0x00007f7ec4188000, 0x00007f7ec41bf000
}

Java Threads: ( => current thread )
=>0x00007f7ec4028800 JavaThread "main" [_thread_in_native, id=115, stack(0x00007f7ecde0a000,0x00007f7ecdf0b000)]
  0x00007f7ec40a2000 JavaThread "Reference Handler" daemon [_thread_blocked, id=121, stack(0x00007f7ecab9d000,0x00007f7ecac9e000)]
  0x00007f7ec40a3800 JavaThread "Finalizer" daemon [_thread_blocked, id=124, stack(0x00007f7ecaa9c000,0x00007f7ecab9d000)]
  0x00007f7ec40ad000 JavaThread "Signal Dispatcher" daemon [_thread_blocked, id=125, stack(0x00007f7eca2a7000,0x00007f7eca3a8000)]
  0x00007f7ec40af000 JavaThread "Service Thread" daemon [_thread_blocked, id=128, stack(0x00007f7eca1a6000,0x00007f7eca2a7000)]
  0x00007f7ec40b1000 JavaThread "C2 CompilerThread0" daemon [_thread_blocked, id=132, stack(0x00007f7eca0a5000,0x00007f7eca1a6000)]
  0x00007f7ec40b3000 JavaThread "C1 CompilerThread0" daemon [_thread_blocked, id=135, stack(0x00007f7ec9fa4000,0x00007f7eca0a5000)]
  0x00007f7ec40b5000 JavaThread "Sweeper thread" daemon [_thread_blocked, id=137, stack(0x00007f7ec9ea3000,0x00007f7ec9fa4000)]
  0x00007f7ec40ef800 JavaThread "Notification Thread" daemon [_thread_blocked, id=146, stack(0x00007f7ec9da2000,0x00007f7ec9ea3000)]
  0x00007f7ec40f4800 JavaThread "Common-Cleaner" daemon [_thread_blocked, id=148, stack(0x00007f7ec9b9f000,0x00007f7ec9ca0000)]
  0x00007f7ec4188000 JavaThread "surefire-forkedjvm-command-thread" daemon [_thread_in_native, id=151, stack(0x00007f7ec9a87000,0x00007f7ec9b88000)]
  0x00007f7ec41bf000 JavaThread "surefire-forkedjvm-ping-30s" daemon [_thread_blocked, id=154, stack(0x00007f7ec9979000,0x00007f7ec9a7a000)]

Other Threads:
  0x00007f7ec409e800 VMThread "VM Thread" [stack: 0x00007f7ecaca0000,0x00007f7ecada0000] [id=118]
  0x00007f7ec40f2000 WatcherThread [stack: 0x00007f7ec9ca2000,0x00007f7ec9da2000] [id=147]

Threads with active compile tasks:

VM state:not at safepoint (normal execution)

VM Mutex/Monitor currently owned by a thread: None

Heap address: 0x00000000e0c00000, size: 500 MB, Compressed Oops mode: 32-bit
Narrow klass base: 0x0000000800000000, Narrow klass shift: 3
Compressed class space size: 1073741824 Address: 0x0000000800b11000

Heap:
 def new generation   total 9792K, used 7588K [0x00000000e0c00000, 0x00000000e16a0000, 0x00000000eb2a0000)
  eden space 8704K,  74% used [0x00000000e0c00000, 0x00000000e1259340, 0x00000000e1480000)
  from space 1088K, 100% used [0x00000000e1590000, 0x00000000e16a0000, 0x00000000e16a0000)
  to   space 1088K,   0% used [0x00000000e1480000, 0x00000000e1480000, 0x00000000e1590000)
 tenured generation   total 21888K, used 1321K [0x00000000eb2a0000, 0x00000000ec800000, 0x0000000100000000)
   the space 21888K,   6% used [0x00000000eb2a0000, 0x00000000eb3ea620, 0x00000000eb3ea800, 0x00000000ec800000)
 Metaspace       used 4998K, capacity 7071K, committed 7296K, reserved 1056768K
  class space    used 637K, capacity 881K, committed 896K, reserved 1048576K

Card table byte_map: [0x00007f7ecb723000,0x00007f7ecb81e000] _byte_map_base: 0x00007f7ecb01d000

Polling page: 0x00007f7ecdf20000

Metaspace:

Usage:
  Non-class:      6.04 MB capacity,     4.26 MB ( 70%) used,     1.76 MB ( 29%) free+waste,    30.81 KB ( <1%) overhead. 
      Class:    881.00 KB capacity,   637.46 KB ( 72%) used,   226.48 KB ( 26%) free+waste,    17.06 KB (  2%) overhead. 
       Both:      6.91 MB capacity,     4.88 MB ( 71%) used,     1.98 MB ( 29%) free+waste,    47.88 KB ( <1%) overhead. 

Virtual space:
  Non-class space:        8.00 MB reserved,       6.25 MB ( 78%) committed 
      Class space:        1.00 GB reserved,     896.00 KB ( <1%) committed 
             Both:        1.01 GB reserved,       7.12 MB ( <1%) committed 

Chunk freelists:
   Non-Class:  34.00 KB
       Class:  11.00 KB
        Both:  45.00 KB

MaxMetaspaceSize: unlimited
CompressedClassSpaceSize: 1.00 GB

CodeHeap 'non-profiled nmethods': size=120036Kb used=272Kb max_used=272Kb free=119763Kb
 bounds [0x00007f7eb419c000, 0x00007f7eb440c000, 0x00007f7ebb6d5000]
CodeHeap 'profiled nmethods': size=120032Kb used=1610Kb max_used=1610Kb free=118421Kb
 bounds [0x00007f7eacc64000, 0x00007f7eaced4000, 0x00007f7eb419c000]
CodeHeap 'non-nmethods': size=5692Kb used=1155Kb max_used=1170Kb free=4536Kb
 bounds [0x00007f7eac6d5000, 0x00007f7eac945000, 0x00007f7eacc64000]
 total_blobs=1295 nmethods=879 adapters=332
 compilation: enabled
              stopped_count=0, restarted_count=0
 full_count=0

Compilation events (20 events):
Event: 12.944 Thread 0x00007f7ec40b3000  876   !   3       jdk.internal.loader.BuiltinClassLoader::findClassOnClassPathOrNull (64 bytes)
Event: 12.955 Thread 0x00007f7ec40b3000 nmethod 876 0x00007f7eacdf1a90 code [0x00007f7eacdf1e00, 0x00007f7eacdf3260]
Event: 12.963 Thread 0x00007f7ec40b3000  877   !   3       java.util.zip.ZipFile$ZipFileInflaterInputStream::close (67 bytes)
Event: 12.969 Thread 0x00007f7ec40b3000 nmethod 877 0x00007f7eacdf3a90 code [0x00007f7eacdf3c80, 0x00007f7eacdf4390]
Event: 12.969 Thread 0x00007f7ec40b3000  878       3       java.util.ArrayDeque::add (7 bytes)
Event: 12.969 Thread 0x00007f7ec40b3000 nmethod 878 0x00007f7eacdf4690 code [0x00007f7eacdf4820, 0x00007f7eacdf4980]
Event: 12.969 Thread 0x00007f7ec40b3000  879       3       java.util.ArrayDeque::addLast (51 bytes)
Event: 12.974 Thread 0x00007f7ec40b3000 nmethod 879 0x00007f7eacdf4a10 code [0x00007f7eacdf4be0, 0x00007f7eacdf5090]
Event: 12.982 Thread 0x00007f7ec40b3000  880       3       java.util.zip.ZipFile$InflaterCleanupAction::run (12 bytes)
Event: 12.982 Thread 0x00007f7ec40b3000 nmethod 880 0x00007f7eacdf5210 code [0x00007f7eacdf53a0, 0x00007f7eacdf5500]
Event: 12.982 Thread 0x00007f7ec40b3000  881   !   3       java.util.zip.ZipFile$CleanableResource::releaseInflater (53 bytes)
Event: 12.986 Thread 0x00007f7ec40b3000 nmethod 881 0x00007f7eacdf5610 code [0x00007f7eacdf57e0, 0x00007f7eacdf5d00]
Event: 12.986 Thread 0x00007f7ec40b3000  882   !   3       java.util.zip.Inflater::reset (64 bytes)
Event: 12.991 Thread 0x00007f7ec40b3000 nmethod 882 0x00007f7eacdf5f10 code [0x00007f7eacdf60c0, 0x00007f7eacdf64b0]
Event: 12.993 Thread 0x00007f7ec40b1000  884       4       java.lang.Object::<init> (1 bytes)
Event: 12.995 Thread 0x00007f7ec40b1000 nmethod 884 0x00007f7eb41dfd90 code [0x00007f7eb41dff00, 0x00007f7eb41dffb8]
Event: 13.004 Thread 0x00007f7ec40b3000  885       3       sun.net.www.protocol.jar.Handler::checkNestedProtocol (18 bytes)
Event: 13.005 Thread 0x00007f7ec40b3000 nmethod 885 0x00007f7eacdf6690 code [0x00007f7eacdf6840, 0x00007f7eacdf6a20]
Event: 13.116 Thread 0x00007f7ec40b1000  886       4       java.lang.Math::min (11 bytes)
Event: 13.117 Thread 0x00007f7ec40b1000 nmethod 886 0x00007f7eb41e0090 code [0x00007f7eb41e0200, 0x00007f7eb41e0258]

GC Heap History (2 events):
Event: 7.487 GC heap before
{Heap before GC invocations=0 (full 0):
 def new generation   total 9792K, used 8704K [0x00000000e0c00000, 0x00000000e16a0000, 0x00000000eb2a0000)
  eden space 8704K, 100% used [0x00000000e0c00000, 0x00000000e1480000, 0x00000000e1480000)
  from space 1088K,   0% used [0x00000000e1480000, 0x00000000e1480000, 0x00000000e1590000)
  to   space 1088K,   0% used [0x00000000e1590000, 0x00000000e1590000, 0x00000000e16a0000)
 tenured generation   total 21888K, used 0K [0x00000000eb2a0000, 0x00000000ec800000, 0x0000000100000000)
   the space 21888K,   0% used [0x00000000eb2a0000, 0x00000000eb2a0000, 0x00000000eb2a0200, 0x00000000ec800000)
 Metaspace       used 3048K, capacity 5805K, committed 6016K, reserved 1056768K
  class space    used 360K, capacity 627K, committed 640K, reserved 1048576K
}
Event: 7.606 GC heap after
{Heap after GC invocations=1 (full 0):
 def new generation   total 9792K, used 1088K [0x00000000e0c00000, 0x00000000e16a0000, 0x00000000eb2a0000)
  eden space 8704K,   0% used [0x00000000e0c00000, 0x00000000e0c00000, 0x00000000e1480000)
  from space 1088K, 100% used [0x00000000e1590000, 0x00000000e16a0000, 0x00000000e16a0000)
  to   space 1088K,   0% used [0x00000000e1480000, 0x00000000e1480000, 0x00000000e1590000)
 tenured generation   total 21888K, used 1321K [0x00000000eb2a0000, 0x00000000ec800000, 0x0000000100000000)
   the space 21888K,   6% used [0x00000000eb2a0000, 0x00000000eb3ea620, 0x00000000eb3ea800, 0x00000000ec800000)
 Metaspace       used 3048K, capacity 5805K, committed 6016K, reserved 1056768K
  class space    used 360K, capacity 627K, committed 640K, reserved 1048576K
}

Deoptimization events (20 events):
Event: 1.087 Thread 0x00007f7ec4028800 Uncommon trap: trap_request=0xffffff45 fr.pc=0x00007f7eb41a0990 relative=0x00000000000001d0
Event: 1.087 Thread 0x00007f7ec4028800 Uncommon trap: reason=unstable_if action=reinterpret pc=0x00007f7eb41a0990 method=java.lang.String.hashCode()I @ 42 c2
Event: 1.087 Thread 0x00007f7ec4028800 DEOPT PACKING pc=0x00007f7eb41a0990 sp=0x00007f7ecdf08320
Event: 1.087 Thread 0x00007f7ec4028800 DEOPT UNPACKING pc=0x00007f7eac71de25 sp=0x00007f7ecdf082d8 mode 2
Event: 3.662 Thread 0x00007f7ec4028800 DEOPT PACKING pc=0x00007f7eaccb7d84 sp=0x00007f7ecdf08350
Event: 3.662 Thread 0x00007f7ec4028800 DEOPT UNPACKING pc=0x00007f7eac71e33a sp=0x00007f7ecdf077e0 mode 0
Event: 4.371 Thread 0x00007f7ec4028800 DEOPT PACKING pc=0x00007f7eaccc4422 sp=0x00007f7ecdf044a0
Event: 4.371 Thread 0x00007f7ec4028800 DEOPT UNPACKING pc=0x00007f7eac71e33a sp=0x00007f7ecdf03928 mode 0
Event: 4.510 Thread 0x00007f7ec4028800 DEOPT PACKING pc=0x00007f7eacc890af sp=0x00007f7ecdf081b0
Event: 4.510 Thread 0x00007f7ec4028800 DEOPT UNPACKING pc=0x00007f7eac71e33a sp=0x00007f7ecdf07658 mode 0
Event: 5.564 Thread 0x00007f7ec4028800 Uncommon trap: trap_request=0xffffff45 fr.pc=0x00007f7eb41a88e8 relative=0x0000000000000068
Event: 5.564 Thread 0x00007f7ec4028800 Uncommon trap: reason=unstable_if action=reinterpret pc=0x00007f7eb41a88e8 method=java.lang.String.isLatin1()Z @ 10 c2
Event: 5.564 Thread 0x00007f7ec4028800 DEOPT PACKING pc=0x00007f7eb41a88e8 sp=0x00007f7ecdf088d0
Event: 5.564 Thread 0x00007f7ec4028800 DEOPT UNPACKING pc=0x00007f7eac71de25 sp=0x00007f7ecdf08880 mode 2
Event: 6.331 Thread 0x00007f7ec4028800 DEOPT PACKING pc=0x00007f7eacccd5e8 sp=0x00007f7ecdf08580
Event: 6.331 Thread 0x00007f7ec4028800 DEOPT UNPACKING pc=0x00007f7eac71e33a sp=0x00007f7ecdf079f0 mode 0
Event: 6.941 Thread 0x00007f7ec4028800 DEOPT PACKING pc=0x00007f7eacccd5e8 sp=0x00007f7ecdf07660
Event: 6.941 Thread 0x00007f7ec4028800 DEOPT UNPACKING pc=0x00007f7eac71e33a sp=0x00007f7ecdf06af8 mode 0
Event: 12.327 Thread 0x00007f7ec4028800 DEOPT PACKING pc=0x00007f7eaccc95c5 sp=0x00007f7ecdf06910
Event: 12.327 Thread 0x00007f7ec4028800 DEOPT UNPACKING pc=0x00007f7eac71e33a sp=0x00007f7ecdf05d90 mode 0

Classes unloaded (0 events):
No events

Classes redefined (0 events):
No events

Internal exceptions (17 events):
Event: 2.190 Thread 0x00007f7ec4028800 Exception <a 'java/lang/NoSuchMethodError'{0x00000000e0dc5a48}: 'java.lang.Object java.lang.invoke.DirectMethodHandle$Holder.invokeStaticInit(java.lang.Object, java.lang.Object, java.lang.Object)'> (0x00000000e0dc5a48) 
thrown [open/src/hotspot/share/interpreter/linkResolver.cpp, line 766]
Event: 5.245 Thread 0x00007f7ec4028800 Exception <a 'java/lang/NoSuchMethodError'{0x00000000e12092c8}: 'int java.lang.invoke.DirectMethodHandle$Holder.invokeVirtual(java.lang.Object, java.lang.Object)'> (0x00000000e12092c8) 
thrown [open/src/hotspot/share/interpreter/linkResolver.cpp, line 766]
Event: 5.649 Thread 0x00007f7ec4028800 Exception <a 'java/lang/NoSuchMethodError'{0x00000000e1280798}: 'java.lang.Object java.lang.invoke.DirectMethodHandle$Holder.invokeStaticInit(java.lang.Object, int)'> (0x00000000e1280798) 
thrown [open/src/hotspot/share/interpreter/linkResolver.cpp, line 766]
Event: 6.015 Thread 0x00007f7ec4028800 Exception <a 'java/lang/NoSuchMethodError'{0x00000000e12d47e0}: 'int java.lang.invoke.DirectMethodHandle$Holder.invokeSpecialIFC(java.lang.Object, java.lang.Object, java.lang.Object, java.lang.Object)'> (0x00000000e12d47e0) 
thrown [open/src/hotspot/share/interpreter/linkResolver.cpp, line 766]
Event: 6.382 Thread 0x00007f7ec4028800 Exception <a 'java/lang/NoSuchMethodError'{0x00000000e1346640}: 'void java.lang.invoke.DirectMethodHandle$Holder.invokeStatic(java.lang.Object, java.lang.Object, java.lang.Object, java.lang.Object)'> (0x00000000e1346640) 
thrown [open/src/hotspot/share/interpreter/linkResolver.cpp, line 766]
Event: 6.595 Thread 0x00007f7ec4028800 Exception <a 'java/lang/NoSuchMethodError'{0x00000000e137b378}: 'int java.lang.invoke.DirectMethodHandle$Holder.invokeSpecialIFC(java.lang.Object, java.lang.Object, int)'> (0x00000000e137b378) 
thrown [open/src/hotspot/share/interpreter/linkResolver.cpp, line 766]
Event: 6.672 Thread 0x00007f7ec4028800 Exception <a 'java/lang/NoSuchMethodError'{0x00000000e139ef70}: 'void java.lang.invoke.DirectMethodHandle$Holder.invokeStaticInit(java.lang.Object, java.lang.Object, java.lang.Object)'> (0x00000000e139ef70) 
thrown [open/src/hotspot/share/interpreter/linkResolver.cpp, line 766]
Event: 6.707 Thread 0x00007f7ec4028800 Exception <a 'java/lang/NoSuchMethodError'{0x00000000e13a9150}: 'void java.lang.invoke.DirectMethodHandle$Holder.invokeSpecial(java.lang.Object, java.lang.Object, java.lang.Object, java.lang.Object, java.lang.Object)'> (0x00000000e13a9150) 
thrown [open/src/hotspot/share/interpreter/linkResolver.cpp, line 766]
Event: 6.739 Thread 0x00007f7ec4028800 Exception <a 'java/lang/IncompatibleClassChangeError'{0x00000000e13b6dd8}: Found class java.lang.Object, but interface was expected> (0x00000000e13b6dd8) 
thrown [open/src/hotspot/share/interpreter/linkResolver.cpp, line 832]
Event: 6.925 Thread 0x00007f7ec4028800 Exception <a 'java/lang/NoSuchMethodError'{0x00000000e13ec548}: 'int java.lang.invoke.DirectMethodHandle$Holder.invokeStaticInit(java.lang.Object, java.lang.Object)'> (0x00000000e13ec548) 
thrown [open/src/hotspot/share/interpreter/linkResolver.cpp, line 766]
Event: 7.737 Thread 0x00007f7ec4028800 Exception <a 'java/lang/NoSuchMethodError'{0x00000000e0c25148}: 'java.lang.Object java.lang.invoke.DirectMethodHandle$Holder.invokeSpecialIFC(java.lang.Object, java.lang.Object, java.lang.Object, java.lang.Object)'> (0x00000000e0c25148) 
thrown [open/src/hotspot/share/interpreter/linkResolver.cpp, line 766]
Event: 7.990 Thread 0x00007f7ec4028800 Exception <a 'java/lang/NoSuchMethodError'{0x00000000e0c900c0}: 'void java.lang.invoke.DirectMethodHandle$Holder.invokeSpecial(java.lang.Object, java.lang.Object, java.lang.Object, java.lang.Object)'> (0x00000000e0c900c0) 
thrown [open/src/hotspot/share/interpreter/linkResolver.cpp, line 766]
Event: 8.395 Thread 0x00007f7ec4028800 Exception <a 'java/lang/NoSuchMethodError'{0x00000000e0cfd370}: 'int java.lang.invoke.DirectMethodHandle$Holder.invokeVirtual(java.lang.Object, java.lang.Object, java.lang.Object)'> (0x00000000e0cfd370) 
thrown [open/src/hotspot/share/interpreter/linkResolver.cpp, line 766]
Event: 8.486 Thread 0x00007f7ec4028800 Exception <a 'java/lang/NoSuchMethodError'{0x00000000e0d15688}: 'void java.lang.invoke.DirectMethodHandle$Holder.invokeInterface(java.lang.Object, java.lang.Object)'> (0x00000000e0d15688) 
thrown [open/src/hotspot/share/interpreter/linkResolver.cpp, line 766]
Event: 8.487 Thread 0x00007f7ec4028800 Exception <a 'java/lang/IncompatibleClassChangeError'{0x00000000e0d18078}: Found class java.lang.Object, but interface was expected> (0x00000000e0d18078) 
thrown [open/src/hotspot/share/interpreter/linkResolver.cpp, line 832]
Event: 10.634 Thread 0x00007f7ec4028800 Exception <a 'java/lang/NoSuchMethodError'{0x00000000e0f88b50}: 'int java.lang.invoke.DirectMethodHandle$Holder.invokeStatic(java.lang.Object, java.lang.Object, java.lang.Object, java.lang.Object, java.lang.Object)'> (0x00000000e0f88b50) 
thrown [open/src/hotspot/share/interpreter/linkResolver.cpp, line 766]
Event: 10.647 Thread 0x00007f7ec4028800 Exception <a 'java/lang/NoSuchMethodError'{0x00000000e0f8c210}: 'java.lang.Object java.lang.invoke.Invokers$Holder.invokeExact_MT(java.lang.Object, java.lang.Object, java.lang.Object, java.lang.Object, java.lang.Object, java.lang.Object)'> (0x00000000e0f8c210) 
thrown [open/src/hotspot/share/interpreter/linkResolver.cpp, line 766]

Events (20 events):
Event: 12.778 loading class sun/security/provider/ByteArrayAccess
Event: 12.778 loading class sun/security/provider/ByteArrayAccess done
Event: 12.784 loading class java/io/DeleteOnExitHook
Event: 12.786 loading class java/io/DeleteOnExitHook done
Event: 12.786 loading class java/io/DeleteOnExitHook$1
Event: 12.786 loading class java/io/DeleteOnExitHook$1 done
Event: 12.815 loading class java/io/FileOutputStream$1
Event: 12.815 loading class java/io/FileOutputStream$1 done
Event: 12.822 Loaded shared library /root/.cache/JNA/temp/jna17886832672380520920.tmp
Event: 12.822 loading class java/nio/ShortBuffer
Event: 12.822 loading class java/nio/ShortBuffer done
Event: 12.822 loading class java/nio/FloatBuffer
Event: 12.834 loading class java/nio/FloatBuffer done
Event: 12.834 loading class java/nio/DoubleBuffer
Event: 12.835 loading class java/nio/DoubleBuffer done
Event: 12.922 Executing VM operation: HandshakeAllThreads
Event: 12.925 Executing VM operation: HandshakeAllThreads done
Event: 12.980 Loaded shared library /usr/java/openjdk-14/lib/libzip.so
Event: 13.028 Executing VM operation: HandshakeAllThreads
Event: 13.036 Executing VM operation: HandshakeAllThreads done


Dynamic libraries:
e0c00000-e16a0000 rw-p 00000000 00:00 0 
e16a0000-eb2a0000 ---p 00000000 00:00 0 
eb2a0000-ec800000 rw-p 00000000 00:00 0 
ec800000-100000000 ---p 00000000 00:00 0 
800000000-800003000 rwxp 00001000 08:01 3160994                          /usr/java/openjdk-14/lib/server/classes.jsa
800003000-8003e4000 rw-p 00004000 08:01 3160994                          /usr/java/openjdk-14/lib/server/classes.jsa
8003e4000-800b10000 r--p 003e5000 08:01 3160994                          /usr/java/openjdk-14/lib/server/classes.jsa
800b10000-800b11000 rw-p 00b11000 08:01 3160994                          /usr/java/openjdk-14/lib/server/classes.jsa
800b11000-800bf1000 rw-p 00000000 00:00 0 
800bf1000-840b11000 ---p 00000000 00:00 0 
55a64bfce000-55a64bfcf000 r-xp 00000000 08:01 3160482                    /usr/java/openjdk-14/bin/java
55a64bfd0000-55a64bfd1000 r--p 00001000 08:01 3160482                    /usr/java/openjdk-14/bin/java
55a64bfd1000-55a64bfd2000 rw-p 00002000 08:01 3160482                    /usr/java/openjdk-14/bin/java
55a64c580000-55a64c5a1000 rw-p 00000000 00:00 0                          [heap]
7f7e90000000-7f7e90288000 rw-p 00000000 00:00 0 
7f7e90288000-7f7e94000000 ---p 00000000 00:00 0 
7f7e94000000-7f7e94427000 rw-p 00000000 00:00 0 
7f7e94427000-7f7e98000000 ---p 00000000 00:00 0 
7f7e98000000-7f7e98021000 rw-p 00000000 00:00 0 
7f7e98021000-7f7e9c000000 ---p 00000000 00:00 0 
7f7e9c000000-7f7e9c021000 rw-p 00000000 00:00 0 
7f7e9c021000-7f7ea0000000 ---p 00000000 00:00 0 
7f7ea0000000-7f7ea0021000 rw-p 00000000 00:00 0 
7f7ea0021000-7f7ea4000000 ---p 00000000 00:00 0 
7f7ea4000000-7f7ea4021000 rw-p 00000000 00:00 0 
7f7ea4021000-7f7ea8000000 ---p 00000000 00:00 0 
7f7ea8000000-7f7ea8021000 rw-p 00000000 00:00 0 
7f7ea8021000-7f7eac000000 ---p 00000000 00:00 0 
7f7eac6d5000-7f7eac945000 rwxp 00000000 00:00 0 
7f7eac945000-7f7eacc64000 ---p 00000000 00:00 0 
7f7eacc64000-7f7eaced4000 rwxp 00000000 00:00 0 
7f7eaced4000-7f7eb419c000 ---p 00000000 00:00 0 
7f7eb419c000-7f7eb440c000 rwxp 00000000 00:00 0 
7f7eb440c000-7f7ebb6d5000 ---p 00000000 00:00 0 
7f7ebb6d5000-7f7ec4000000 r--s 00000000 08:01 3160985                    /usr/java/openjdk-14/lib/modules
7f7ec4000000-7f7ec44c4000 rw-p 00000000 00:00 0 
7f7ec44c4000-7f7ec8000000 ---p 00000000 00:00 0 
7f7ec9292000-7f7ec9750000 rw-p 00000000 00:00 0 
7f7ec9750000-7f7ec9768000 r-xp 00000000 08:01 3163771                    /root/.cache/JNA/temp/jna17886832672380520920.tmp (deleted)
7f7ec9768000-7f7ec9968000 ---p 00018000 08:01 3163771                    /root/.cache/JNA/temp/jna17886832672380520920.tmp (deleted)
7f7ec9968000-7f7ec9969000 rw-p 00018000 08:01 3163771                    /root/.cache/JNA/temp/jna17886832672380520920.tmp (deleted)
7f7ec9969000-7f7ec9976000 r-xp 00000000 08:01 3160983                    /usr/java/openjdk-14/lib/libverify.so
7f7ec9976000-7f7ec9978000 r--p 0000c000 08:01 3160983                    /usr/java/openjdk-14/lib/libverify.so
7f7ec9978000-7f7ec9979000 rw-p 0000e000 08:01 3160983                    /usr/java/openjdk-14/lib/libverify.so
7f7ec9979000-7f7ec997d000 ---p 00000000 00:00 0 
7f7ec997d000-7f7ec9a7a000 rw-p 00000000 00:00 0 
7f7ec9a7a000-7f7ec9a7f000 r-xp 00000000 08:01 3160973                    /usr/java/openjdk-14/lib/libmanagement_ext.so
7f7ec9a7f000-7f7ec9a80000 r--p 00004000 08:01 3160973                    /usr/java/openjdk-14/lib/libmanagement_ext.so
7f7ec9a80000-7f7ec9a81000 rw-p 00005000 08:01 3160973                    /usr/java/openjdk-14/lib/libmanagement_ext.so
7f7ec9a81000-7f7ec9a85000 r-xp 00000000 08:01 3160971                    /usr/java/openjdk-14/lib/libmanagement.so
7f7ec9a85000-7f7ec9a86000 r--p 00003000 08:01 3160971                    /usr/java/openjdk-14/lib/libmanagement.so
7f7ec9a86000-7f7ec9a87000 rw-p 00004000 08:01 3160971                    /usr/java/openjdk-14/lib/libmanagement.so
7f7ec9a87000-7f7ec9a8b000 ---p 00000000 00:00 0 
7f7ec9a8b000-7f7ec9b88000 rw-p 00000000 00:00 0 
7f7ec9b88000-7f7ec9b9d000 r-xp 00000000 08:01 3160975                    /usr/java/openjdk-14/lib/libnet.so
7f7ec9b9d000-7f7ec9b9e000 r--p 00014000 08:01 3160975                    /usr/java/openjdk-14/lib/libnet.so
7f7ec9b9e000-7f7ec9b9f000 rw-p 00015000 08:01 3160975                    /usr/java/openjdk-14/lib/libnet.so
7f7ec9b9f000-7f7ec9ba3000 ---p 00000000 00:00 0 
7f7ec9ba3000-7f7ec9ca0000 rw-p 00000000 00:00 0 
7f7ec9ca0000-7f7ec9ca1000 ---p 00000000 00:00 0 
7f7ec9ca1000-7f7ec9da2000 rw-p 00000000 00:00 0 
7f7ec9da2000-7f7ec9da6000 ---p 00000000 00:00 0 
7f7ec9da6000-7f7ec9ea3000 rw-p 00000000 00:00 0 
7f7ec9ea3000-7f7ec9ea7000 ---p 00000000 00:00 0 
7f7ec9ea7000-7f7ec9fa4000 rw-p 00000000 00:00 0 
7f7ec9fa4000-7f7ec9fa8000 ---p 00000000 00:00 0 
7f7ec9fa8000-7f7eca0a5000 rw-p 00000000 00:00 0 
7f7eca0a5000-7f7eca0a9000 ---p 00000000 00:00 0 
7f7eca0a9000-7f7eca1a6000 rw-p 00000000 00:00 0 
7f7eca1a6000-7f7eca1aa000 ---p 00000000 00:00 0 
7f7eca1aa000-7f7eca2a7000 rw-p 00000000 00:00 0 
7f7eca2a7000-7f7eca2ab000 ---p 00000000 00:00 0 
7f7eca2ab000-7f7eca3a8000 rw-p 00000000 00:00 0 
7f7eca3a8000-7f7eca3fb000 r--p 00000000 08:01 3154692                    /usr/lib/locale/C.utf8/LC_CTYPE
7f7eca3fb000-7f7ecaa9c000 r--p 00000000 08:01 3154691                    /usr/lib/locale/C.utf8/LC_COLLATE
7f7ecaa9c000-7f7ecaaa0000 ---p 00000000 00:00 0 
7f7ecaaa0000-7f7ecab9d000 rw-p 00000000 00:00 0 
7f7ecab9d000-7f7ecaba1000 ---p 00000000 00:00 0 
7f7ecaba1000-7f7ecac9e000 rw-p 00000000 00:00 0 
7f7ecac9e000-7f7ecac9f000 ---p 00000000 00:00 0 
7f7ecac9f000-7f7ecb4bc000 rw-p 00000000 00:00 0 
7f7ecb4bc000-7f7ecb67c000 ---p 00000000 00:00 0 
7f7ecb67c000-7f7ecb687000 rw-p 00000000 00:00 0 
7f7ecb687000-7f7ecb723000 ---p 00000000 00:00 0 
7f7ecb723000-7f7ecb729000 rw-p 00000000 00:00 0 
7f7ecb729000-7f7ecb776000 ---p 00000000 00:00 0 
7f7ecb776000-7f7ecb781000 rw-p 00000000 00:00 0 
7f7ecb781000-7f7ecb81d000 ---p 00000000 00:00 0 
7f7ecb81d000-7f7ecb823000 rw-p 00000000 00:00 0 
7f7ecb823000-7f7ecb909000 ---p 00000000 00:00 0 
7f7ecb909000-7f7ecb90e000 rw-p 00000000 00:00 0 
7f7ecb90e000-7f7ecb9f4000 ---p 00000000 00:00 0 
7f7ecb9f4000-7f7ecb9ff000 r-xp 00000000 08:01 3155554                    /usr/lib64/libnss_files-2.28.so
7f7ecb9ff000-7f7ecbbfe000 ---p 0000b000 08:01 3155554                    /usr/lib64/libnss_files-2.28.so
7f7ecbbfe000-7f7ecbbff000 r--p 0000a000 08:01 3155554                    /usr/lib64/libnss_files-2.28.so
7f7ecbbff000-7f7ecbc00000 rw-p 0000b000 08:01 3155554                    /usr/lib64/libnss_files-2.28.so
7f7ecbc00000-7f7ecbc06000 rw-p 00000000 00:00 0 
7f7ecbc06000-7f7ecbc0d000 r-xp 00000000 08:01 3155596                    /usr/lib64/librt-2.28.so
7f7ecbc0d000-7f7ecbe0d000 ---p 00007000 08:01 3155596                    /usr/lib64/librt-2.28.so
7f7ecbe0d000-7f7ecbe0e000 r--p 00007000 08:01 3155596                    /usr/lib64/librt-2.28.so
7f7ecbe0e000-7f7ecbe0f000 rw-p 00008000 08:01 3155596                    /usr/lib64/librt-2.28.so
7f7ecbe0f000-7f7ecbf90000 r-xp 00000000 08:01 3155521                    /usr/lib64/libm-2.28.so
7f7ecbf90000-7f7ecc18f000 ---p 00181000 08:01 3155521                    /usr/lib64/libm-2.28.so
7f7ecc18f000-7f7ecc190000 r--p 00180000 08:01 3155521                    /usr/lib64/libm-2.28.so
7f7ecc190000-7f7ecc191000 rw-p 00181000 08:01 3155521                    /usr/lib64/libm-2.28.so
7f7ecc191000-7f7ecd1a0000 r-xp 00000000 08:01 3160996                    /usr/java/openjdk-14/lib/server/libjvm.so
7f7ecd1a0000-7f7ecd1a1000 ---p 0100f000 08:01 3160996                    /usr/java/openjdk-14/lib/server/libjvm.so
7f7ecd1a1000-7f7ecd245000 r--p 0100f000 08:01 3160996                    /usr/java/openjdk-14/lib/server/libjvm.so
7f7ecd245000-7f7ecd27d000 rw-p 010b3000 08:01 3160996                    /usr/java/openjdk-14/lib/server/libjvm.so
7f7ecd27d000-7f7ecd2fe000 rw-p 00000000 00:00 0 
7f7ecd2fe000-7f7ecd4b7000 r-xp 00000000 08:01 3155424                    /usr/lib64/libc-2.28.so
7f7ecd4b7000-7f7ecd6b6000 ---p 001b9000 08:01 3155424                    /usr/lib64/libc-2.28.so
7f7ecd6b6000-7f7ecd6ba000 r--p 001b8000 08:01 3155424                    /usr/lib64/libc-2.28.so
7f7ecd6ba000-7f7ecd6bc000 rw-p 001bc000 08:01 3155424                    /usr/lib64/libc-2.28.so
7f7ecd6bc000-7f7ecd6c0000 rw-p 00000000 00:00 0 
7f7ecd6c0000-7f7ecd6c3000 r-xp 00000000 08:01 3155440                    /usr/lib64/libdl-2.28.so
7f7ecd6c3000-7f7ecd8c2000 ---p 00003000 08:01 3155440                    /usr/lib64/libdl-2.28.so
7f7ecd8c2000-7f7ecd8c3000 r--p 00002000 08:01 3155440                    /usr/lib64/libdl-2.28.so
7f7ecd8c3000-7f7ecd8c4000 rw-p 00003000 08:01 3155440                    /usr/lib64/libdl-2.28.so
7f7ecd8c4000-7f7ecd8df000 r-xp 00000000 08:01 3155583                    /usr/lib64/libpthread-2.28.so
7f7ecd8df000-7f7ecdade000 ---p 0001b000 08:01 3155583                    /usr/lib64/libpthread-2.28.so
7f7ecdade000-7f7ecdadf000 r--p 0001a000 08:01 3155583                    /usr/lib64/libpthread-2.28.so
7f7ecdadf000-7f7ecdae0000 rw-p 0001b000 08:01 3155583                    /usr/lib64/libpthread-2.28.so
7f7ecdae0000-7f7ecdae4000 rw-p 00000000 00:00 0 
7f7ecdae4000-7f7ecdafa000 r-xp 00000000 08:01 3155650                    /usr/lib64/libz.so.1.2.11
7f7ecdafa000-7f7ecdcf9000 ---p 00016000 08:01 3155650                    /usr/lib64/libz.so.1.2.11
7f7ecdcf9000-7f7ecdcfa000 r--p 00015000 08:01 3155650                    /usr/lib64/libz.so.1.2.11
7f7ecdcfa000-7f7ecdcfb000 rw-p 00000000 00:00 0 
7f7ecdcfb000-7f7ecdd24000 r-xp 00000000 08:01 3155395                    /usr/lib64/ld-2.28.so
7f7ecdd28000-7f7ecdd39000 r-xp 00000000 08:01 3160976                    /usr/java/openjdk-14/lib/libnio.so
7f7ecdd39000-7f7ecdd3a000 ---p 00011000 08:01 3160976                    /usr/java/openjdk-14/lib/libnio.so
7f7ecdd3a000-7f7ecdd3b000 r--p 00011000 08:01 3160976                    /usr/java/openjdk-14/lib/libnio.so
7f7ecdd3b000-7f7ecdd3c000 rw-p 00012000 08:01 3160976                    /usr/java/openjdk-14/lib/libnio.so
7f7ecdd3c000-7f7ecdd3d000 r--p 00000000 08:01 3154699                    /usr/lib/locale/C.utf8/LC_NUMERIC
7f7ecdd3d000-7f7ecdd3e000 r--p 00000000 08:01 3154702                    /usr/lib/locale/C.utf8/LC_TIME
7f7ecdd3e000-7f7ecdd3f000 r--p 00000000 08:01 3154697                    /usr/lib/locale/C.utf8/LC_MONETARY
7f7ecdd3f000-7f7ecdd40000 r--p 00000000 08:01 3154696                    /usr/lib/locale/C.utf8/LC_MESSAGES/SYS_LC_MESSAGES
7f7ecdd40000-7f7ecdd41000 r--p 00000000 08:01 3154700                    /usr/lib/locale/C.utf8/LC_PAPER
7f7ecdd41000-7f7ecdd42000 r--p 00000000 08:01 3154698                    /usr/lib/locale/C.utf8/LC_NAME
7f7ecdd42000-7f7ecdd43000 r--p 00000000 08:01 3154690                    /usr/lib/locale/C.utf8/LC_ADDRESS
7f7ecdd43000-7f7ecdd44000 r--p 00000000 08:01 3154701                    /usr/lib/locale/C.utf8/LC_TELEPHONE
7f7ecdd44000-7f7ecdd45000 r--p 00000000 08:01 3154694                    /usr/lib/locale/C.utf8/LC_MEASUREMENT
7f7ecdd45000-7f7ecdd4c000 r--s 00000000 08:01 3155357                    /usr/lib64/gconv/gconv-modules.cache
7f7ecdd4c000-7f7ecdd4d000 r--p 00000000 08:01 3154693                    /usr/lib/locale/C.utf8/LC_IDENTIFICATION
7f7ecdd4d000-7f7ecdd67000 r--p 00000000 08:01 3154703                    /usr/lib/locale/locale-archive
7f7ecdd67000-7f7ecddad000 rw-p 00000000 00:00 0 
7f7ecddad000-7f7ecddb4000 ---p 00000000 00:00 0 
7f7ecddb4000-7f7ecddbb000 r-xp 00000000 08:01 3160984                    /usr/java/openjdk-14/lib/libzip.so
7f7ecddbb000-7f7ecddbc000 r--p 00006000 08:01 3160984                    /usr/java/openjdk-14/lib/libzip.so
7f7ecddbc000-7f7ecddbd000 rw-p 00007000 08:01 3160984                    /usr/java/openjdk-14/lib/libzip.so
7f7ecddbd000-7f7ecdde1000 r-xp 00000000 08:01 3160962                    /usr/java/openjdk-14/lib/libjava.so
7f7ecdde1000-7f7ecdde2000 r--p 00023000 08:01 3160962                    /usr/java/openjdk-14/lib/libjava.so
7f7ecdde2000-7f7ecdde4000 rw-p 00024000 08:01 3160962                    /usr/java/openjdk-14/lib/libjava.so
7f7ecdde4000-7f7ecddec000 rw-s 00000000 08:01 3163766                    /tmp/hsperfdata_root/100
7f7ecddec000-7f7ecde07000 r-xp 00000000 08:01 3160966                    /usr/java/openjdk-14/lib/libjimage.so
7f7ecde07000-7f7ecde09000 r--p 0001a000 08:01 3160966                    /usr/java/openjdk-14/lib/libjimage.so
7f7ecde09000-7f7ecde0a000 rw-p 0001c000 08:01 3160966                    /usr/java/openjdk-14/lib/libjimage.so
7f7ecde0a000-7f7ecde0e000 ---p 00000000 00:00 0 
7f7ecde0e000-7f7ecdf0d000 rw-p 00000000 00:00 0 
7f7ecdf0d000-7f7ecdf1b000 r-xp 00000000 08:01 3160967                    /usr/java/openjdk-14/lib/libjli.so
7f7ecdf1b000-7f7ecdf1c000 ---p 0000e000 08:01 3160967                    /usr/java/openjdk-14/lib/libjli.so
7f7ecdf1c000-7f7ecdf1d000 r--p 0000e000 08:01 3160967                    /usr/java/openjdk-14/lib/libjli.so
7f7ecdf1d000-7f7ecdf1e000 rw-p 0000f000 08:01 3160967                    /usr/java/openjdk-14/lib/libjli.so
7f7ecdf1e000-7f7ecdf20000 rw-p 00000000 00:00 0 
7f7ecdf20000-7f7ecdf21000 ---p 00000000 00:00 0 
7f7ecdf21000-7f7ecdf22000 r--p 00000000 00:00 0 
7f7ecdf22000-7f7ecdf23000 ---p 00000000 00:00 0 
7f7ecdf23000-7f7ecdf24000 r--p 00028000 08:01 3155395                    /usr/lib64/ld-2.28.so
7f7ecdf24000-7f7ecdf25000 rw-p 00029000 08:01 3155395                    /usr/lib64/ld-2.28.so
7f7ecdf25000-7f7ecdf26000 rw-p 00000000 00:00 0 
7ffd671f1000-7ffd67212000 rw-p 00000000 00:00 0                          [stack]
7ffd67244000-7ffd67247000 r--p 00000000 00:00 0                          [vvar]
7ffd67247000-7ffd67249000 r-xp 00000000 00:00 0                          [vdso]
ffffffffff600000-ffffffffff601000 r-xp 00000000 00:00 0                  [vsyscall]


VM Arguments:
java_command: /project/java-native/target/surefire/surefirebooter15072611568838389395.jar /project/java-native/target/surefire 2020-10-01T00-09-53_430-jvmRun2 surefire3272641396836511080tmp surefire_29468511371192344687tmp
java_class_path (initial): /project/java-native/target/surefire/surefirebooter15072611568838389395.jar
Launcher Type: SUN_STANDARD

[Global flags]
     intx CICompilerCount                          = 2                                         {product} {ergonomic}
   size_t InitialHeapSize                          = 33554432                                  {product} {ergonomic}
   size_t MaxHeapSize                              = 524288000                                 {product} {ergonomic}
   size_t MaxNewSize                               = 174718976                                 {product} {ergonomic}
   size_t MinHeapDeltaBytes                        = 196608                                    {product} {ergonomic}
   size_t MinHeapSize                              = 8388608                                   {product} {ergonomic}
   size_t NewSize                                  = 11141120                                  {product} {ergonomic}
    uintx NonNMethodCodeHeapSize                   = 5826188                                {pd product} {ergonomic}
    uintx NonProfiledCodeHeapSize                  = 122916026                              {pd product} {ergonomic}
   size_t OldSize                                  = 22413312                                  {product} {ergonomic}
    uintx ProfiledCodeHeapSize                     = 122916026                              {pd product} {ergonomic}
    uintx ReservedCodeCacheSize                    = 251658240                              {pd product} {ergonomic}
     bool SegmentedCodeCache                       = true                                      {product} {ergonomic}
   size_t SoftMaxHeapSize                          = 524288000                              {manageable} {ergonomic}
     bool UseCompressedClassPointers               = true                                 {lp64_product} {ergonomic}
     bool UseCompressedOops                        = true                                 {lp64_product} {ergonomic}
     bool UseSerialGC                              = true                                      {product} {ergonomic}

Logging:
Log output configuration:
 #0: stdout all=warning uptime,level,tags
 #1: stderr all=off uptime,level,tags

Environment Variables:
JAVA_HOME=/usr/java/openjdk-14
PATH=/usr/java/openjdk-14/bin:/usr/local/sbin:/usr/local/bin:/usr/sbin:/usr/bin:/sbin:/bin

Signal Handlers:
SIGSEGV: [libjvm.so+0xd30e60], sa_mask[0]=11111111011111111101111111111110, sa_flags=SA_RESTART|SA_SIGINFO
SIGBUS: [libjvm.so+0xd30e60], sa_mask[0]=11111111011111111101111111111110, sa_flags=SA_RESTART|SA_SIGINFO
SIGFPE: [libjvm.so+0xd30e60], sa_mask[0]=11111111011111111101111111111110, sa_flags=SA_RESTART|SA_SIGINFO
SIGPIPE: [libjvm.so+0xb1bca0], sa_mask[0]=11111111011111111101111111111110, sa_flags=SA_RESTART|SA_SIGINFO
SIGXFSZ: [libjvm.so+0xb1bca0], sa_mask[0]=11111111011111111101111111111110, sa_flags=SA_RESTART|SA_SIGINFO
SIGILL: [libjvm.so+0xd30e60], sa_mask[0]=11111111011111111101111111111110, sa_flags=SA_RESTART|SA_SIGINFO
SIGUSR2: [libjvm.so+0xb1bb30], sa_mask[0]=00100000000000000000000000000000, sa_flags=SA_RESTART|SA_SIGINFO
SIGHUP: [libjvm.so+0xb1c2a0], sa_mask[0]=11111111011111111101111111111110, sa_flags=SA_RESTART|SA_SIGINFO
SIGINT: [libjvm.so+0xb1c2a0], sa_mask[0]=11111111011111111101111111111110, sa_flags=SA_RESTART|SA_SIGINFO
SIGTERM: [libjvm.so+0xb1c2a0], sa_mask[0]=11111111011111111101111111111110, sa_flags=SA_RESTART|SA_SIGINFO
SIGQUIT: [libjvm.so+0xb1c2a0], sa_mask[0]=11111111011111111101111111111110, sa_flags=SA_RESTART|SA_SIGINFO


---------------  S Y S T E M  ---------------

OS:Oracle Linux Server release 8.2
uname:Linux 4.14.154-boot2docker #1 SMP Thu Nov 14 19:19:08 UTC 2019 x86_64
OS uptime: 0 days 13:49 hours
libc:glibc 2.28 NPTL 2.28 
rlimit: STACK 8192k, CORE infinity, NPROC infinity, NOFILE 1048576, AS infinity, DATA infinity, FSIZE infinity
load average:4.05 1.87 0.76

/proc/meminfo:
MemTotal:        2045412 kB
MemFree:         1098032 kB
MemAvailable:    1368704 kB
Buffers:           83692 kB
Cached:           471224 kB
SwapCached:            0 kB
Active:           573576 kB
Inactive:         305820 kB
Active(anon):     404060 kB
Inactive(anon):   199632 kB
Active(file):     169516 kB
Inactive(file):   106188 kB
Unevictable:           0 kB
Mlocked:               0 kB
SwapTotal:       1415172 kB
SwapFree:        1415172 kB
Dirty:               324 kB
Writeback:             0 kB
AnonPages:        324536 kB
Mapped:           120864 kB
Shmem:            290620 kB
Slab:              42348 kB
SReclaimable:      27356 kB
SUnreclaim:        14992 kB
KernelStack:        4672 kB
PageTables:         2744 kB
NFS_Unstable:          0 kB
Bounce:                0 kB
WritebackTmp:          0 kB
CommitLimit:     2437876 kB
Committed_AS:    1792468 kB
VmallocTotal:   34359738367 kB
VmallocUsed:           0 kB
VmallocChunk:          0 kB
HugePages_Total:       0
HugePages_Free:        0
HugePages_Rsvd:        0
HugePages_Surp:        0
Hugepagesize:       2048 kB
DirectMap4k:       42944 kB
DirectMap2M:     2054144 kB


/proc/sys/kernel/threads-max (system-wide limit on the number of threads):
15537


/proc/sys/vm/max_map_count (maximum number of memory map areas a process may have):
65530


/proc/sys/kernel/pid_max (system-wide limit on number of process identifiers):
32768



container (cgroup) information:
container_type: cgroupv1
cpu_cpuset_cpus: 0
cpu_memory_nodes: 0
active_processor_count: 1
cpu_quota: no quota
cpu_period: 100000
cpu_shares: no shares
memory_limit_in_bytes: unlimited
memory_and_swap_limit_in_bytes: unlimited
memory_soft_limit_in_bytes: unlimited
memory_usage_in_bytes: 356708352
memory_max_usage_in_bytes: 394252288

KVM virtualization detected
Steal ticks since vm start: 0
Steal ticks percentage since vm start:  0.000

CPU:total 1 (initial active 1) (1 cores per cpu, 1 threads per core) family 6 model 69 stepping 1, cmov, cx8, fxsr, mmx, sse, sse2, sse3, ssse3, sse4.1, sse4.2, popcnt, avx, avx2, aes, clmul, lzcnt, tsc, tscinvbit
CPU Model and flags from /proc/cpuinfo:
model name	: Intel(R) Core(TM) i7-4500U CPU @ 1.80GHz
flags		: fpu vme de pse tsc msr pae mce cx8 apic sep mtrr pge mca cmov pat pse36 clflush mmx fxsr sse sse2 ht syscall nx rdtscp lm constant_tsc rep_good nopl xtopology nonstop_tsc cpuid tsc_known_freq pni pclmulqdq monitor ssse3 cx16 pcid sse4_1 sse4_2 movbe popcnt aes xsave avx rdrand hypervisor lahf_lm abm invpcid_single pti fsgsbase avx2 invpcid md_clear flush_l1d

Memory: 4k page, physical 2045412k(1098032k free), swap 1415172k(1415172k free)

vm_info: OpenJDK 64-Bit Server VM (14.0.2+12-46) for linux-amd64 JRE (14.0.2+12-46), built on Jul  8 2020 23:30:21 by "mach5one" with gcc 8.3.0

END.
