#
# A fatal error has been detected by the Java Runtime Environment:
#
#  SIGSEGV (0xb) at pc=0x00007f01b8795090, pid=98, tid=114
#
# JRE version: OpenJDK Runtime Environment (14.0.2+12) (build 14.0.2+12-46)
# Java VM: OpenJDK 64-Bit Server VM (14.0.2+12-46, mixed mode, sharing, tiered, compressed oops, serial gc, linux-amd64)
# Problematic frame:
# C  [libc.so.6+0x15e090]  __memset_avx2_unaligned_erms+0x60
#
# Core dump will be written. Default location: /project/java-native/core
#
# If you would like to submit a bug report, please visit:
#   https://bugreport.java.com/bugreport/crash.jsp
# The crash happened outside the Java Virtual Machine in native code.
# See problematic frame for where to report the bug.
#

---------------  S U M M A R Y ------------

Command Line: /project/java-native/target/surefire/surefirebooter255261521587421006.jar /project/java-native/target/surefire 2020-10-01T00-29-55_633-jvmRun3 surefire15563279322398545368tmp surefire_13579138375161683305tmp

Host: Intel(R) Core(TM) i7-4500U CPU @ 1.80GHz, 1 cores, 1G, Oracle Linux Server release 8.2
Time: Thu Oct  1 00:30:20 2020 UTC elapsed time: 10 seconds (0d 0h 0m 10s)

---------------  T H R E A D  ---------------

Current thread (0x00007f01b0028800):  JavaThread "main" [_thread_in_native, id=114, stack(0x00007f01b9143000,0x00007f01b9244000)]

Stack: [0x00007f01b9143000,0x00007f01b9244000],  sp=0x00007f01b9240788,  free space=1013k
Native frames: (J=compiled Java code, A=aot compiled Java code, j=interpreted, Vv=VM code, C=native code)
C  [libc.so.6+0x15e090]  __memset_avx2_unaligned_erms+0x60
j  com.sun.jna.Native.setMemory(Lcom/sun/jna/Pointer;JJJB)V+0
j  com.sun.jna.Pointer.setMemory(JJB)V+9
j  com.baeldung.jna.StdCUnitTest.whenAccessViolation_thenShouldThrowError()V+17
v  ~StubRoutines::call_stub
V  [libjvm.so+0x78e42b]  JavaCalls::call_helper(JavaValue*, methodHandle const&, JavaCallArguments*, Thread*)+0x2fb
V  [libjvm.so+0xbb0efb]  invoke(InstanceKlass*, methodHandle const&, Handle, bool, objArrayHandle, BasicType, objArrayHandle, bool, Thread*) [clone .constprop.117]+0x85b
V  [libjvm.so+0xbb19cd]  Reflection::invoke_method(oopDesc*, Handle, objArrayHandle, Thread*)+0xfd
V  [libjvm.so+0x83b8e3]  JVM_InvokeMethod+0xf3
j  jdk.internal.reflect.NativeMethodAccessorImpl.invoke0(Ljava/lang/reflect/Method;Ljava/lang/Object;[Ljava/lang/Object;)Ljava/lang/Object;+0 java.base@14.0.2
j  jdk.internal.reflect.NativeMethodAccessorImpl.invoke(Ljava/lang/Object;[Ljava/lang/Object;)Ljava/lang/Object;+100 java.base@14.0.2
j  jdk.internal.reflect.DelegatingMethodAccessorImpl.invoke(Ljava/lang/Object;[Ljava/lang/Object;)Ljava/lang/Object;+6 java.base@14.0.2
j  java.lang.reflect.Method.invoke(Ljava/lang/Object;[Ljava/lang/Object;)Ljava/lang/Object;+59 java.base@14.0.2
j  org.junit.platform.commons.util.ReflectionUtils.invokeMethod(Ljava/lang/reflect/Method;Ljava/lang/Object;[Ljava/lang/Object;)Ljava/lang/Object;+41
j  org.junit.jupiter.engine.execution.ExecutableInvoker.invoke(Ljava/lang/reflect/Method;Ljava/lang/Object;Lorg/junit/jupiter/api/extension/ExtensionContext;Lorg/junit/jupiter/engine/extension/ExtensionRegistry;)Ljava/lang/Object;+32
j  org.junit.jupiter.engine.descriptor.TestMethodTestDescriptor.lambda$invokeTestMethod$6(Lorg/junit/jupiter/api/extension/ExtensionContext;Lorg/junit/jupiter/engine/execution/JupiterEngineExecutionContext;)V+24
j  org.junit.jupiter.engine.descriptor.TestMethodTestDescriptor$$Lambda$232.execute()V+12
j  org.junit.jupiter.engine.execution.ThrowableCollector.execute(Lorg/junit/jupiter/api/function/Executable;)V+1
j  org.junit.jupiter.engine.descriptor.TestMethodTestDescriptor.invokeTestMethod(Lorg/junit/jupiter/engine/execution/JupiterEngineExecutionContext;Lorg/junit/platform/engine/support/hierarchical/Node$DynamicTestExecutor;)V+21
j  org.junit.jupiter.engine.descriptor.TestMethodTestDescriptor.execute(Lorg/junit/jupiter/engine/execution/JupiterEngineExecutionContext;Lorg/junit/platform/engine/support/hierarchical/Node$DynamicTestExecutor;)Lorg/junit/jupiter/engine/execution/JupiterEngineExecutionContext;+44
j  org.junit.jupiter.engine.descriptor.TestMethodTestDescriptor.execute(Lorg/junit/platform/engine/support/hierarchical/EngineExecutionContext;Lorg/junit/platform/engine/support/hierarchical/Node$DynamicTestExecutor;)Lorg/junit/platform/engine/support/hierarchical/EngineExecutionContext;+6
j  org.junit.platform.engine.support.hierarchical.HierarchicalTestExecutor$NodeExecutor.lambda$executeRecursively$3(Lorg/junit/platform/engine/support/hierarchical/ExecutionTracker;)V+35
j  org.junit.platform.engine.support.hierarchical.HierarchicalTestExecutor$NodeExecutor$$Lambda$187.execute()V+8
j  org.junit.platform.engine.support.hierarchical.SingleTestExecutor.executeSafely(Lorg/junit/platform/engine/support/hierarchical/SingleTestExecutor$Executable;)Lorg/junit/platform/engine/TestExecutionResult;+1
j  org.junit.platform.engine.support.hierarchical.HierarchicalTestExecutor$NodeExecutor.executeRecursively(Lorg/junit/platform/engine/support/hierarchical/ExecutionTracker;)V+27
j  org.junit.platform.engine.support.hierarchical.HierarchicalTestExecutor$NodeExecutor.execute(Lorg/junit/platform/engine/support/hierarchical/EngineExecutionContext;Lorg/junit/platform/engine/support/hierarchical/ExecutionTracker;)V+53
j  org.junit.platform.engine.support.hierarchical.HierarchicalTestExecutor$NodeExecutor.lambda$executeRecursively$2(Lorg/junit/platform/engine/support/hierarchical/ExecutionTracker;Lorg/junit/platform/engine/TestDescriptor;)V+17
j  org.junit.platform.engine.support.hierarchical.HierarchicalTestExecutor$NodeExecutor$$Lambda$190.accept(Ljava/lang/Object;)V+12
j  java.util.stream.ForEachOps$ForEachOp$OfRef.accept(Ljava/lang/Object;)V+5 java.base@14.0.2
j  java.util.stream.ReferencePipeline$2$1.accept(Ljava/lang/Object;)V+21 java.base@14.0.2
j  java.util.Iterator.forEachRemaining(Ljava/util/function/Consumer;)V+21 java.base@14.0.2
j  java.util.Spliterators$IteratorSpliterator.forEachRemaining(Ljava/util/function/Consumer;)V+52 java.base@14.0.2
j  java.util.stream.AbstractPipeline.copyInto(Ljava/util/stream/Sink;Ljava/util/Spliterator;)V+32 java.base@14.0.2
j  java.util.stream.AbstractPipeline.wrapAndCopyInto(Ljava/util/stream/Sink;Ljava/util/Spliterator;)Ljava/util/stream/Sink;+13 java.base@14.0.2
j  java.util.stream.ForEachOps$ForEachOp.evaluateSequential(Ljava/util/stream/PipelineHelper;Ljava/util/Spliterator;)Ljava/lang/Void;+3 java.base@14.0.2
j  java.util.stream.ForEachOps$ForEachOp$OfRef.evaluateSequential(Ljava/util/stream/PipelineHelper;Ljava/util/Spliterator;)Ljava/lang/Object;+3 java.base@14.0.2
j  java.util.stream.AbstractPipeline.evaluate(Ljava/util/stream/TerminalOp;)Ljava/lang/Object;+88 java.base@14.0.2
j  java.util.stream.ReferencePipeline.forEach(Ljava/util/function/Consumer;)V+6 java.base@14.0.2
j  org.junit.platform.engine.support.hierarchical.HierarchicalTestExecutor$NodeExecutor.lambda$executeRecursively$3(Lorg/junit/platform/engine/support/hierarchical/ExecutionTracker;)V+75
j  org.junit.platform.engine.support.hierarchical.HierarchicalTestExecutor$NodeExecutor$$Lambda$187.execute()V+8
j  org.junit.platform.engine.support.hierarchical.SingleTestExecutor.executeSafely(Lorg/junit/platform/engine/support/hierarchical/SingleTestExecutor$Executable;)Lorg/junit/platform/engine/TestExecutionResult;+1
j  org.junit.platform.engine.support.hierarchical.HierarchicalTestExecutor$NodeExecutor.executeRecursively(Lorg/junit/platform/engine/support/hierarchical/ExecutionTracker;)V+27
j  org.junit.platform.engine.support.hierarchical.HierarchicalTestExecutor$NodeExecutor.execute(Lorg/junit/platform/engine/support/hierarchical/EngineExecutionContext;Lorg/junit/platform/engine/support/hierarchical/ExecutionTracker;)V+53
j  org.junit.platform.engine.support.hierarchical.HierarchicalTestExecutor$NodeExecutor.lambda$executeRecursively$2(Lorg/junit/platform/engine/support/hierarchical/ExecutionTracker;Lorg/junit/platform/engine/TestDescriptor;)V+17
j  org.junit.platform.engine.support.hierarchical.HierarchicalTestExecutor$NodeExecutor$$Lambda$190.accept(Ljava/lang/Object;)V+12
j  java.util.stream.ForEachOps$ForEachOp$OfRef.accept(Ljava/lang/Object;)V+5 java.base@14.0.2
j  java.util.stream.ReferencePipeline$2$1.accept(Ljava/lang/Object;)V+21 java.base@14.0.2
j  java.util.Iterator.forEachRemaining(Ljava/util/function/Consumer;)V+21 java.base@14.0.2
j  java.util.Spliterators$IteratorSpliterator.forEachRemaining(Ljava/util/function/Consumer;)V+52 java.base@14.0.2
j  java.util.stream.AbstractPipeline.copyInto(Ljava/util/stream/Sink;Ljava/util/Spliterator;)V+32 java.base@14.0.2
j  java.util.stream.AbstractPipeline.wrapAndCopyInto(Ljava/util/stream/Sink;Ljava/util/Spliterator;)Ljava/util/stream/Sink;+13 java.base@14.0.2
j  java.util.stream.ForEachOps$ForEachOp.evaluateSequential(Ljava/util/stream/PipelineHelper;Ljava/util/Spliterator;)Ljava/lang/Void;+3 java.base@14.0.2
j  java.util.stream.ForEachOps$ForEachOp$OfRef.evaluateSequential(Ljava/util/stream/PipelineHelper;Ljava/util/Spliterator;)Ljava/lang/Object;+3 java.base@14.0.2
j  java.util.stream.AbstractPipeline.evaluate(Ljava/util/stream/TerminalOp;)Ljava/lang/Object;+88 java.base@14.0.2
j  java.util.stream.ReferencePipeline.forEach(Ljava/util/function/Consumer;)V+6 java.base@14.0.2
j  org.junit.platform.engine.support.hierarchical.HierarchicalTestExecutor$NodeExecutor.lambda$executeRecursively$3(Lorg/junit/platform/engine/support/hierarchical/ExecutionTracker;)V+75
j  org.junit.platform.engine.support.hierarchical.HierarchicalTestExecutor$NodeExecutor$$Lambda$187.execute()V+8
j  org.junit.platform.engine.support.hierarchical.SingleTestExecutor.executeSafely(Lorg/junit/platform/engine/support/hierarchical/SingleTestExecutor$Executable;)Lorg/junit/platform/engine/TestExecutionResult;+1
j  org.junit.platform.engine.support.hierarchical.HierarchicalTestExecutor$NodeExecutor.executeRecursively(Lorg/junit/platform/engine/support/hierarchical/ExecutionTracker;)V+27
j  org.junit.platform.engine.support.hierarchical.HierarchicalTestExecutor$NodeExecutor.execute(Lorg/junit/platform/engine/support/hierarchical/EngineExecutionContext;Lorg/junit/platform/engine/support/hierarchical/ExecutionTracker;)V+53
j  org.junit.platform.engine.support.hierarchical.HierarchicalTestExecutor.execute()V+23
j  org.junit.platform.engine.support.hierarchical.HierarchicalTestEngine.execute(Lorg/junit/platform/engine/ExecutionRequest;)V+13
j  org.junit.platform.launcher.core.DefaultLauncher.execute(Lorg/junit/platform/engine/TestEngine;Lorg/junit/platform/engine/ExecutionRequest;)V+2
j  org.junit.platform.launcher.core.DefaultLauncher.execute(Lorg/junit/platform/launcher/core/Root;Lorg/junit/platform/engine/ConfigurationParameters;[Lorg/junit/platform/launcher/TestExecutionListener;)V+101
j  org.junit.platform.launcher.core.DefaultLauncher.execute(Lorg/junit/platform/launcher/LauncherDiscoveryRequest;[Lorg/junit/platform/launcher/TestExecutionListener;)V+36
j  org.junit.platform.surefire.provider.JUnitPlatformProvider.invokeAllTests(Lorg/apache/maven/surefire/util/TestsToRun;)Lorg/apache/maven/surefire/suite/RunResult;+55
j  org.junit.platform.surefire.provider.JUnitPlatformProvider.invoke(Ljava/lang/Object;)Lorg/apache/maven/surefire/suite/RunResult;+31
j  org.apache.maven.surefire.booter.ForkedBooter.invokeProviderInSameClassLoader(Lorg/apache/maven/surefire/booter/ForkingReporterFactory;)Lorg/apache/maven/surefire/suite/RunResult;+9
j  org.apache.maven.surefire.booter.ForkedBooter.runSuitesInProcess()Lorg/apache/maven/surefire/suite/RunResult;+7
j  org.apache.maven.surefire.booter.ForkedBooter.execute()V+1
j  org.apache.maven.surefire.booter.ForkedBooter.main([Ljava/lang/String;)V+35
v  ~StubRoutines::call_stub
V  [libjvm.so+0x78e42b]  JavaCalls::call_helper(JavaValue*, methodHandle const&, JavaCallArguments*, Thread*)+0x2fb
V  [libjvm.so+0x80d2e3]  jni_invoke_static(JNIEnv_*, JavaValue*, _jobject*, JNICallType, _jmethodID*, JNI_ArgumentPusher*, Thread*) [clone .isra.125] [clone .constprop.264]+0x193
V  [libjvm.so+0x80f338]  jni_CallStaticVoidMethod+0x108
C  [libjli.so+0x4647]  JavaMain+0xcd7
C  [libjli.so+0x85a9]  ThreadJavaMain+0x9

Java frames: (J=compiled Java code, j=interpreted, Vv=VM code)
j  com.sun.jna.Native.setMemory(Lcom/sun/jna/Pointer;JJJB)V+0
j  com.sun.jna.Pointer.setMemory(JJB)V+9
j  com.baeldung.jna.StdCUnitTest.whenAccessViolation_thenShouldThrowError()V+17
v  ~StubRoutines::call_stub
j  jdk.internal.reflect.NativeMethodAccessorImpl.invoke0(Ljava/lang/reflect/Method;Ljava/lang/Object;[Ljava/lang/Object;)Ljava/lang/Object;+0 java.base@14.0.2
j  jdk.internal.reflect.NativeMethodAccessorImpl.invoke(Ljava/lang/Object;[Ljava/lang/Object;)Ljava/lang/Object;+100 java.base@14.0.2
j  jdk.internal.reflect.DelegatingMethodAccessorImpl.invoke(Ljava/lang/Object;[Ljava/lang/Object;)Ljava/lang/Object;+6 java.base@14.0.2
j  java.lang.reflect.Method.invoke(Ljava/lang/Object;[Ljava/lang/Object;)Ljava/lang/Object;+59 java.base@14.0.2
j  org.junit.platform.commons.util.ReflectionUtils.invokeMethod(Ljava/lang/reflect/Method;Ljava/lang/Object;[Ljava/lang/Object;)Ljava/lang/Object;+41
j  org.junit.jupiter.engine.execution.ExecutableInvoker.invoke(Ljava/lang/reflect/Method;Ljava/lang/Object;Lorg/junit/jupiter/api/extension/ExtensionContext;Lorg/junit/jupiter/engine/extension/ExtensionRegistry;)Ljava/lang/Object;+32
j  org.junit.jupiter.engine.descriptor.TestMethodTestDescriptor.lambda$invokeTestMethod$6(Lorg/junit/jupiter/api/extension/ExtensionContext;Lorg/junit/jupiter/engine/execution/JupiterEngineExecutionContext;)V+24
j  org.junit.jupiter.engine.descriptor.TestMethodTestDescriptor$$Lambda$232.execute()V+12
j  org.junit.jupiter.engine.execution.ThrowableCollector.execute(Lorg/junit/jupiter/api/function/Executable;)V+1
j  org.junit.jupiter.engine.descriptor.TestMethodTestDescriptor.invokeTestMethod(Lorg/junit/jupiter/engine/execution/JupiterEngineExecutionContext;Lorg/junit/platform/engine/support/hierarchical/Node$DynamicTestExecutor;)V+21
j  org.junit.jupiter.engine.descriptor.TestMethodTestDescriptor.execute(Lorg/junit/jupiter/engine/execution/JupiterEngineExecutionContext;Lorg/junit/platform/engine/support/hierarchical/Node$DynamicTestExecutor;)Lorg/junit/jupiter/engine/execution/JupiterEngineExecutionContext;+44
j  org.junit.jupiter.engine.descriptor.TestMethodTestDescriptor.execute(Lorg/junit/platform/engine/support/hierarchical/EngineExecutionContext;Lorg/junit/platform/engine/support/hierarchical/Node$DynamicTestExecutor;)Lorg/junit/platform/engine/support/hierarchical/EngineExecutionContext;+6
j  org.junit.platform.engine.support.hierarchical.HierarchicalTestExecutor$NodeExecutor.lambda$executeRecursively$3(Lorg/junit/platform/engine/support/hierarchical/ExecutionTracker;)V+35
j  org.junit.platform.engine.support.hierarchical.HierarchicalTestExecutor$NodeExecutor$$Lambda$187.execute()V+8
j  org.junit.platform.engine.support.hierarchical.SingleTestExecutor.executeSafely(Lorg/junit/platform/engine/support/hierarchical/SingleTestExecutor$Executable;)Lorg/junit/platform/engine/TestExecutionResult;+1
j  org.junit.platform.engine.support.hierarchical.HierarchicalTestExecutor$NodeExecutor.executeRecursively(Lorg/junit/platform/engine/support/hierarchical/ExecutionTracker;)V+27
j  org.junit.platform.engine.support.hierarchical.HierarchicalTestExecutor$NodeExecutor.execute(Lorg/junit/platform/engine/support/hierarchical/EngineExecutionContext;Lorg/junit/platform/engine/support/hierarchical/ExecutionTracker;)V+53
j  org.junit.platform.engine.support.hierarchical.HierarchicalTestExecutor$NodeExecutor.lambda$executeRecursively$2(Lorg/junit/platform/engine/support/hierarchical/ExecutionTracker;Lorg/junit/platform/engine/TestDescriptor;)V+17
j  org.junit.platform.engine.support.hierarchical.HierarchicalTestExecutor$NodeExecutor$$Lambda$190.accept(Ljava/lang/Object;)V+12
j  java.util.stream.ForEachOps$ForEachOp$OfRef.accept(Ljava/lang/Object;)V+5 java.base@14.0.2
j  java.util.stream.ReferencePipeline$2$1.accept(Ljava/lang/Object;)V+21 java.base@14.0.2
j  java.util.Iterator.forEachRemaining(Ljava/util/function/Consumer;)V+21 java.base@14.0.2
j  java.util.Spliterators$IteratorSpliterator.forEachRemaining(Ljava/util/function/Consumer;)V+52 java.base@14.0.2
j  java.util.stream.AbstractPipeline.copyInto(Ljava/util/stream/Sink;Ljava/util/Spliterator;)V+32 java.base@14.0.2
j  java.util.stream.AbstractPipeline.wrapAndCopyInto(Ljava/util/stream/Sink;Ljava/util/Spliterator;)Ljava/util/stream/Sink;+13 java.base@14.0.2
j  java.util.stream.ForEachOps$ForEachOp.evaluateSequential(Ljava/util/stream/PipelineHelper;Ljava/util/Spliterator;)Ljava/lang/Void;+3 java.base@14.0.2
j  java.util.stream.ForEachOps$ForEachOp$OfRef.evaluateSequential(Ljava/util/stream/PipelineHelper;Ljava/util/Spliterator;)Ljava/lang/Object;+3 java.base@14.0.2
j  java.util.stream.AbstractPipeline.evaluate(Ljava/util/stream/TerminalOp;)Ljava/lang/Object;+88 java.base@14.0.2
j  java.util.stream.ReferencePipeline.forEach(Ljava/util/function/Consumer;)V+6 java.base@14.0.2
j  org.junit.platform.engine.support.hierarchical.HierarchicalTestExecutor$NodeExecutor.lambda$executeRecursively$3(Lorg/junit/platform/engine/support/hierarchical/ExecutionTracker;)V+75
j  org.junit.platform.engine.support.hierarchical.HierarchicalTestExecutor$NodeExecutor$$Lambda$187.execute()V+8
j  org.junit.platform.engine.support.hierarchical.SingleTestExecutor.executeSafely(Lorg/junit/platform/engine/support/hierarchical/SingleTestExecutor$Executable;)Lorg/junit/platform/engine/TestExecutionResult;+1
j  org.junit.platform.engine.support.hierarchical.HierarchicalTestExecutor$NodeExecutor.executeRecursively(Lorg/junit/platform/engine/support/hierarchical/ExecutionTracker;)V+27
j  org.junit.platform.engine.support.hierarchical.HierarchicalTestExecutor$NodeExecutor.execute(Lorg/junit/platform/engine/support/hierarchical/EngineExecutionContext;Lorg/junit/platform/engine/support/hierarchical/ExecutionTracker;)V+53
j  org.junit.platform.engine.support.hierarchical.HierarchicalTestExecutor$NodeExecutor.lambda$executeRecursively$2(Lorg/junit/platform/engine/support/hierarchical/ExecutionTracker;Lorg/junit/platform/engine/TestDescriptor;)V+17
j  org.junit.platform.engine.support.hierarchical.HierarchicalTestExecutor$NodeExecutor$$Lambda$190.accept(Ljava/lang/Object;)V+12
j  java.util.stream.ForEachOps$ForEachOp$OfRef.accept(Ljava/lang/Object;)V+5 java.base@14.0.2
j  java.util.stream.ReferencePipeline$2$1.accept(Ljava/lang/Object;)V+21 java.base@14.0.2
j  java.util.Iterator.forEachRemaining(Ljava/util/function/Consumer;)V+21 java.base@14.0.2
j  java.util.Spliterators$IteratorSpliterator.forEachRemaining(Ljava/util/function/Consumer;)V+52 java.base@14.0.2
j  java.util.stream.AbstractPipeline.copyInto(Ljava/util/stream/Sink;Ljava/util/Spliterator;)V+32 java.base@14.0.2
j  java.util.stream.AbstractPipeline.wrapAndCopyInto(Ljava/util/stream/Sink;Ljava/util/Spliterator;)Ljava/util/stream/Sink;+13 java.base@14.0.2
j  java.util.stream.ForEachOps$ForEachOp.evaluateSequential(Ljava/util/stream/PipelineHelper;Ljava/util/Spliterator;)Ljava/lang/Void;+3 java.base@14.0.2
j  java.util.stream.ForEachOps$ForEachOp$OfRef.evaluateSequential(Ljava/util/stream/PipelineHelper;Ljava/util/Spliterator;)Ljava/lang/Object;+3 java.base@14.0.2
j  java.util.stream.AbstractPipeline.evaluate(Ljava/util/stream/TerminalOp;)Ljava/lang/Object;+88 java.base@14.0.2
j  java.util.stream.ReferencePipeline.forEach(Ljava/util/function/Consumer;)V+6 java.base@14.0.2
j  org.junit.platform.engine.support.hierarchical.HierarchicalTestExecutor$NodeExecutor.lambda$executeRecursively$3(Lorg/junit/platform/engine/support/hierarchical/ExecutionTracker;)V+75
j  org.junit.platform.engine.support.hierarchical.HierarchicalTestExecutor$NodeExecutor$$Lambda$187.execute()V+8
j  org.junit.platform.engine.support.hierarchical.SingleTestExecutor.executeSafely(Lorg/junit/platform/engine/support/hierarchical/SingleTestExecutor$Executable;)Lorg/junit/platform/engine/TestExecutionResult;+1
j  org.junit.platform.engine.support.hierarchical.HierarchicalTestExecutor$NodeExecutor.executeRecursively(Lorg/junit/platform/engine/support/hierarchical/ExecutionTracker;)V+27
j  org.junit.platform.engine.support.hierarchical.HierarchicalTestExecutor$NodeExecutor.execute(Lorg/junit/platform/engine/support/hierarchical/EngineExecutionContext;Lorg/junit/platform/engine/support/hierarchical/ExecutionTracker;)V+53
j  org.junit.platform.engine.support.hierarchical.HierarchicalTestExecutor.execute()V+23
j  org.junit.platform.engine.support.hierarchical.HierarchicalTestEngine.execute(Lorg/junit/platform/engine/ExecutionRequest;)V+13
j  org.junit.platform.launcher.core.DefaultLauncher.execute(Lorg/junit/platform/engine/TestEngine;Lorg/junit/platform/engine/ExecutionRequest;)V+2
j  org.junit.platform.launcher.core.DefaultLauncher.execute(Lorg/junit/platform/launcher/core/Root;Lorg/junit/platform/engine/ConfigurationParameters;[Lorg/junit/platform/launcher/TestExecutionListener;)V+101
j  org.junit.platform.launcher.core.DefaultLauncher.execute(Lorg/junit/platform/launcher/LauncherDiscoveryRequest;[Lorg/junit/platform/launcher/TestExecutionListener;)V+36
j  org.junit.platform.surefire.provider.JUnitPlatformProvider.invokeAllTests(Lorg/apache/maven/surefire/util/TestsToRun;)Lorg/apache/maven/surefire/suite/RunResult;+55
j  org.junit.platform.surefire.provider.JUnitPlatformProvider.invoke(Ljava/lang/Object;)Lorg/apache/maven/surefire/suite/RunResult;+31
j  org.apache.maven.surefire.booter.ForkedBooter.invokeProviderInSameClassLoader(Lorg/apache/maven/surefire/booter/ForkingReporterFactory;)Lorg/apache/maven/surefire/suite/RunResult;+9
j  org.apache.maven.surefire.booter.ForkedBooter.runSuitesInProcess()Lorg/apache/maven/surefire/suite/RunResult;+7
j  org.apache.maven.surefire.booter.ForkedBooter.execute()V+1
j  org.apache.maven.surefire.booter.ForkedBooter.main([Ljava/lang/String;)V+35
v  ~StubRoutines::call_stub

siginfo: si_signo: 11 (SIGSEGV), si_code: 1 (SEGV_MAPERR), si_addr: 0x0000000000000000

Register to memory mapping:

RAX=0x0 is NULL
RBX={method} {0x00007f01b6799628} 'setMemory' '(Lcom/sun/jna/Pointer;JJJB)V' in 'com/sun/jna/Native'
RCX=0x0000000000000080 is an unknown value
RDX=0x0000000000019000 is an unknown value
RSP=0x00007f01b9240788 is pointing into the stack for thread: 0x00007f01b0028800
RBP=0x00007f01b92407c0 is pointing into the stack for thread: 0x00007f01b0028800
RSI=0x0 is NULL
RDI=0x0 is NULL
R8 =0x0 is NULL
R9 =0x0000000000019000 is an unknown value
R10=0x0000000000000009 is an unknown value
R11=0x00007f01b8794fd0: <offset 0x000000000015dfd0> in /lib64/libc.so.6 at 0x00007f01b8637000
R12=0x0 is NULL
R13={method} {0x00007f01b6799628} 'setMemory' '(Lcom/sun/jna/Pointer;JJJB)V' in 'com/sun/jna/Native'
R14=0x00007f01b92408b8 is pointing into the stack for thread: 0x00007f01b0028800
R15=0x00007f01b0028800 is a thread


Registers:
RAX=0x0000000000000000, RBX=0x00007f01b6799628, RCX=0x0000000000000080, RDX=0x0000000000019000
RSP=0x00007f01b9240788, RBP=0x00007f01b92407c0, RSI=0x0000000000000000, RDI=0x0000000000000000
R8 =0x0000000000000000, R9 =0x0000000000019000, R10=0x0000000000000009, R11=0x00007f01b8794fd0
R12=0x0000000000000000, R13=0x00007f01b6799628, R14=0x00007f01b92408b8, R15=0x00007f01b0028800
RIP=0x00007f01b8795090, EFLAGS=0x0000000000010202, CSGSFS=0x002b000000000033, ERR=0x0000000000000006
  TRAPNO=0x000000000000000e

Top of Stack: (sp=0x00007f01b9240788)
0x00007f01b9240788:   00007f01b4a8fe8d 00007f01b6799628
0x00007f01b9240798:   00007f01b0028b10 0000000000000000
0x00007f01b92407a8:   0000000000019000 0000000000000000
0x00007f01b92407b8:   0000000000000000 00007f01b9240860 

Instructions: (pc=0x00007f01b8795090)
0x00007f01b8794f90:   f3 0f 1e fa 48 39 d1 0f 82 53 d9 fa ff 0f 1f 00
0x00007f01b8794fa0:   f3 0f 1e fa 48 c1 e2 02 c5 f9 6e c6 48 89 f8 c4
0x00007f01b8794fb0:   e2 7d 58 c0 eb 2a 66 2e 0f 1f 84 00 00 00 00 00
0x00007f01b8794fc0:   f3 0f 1e fa 48 39 d1 0f 82 23 d9 fa ff 0f 1f 00
0x00007f01b8794fd0:   f3 0f 1e fa c5 f9 6e c6 48 89 f8 c4 e2 7d 78 c0
0x00007f01b8794fe0:   48 83 fa 20 0f 82 04 01 00 00 48 83 fa 40 77 77
0x00007f01b8794ff0:   c5 fe 7f 44 17 e0 c5 fe 7f 07 c5 f8 77 c3 66 90
0x00007f01b8795000:   f3 0f 1e fa c5 f8 77 48 89 d1 40 0f b6 c6 48 89
0x00007f01b8795010:   fa f3 aa 48 89 d0 c3 66 0f 1f 84 00 00 00 00 00
0x00007f01b8795020:   f3 0f 1e fa 48 39 d1 0f 82 c3 d8 fa ff 0f 1f 00
0x00007f01b8795030:   f3 0f 1e fa c5 f9 6e c6 48 89 f8 c4 e2 7d 78 c0
0x00007f01b8795040:   48 83 fa 20 0f 82 a4 00 00 00 48 83 fa 40 77 0e
0x00007f01b8795050:   c5 fe 7f 44 17 e0 c5 fe 7f 07 c5 f8 77 c3 48 81
0x00007f01b8795060:   fa 00 08 00 00 77 9d 48 81 fa 80 00 00 00 77 19
0x00007f01b8795070:   c5 fe 7f 07 c5 fe 7f 47 20 c5 fe 7f 44 17 e0 c5
0x00007f01b8795080:   fe 7f 44 17 c0 c5 f8 77 c3 48 8d 8f 80 00 00 00
0x00007f01b8795090:   c5 fe 7f 07 48 83 e1 80 c5 fe 7f 44 17 e0 c5 fe
0x00007f01b87950a0:   7f 47 20 c5 fe 7f 44 17 c0 c5 fe 7f 47 40 c5 fe
0x00007f01b87950b0:   7f 44 17 a0 c5 fe 7f 47 60 c5 fe 7f 44 17 80 48
0x00007f01b87950c0:   01 fa 48 83 e2 80 48 39 d1 74 ba c5 fd 7f 01 c5
0x00007f01b87950d0:   fd 7f 41 20 c5 fd 7f 41 40 c5 fd 7f 41 60 48 81
0x00007f01b87950e0:   c1 80 00 00 00 48 39 ca 75 e1 c5 f8 77 c3 80 fa
0x00007f01b87950f0:   10 73 1c c4 e1 f9 7e c1 80 fa 08 73 20 80 fa 04
0x00007f01b8795100:   73 27 80 fa 01 77 2c 72 02 88 0f c5 f8 77 c3 c5
0x00007f01b8795110:   fa 7f 44 17 f0 c5 fa 7f 07 c5 f8 77 c3 48 89 4c
0x00007f01b8795120:   17 f8 48 89 0f c5 f8 77 c3 89 4c 17 fc 89 0f c5
0x00007f01b8795130:   f8 77 c3 66 89 4c 17 fe 66 89 0f c5 f8 77 c3 90
0x00007f01b8795140:   f3 0f 1e fa 48 c1 e2 02 48 83 fa 20 0f 82 3e 01
0x00007f01b8795150:   00 00 c5 fe 6f 16 c5 ed 76 17 c5 fd d7 c2 83 e8
0x00007f01b8795160:   ff 0f 85 e9 00 00 00 48 83 fa 40 0f 86 c0 00 00
0x00007f01b8795170:   00 c5 fd 76 c0 48 81 fa 00 01 00 00 0f 87 9e 01
0x00007f01b8795180:   00 00 48 81 fa 80 00 00 00 0f 82 28 02 00 00 c5 


Stack slot to memory mapping:
stack at sp + 0 slots: 0x00007f01b4a8fe8d: Java_com_sun_jna_Native_setMemory+0x00000000000000bd in /root/.cache/JNA/temp/jna8092103267992246554.tmp at 0x00007f01b4a89000
stack at sp + 1 slots: {method} {0x00007f01b6799628} 'setMemory' '(Lcom/sun/jna/Pointer;JJJB)V' in 'com/sun/jna/Native'
stack at sp + 2 slots: 0x00007f01b0028b10 points into unknown readable memory: 80 48 58 b8 01 7f 00 00
stack at sp + 3 slots: 0x0 is NULL
stack at sp + 4 slots: 0x0000000000019000 is an unknown value
stack at sp + 5 slots: 0x0 is NULL
stack at sp + 6 slots: 0x0 is NULL
stack at sp + 7 slots: 0x00007f01b9240860 is pointing into the stack for thread: 0x00007f01b0028800


---------------  P R O C E S S  ---------------

Threads class SMR info:
_java_thread_list=0x00007f01b01d8a40, length=12, elements={
0x00007f01b0028800, 0x00007f01b00a2000, 0x00007f01b00a3800, 0x00007f01b00ad000,
0x00007f01b00af000, 0x00007f01b00b1000, 0x00007f01b00b3000, 0x00007f01b00b5000,
0x00007f01b00ef800, 0x00007f01b00f4800, 0x00007f01b0188800, 0x00007f01b01d7800
}

Java Threads: ( => current thread )
=>0x00007f01b0028800 JavaThread "main" [_thread_in_native, id=114, stack(0x00007f01b9143000,0x00007f01b9244000)]
  0x00007f01b00a2000 JavaThread "Reference Handler" daemon [_thread_blocked, id=120, stack(0x00007f01b5ed6000,0x00007f01b5fd7000)]
  0x00007f01b00a3800 JavaThread "Finalizer" daemon [_thread_blocked, id=123, stack(0x00007f01b5dd5000,0x00007f01b5ed6000)]
  0x00007f01b00ad000 JavaThread "Signal Dispatcher" daemon [_thread_blocked, id=125, stack(0x00007f01b55e0000,0x00007f01b56e1000)]
  0x00007f01b00af000 JavaThread "Service Thread" daemon [_thread_blocked, id=128, stack(0x00007f01b54df000,0x00007f01b55e0000)]
  0x00007f01b00b1000 JavaThread "C2 CompilerThread0" daemon [_thread_blocked, id=130, stack(0x00007f01b53de000,0x00007f01b54df000)]
  0x00007f01b00b3000 JavaThread "C1 CompilerThread0" daemon [_thread_blocked, id=133, stack(0x00007f01b52dd000,0x00007f01b53de000)]
  0x00007f01b00b5000 JavaThread "Sweeper thread" daemon [_thread_blocked, id=138, stack(0x00007f01b51dc000,0x00007f01b52dd000)]
  0x00007f01b00ef800 JavaThread "Notification Thread" daemon [_thread_blocked, id=140, stack(0x00007f01b50db000,0x00007f01b51dc000)]
  0x00007f01b00f4800 JavaThread "Common-Cleaner" daemon [_thread_blocked, id=146, stack(0x00007f01b4ed8000,0x00007f01b4fd9000)]
  0x00007f01b0188800 JavaThread "surefire-forkedjvm-command-thread" daemon [_thread_in_native, id=150, stack(0x00007f01b4dc0000,0x00007f01b4ec1000)]
  0x00007f01b01d7800 JavaThread "surefire-forkedjvm-ping-30s" daemon [_thread_blocked, id=153, stack(0x00007f01b4cb2000,0x00007f01b4db3000)]

Other Threads:
  0x00007f01b009e800 VMThread "VM Thread" [stack: 0x00007f01b5fd9000,0x00007f01b60d9000] [id=117]
  0x00007f01b00f2000 WatcherThread [stack: 0x00007f01b4fdb000,0x00007f01b50db000] [id=141]

Threads with active compile tasks:

VM state:not at safepoint (normal execution)

VM Mutex/Monitor currently owned by a thread: None

Heap address: 0x00000000e0c00000, size: 500 MB, Compressed Oops mode: 32-bit
Narrow klass base: 0x0000000800000000, Narrow klass shift: 3
Compressed class space size: 1073741824 Address: 0x0000000800b11000

Heap:
 def new generation   total 9792K, used 7590K [0x00000000e0c00000, 0x00000000e16a0000, 0x00000000eb2a0000)
  eden space 8704K,  74% used [0x00000000e0c00000, 0x00000000e1259a00, 0x00000000e1480000)
  from space 1088K, 100% used [0x00000000e1590000, 0x00000000e16a0000, 0x00000000e16a0000)
  to   space 1088K,   0% used [0x00000000e1480000, 0x00000000e1480000, 0x00000000e1590000)
 tenured generation   total 21888K, used 1321K [0x00000000eb2a0000, 0x00000000ec800000, 0x0000000100000000)
   the space 21888K,   6% used [0x00000000eb2a0000, 0x00000000eb3ea690, 0x00000000eb3ea800, 0x00000000ec800000)
 Metaspace       used 4992K, capacity 7071K, committed 7296K, reserved 1056768K
  class space    used 637K, capacity 881K, committed 896K, reserved 1048576K

Card table byte_map: [0x00007f01b6a5c000,0x00007f01b6b57000] _byte_map_base: 0x00007f01b6356000

Polling page: 0x00007f01b9259000

Metaspace:

Usage:
  Non-class:      6.04 MB capacity,     4.25 MB ( 70%) used,     1.76 MB ( 29%) free+waste,    30.81 KB ( <1%) overhead. 
      Class:    881.00 KB capacity,   637.47 KB ( 72%) used,   226.47 KB ( 26%) free+waste,    17.06 KB (  2%) overhead. 
       Both:      6.91 MB capacity,     4.88 MB ( 71%) used,     1.98 MB ( 29%) free+waste,    47.88 KB ( <1%) overhead. 

Virtual space:
  Non-class space:        8.00 MB reserved,       6.25 MB ( 78%) committed 
      Class space:        1.00 GB reserved,     896.00 KB ( <1%) committed 
             Both:        1.01 GB reserved,       7.12 MB ( <1%) committed 

Chunk freelists:
   Non-Class:  62.00 KB
       Class:  11.00 KB
        Both:  73.00 KB

MaxMetaspaceSize: unlimited
CompressedClassSpaceSize: 1.00 GB

CodeHeap 'non-profiled nmethods': size=120036Kb used=270Kb max_used=270Kb free=119765Kb
 bounds [0x00007f01a019c000, 0x00007f01a040c000, 0x00007f01a76d5000]
CodeHeap 'profiled nmethods': size=120032Kb used=1585Kb max_used=1585Kb free=118446Kb
 bounds [0x00007f0198c64000, 0x00007f0198ed4000, 0x00007f01a019c000]
CodeHeap 'non-nmethods': size=5692Kb used=1156Kb max_used=1171Kb free=4535Kb
 bounds [0x00007f01986d5000, 0x00007f0198945000, 0x00007f0198c64000]
 total_blobs=1295 nmethods=879 adapters=332
 compilation: enabled
              stopped_count=0, restarted_count=0
 full_count=0

Compilation events (20 events):
Event: 10.134 Thread 0x00007f01b00b3000  876       3       java.util.zip.ZipEntry::<init> (74 bytes)
Event: 10.135 Thread 0x00007f01b00b3000 nmethod 876 0x00007f0198ded390 code [0x00007f0198ded580, 0x00007f0198dedaf0]
Event: 10.135 Thread 0x00007f01b00b3000  873       3       java.util.jar.JarFile$1::apply (13 bytes)
Event: 10.138 Thread 0x00007f01b00b3000 nmethod 873 0x00007f0198dedd10 code [0x00007f0198dedec0, 0x00007f0198dee1a0]
Event: 10.138 Thread 0x00007f01b00b3000  874       3       java.util.jar.JarFile$JarFileEntry::<init> (16 bytes)
Event: 10.138 Thread 0x00007f01b00b3000 nmethod 874 0x00007f0198dee310 code [0x00007f0198dee4c0, 0x00007f0198dee6c0]
Event: 10.141 Thread 0x00007f01b00b1000  877       4       java.lang.StringBuilder::<init> (7 bytes)
Event: 10.144 Thread 0x00007f01b00b1000 nmethod 877 0x00007f01a01df010 code [0x00007f01a01df180, 0x00007f01a01df298]
Event: 10.151 Thread 0x00007f01b00b3000  878   !   3       java.util.zip.ZipFile$ZipFileInflaterInputStream::close (67 bytes)
Event: 10.152 Thread 0x00007f01b00b3000 nmethod 878 0x00007f0198dee790 code [0x00007f0198dee980, 0x00007f0198def090]
Event: 10.158 Thread 0x00007f01b00b3000  879       3       java.util.ArrayDeque::add (7 bytes)
Event: 10.159 Thread 0x00007f01b00b3000 nmethod 879 0x00007f0198def390 code [0x00007f0198def520, 0x00007f0198def680]
Event: 10.166 Thread 0x00007f01b00b3000  880       3       java.util.zip.ZipFile$InflaterCleanupAction::run (12 bytes)
Event: 10.167 Thread 0x00007f01b00b3000 nmethod 880 0x00007f0198def710 code [0x00007f0198def8a0, 0x00007f0198defa00]
Event: 10.167 Thread 0x00007f01b00b3000  881   !   3       java.util.zip.Inflater::reset (64 bytes)
Event: 10.167 Thread 0x00007f01b00b3000 nmethod 881 0x00007f0198defb10 code [0x00007f0198defcc0, 0x00007f0198df00b0]
Event: 10.179 Thread 0x00007f01b00b1000  883       4       java.lang.Object::<init> (1 bytes)
Event: 10.180 Thread 0x00007f01b00b1000 nmethod 883 0x00007f01a01df710 code [0x00007f01a01df880, 0x00007f01a01df938]
Event: 10.185 Thread 0x00007f01b00b3000  884       3       sun.net.www.protocol.jar.Handler::checkNestedProtocol (18 bytes)
Event: 10.186 Thread 0x00007f01b00b3000 nmethod 884 0x00007f0198df0290 code [0x00007f0198df0440, 0x00007f0198df0620]

GC Heap History (2 events):
Event: 5.704 GC heap before
{Heap before GC invocations=0 (full 0):
 def new generation   total 9792K, used 8704K [0x00000000e0c00000, 0x00000000e16a0000, 0x00000000eb2a0000)
  eden space 8704K, 100% used [0x00000000e0c00000, 0x00000000e1480000, 0x00000000e1480000)
  from space 1088K,   0% used [0x00000000e1480000, 0x00000000e1480000, 0x00000000e1590000)
  to   space 1088K,   0% used [0x00000000e1590000, 0x00000000e1590000, 0x00000000e16a0000)
 tenured generation   total 21888K, used 0K [0x00000000eb2a0000, 0x00000000ec800000, 0x0000000100000000)
   the space 21888K,   0% used [0x00000000eb2a0000, 0x00000000eb2a0000, 0x00000000eb2a0200, 0x00000000ec800000)
 Metaspace       used 3047K, capacity 5805K, committed 6016K, reserved 1056768K
  class space    used 361K, capacity 627K, committed 640K, reserved 1048576K
}
Event: 5.793 GC heap after
{Heap after GC invocations=1 (full 0):
 def new generation   total 9792K, used 1088K [0x00000000e0c00000, 0x00000000e16a0000, 0x00000000eb2a0000)
  eden space 8704K,   0% used [0x00000000e0c00000, 0x00000000e0c00000, 0x00000000e1480000)
  from space 1088K, 100% used [0x00000000e1590000, 0x00000000e16a0000, 0x00000000e16a0000)
  to   space 1088K,   0% used [0x00000000e1480000, 0x00000000e1480000, 0x00000000e1590000)
 tenured generation   total 21888K, used 1321K [0x00000000eb2a0000, 0x00000000ec800000, 0x0000000100000000)
   the space 21888K,   6% used [0x00000000eb2a0000, 0x00000000eb3ea690, 0x00000000eb3ea800, 0x00000000ec800000)
 Metaspace       used 3047K, capacity 5805K, committed 6016K, reserved 1056768K
  class space    used 361K, capacity 627K, committed 640K, reserved 1048576K
}

Deoptimization events (16 events):
Event: 0.632 Thread 0x00007f01b0028800 Uncommon trap: trap_request=0xffffff45 fr.pc=0x00007f01a01a0598 relative=0x00000000000001d8
Event: 0.632 Thread 0x00007f01b0028800 Uncommon trap: reason=unstable_if action=reinterpret pc=0x00007f01a01a0598 method=java.lang.String.hashCode()I @ 42 c2
Event: 0.632 Thread 0x00007f01b0028800 DEOPT PACKING pc=0x00007f01a01a0598 sp=0x00007f01b9241330
Event: 0.632 Thread 0x00007f01b0028800 DEOPT UNPACKING pc=0x00007f019871de25 sp=0x00007f01b92412e8 mode 2
Event: 2.512 Thread 0x00007f01b0028800 DEOPT PACKING pc=0x00007f0198cb6484 sp=0x00007f01b9240b90
Event: 2.513 Thread 0x00007f01b0028800 DEOPT UNPACKING pc=0x00007f019871e33a sp=0x00007f01b9240008 mode 0
Event: 2.799 Thread 0x00007f01b0028800 DEOPT PACKING pc=0x00007f0198cc1322 sp=0x00007f01b92411c0
Event: 2.799 Thread 0x00007f01b0028800 DEOPT UNPACKING pc=0x00007f019871e33a sp=0x00007f01b9240648 mode 0
Event: 3.948 Thread 0x00007f01b0028800 Uncommon trap: trap_request=0xffffff45 fr.pc=0x00007f01a01a2068 relative=0x0000000000000068
Event: 3.948 Thread 0x00007f01b0028800 Uncommon trap: reason=unstable_if action=reinterpret pc=0x00007f01a01a2068 method=java.lang.String.isLatin1()Z @ 10 c2
Event: 3.948 Thread 0x00007f01b0028800 DEOPT PACKING pc=0x00007f01a01a2068 sp=0x00007f01b92418d0
Event: 3.948 Thread 0x00007f01b0028800 DEOPT UNPACKING pc=0x00007f019871de25 sp=0x00007f01b9241880 mode 2
Event: 6.052 Thread 0x00007f01b0028800 DEOPT PACKING pc=0x00007f0198cca4e8 sp=0x00007f01b9240f60
Event: 6.052 Thread 0x00007f01b0028800 DEOPT UNPACKING pc=0x00007f019871e33a sp=0x00007f01b92403d0 mode 0
Event: 9.484 Thread 0x00007f01b0028800 DEOPT PACKING pc=0x00007f0198cc64c5 sp=0x00007f01b923f9a0
Event: 9.485 Thread 0x00007f01b0028800 DEOPT UNPACKING pc=0x00007f019871e33a sp=0x00007f01b923ee20 mode 0

Classes unloaded (0 events):
No events

Classes redefined (0 events):
No events

Internal exceptions (17 events):
Event: 1.373 Thread 0x00007f01b0028800 Exception <a 'java/lang/NoSuchMethodError'{0x00000000e0dc59d8}: 'java.lang.Object java.lang.invoke.DirectMethodHandle$Holder.invokeStaticInit(java.lang.Object, java.lang.Object, java.lang.Object)'> (0x00000000e0dc59d8) 
thrown [open/src/hotspot/share/interpreter/linkResolver.cpp, line 766]
Event: 3.603 Thread 0x00007f01b0028800 Exception <a 'java/lang/NoSuchMethodError'{0x00000000e1209430}: 'int java.lang.invoke.DirectMethodHandle$Holder.invokeVirtual(java.lang.Object, java.lang.Object)'> (0x00000000e1209430) 
thrown [open/src/hotspot/share/interpreter/linkResolver.cpp, line 766]
Event: 4.004 Thread 0x00007f01b0028800 Exception <a 'java/lang/NoSuchMethodError'{0x00000000e12808b8}: 'java.lang.Object java.lang.invoke.DirectMethodHandle$Holder.invokeStaticInit(java.lang.Object, int)'> (0x00000000e12808b8) 
thrown [open/src/hotspot/share/interpreter/linkResolver.cpp, line 766]
Event: 4.253 Thread 0x00007f01b0028800 Exception <a 'java/lang/NoSuchMethodError'{0x00000000e12d4648}: 'int java.lang.invoke.DirectMethodHandle$Holder.invokeSpecialIFC(java.lang.Object, java.lang.Object, java.lang.Object, java.lang.Object)'> (0x00000000e12d4648) 
thrown [open/src/hotspot/share/interpreter/linkResolver.cpp, line 766]
Event: 4.809 Thread 0x00007f01b0028800 Exception <a 'java/lang/NoSuchMethodError'{0x00000000e1346010}: 'void java.lang.invoke.DirectMethodHandle$Holder.invokeStatic(java.lang.Object, java.lang.Object, java.lang.Object, java.lang.Object)'> (0x00000000e1346010) 
thrown [open/src/hotspot/share/interpreter/linkResolver.cpp, line 766]
Event: 4.925 Thread 0x00007f01b0028800 Exception <a 'java/lang/NoSuchMethodError'{0x00000000e137ad28}: 'int java.lang.invoke.DirectMethodHandle$Holder.invokeSpecialIFC(java.lang.Object, java.lang.Object, int)'> (0x00000000e137ad28) 
thrown [open/src/hotspot/share/interpreter/linkResolver.cpp, line 766]
Event: 4.993 Thread 0x00007f01b0028800 Exception <a 'java/lang/NoSuchMethodError'{0x00000000e139e938}: 'void java.lang.invoke.DirectMethodHandle$Holder.invokeStaticInit(java.lang.Object, java.lang.Object, java.lang.Object)'> (0x00000000e139e938) 
thrown [open/src/hotspot/share/interpreter/linkResolver.cpp, line 766]
Event: 5.012 Thread 0x00007f01b0028800 Exception <a 'java/lang/NoSuchMethodError'{0x00000000e13a8b18}: 'void java.lang.invoke.DirectMethodHandle$Holder.invokeSpecial(java.lang.Object, java.lang.Object, java.lang.Object, java.lang.Object, java.lang.Object)'> (0x00000000e13a8b18) 
thrown [open/src/hotspot/share/interpreter/linkResolver.cpp, line 766]
Event: 5.041 Thread 0x00007f01b0028800 Exception <a 'java/lang/IncompatibleClassChangeError'{0x00000000e13b69e8}: Found class java.lang.Object, but interface was expected> (0x00000000e13b69e8) 
thrown [open/src/hotspot/share/interpreter/linkResolver.cpp, line 832]
Event: 5.141 Thread 0x00007f01b0028800 Exception <a 'java/lang/NoSuchMethodError'{0x00000000e13ebf18}: 'int java.lang.invoke.DirectMethodHandle$Holder.invokeStaticInit(java.lang.Object, java.lang.Object)'> (0x00000000e13ebf18) 
thrown [open/src/hotspot/share/interpreter/linkResolver.cpp, line 766]
Event: 5.852 Thread 0x00007f01b0028800 Exception <a 'java/lang/NoSuchMethodError'{0x00000000e0c24ce8}: 'java.lang.Object java.lang.invoke.DirectMethodHandle$Holder.invokeSpecialIFC(java.lang.Object, java.lang.Object, java.lang.Object, java.lang.Object)'> (0x00000000e0c24ce8) 
thrown [open/src/hotspot/share/interpreter/linkResolver.cpp, line 766]
Event: 6.079 Thread 0x00007f01b0028800 Exception <a 'java/lang/NoSuchMethodError'{0x00000000e0c8faf8}: 'void java.lang.invoke.DirectMethodHandle$Holder.invokeSpecial(java.lang.Object, java.lang.Object, java.lang.Object, java.lang.Object)'> (0x00000000e0c8faf8) 
thrown [open/src/hotspot/share/interpreter/linkResolver.cpp, line 766]
Event: 6.396 Thread 0x00007f01b0028800 Exception <a 'java/lang/NoSuchMethodError'{0x00000000e0cfcd80}: 'int java.lang.invoke.DirectMethodHandle$Holder.invokeVirtual(java.lang.Object, java.lang.Object, java.lang.Object)'> (0x00000000e0cfcd80) 
thrown [open/src/hotspot/share/interpreter/linkResolver.cpp, line 766]
Event: 6.442 Thread 0x00007f01b0028800 Exception <a 'java/lang/NoSuchMethodError'{0x00000000e0d15098}: 'void java.lang.invoke.DirectMethodHandle$Holder.invokeInterface(java.lang.Object, java.lang.Object)'> (0x00000000e0d15098) 
thrown [open/src/hotspot/share/interpreter/linkResolver.cpp, line 766]
Event: 6.449 Thread 0x00007f01b0028800 Exception <a 'java/lang/IncompatibleClassChangeError'{0x00000000e0d17a88}: Found class java.lang.Object, but interface was expected> (0x00000000e0d17a88) 
thrown [open/src/hotspot/share/interpreter/linkResolver.cpp, line 832]
Event: 8.061 Thread 0x00007f01b0028800 Exception <a 'java/lang/NoSuchMethodError'{0x00000000e0f73890}: 'int java.lang.invoke.DirectMethodHandle$Holder.invokeStatic(java.lang.Object, java.lang.Object, java.lang.Object, java.lang.Object, java.lang.Object)'> (0x00000000e0f73890) 
thrown [open/src/hotspot/share/interpreter/linkResolver.cpp, line 766]
Event: 8.061 Thread 0x00007f01b0028800 Exception <a 'java/lang/NoSuchMethodError'{0x00000000e0f76c98}: 'java.lang.Object java.lang.invoke.Invokers$Holder.invokeExact_MT(java.lang.Object, java.lang.Object, java.lang.Object, java.lang.Object, java.lang.Object, java.lang.Object)'> (0x00000000e0f76c98) 
thrown [open/src/hotspot/share/interpreter/linkResolver.cpp, line 766]

Events (20 events):
Event: 10.009 loading class sun/security/provider/ByteArrayAccess
Event: 10.009 loading class sun/security/provider/ByteArrayAccess done
Event: 10.010 loading class java/io/DeleteOnExitHook
Event: 10.010 loading class java/io/DeleteOnExitHook done
Event: 10.010 loading class java/io/DeleteOnExitHook$1
Event: 10.011 loading class java/io/DeleteOnExitHook$1 done
Event: 10.043 loading class java/io/FileOutputStream$1
Event: 10.043 loading class java/io/FileOutputStream$1 done
Event: 10.046 Loaded shared library /root/.cache/JNA/temp/jna8092103267992246554.tmp
Event: 10.046 loading class java/nio/ShortBuffer
Event: 10.048 loading class java/nio/ShortBuffer done
Event: 10.051 loading class java/nio/FloatBuffer
Event: 10.051 loading class java/nio/FloatBuffer done
Event: 10.054 loading class java/nio/DoubleBuffer
Event: 10.057 loading class java/nio/DoubleBuffer done
Event: 10.132 Executing VM operation: HandshakeAllThreads
Event: 10.132 Executing VM operation: HandshakeAllThreads done
Event: 10.168 Loaded shared library /usr/java/openjdk-14/lib/libzip.so
Event: 10.207 Executing VM operation: HandshakeAllThreads
Event: 10.210 Executing VM operation: HandshakeAllThreads done


Dynamic libraries:
e0c00000-e16a0000 rw-p 00000000 00:00 0 
e16a0000-eb2a0000 ---p 00000000 00:00 0 
eb2a0000-ec800000 rw-p 00000000 00:00 0 
ec800000-100000000 ---p 00000000 00:00 0 
800000000-800003000 rwxp 00001000 08:01 3160994                          /usr/java/openjdk-14/lib/server/classes.jsa
800003000-8003e4000 rw-p 00004000 08:01 3160994                          /usr/java/openjdk-14/lib/server/classes.jsa
8003e4000-800b10000 r--p 003e5000 08:01 3160994                          /usr/java/openjdk-14/lib/server/classes.jsa
800b10000-800b11000 rw-p 00b11000 08:01 3160994                          /usr/java/openjdk-14/lib/server/classes.jsa
800b11000-800bf1000 rw-p 00000000 00:00 0 
800bf1000-840b11000 ---p 00000000 00:00 0 
56394c07f000-56394c080000 r-xp 00000000 08:01 3160482                    /usr/java/openjdk-14/bin/java
56394c081000-56394c082000 r--p 00001000 08:01 3160482                    /usr/java/openjdk-14/bin/java
56394c082000-56394c083000 rw-p 00002000 08:01 3160482                    /usr/java/openjdk-14/bin/java
56394c563000-56394c584000 rw-p 00000000 00:00 0                          [heap]
7f017c000000-7f017c3ce000 rw-p 00000000 00:00 0 
7f017c3ce000-7f0180000000 ---p 00000000 00:00 0 
7f0180000000-7f01802f1000 rw-p 00000000 00:00 0 
7f01802f1000-7f0184000000 ---p 00000000 00:00 0 
7f0184000000-7f0184021000 rw-p 00000000 00:00 0 
7f0184021000-7f0188000000 ---p 00000000 00:00 0 
7f0188000000-7f0188021000 rw-p 00000000 00:00 0 
7f0188021000-7f018c000000 ---p 00000000 00:00 0 
7f018c000000-7f018c021000 rw-p 00000000 00:00 0 
7f018c021000-7f0190000000 ---p 00000000 00:00 0 
7f0190000000-7f0190021000 rw-p 00000000 00:00 0 
7f0190021000-7f0194000000 ---p 00000000 00:00 0 
7f0194000000-7f0194021000 rw-p 00000000 00:00 0 
7f0194021000-7f0198000000 ---p 00000000 00:00 0 
7f01986d5000-7f0198945000 rwxp 00000000 00:00 0 
7f0198945000-7f0198c64000 ---p 00000000 00:00 0 
7f0198c64000-7f0198ed4000 rwxp 00000000 00:00 0 
7f0198ed4000-7f01a019c000 ---p 00000000 00:00 0 
7f01a019c000-7f01a040c000 rwxp 00000000 00:00 0 
7f01a040c000-7f01a76d5000 ---p 00000000 00:00 0 
7f01a76d5000-7f01b0000000 r--s 00000000 08:01 3160985                    /usr/java/openjdk-14/lib/modules
7f01b0000000-7f01b04f4000 rw-p 00000000 00:00 0 
7f01b04f4000-7f01b4000000 ---p 00000000 00:00 0 
7f01b45cb000-7f01b4a89000 rw-p 00000000 00:00 0 
7f01b4a89000-7f01b4aa1000 r-xp 00000000 08:01 3163771                    /root/.cache/JNA/temp/jna8092103267992246554.tmp (deleted)
7f01b4aa1000-7f01b4ca1000 ---p 00018000 08:01 3163771                    /root/.cache/JNA/temp/jna8092103267992246554.tmp (deleted)
7f01b4ca1000-7f01b4ca2000 rw-p 00018000 08:01 3163771                    /root/.cache/JNA/temp/jna8092103267992246554.tmp (deleted)
7f01b4ca2000-7f01b4caf000 r-xp 00000000 08:01 3160983                    /usr/java/openjdk-14/lib/libverify.so
7f01b4caf000-7f01b4cb1000 r--p 0000c000 08:01 3160983                    /usr/java/openjdk-14/lib/libverify.so
7f01b4cb1000-7f01b4cb2000 rw-p 0000e000 08:01 3160983                    /usr/java/openjdk-14/lib/libverify.so
7f01b4cb2000-7f01b4cb6000 ---p 00000000 00:00 0 
7f01b4cb6000-7f01b4db3000 rw-p 00000000 00:00 0 
7f01b4db3000-7f01b4db8000 r-xp 00000000 08:01 3160973                    /usr/java/openjdk-14/lib/libmanagement_ext.so
7f01b4db8000-7f01b4db9000 r--p 00004000 08:01 3160973                    /usr/java/openjdk-14/lib/libmanagement_ext.so
7f01b4db9000-7f01b4dba000 rw-p 00005000 08:01 3160973                    /usr/java/openjdk-14/lib/libmanagement_ext.so
7f01b4dba000-7f01b4dbe000 r-xp 00000000 08:01 3160971                    /usr/java/openjdk-14/lib/libmanagement.so
7f01b4dbe000-7f01b4dbf000 r--p 00003000 08:01 3160971                    /usr/java/openjdk-14/lib/libmanagement.so
7f01b4dbf000-7f01b4dc0000 rw-p 00004000 08:01 3160971                    /usr/java/openjdk-14/lib/libmanagement.so
7f01b4dc0000-7f01b4dc4000 ---p 00000000 00:00 0 
7f01b4dc4000-7f01b4ec1000 rw-p 00000000 00:00 0 
7f01b4ec1000-7f01b4ed6000 r-xp 00000000 08:01 3160975                    /usr/java/openjdk-14/lib/libnet.so
7f01b4ed6000-7f01b4ed7000 r--p 00014000 08:01 3160975                    /usr/java/openjdk-14/lib/libnet.so
7f01b4ed7000-7f01b4ed8000 rw-p 00015000 08:01 3160975                    /usr/java/openjdk-14/lib/libnet.so
7f01b4ed8000-7f01b4edc000 ---p 00000000 00:00 0 
7f01b4edc000-7f01b4fd9000 rw-p 00000000 00:00 0 
7f01b4fd9000-7f01b4fda000 ---p 00000000 00:00 0 
7f01b4fda000-7f01b50db000 rw-p 00000000 00:00 0 
7f01b50db000-7f01b50df000 ---p 00000000 00:00 0 
7f01b50df000-7f01b51dc000 rw-p 00000000 00:00 0 
7f01b51dc000-7f01b51e0000 ---p 00000000 00:00 0 
7f01b51e0000-7f01b52dd000 rw-p 00000000 00:00 0 
7f01b52dd000-7f01b52e1000 ---p 00000000 00:00 0 
7f01b52e1000-7f01b53de000 rw-p 00000000 00:00 0 
7f01b53de000-7f01b53e2000 ---p 00000000 00:00 0 
7f01b53e2000-7f01b54df000 rw-p 00000000 00:00 0 
7f01b54df000-7f01b54e3000 ---p 00000000 00:00 0 
7f01b54e3000-7f01b55e0000 rw-p 00000000 00:00 0 
7f01b55e0000-7f01b55e4000 ---p 00000000 00:00 0 
7f01b55e4000-7f01b56e1000 rw-p 00000000 00:00 0 
7f01b56e1000-7f01b5734000 r--p 00000000 08:01 3154692                    /usr/lib/locale/C.utf8/LC_CTYPE
7f01b5734000-7f01b5dd5000 r--p 00000000 08:01 3154691                    /usr/lib/locale/C.utf8/LC_COLLATE
7f01b5dd5000-7f01b5dd9000 ---p 00000000 00:00 0 
7f01b5dd9000-7f01b5ed6000 rw-p 00000000 00:00 0 
7f01b5ed6000-7f01b5eda000 ---p 00000000 00:00 0 
7f01b5eda000-7f01b5fd7000 rw-p 00000000 00:00 0 
7f01b5fd7000-7f01b5fd8000 ---p 00000000 00:00 0 
7f01b5fd8000-7f01b67f5000 rw-p 00000000 00:00 0 
7f01b67f5000-7f01b69b5000 ---p 00000000 00:00 0 
7f01b69b5000-7f01b69c0000 rw-p 00000000 00:00 0 
7f01b69c0000-7f01b6a5c000 ---p 00000000 00:00 0 
7f01b6a5c000-7f01b6a62000 rw-p 00000000 00:00 0 
7f01b6a62000-7f01b6aaf000 ---p 00000000 00:00 0 
7f01b6aaf000-7f01b6aba000 rw-p 00000000 00:00 0 
7f01b6aba000-7f01b6b56000 ---p 00000000 00:00 0 
7f01b6b56000-7f01b6b5c000 rw-p 00000000 00:00 0 
7f01b6b5c000-7f01b6c42000 ---p 00000000 00:00 0 
7f01b6c42000-7f01b6c47000 rw-p 00000000 00:00 0 
7f01b6c47000-7f01b6d2d000 ---p 00000000 00:00 0 
7f01b6d2d000-7f01b6d38000 r-xp 00000000 08:01 3155554                    /usr/lib64/libnss_files-2.28.so
7f01b6d38000-7f01b6f37000 ---p 0000b000 08:01 3155554                    /usr/lib64/libnss_files-2.28.so
7f01b6f37000-7f01b6f38000 r--p 0000a000 08:01 3155554                    /usr/lib64/libnss_files-2.28.so
7f01b6f38000-7f01b6f39000 rw-p 0000b000 08:01 3155554                    /usr/lib64/libnss_files-2.28.so
7f01b6f39000-7f01b6f3f000 rw-p 00000000 00:00 0 
7f01b6f3f000-7f01b6f46000 r-xp 00000000 08:01 3155596                    /usr/lib64/librt-2.28.so
7f01b6f46000-7f01b7146000 ---p 00007000 08:01 3155596                    /usr/lib64/librt-2.28.so
7f01b7146000-7f01b7147000 r--p 00007000 08:01 3155596                    /usr/lib64/librt-2.28.so
7f01b7147000-7f01b7148000 rw-p 00008000 08:01 3155596                    /usr/lib64/librt-2.28.so
7f01b7148000-7f01b72c9000 r-xp 00000000 08:01 3155521                    /usr/lib64/libm-2.28.so
7f01b72c9000-7f01b74c8000 ---p 00181000 08:01 3155521                    /usr/lib64/libm-2.28.so
7f01b74c8000-7f01b74c9000 r--p 00180000 08:01 3155521                    /usr/lib64/libm-2.28.so
7f01b74c9000-7f01b74ca000 rw-p 00181000 08:01 3155521                    /usr/lib64/libm-2.28.so
7f01b74ca000-7f01b84d9000 r-xp 00000000 08:01 3160996                    /usr/java/openjdk-14/lib/server/libjvm.so
7f01b84d9000-7f01b84da000 ---p 0100f000 08:01 3160996                    /usr/java/openjdk-14/lib/server/libjvm.so
7f01b84da000-7f01b857e000 r--p 0100f000 08:01 3160996                    /usr/java/openjdk-14/lib/server/libjvm.so
7f01b857e000-7f01b85b6000 rw-p 010b3000 08:01 3160996                    /usr/java/openjdk-14/lib/server/libjvm.so
7f01b85b6000-7f01b8637000 rw-p 00000000 00:00 0 
7f01b8637000-7f01b87f0000 r-xp 00000000 08:01 3155424                    /usr/lib64/libc-2.28.so
7f01b87f0000-7f01b89ef000 ---p 001b9000 08:01 3155424                    /usr/lib64/libc-2.28.so
7f01b89ef000-7f01b89f3000 r--p 001b8000 08:01 3155424                    /usr/lib64/libc-2.28.so
7f01b89f3000-7f01b89f5000 rw-p 001bc000 08:01 3155424                    /usr/lib64/libc-2.28.so
7f01b89f5000-7f01b89f9000 rw-p 00000000 00:00 0 
7f01b89f9000-7f01b89fc000 r-xp 00000000 08:01 3155440                    /usr/lib64/libdl-2.28.so
7f01b89fc000-7f01b8bfb000 ---p 00003000 08:01 3155440                    /usr/lib64/libdl-2.28.so
7f01b8bfb000-7f01b8bfc000 r--p 00002000 08:01 3155440                    /usr/lib64/libdl-2.28.so
7f01b8bfc000-7f01b8bfd000 rw-p 00003000 08:01 3155440                    /usr/lib64/libdl-2.28.so
7f01b8bfd000-7f01b8c18000 r-xp 00000000 08:01 3155583                    /usr/lib64/libpthread-2.28.so
7f01b8c18000-7f01b8e17000 ---p 0001b000 08:01 3155583                    /usr/lib64/libpthread-2.28.so
7f01b8e17000-7f01b8e18000 r--p 0001a000 08:01 3155583                    /usr/lib64/libpthread-2.28.so
7f01b8e18000-7f01b8e19000 rw-p 0001b000 08:01 3155583                    /usr/lib64/libpthread-2.28.so
7f01b8e19000-7f01b8e1d000 rw-p 00000000 00:00 0 
7f01b8e1d000-7f01b8e33000 r-xp 00000000 08:01 3155650                    /usr/lib64/libz.so.1.2.11
7f01b8e33000-7f01b9032000 ---p 00016000 08:01 3155650                    /usr/lib64/libz.so.1.2.11
7f01b9032000-7f01b9033000 r--p 00015000 08:01 3155650                    /usr/lib64/libz.so.1.2.11
7f01b9033000-7f01b9034000 rw-p 00000000 00:00 0 
7f01b9034000-7f01b905d000 r-xp 00000000 08:01 3155395                    /usr/lib64/ld-2.28.so
7f01b9061000-7f01b9072000 r-xp 00000000 08:01 3160976                    /usr/java/openjdk-14/lib/libnio.so
7f01b9072000-7f01b9073000 ---p 00011000 08:01 3160976                    /usr/java/openjdk-14/lib/libnio.so
7f01b9073000-7f01b9074000 r--p 00011000 08:01 3160976                    /usr/java/openjdk-14/lib/libnio.so
7f01b9074000-7f01b9075000 rw-p 00012000 08:01 3160976                    /usr/java/openjdk-14/lib/libnio.so
7f01b9075000-7f01b9076000 r--p 00000000 08:01 3154699                    /usr/lib/locale/C.utf8/LC_NUMERIC
7f01b9076000-7f01b9077000 r--p 00000000 08:01 3154702                    /usr/lib/locale/C.utf8/LC_TIME
7f01b9077000-7f01b9078000 r--p 00000000 08:01 3154697                    /usr/lib/locale/C.utf8/LC_MONETARY
7f01b9078000-7f01b9079000 r--p 00000000 08:01 3154696                    /usr/lib/locale/C.utf8/LC_MESSAGES/SYS_LC_MESSAGES
7f01b9079000-7f01b907a000 r--p 00000000 08:01 3154700                    /usr/lib/locale/C.utf8/LC_PAPER
7f01b907a000-7f01b907b000 r--p 00000000 08:01 3154698                    /usr/lib/locale/C.utf8/LC_NAME
7f01b907b000-7f01b907c000 r--p 00000000 08:01 3154690                    /usr/lib/locale/C.utf8/LC_ADDRESS
7f01b907c000-7f01b907d000 r--p 00000000 08:01 3154701                    /usr/lib/locale/C.utf8/LC_TELEPHONE
7f01b907d000-7f01b907e000 r--p 00000000 08:01 3154694                    /usr/lib/locale/C.utf8/LC_MEASUREMENT
7f01b907e000-7f01b9085000 r--s 00000000 08:01 3155357                    /usr/lib64/gconv/gconv-modules.cache
7f01b9085000-7f01b9086000 r--p 00000000 08:01 3154693                    /usr/lib/locale/C.utf8/LC_IDENTIFICATION
7f01b9086000-7f01b90a0000 r--p 00000000 08:01 3154703                    /usr/lib/locale/locale-archive
7f01b90a0000-7f01b90e6000 rw-p 00000000 00:00 0 
7f01b90e6000-7f01b90ed000 ---p 00000000 00:00 0 
7f01b90ed000-7f01b90f4000 r-xp 00000000 08:01 3160984                    /usr/java/openjdk-14/lib/libzip.so
7f01b90f4000-7f01b90f5000 r--p 00006000 08:01 3160984                    /usr/java/openjdk-14/lib/libzip.so
7f01b90f5000-7f01b90f6000 rw-p 00007000 08:01 3160984                    /usr/java/openjdk-14/lib/libzip.so
7f01b90f6000-7f01b911a000 r-xp 00000000 08:01 3160962                    /usr/java/openjdk-14/lib/libjava.so
7f01b911a000-7f01b911b000 r--p 00023000 08:01 3160962                    /usr/java/openjdk-14/lib/libjava.so
7f01b911b000-7f01b911d000 rw-p 00024000 08:01 3160962                    /usr/java/openjdk-14/lib/libjava.so
7f01b911d000-7f01b9125000 rw-s 00000000 08:01 3163742                    /tmp/hsperfdata_root/98
7f01b9125000-7f01b9140000 r-xp 00000000 08:01 3160966                    /usr/java/openjdk-14/lib/libjimage.so
7f01b9140000-7f01b9142000 r--p 0001a000 08:01 3160966                    /usr/java/openjdk-14/lib/libjimage.so
7f01b9142000-7f01b9143000 rw-p 0001c000 08:01 3160966                    /usr/java/openjdk-14/lib/libjimage.so
7f01b9143000-7f01b9147000 ---p 00000000 00:00 0 
7f01b9147000-7f01b9246000 rw-p 00000000 00:00 0 
7f01b9246000-7f01b9254000 r-xp 00000000 08:01 3160967                    /usr/java/openjdk-14/lib/libjli.so
7f01b9254000-7f01b9255000 ---p 0000e000 08:01 3160967                    /usr/java/openjdk-14/lib/libjli.so
7f01b9255000-7f01b9256000 r--p 0000e000 08:01 3160967                    /usr/java/openjdk-14/lib/libjli.so
7f01b9256000-7f01b9257000 rw-p 0000f000 08:01 3160967                    /usr/java/openjdk-14/lib/libjli.so
7f01b9257000-7f01b9259000 rw-p 00000000 00:00 0 
7f01b9259000-7f01b925a000 ---p 00000000 00:00 0 
7f01b925a000-7f01b925b000 r--p 00000000 00:00 0 
7f01b925b000-7f01b925c000 ---p 00000000 00:00 0 
7f01b925c000-7f01b925d000 r--p 00028000 08:01 3155395                    /usr/lib64/ld-2.28.so
7f01b925d000-7f01b925e000 rw-p 00029000 08:01 3155395                    /usr/lib64/ld-2.28.so
7f01b925e000-7f01b925f000 rw-p 00000000 00:00 0 
7fff92d75000-7fff92d96000 rw-p 00000000 00:00 0                          [stack]
7fff92da2000-7fff92da5000 r--p 00000000 00:00 0                          [vvar]
7fff92da5000-7fff92da7000 r-xp 00000000 00:00 0                          [vdso]
ffffffffff600000-ffffffffff601000 r-xp 00000000 00:00 0                  [vsyscall]


VM Arguments:
java_command: /project/java-native/target/surefire/surefirebooter255261521587421006.jar /project/java-native/target/surefire 2020-10-01T00-29-55_633-jvmRun3 surefire15563279322398545368tmp surefire_13579138375161683305tmp
java_class_path (initial): /project/java-native/target/surefire/surefirebooter255261521587421006.jar
Launcher Type: SUN_STANDARD

[Global flags]
     intx CICompilerCount                          = 2                                         {product} {ergonomic}
   size_t InitialHeapSize                          = 33554432                                  {product} {ergonomic}
   size_t MaxHeapSize                              = 524288000                                 {product} {ergonomic}
   size_t MaxNewSize                               = 174718976                                 {product} {ergonomic}
   size_t MinHeapDeltaBytes                        = 196608                                    {product} {ergonomic}
   size_t MinHeapSize                              = 8388608                                   {product} {ergonomic}
   size_t NewSize                                  = 11141120                                  {product} {ergonomic}
    uintx NonNMethodCodeHeapSize                   = 5826188                                {pd product} {ergonomic}
    uintx NonProfiledCodeHeapSize                  = 122916026                              {pd product} {ergonomic}
   size_t OldSize                                  = 22413312                                  {product} {ergonomic}
    uintx ProfiledCodeHeapSize                     = 122916026                              {pd product} {ergonomic}
    uintx ReservedCodeCacheSize                    = 251658240                              {pd product} {ergonomic}
     bool SegmentedCodeCache                       = true                                      {product} {ergonomic}
   size_t SoftMaxHeapSize                          = 524288000                              {manageable} {ergonomic}
     bool UseCompressedClassPointers               = true                                 {lp64_product} {ergonomic}
     bool UseCompressedOops                        = true                                 {lp64_product} {ergonomic}
     bool UseSerialGC                              = true                                      {product} {ergonomic}

Logging:
Log output configuration:
 #0: stdout all=warning uptime,level,tags
 #1: stderr all=off uptime,level,tags

Environment Variables:
JAVA_HOME=/usr/java/openjdk-14
PATH=/usr/java/openjdk-14/bin:/usr/local/sbin:/usr/local/bin:/usr/sbin:/usr/bin:/sbin:/bin

Signal Handlers:
SIGSEGV: [libjvm.so+0xd30e60], sa_mask[0]=11111111011111111101111111111110, sa_flags=SA_RESTART|SA_SIGINFO
SIGBUS: [libjvm.so+0xd30e60], sa_mask[0]=11111111011111111101111111111110, sa_flags=SA_RESTART|SA_SIGINFO
SIGFPE: [libjvm.so+0xd30e60], sa_mask[0]=11111111011111111101111111111110, sa_flags=SA_RESTART|SA_SIGINFO
SIGPIPE: [libjvm.so+0xb1bca0], sa_mask[0]=11111111011111111101111111111110, sa_flags=SA_RESTART|SA_SIGINFO
SIGXFSZ: [libjvm.so+0xb1bca0], sa_mask[0]=11111111011111111101111111111110, sa_flags=SA_RESTART|SA_SIGINFO
SIGILL: [libjvm.so+0xd30e60], sa_mask[0]=11111111011111111101111111111110, sa_flags=SA_RESTART|SA_SIGINFO
SIGUSR2: [libjvm.so+0xb1bb30], sa_mask[0]=00100000000000000000000000000000, sa_flags=SA_RESTART|SA_SIGINFO
SIGHUP: [libjvm.so+0xb1c2a0], sa_mask[0]=11111111011111111101111111111110, sa_flags=SA_RESTART|SA_SIGINFO
SIGINT: [libjvm.so+0xb1c2a0], sa_mask[0]=11111111011111111101111111111110, sa_flags=SA_RESTART|SA_SIGINFO
SIGTERM: [libjvm.so+0xb1c2a0], sa_mask[0]=11111111011111111101111111111110, sa_flags=SA_RESTART|SA_SIGINFO
SIGQUIT: [libjvm.so+0xb1c2a0], sa_mask[0]=11111111011111111101111111111110, sa_flags=SA_RESTART|SA_SIGINFO


---------------  S Y S T E M  ---------------

OS:Oracle Linux Server release 8.2
uname:Linux 4.14.154-boot2docker #1 SMP Thu Nov 14 19:19:08 UTC 2019 x86_64
OS uptime: 0 days 14:09 hours
libc:glibc 2.28 NPTL 2.28 
rlimit: STACK 8192k, CORE infinity, NPROC infinity, NOFILE 1048576, AS infinity, DATA infinity, FSIZE infinity
load average:3.31 1.71 0.93

/proc/meminfo:
MemTotal:        2045412 kB
MemFree:         1093300 kB
MemAvailable:    1371360 kB
Buffers:           84560 kB
Cached:           472628 kB
SwapCached:            0 kB
Active:           588744 kB
Inactive:         294936 kB
Active(anon):     402104 kB
Inactive(anon):   198736 kB
Active(file):     186640 kB
Inactive(file):    96200 kB
Unevictable:           0 kB
Mlocked:               0 kB
SwapTotal:       1415172 kB
SwapFree:        1415172 kB
Dirty:               676 kB
Writeback:             0 kB
AnonPages:        326512 kB
Mapped:           116960 kB
Shmem:            290620 kB
Slab:              42612 kB
SReclaimable:      27604 kB
SUnreclaim:        15008 kB
KernelStack:        4640 kB
PageTables:         2556 kB
NFS_Unstable:          0 kB
Bounce:                0 kB
WritebackTmp:          0 kB
CommitLimit:     2437876 kB
Committed_AS:    1765096 kB
VmallocTotal:   34359738367 kB
VmallocUsed:           0 kB
VmallocChunk:          0 kB
HugePages_Total:       0
HugePages_Free:        0
HugePages_Rsvd:        0
HugePages_Surp:        0
Hugepagesize:       2048 kB
DirectMap4k:       44992 kB
DirectMap2M:     2052096 kB


/proc/sys/kernel/threads-max (system-wide limit on the number of threads):
15537


/proc/sys/vm/max_map_count (maximum number of memory map areas a process may have):
65530


/proc/sys/kernel/pid_max (system-wide limit on number of process identifiers):
32768



container (cgroup) information:
container_type: cgroupv1
cpu_cpuset_cpus: 0
cpu_memory_nodes: 0
active_processor_count: 1
cpu_quota: no quota
cpu_period: 100000
cpu_shares: no shares
memory_limit_in_bytes: unlimited
memory_and_swap_limit_in_bytes: unlimited
memory_soft_limit_in_bytes: unlimited
memory_usage_in_bytes: 348696576
memory_max_usage_in_bytes: 387022848

KVM virtualization detected
Steal ticks since vm start: 0
Steal ticks percentage since vm start:  0.000

CPU:total 1 (initial active 1) (1 cores per cpu, 1 threads per core) family 6 model 69 stepping 1, cmov, cx8, fxsr, mmx, sse, sse2, sse3, ssse3, sse4.1, sse4.2, popcnt, avx, avx2, aes, clmul, lzcnt, tsc, tscinvbit
CPU Model and flags from /proc/cpuinfo:
model name	: Intel(R) Core(TM) i7-4500U CPU @ 1.80GHz
flags		: fpu vme de pse tsc msr pae mce cx8 apic sep mtrr pge mca cmov pat pse36 clflush mmx fxsr sse sse2 ht syscall nx rdtscp lm constant_tsc rep_good nopl xtopology nonstop_tsc cpuid tsc_known_freq pni pclmulqdq monitor ssse3 cx16 pcid sse4_1 sse4_2 movbe popcnt aes xsave avx rdrand hypervisor lahf_lm abm invpcid_single pti fsgsbase avx2 invpcid md_clear flush_l1d

Memory: 4k page, physical 2045412k(1093300k free), swap 1415172k(1415172k free)

vm_info: OpenJDK 64-Bit Server VM (14.0.2+12-46) for linux-amd64 JRE (14.0.2+12-46), built on Jul  8 2020 23:30:21 by "mach5one" with gcc 8.3.0

END.
