2017-03-24 23:46:41,100 [ERROR] from io.netty.util.concurrent.DefaultPromise.rejectedExecution in pool-153-thread-3 - Failed to submit a listener notification task. Event loop shut down?
java.util.concurrent.RejectedExecutionException: event executor terminated
	at io.netty.util.concurrent.SingleThreadEventExecutor.reject(SingleThreadEventExecutor.java:805) ~[netty-common-4.0.41.Final.jar:4.0.41.Final]
	at io.netty.util.concurrent.SingleThreadEventExecutor.offerTask(SingleThreadEventExecutor.java:345) ~[netty-common-4.0.41.Final.jar:4.0.41.Final]
	at io.netty.util.concurrent.SingleThreadEventExecutor.addTask(SingleThreadEventExecutor.java:338) ~[netty-common-4.0.41.Final.jar:4.0.41.Final]
	at io.netty.util.concurrent.SingleThreadEventExecutor.execute(SingleThreadEventExecutor.java:748) ~[netty-common-4.0.41.Final.jar:4.0.41.Final]
	at io.netty.util.concurrent.DefaultPromise.safeExecute(DefaultPromise.java:767) [netty-common-4.0.41.Final.jar:4.0.41.Final]
	at io.netty.util.concurrent.DefaultPromise.notifyListeners(DefaultPromise.java:435) [netty-common-4.0.41.Final.jar:4.0.41.Final]
	at io.netty.util.concurrent.DefaultPromise.setFailure(DefaultPromise.java:120) [netty-common-4.0.41.Final.jar:4.0.41.Final]
	at io.netty.channel.DefaultChannelPromise.setFailure(DefaultChannelPromise.java:87) [netty-transport-4.0.41.Final.jar:4.0.41.Final]
	at io.netty.channel.AbstractChannelHandlerContext.safeExecute(AbstractChannelHandlerContext.java:1005) [netty-transport-4.0.41.Final.jar:4.0.41.Final]
	at io.netty.channel.AbstractChannelHandlerContext.close(AbstractChannelHandlerContext.java:614) [netty-transport-4.0.41.Final.jar:4.0.41.Final]
	at io.netty.channel.AbstractChannelHandlerContext.close(AbstractChannelHandlerContext.java:469) [netty-transport-4.0.41.Final.jar:4.0.41.Final]
	at io.netty.channel.DefaultChannelPipeline.close(DefaultChannelPipeline.java:949) [netty-transport-4.0.41.Final.jar:4.0.41.Final]
	at io.netty.channel.AbstractChannel.close(AbstractChannel.java:194) [netty-transport-4.0.41.Final.jar:4.0.41.Final]
	at io.netty.channel.pool.SimpleChannelPool.close(SimpleChannelPool.java:345) [netty-transport-4.0.41.Final.jar:4.0.41.Final]
	at com.lightbend.lagom.gateway.ServiceGateway$$anonfun$1$$anonfun$apply$2$$anonfun$apply$3$$anonfun$apply$4.apply(ServiceGateway.scala:364) [lagom-service-locator_2.11-1.3.1.jar:1.3.1]
	at com.lightbend.lagom.gateway.ServiceGateway$$anonfun$1$$anonfun$apply$2$$anonfun$apply$3$$anonfun$apply$4.apply(ServiceGateway.scala:364) [lagom-service-locator_2.11-1.3.1.jar:1.3.1]
	at scala.collection.Iterator$class.foreach(Iterator.scala:742) [scala-library-2.11.7.jar:1.0.0-M1]
	at scala.collection.AbstractIterator.foreach(Iterator.scala:1194) [scala-library-2.11.7.jar:1.0.0-M1]
	at scala.collection.IterableLike$class.foreach(IterableLike.scala:72) [scala-library-2.11.7.jar:1.0.0-M1]
	at scala.collection.AbstractIterable.foreach(Iterable.scala:54) [scala-library-2.11.7.jar:1.0.0-M1]
	at com.lightbend.lagom.gateway.ServiceGateway$$anonfun$1$$anonfun$apply$2$$anonfun$apply$3.apply(ServiceGateway.scala:364) [lagom-service-locator_2.11-1.3.1.jar:1.3.1]
	at com.lightbend.lagom.gateway.ServiceGateway$$anonfun$1$$anonfun$apply$2$$anonfun$apply$3.apply(ServiceGateway.scala:361) [lagom-service-locator_2.11-1.3.1.jar:1.3.1]
	at scala.util.Success$$anonfun$map$1.apply(Try.scala:237) [scala-library-2.11.7.jar:1.0.0-M1]
	at scala.util.Try$.apply(Try.scala:192) [scala-library-2.11.7.jar:1.0.0-M1]
	at scala.util.Success.map(Try.scala:237) [scala-library-2.11.7.jar:1.0.0-M1]
	at scala.concurrent.Future$$anonfun$map$1.apply(Future.scala:235) [scala-library-2.11.7.jar:na]
	at scala.concurrent.Future$$anonfun$map$1.apply(Future.scala:235) [scala-library-2.11.7.jar:na]
	at scala.concurrent.impl.CallbackRunnable.run(Promise.scala:32) [scala-library-2.11.7.jar:na]
	at play.api.libs.iteratee.Execution$trampoline$.executeScheduled(Execution.scala:109) [play-iteratees_2.11-2.5.10.jar:2.5.10]
	at play.api.libs.iteratee.Execution$trampoline$.execute(Execution.scala:71) [play-iteratees_2.11-2.5.10.jar:2.5.10]
	at scala.concurrent.impl.CallbackRunnable.executeWithValue(Promise.scala:40) [scala-library-2.11.7.jar:na]
	at scala.concurrent.impl.Promise$KeptPromise.onComplete(Promise.scala:333) [scala-library-2.11.7.jar:na]
	at scala.concurrent.Future$class.flatMap(Future.scala:249) [scala-library-2.11.7.jar:na]
	at scala.concurrent.impl.Promise$KeptPromise.flatMap(Promise.scala:322) [scala-library-2.11.7.jar:na]
	at play.api.inject.DefaultApplicationLifecycle.clearHooks$1(ApplicationLifecycle.scala:93) [play_2.11-2.5.10.jar:2.5.10]
	at play.api.inject.DefaultApplicationLifecycle.stop(ApplicationLifecycle.scala:101) [play_2.11-2.5.10.jar:2.5.10]
	at play.api.DefaultApplication.stop(Application.scala:236) [play_2.11-2.5.10.jar:2.5.10]
	at play.api.Play$$anonfun$stop$1.apply(Play.scala:128) [play_2.11-2.5.10.jar:2.5.10]
	at play.utils.Threads$.withContextClassLoader(Threads.scala:21) [play_2.11-2.5.10.jar:2.5.10]
	at play.api.Play$.stop(Play.scala:126) [play_2.11-2.5.10.jar:2.5.10]
	at play.core.server.NettyServer$$anonfun$stop$1.apply(NettyServer.scala:247) [play-netty-server_2.11-2.5.10.jar:2.5.10]
	at play.core.server.NettyServer$$anonfun$stop$1.apply(NettyServer.scala:247) [play-netty-server_2.11-2.5.10.jar:2.5.10]
	at scala.Option.foreach(Option.scala:257) [scala-library-2.11.7.jar:1.0.0-M1]
	at play.core.server.NettyServer.stop(NettyServer.scala:247) [play-netty-server_2.11-2.5.10.jar:2.5.10]
	at com.lightbend.lagom.discovery.ServiceLocatorServer.close(ServiceLocatorServer.scala:67) [lagom-service-locator_2.11-1.3.1.jar:1.3.1]
	at com.lightbend.lagom.dev.Servers$ServiceLocator$.com$lightbend$lagom$dev$Servers$ServiceLocator$$stop(Servers.scala:129) [lagom-build-tool-support-1.3.1.jar:1.3.1]
	at com.lightbend.lagom.dev.Servers$ServiceLocator$.stop(Servers.scala:124) [lagom-build-tool-support-1.3.1.jar:1.3.1]
	at com.lightbend.lagom.dev.Servers$ServerContainer.tryStop(Servers.scala:75) [lagom-build-tool-support-1.3.1.jar:1.3.1]
	at com.lightbend.lagom.dev.Servers$$anonfun$1$$anonfun$apply$1.apply$mcV$sp(Servers.scala:29) [lagom-build-tool-support-1.3.1.jar:1.3.1]
	at com.lightbend.lagom.dev.Servers$$anonfun$1$$anonfun$apply$1.apply(Servers.scala:29) [lagom-build-tool-support-1.3.1.jar:1.3.1]
	at com.lightbend.lagom.dev.Servers$$anonfun$1$$anonfun$apply$1.apply(Servers.scala:29) [lagom-build-tool-support-1.3.1.jar:1.3.1]
	at scala.concurrent.impl.Future$PromiseCompletingRunnable.liftedTree1$1(Future.scala:24) [scala-library.jar:na]
	at scala.concurrent.impl.Future$PromiseCompletingRunnable.run(Future.scala:24) [scala-library.jar:na]
	at java.util.concurrent.ThreadPoolExecutor.runWorker(ThreadPoolExecutor.java:1142) [na:1.8.0_31]
	at java.util.concurrent.ThreadPoolExecutor$Worker.run(ThreadPoolExecutor.java:617) [na:1.8.0_31]
	at java.lang.Thread.run(Thread.java:745) [na:1.8.0_31]
2017-03-25 00:09:24,938 [ERROR] from io.netty.util.concurrent.DefaultPromise.rejectedExecution in pool-120-thread-1 - Failed to submit a listener notification task. Event loop shut down?
java.util.concurrent.RejectedExecutionException: event executor terminated
	at io.netty.util.concurrent.SingleThreadEventExecutor.reject(SingleThreadEventExecutor.java:805) ~[netty-common-4.0.41.Final.jar:4.0.41.Final]
	at io.netty.util.concurrent.SingleThreadEventExecutor.offerTask(SingleThreadEventExecutor.java:345) ~[netty-common-4.0.41.Final.jar:4.0.41.Final]
	at io.netty.util.concurrent.SingleThreadEventExecutor.addTask(SingleThreadEventExecutor.java:338) ~[netty-common-4.0.41.Final.jar:4.0.41.Final]
	at io.netty.util.concurrent.SingleThreadEventExecutor.execute(SingleThreadEventExecutor.java:748) ~[netty-common-4.0.41.Final.jar:4.0.41.Final]
	at io.netty.util.concurrent.DefaultPromise.safeExecute(DefaultPromise.java:767) [netty-common-4.0.41.Final.jar:4.0.41.Final]
	at io.netty.util.concurrent.DefaultPromise.notifyListeners(DefaultPromise.java:435) [netty-common-4.0.41.Final.jar:4.0.41.Final]
	at io.netty.util.concurrent.DefaultPromise.setFailure(DefaultPromise.java:120) [netty-common-4.0.41.Final.jar:4.0.41.Final]
	at io.netty.channel.DefaultChannelPromise.setFailure(DefaultChannelPromise.java:87) [netty-transport-4.0.41.Final.jar:4.0.41.Final]
	at io.netty.channel.AbstractChannelHandlerContext.safeExecute(AbstractChannelHandlerContext.java:1005) [netty-transport-4.0.41.Final.jar:4.0.41.Final]
	at io.netty.channel.AbstractChannelHandlerContext.close(AbstractChannelHandlerContext.java:614) [netty-transport-4.0.41.Final.jar:4.0.41.Final]
	at io.netty.channel.AbstractChannelHandlerContext.close(AbstractChannelHandlerContext.java:469) [netty-transport-4.0.41.Final.jar:4.0.41.Final]
	at io.netty.channel.DefaultChannelPipeline.close(DefaultChannelPipeline.java:949) [netty-transport-4.0.41.Final.jar:4.0.41.Final]
	at io.netty.channel.AbstractChannel.close(AbstractChannel.java:194) [netty-transport-4.0.41.Final.jar:4.0.41.Final]
	at io.netty.channel.pool.SimpleChannelPool.close(SimpleChannelPool.java:345) [netty-transport-4.0.41.Final.jar:4.0.41.Final]
	at com.lightbend.lagom.gateway.ServiceGateway$$anonfun$1$$anonfun$apply$2$$anonfun$apply$3$$anonfun$apply$4.apply(ServiceGateway.scala:364) [lagom-service-locator_2.11-1.3.1.jar:1.3.1]
	at com.lightbend.lagom.gateway.ServiceGateway$$anonfun$1$$anonfun$apply$2$$anonfun$apply$3$$anonfun$apply$4.apply(ServiceGateway.scala:364) [lagom-service-locator_2.11-1.3.1.jar:1.3.1]
	at scala.collection.Iterator$class.foreach(Iterator.scala:742) [scala-library-2.11.7.jar:1.0.0-M1]
	at scala.collection.AbstractIterator.foreach(Iterator.scala:1194) [scala-library-2.11.7.jar:1.0.0-M1]
	at scala.collection.IterableLike$class.foreach(IterableLike.scala:72) [scala-library-2.11.7.jar:1.0.0-M1]
	at scala.collection.AbstractIterable.foreach(Iterable.scala:54) [scala-library-2.11.7.jar:1.0.0-M1]
	at com.lightbend.lagom.gateway.ServiceGateway$$anonfun$1$$anonfun$apply$2$$anonfun$apply$3.apply(ServiceGateway.scala:364) [lagom-service-locator_2.11-1.3.1.jar:1.3.1]
	at com.lightbend.lagom.gateway.ServiceGateway$$anonfun$1$$anonfun$apply$2$$anonfun$apply$3.apply(ServiceGateway.scala:361) [lagom-service-locator_2.11-1.3.1.jar:1.3.1]
	at scala.util.Success$$anonfun$map$1.apply(Try.scala:237) [scala-library-2.11.7.jar:1.0.0-M1]
	at scala.util.Try$.apply(Try.scala:192) [scala-library-2.11.7.jar:1.0.0-M1]
	at scala.util.Success.map(Try.scala:237) [scala-library-2.11.7.jar:1.0.0-M1]
	at scala.concurrent.Future$$anonfun$map$1.apply(Future.scala:235) [scala-library-2.11.7.jar:na]
	at scala.concurrent.Future$$anonfun$map$1.apply(Future.scala:235) [scala-library-2.11.7.jar:na]
	at scala.concurrent.impl.CallbackRunnable.run(Promise.scala:32) [scala-library-2.11.7.jar:na]
	at play.api.libs.iteratee.Execution$trampoline$.executeScheduled(Execution.scala:109) [play-iteratees_2.11-2.5.10.jar:2.5.10]
	at play.api.libs.iteratee.Execution$trampoline$.execute(Execution.scala:71) [play-iteratees_2.11-2.5.10.jar:2.5.10]
	at scala.concurrent.impl.CallbackRunnable.executeWithValue(Promise.scala:40) [scala-library-2.11.7.jar:na]
	at scala.concurrent.impl.Promise$KeptPromise.onComplete(Promise.scala:333) [scala-library-2.11.7.jar:na]
	at scala.concurrent.Future$class.flatMap(Future.scala:249) [scala-library-2.11.7.jar:na]
	at scala.concurrent.impl.Promise$KeptPromise.flatMap(Promise.scala:322) [scala-library-2.11.7.jar:na]
	at play.api.inject.DefaultApplicationLifecycle.clearHooks$1(ApplicationLifecycle.scala:93) [play_2.11-2.5.10.jar:2.5.10]
	at play.api.inject.DefaultApplicationLifecycle.stop(ApplicationLifecycle.scala:101) [play_2.11-2.5.10.jar:2.5.10]
	at play.api.DefaultApplication.stop(Application.scala:236) [play_2.11-2.5.10.jar:2.5.10]
	at play.api.Play$$anonfun$stop$1.apply(Play.scala:128) [play_2.11-2.5.10.jar:2.5.10]
	at play.utils.Threads$.withContextClassLoader(Threads.scala:21) [play_2.11-2.5.10.jar:2.5.10]
	at play.api.Play$.stop(Play.scala:126) [play_2.11-2.5.10.jar:2.5.10]
	at play.core.server.NettyServer$$anonfun$stop$1.apply(NettyServer.scala:247) [play-netty-server_2.11-2.5.10.jar:2.5.10]
	at play.core.server.NettyServer$$anonfun$stop$1.apply(NettyServer.scala:247) [play-netty-server_2.11-2.5.10.jar:2.5.10]
	at scala.Option.foreach(Option.scala:257) [scala-library-2.11.7.jar:1.0.0-M1]
	at play.core.server.NettyServer.stop(NettyServer.scala:247) [play-netty-server_2.11-2.5.10.jar:2.5.10]
	at com.lightbend.lagom.discovery.ServiceLocatorServer.close(ServiceLocatorServer.scala:67) [lagom-service-locator_2.11-1.3.1.jar:1.3.1]
	at com.lightbend.lagom.dev.Servers$ServiceLocator$.com$lightbend$lagom$dev$Servers$ServiceLocator$$stop(Servers.scala:129) [lagom-build-tool-support-1.3.1.jar:1.3.1]
	at com.lightbend.lagom.dev.Servers$ServiceLocator$.stop(Servers.scala:124) [lagom-build-tool-support-1.3.1.jar:1.3.1]
	at com.lightbend.lagom.dev.Servers$ServerContainer.tryStop(Servers.scala:75) [lagom-build-tool-support-1.3.1.jar:1.3.1]
	at com.lightbend.lagom.dev.Servers$$anonfun$1$$anonfun$apply$1.apply$mcV$sp(Servers.scala:29) [lagom-build-tool-support-1.3.1.jar:1.3.1]
	at com.lightbend.lagom.dev.Servers$$anonfun$1$$anonfun$apply$1.apply(Servers.scala:29) [lagom-build-tool-support-1.3.1.jar:1.3.1]
	at com.lightbend.lagom.dev.Servers$$anonfun$1$$anonfun$apply$1.apply(Servers.scala:29) [lagom-build-tool-support-1.3.1.jar:1.3.1]
	at scala.concurrent.impl.Future$PromiseCompletingRunnable.liftedTree1$1(Future.scala:24) [scala-library.jar:na]
	at scala.concurrent.impl.Future$PromiseCompletingRunnable.run(Future.scala:24) [scala-library.jar:na]
	at java.util.concurrent.ThreadPoolExecutor.runWorker(ThreadPoolExecutor.java:1142) [na:1.8.0_31]
	at java.util.concurrent.ThreadPoolExecutor$Worker.run(ThreadPoolExecutor.java:617) [na:1.8.0_31]
	at java.lang.Thread.run(Thread.java:745) [na:1.8.0_31]
2017-03-25 00:44:12,732 [ERROR] from io.netty.util.concurrent.DefaultPromise.rejectedExecution in pool-118-thread-1 - Failed to submit a listener notification task. Event loop shut down?
java.util.concurrent.RejectedExecutionException: event executor terminated
	at io.netty.util.concurrent.SingleThreadEventExecutor.reject(SingleThreadEventExecutor.java:805) ~[netty-common-4.0.41.Final.jar:4.0.41.Final]
	at io.netty.util.concurrent.SingleThreadEventExecutor.offerTask(SingleThreadEventExecutor.java:345) ~[netty-common-4.0.41.Final.jar:4.0.41.Final]
	at io.netty.util.concurrent.SingleThreadEventExecutor.addTask(SingleThreadEventExecutor.java:338) ~[netty-common-4.0.41.Final.jar:4.0.41.Final]
	at io.netty.util.concurrent.SingleThreadEventExecutor.execute(SingleThreadEventExecutor.java:748) ~[netty-common-4.0.41.Final.jar:4.0.41.Final]
	at io.netty.util.concurrent.DefaultPromise.safeExecute(DefaultPromise.java:767) [netty-common-4.0.41.Final.jar:4.0.41.Final]
	at io.netty.util.concurrent.DefaultPromise.notifyListeners(DefaultPromise.java:435) [netty-common-4.0.41.Final.jar:4.0.41.Final]
	at io.netty.util.concurrent.DefaultPromise.setFailure(DefaultPromise.java:120) [netty-common-4.0.41.Final.jar:4.0.41.Final]
	at io.netty.channel.DefaultChannelPromise.setFailure(DefaultChannelPromise.java:87) [netty-transport-4.0.41.Final.jar:4.0.41.Final]
	at io.netty.channel.AbstractChannelHandlerContext.safeExecute(AbstractChannelHandlerContext.java:1005) [netty-transport-4.0.41.Final.jar:4.0.41.Final]
	at io.netty.channel.AbstractChannelHandlerContext.close(AbstractChannelHandlerContext.java:614) [netty-transport-4.0.41.Final.jar:4.0.41.Final]
	at io.netty.channel.AbstractChannelHandlerContext.close(AbstractChannelHandlerContext.java:469) [netty-transport-4.0.41.Final.jar:4.0.41.Final]
	at io.netty.channel.DefaultChannelPipeline.close(DefaultChannelPipeline.java:949) [netty-transport-4.0.41.Final.jar:4.0.41.Final]
	at io.netty.channel.AbstractChannel.close(AbstractChannel.java:194) [netty-transport-4.0.41.Final.jar:4.0.41.Final]
	at io.netty.channel.pool.SimpleChannelPool.close(SimpleChannelPool.java:345) [netty-transport-4.0.41.Final.jar:4.0.41.Final]
	at com.lightbend.lagom.gateway.ServiceGateway$$anonfun$1$$anonfun$apply$2$$anonfun$apply$3$$anonfun$apply$4.apply(ServiceGateway.scala:364) [lagom-service-locator_2.11-1.3.1.jar:1.3.1]
	at com.lightbend.lagom.gateway.ServiceGateway$$anonfun$1$$anonfun$apply$2$$anonfun$apply$3$$anonfun$apply$4.apply(ServiceGateway.scala:364) [lagom-service-locator_2.11-1.3.1.jar:1.3.1]
	at scala.collection.Iterator$class.foreach(Iterator.scala:742) [scala-library-2.11.7.jar:1.0.0-M1]
	at scala.collection.AbstractIterator.foreach(Iterator.scala:1194) [scala-library-2.11.7.jar:1.0.0-M1]
	at scala.collection.IterableLike$class.foreach(IterableLike.scala:72) [scala-library-2.11.7.jar:1.0.0-M1]
	at scala.collection.AbstractIterable.foreach(Iterable.scala:54) [scala-library-2.11.7.jar:1.0.0-M1]
	at com.lightbend.lagom.gateway.ServiceGateway$$anonfun$1$$anonfun$apply$2$$anonfun$apply$3.apply(ServiceGateway.scala:364) [lagom-service-locator_2.11-1.3.1.jar:1.3.1]
	at com.lightbend.lagom.gateway.ServiceGateway$$anonfun$1$$anonfun$apply$2$$anonfun$apply$3.apply(ServiceGateway.scala:361) [lagom-service-locator_2.11-1.3.1.jar:1.3.1]
	at scala.util.Success$$anonfun$map$1.apply(Try.scala:237) [scala-library-2.11.7.jar:1.0.0-M1]
	at scala.util.Try$.apply(Try.scala:192) [scala-library-2.11.7.jar:1.0.0-M1]
	at scala.util.Success.map(Try.scala:237) [scala-library-2.11.7.jar:1.0.0-M1]
	at scala.concurrent.Future$$anonfun$map$1.apply(Future.scala:235) [scala-library-2.11.7.jar:na]
	at scala.concurrent.Future$$anonfun$map$1.apply(Future.scala:235) [scala-library-2.11.7.jar:na]
	at scala.concurrent.impl.CallbackRunnable.run(Promise.scala:32) [scala-library-2.11.7.jar:na]
	at play.api.libs.iteratee.Execution$trampoline$.executeScheduled(Execution.scala:109) [play-iteratees_2.11-2.5.10.jar:2.5.10]
	at play.api.libs.iteratee.Execution$trampoline$.execute(Execution.scala:71) [play-iteratees_2.11-2.5.10.jar:2.5.10]
	at scala.concurrent.impl.CallbackRunnable.executeWithValue(Promise.scala:40) [scala-library-2.11.7.jar:na]
	at scala.concurrent.impl.Promise$KeptPromise.onComplete(Promise.scala:333) [scala-library-2.11.7.jar:na]
	at scala.concurrent.Future$class.flatMap(Future.scala:249) [scala-library-2.11.7.jar:na]
	at scala.concurrent.impl.Promise$KeptPromise.flatMap(Promise.scala:322) [scala-library-2.11.7.jar:na]
	at play.api.inject.DefaultApplicationLifecycle.clearHooks$1(ApplicationLifecycle.scala:93) [play_2.11-2.5.10.jar:2.5.10]
	at play.api.inject.DefaultApplicationLifecycle.stop(ApplicationLifecycle.scala:101) [play_2.11-2.5.10.jar:2.5.10]
	at play.api.DefaultApplication.stop(Application.scala:236) [play_2.11-2.5.10.jar:2.5.10]
	at play.api.Play$$anonfun$stop$1.apply(Play.scala:128) [play_2.11-2.5.10.jar:2.5.10]
	at play.utils.Threads$.withContextClassLoader(Threads.scala:21) [play_2.11-2.5.10.jar:2.5.10]
	at play.api.Play$.stop(Play.scala:126) [play_2.11-2.5.10.jar:2.5.10]
	at play.core.server.NettyServer$$anonfun$stop$1.apply(NettyServer.scala:247) [play-netty-server_2.11-2.5.10.jar:2.5.10]
	at play.core.server.NettyServer$$anonfun$stop$1.apply(NettyServer.scala:247) [play-netty-server_2.11-2.5.10.jar:2.5.10]
	at scala.Option.foreach(Option.scala:257) [scala-library-2.11.7.jar:1.0.0-M1]
	at play.core.server.NettyServer.stop(NettyServer.scala:247) [play-netty-server_2.11-2.5.10.jar:2.5.10]
	at com.lightbend.lagom.discovery.ServiceLocatorServer.close(ServiceLocatorServer.scala:67) [lagom-service-locator_2.11-1.3.1.jar:1.3.1]
	at com.lightbend.lagom.dev.Servers$ServiceLocator$.com$lightbend$lagom$dev$Servers$ServiceLocator$$stop(Servers.scala:129) [lagom-build-tool-support-1.3.1.jar:1.3.1]
	at com.lightbend.lagom.dev.Servers$ServiceLocator$.stop(Servers.scala:124) [lagom-build-tool-support-1.3.1.jar:1.3.1]
	at com.lightbend.lagom.dev.Servers$ServerContainer.tryStop(Servers.scala:75) [lagom-build-tool-support-1.3.1.jar:1.3.1]
	at com.lightbend.lagom.dev.Servers$$anonfun$1$$anonfun$apply$1.apply$mcV$sp(Servers.scala:29) [lagom-build-tool-support-1.3.1.jar:1.3.1]
	at com.lightbend.lagom.dev.Servers$$anonfun$1$$anonfun$apply$1.apply(Servers.scala:29) [lagom-build-tool-support-1.3.1.jar:1.3.1]
	at com.lightbend.lagom.dev.Servers$$anonfun$1$$anonfun$apply$1.apply(Servers.scala:29) [lagom-build-tool-support-1.3.1.jar:1.3.1]
	at scala.concurrent.impl.Future$PromiseCompletingRunnable.liftedTree1$1(Future.scala:24) [scala-library.jar:na]
	at scala.concurrent.impl.Future$PromiseCompletingRunnable.run(Future.scala:24) [scala-library.jar:na]
	at java.util.concurrent.ThreadPoolExecutor.runWorker(ThreadPoolExecutor.java:1142) [na:1.8.0_31]
	at java.util.concurrent.ThreadPoolExecutor$Worker.run(ThreadPoolExecutor.java:617) [na:1.8.0_31]
	at java.lang.Thread.run(Thread.java:745) [na:1.8.0_31]
2017-03-25 16:04:34,431 [ERROR] from io.netty.util.concurrent.DefaultPromise.rejectedExecution in nioEventLoopGroup-4-1 - Failed to submit a listener notification task. Event loop shut down?
java.util.concurrent.RejectedExecutionException: event executor terminated
	at io.netty.util.concurrent.SingleThreadEventExecutor.reject(SingleThreadEventExecutor.java:805) [netty-common-4.0.41.Final.jar:4.0.41.Final]
	at io.netty.util.concurrent.SingleThreadEventExecutor.offerTask(SingleThreadEventExecutor.java:345) [netty-common-4.0.41.Final.jar:4.0.41.Final]
	at io.netty.util.concurrent.SingleThreadEventExecutor.addTask(SingleThreadEventExecutor.java:338) [netty-common-4.0.41.Final.jar:4.0.41.Final]
	at io.netty.util.concurrent.SingleThreadEventExecutor.execute(SingleThreadEventExecutor.java:748) [netty-common-4.0.41.Final.jar:4.0.41.Final]
	at io.netty.util.concurrent.DefaultPromise.safeExecute(DefaultPromise.java:767) [netty-common-4.0.41.Final.jar:4.0.41.Final]
	at io.netty.util.concurrent.DefaultPromise.notifyListeners(DefaultPromise.java:435) [netty-common-4.0.41.Final.jar:4.0.41.Final]
	at io.netty.util.concurrent.DefaultPromise.setFailure(DefaultPromise.java:120) [netty-common-4.0.41.Final.jar:4.0.41.Final]
	at io.netty.channel.DefaultChannelPromise.setFailure(DefaultChannelPromise.java:87) [netty-transport-4.0.41.Final.jar:4.0.41.Final]
	at io.netty.channel.AbstractChannelHandlerContext.safeExecute(AbstractChannelHandlerContext.java:1005) [netty-transport-4.0.41.Final.jar:4.0.41.Final]
	at io.netty.channel.AbstractChannelHandlerContext.close(AbstractChannelHandlerContext.java:614) [netty-transport-4.0.41.Final.jar:4.0.41.Final]
	at io.netty.channel.AbstractChannelHandlerContext.close(AbstractChannelHandlerContext.java:469) [netty-transport-4.0.41.Final.jar:4.0.41.Final]
	at io.netty.channel.DefaultChannelPipeline.close(DefaultChannelPipeline.java:949) [netty-transport-4.0.41.Final.jar:4.0.41.Final]
	at io.netty.channel.AbstractChannel.close(AbstractChannel.java:194) [netty-transport-4.0.41.Final.jar:4.0.41.Final]
	at io.netty.channel.pool.SimpleChannelPool.close(SimpleChannelPool.java:345) [netty-transport-4.0.41.Final.jar:4.0.41.Final]
	at com.lightbend.lagom.gateway.ServiceGateway$$anonfun$1$$anonfun$apply$2$$anonfun$apply$3$$anonfun$apply$4.apply(ServiceGateway.scala:364) [lagom-service-locator_2.11-1.3.1.jar:1.3.1]
	at com.lightbend.lagom.gateway.ServiceGateway$$anonfun$1$$anonfun$apply$2$$anonfun$apply$3$$anonfun$apply$4.apply(ServiceGateway.scala:364) [lagom-service-locator_2.11-1.3.1.jar:1.3.1]
	at scala.collection.Iterator$class.foreach(Iterator.scala:742) [scala-library-2.11.7.jar:1.0.0-M1]
	at scala.collection.AbstractIterator.foreach(Iterator.scala:1194) [scala-library-2.11.7.jar:1.0.0-M1]
	at scala.collection.IterableLike$class.foreach(IterableLike.scala:72) [scala-library-2.11.7.jar:1.0.0-M1]
	at scala.collection.AbstractIterable.foreach(Iterable.scala:54) [scala-library-2.11.7.jar:1.0.0-M1]
	at com.lightbend.lagom.gateway.ServiceGateway$$anonfun$1$$anonfun$apply$2$$anonfun$apply$3.apply(ServiceGateway.scala:364) [lagom-service-locator_2.11-1.3.1.jar:1.3.1]
	at com.lightbend.lagom.gateway.ServiceGateway$$anonfun$1$$anonfun$apply$2$$anonfun$apply$3.apply(ServiceGateway.scala:361) [lagom-service-locator_2.11-1.3.1.jar:1.3.1]
	at scala.util.Success$$anonfun$map$1.apply(Try.scala:237) [scala-library-2.11.7.jar:1.0.0-M1]
	at scala.util.Try$.apply(Try.scala:192) [scala-library-2.11.7.jar:1.0.0-M1]
	at scala.util.Success.map(Try.scala:237) [scala-library-2.11.7.jar:1.0.0-M1]
	at scala.concurrent.Future$$anonfun$map$1.apply(Future.scala:235) [scala-library-2.11.7.jar:na]
	at scala.concurrent.Future$$anonfun$map$1.apply(Future.scala:235) [scala-library-2.11.7.jar:na]
	at scala.concurrent.impl.CallbackRunnable.run(Promise.scala:32) [scala-library-2.11.7.jar:na]
	at play.api.libs.iteratee.Execution$trampoline$.execute(Execution.scala:70) [play-iteratees_2.11-2.5.10.jar:2.5.10]
	at scala.concurrent.impl.CallbackRunnable.executeWithValue(Promise.scala:40) [scala-library-2.11.7.jar:na]
	at scala.concurrent.impl.Promise$DefaultPromise.tryComplete(Promise.scala:248) [scala-library-2.11.7.jar:na]
	at scala.concurrent.Promise$class.complete(Promise.scala:55) [scala-library-2.11.7.jar:na]
	at scala.concurrent.impl.Promise$DefaultPromise.complete(Promise.scala:153) [scala-library-2.11.7.jar:na]
	at scala.concurrent.Promise$class.success(Promise.scala:86) [scala-library-2.11.7.jar:na]
	at scala.concurrent.impl.Promise$DefaultPromise.success(Promise.scala:153) [scala-library-2.11.7.jar:na]
	at com.lightbend.lagom.internal.NettyFutureConverters$ChannelFutureToFuture$$anon$1.operationComplete(NettyFutureConverters.scala:37) [lagom-client_2.11-1.3.1.jar:1.3.1]
	at com.lightbend.lagom.internal.NettyFutureConverters$ChannelFutureToFuture$$anon$1.operationComplete(NettyFutureConverters.scala:34) [lagom-client_2.11-1.3.1.jar:1.3.1]
	at io.netty.util.concurrent.DefaultPromise.notifyListener0(DefaultPromise.java:514) [netty-common-4.0.41.Final.jar:4.0.41.Final]
	at io.netty.util.concurrent.DefaultPromise.notifyListenersNow(DefaultPromise.java:488) [netty-common-4.0.41.Final.jar:4.0.41.Final]
	at io.netty.util.concurrent.DefaultPromise.notifyListeners(DefaultPromise.java:427) [netty-common-4.0.41.Final.jar:4.0.41.Final]
	at io.netty.util.concurrent.DefaultPromise.trySuccess(DefaultPromise.java:111) [netty-common-4.0.41.Final.jar:4.0.41.Final]
	at io.netty.channel.DefaultChannelPromise.trySuccess(DefaultChannelPromise.java:82) [netty-transport-4.0.41.Final.jar:4.0.41.Final]
	at io.netty.channel.AbstractChannel$AbstractUnsafe.safeSetSuccess(AbstractChannel.java:843) [netty-transport-4.0.41.Final.jar:4.0.41.Final]
	at io.netty.channel.AbstractChannel$AbstractUnsafe.doClose0(AbstractChannel.java:634) [netty-transport-4.0.41.Final.jar:4.0.41.Final]
	at io.netty.channel.AbstractChannel$AbstractUnsafe.close(AbstractChannel.java:611) [netty-transport-4.0.41.Final.jar:4.0.41.Final]
	at io.netty.channel.AbstractChannel$AbstractUnsafe.close(AbstractChannel.java:554) [netty-transport-4.0.41.Final.jar:4.0.41.Final]
	at io.netty.channel.DefaultChannelPipeline$HeadContext.close(DefaultChannelPipeline.java:1236) [netty-transport-4.0.41.Final.jar:4.0.41.Final]
	at io.netty.channel.AbstractChannelHandlerContext.invokeClose(AbstractChannelHandlerContext.java:628) [netty-transport-4.0.41.Final.jar:4.0.41.Final]
	at io.netty.channel.AbstractChannelHandlerContext.access$1100(AbstractChannelHandlerContext.java:35) [netty-transport-4.0.41.Final.jar:4.0.41.Final]
	at io.netty.channel.AbstractChannelHandlerContext$13.run(AbstractChannelHandlerContext.java:617) [netty-transport-4.0.41.Final.jar:4.0.41.Final]
	at io.netty.util.concurrent.SingleThreadEventExecutor.runAllTasks(SingleThreadEventExecutor.java:408) [netty-common-4.0.41.Final.jar:4.0.41.Final]
	at io.netty.channel.nio.NioEventLoop.run(NioEventLoop.java:441) [netty-transport-4.0.41.Final.jar:4.0.41.Final]
	at io.netty.util.concurrent.SingleThreadEventExecutor$2.run(SingleThreadEventExecutor.java:140) [netty-common-4.0.41.Final.jar:4.0.41.Final]
	at io.netty.util.concurrent.DefaultThreadFactory$DefaultRunnableDecorator.run(DefaultThreadFactory.java:144) [netty-common-4.0.41.Final.jar:4.0.41.Final]
	at java.lang.Thread.run(Thread.java:745) [na:1.8.0_31]
2017-03-25 16:35:08,813 [ERROR] from io.netty.util.concurrent.DefaultPromise.rejectedExecution in pool-207-thread-3 - Failed to submit a listener notification task. Event loop shut down?
java.util.concurrent.RejectedExecutionException: event executor terminated
	at io.netty.util.concurrent.SingleThreadEventExecutor.reject(SingleThreadEventExecutor.java:805) ~[netty-common-4.0.41.Final.jar:4.0.41.Final]
	at io.netty.util.concurrent.SingleThreadEventExecutor.offerTask(SingleThreadEventExecutor.java:345) ~[netty-common-4.0.41.Final.jar:4.0.41.Final]
	at io.netty.util.concurrent.SingleThreadEventExecutor.addTask(SingleThreadEventExecutor.java:338) ~[netty-common-4.0.41.Final.jar:4.0.41.Final]
	at io.netty.util.concurrent.SingleThreadEventExecutor.execute(SingleThreadEventExecutor.java:748) ~[netty-common-4.0.41.Final.jar:4.0.41.Final]
	at io.netty.util.concurrent.DefaultPromise.safeExecute(DefaultPromise.java:767) [netty-common-4.0.41.Final.jar:4.0.41.Final]
	at io.netty.util.concurrent.DefaultPromise.notifyListeners(DefaultPromise.java:435) [netty-common-4.0.41.Final.jar:4.0.41.Final]
	at io.netty.util.concurrent.DefaultPromise.setFailure(DefaultPromise.java:120) [netty-common-4.0.41.Final.jar:4.0.41.Final]
	at io.netty.channel.DefaultChannelPromise.setFailure(DefaultChannelPromise.java:87) [netty-transport-4.0.41.Final.jar:4.0.41.Final]
	at io.netty.channel.AbstractChannelHandlerContext.safeExecute(AbstractChannelHandlerContext.java:1005) [netty-transport-4.0.41.Final.jar:4.0.41.Final]
	at io.netty.channel.AbstractChannelHandlerContext.close(AbstractChannelHandlerContext.java:614) [netty-transport-4.0.41.Final.jar:4.0.41.Final]
	at io.netty.channel.AbstractChannelHandlerContext.close(AbstractChannelHandlerContext.java:469) [netty-transport-4.0.41.Final.jar:4.0.41.Final]
	at io.netty.channel.DefaultChannelPipeline.close(DefaultChannelPipeline.java:949) [netty-transport-4.0.41.Final.jar:4.0.41.Final]
	at io.netty.channel.AbstractChannel.close(AbstractChannel.java:194) [netty-transport-4.0.41.Final.jar:4.0.41.Final]
	at io.netty.channel.pool.SimpleChannelPool.close(SimpleChannelPool.java:345) [netty-transport-4.0.41.Final.jar:4.0.41.Final]
	at com.lightbend.lagom.gateway.ServiceGateway$$anonfun$1$$anonfun$apply$2$$anonfun$apply$3$$anonfun$apply$4.apply(ServiceGateway.scala:364) [lagom-service-locator_2.11-1.3.1.jar:1.3.1]
	at com.lightbend.lagom.gateway.ServiceGateway$$anonfun$1$$anonfun$apply$2$$anonfun$apply$3$$anonfun$apply$4.apply(ServiceGateway.scala:364) [lagom-service-locator_2.11-1.3.1.jar:1.3.1]
	at scala.collection.Iterator$class.foreach(Iterator.scala:742) [scala-library-2.11.7.jar:1.0.0-M1]
	at scala.collection.AbstractIterator.foreach(Iterator.scala:1194) [scala-library-2.11.7.jar:1.0.0-M1]
	at scala.collection.IterableLike$class.foreach(IterableLike.scala:72) [scala-library-2.11.7.jar:1.0.0-M1]
	at scala.collection.AbstractIterable.foreach(Iterable.scala:54) [scala-library-2.11.7.jar:1.0.0-M1]
	at com.lightbend.lagom.gateway.ServiceGateway$$anonfun$1$$anonfun$apply$2$$anonfun$apply$3.apply(ServiceGateway.scala:364) [lagom-service-locator_2.11-1.3.1.jar:1.3.1]
	at com.lightbend.lagom.gateway.ServiceGateway$$anonfun$1$$anonfun$apply$2$$anonfun$apply$3.apply(ServiceGateway.scala:361) [lagom-service-locator_2.11-1.3.1.jar:1.3.1]
	at scala.util.Success$$anonfun$map$1.apply(Try.scala:237) [scala-library-2.11.7.jar:1.0.0-M1]
	at scala.util.Try$.apply(Try.scala:192) [scala-library-2.11.7.jar:1.0.0-M1]
	at scala.util.Success.map(Try.scala:237) [scala-library-2.11.7.jar:1.0.0-M1]
	at scala.concurrent.Future$$anonfun$map$1.apply(Future.scala:235) [scala-library-2.11.7.jar:na]
	at scala.concurrent.Future$$anonfun$map$1.apply(Future.scala:235) [scala-library-2.11.7.jar:na]
	at scala.concurrent.impl.CallbackRunnable.run(Promise.scala:32) [scala-library-2.11.7.jar:na]
	at play.api.libs.iteratee.Execution$trampoline$.executeScheduled(Execution.scala:109) [play-iteratees_2.11-2.5.10.jar:2.5.10]
	at play.api.libs.iteratee.Execution$trampoline$.execute(Execution.scala:71) [play-iteratees_2.11-2.5.10.jar:2.5.10]
	at scala.concurrent.impl.CallbackRunnable.executeWithValue(Promise.scala:40) [scala-library-2.11.7.jar:na]
	at scala.concurrent.impl.Promise$KeptPromise.onComplete(Promise.scala:333) [scala-library-2.11.7.jar:na]
	at scala.concurrent.Future$class.flatMap(Future.scala:249) [scala-library-2.11.7.jar:na]
	at scala.concurrent.impl.Promise$KeptPromise.flatMap(Promise.scala:322) [scala-library-2.11.7.jar:na]
	at play.api.inject.DefaultApplicationLifecycle.clearHooks$1(ApplicationLifecycle.scala:93) [play_2.11-2.5.10.jar:2.5.10]
	at play.api.inject.DefaultApplicationLifecycle.stop(ApplicationLifecycle.scala:101) [play_2.11-2.5.10.jar:2.5.10]
	at play.api.DefaultApplication.stop(Application.scala:236) [play_2.11-2.5.10.jar:2.5.10]
	at play.api.Play$$anonfun$stop$1.apply(Play.scala:128) [play_2.11-2.5.10.jar:2.5.10]
	at play.utils.Threads$.withContextClassLoader(Threads.scala:21) [play_2.11-2.5.10.jar:2.5.10]
	at play.api.Play$.stop(Play.scala:126) [play_2.11-2.5.10.jar:2.5.10]
	at play.core.server.NettyServer$$anonfun$stop$1.apply(NettyServer.scala:247) [play-netty-server_2.11-2.5.10.jar:2.5.10]
	at play.core.server.NettyServer$$anonfun$stop$1.apply(NettyServer.scala:247) [play-netty-server_2.11-2.5.10.jar:2.5.10]
	at scala.Option.foreach(Option.scala:257) [scala-library-2.11.7.jar:1.0.0-M1]
	at play.core.server.NettyServer.stop(NettyServer.scala:247) [play-netty-server_2.11-2.5.10.jar:2.5.10]
	at com.lightbend.lagom.discovery.ServiceLocatorServer.close(ServiceLocatorServer.scala:67) [lagom-service-locator_2.11-1.3.1.jar:1.3.1]
	at com.lightbend.lagom.dev.Servers$ServiceLocator$.com$lightbend$lagom$dev$Servers$ServiceLocator$$stop(Servers.scala:129) [lagom-build-tool-support-1.3.1.jar:1.3.1]
	at com.lightbend.lagom.dev.Servers$ServiceLocator$.stop(Servers.scala:124) [lagom-build-tool-support-1.3.1.jar:1.3.1]
	at com.lightbend.lagom.dev.Servers$ServerContainer.tryStop(Servers.scala:75) [lagom-build-tool-support-1.3.1.jar:1.3.1]
	at com.lightbend.lagom.dev.Servers$$anonfun$1$$anonfun$apply$1.apply$mcV$sp(Servers.scala:29) [lagom-build-tool-support-1.3.1.jar:1.3.1]
	at com.lightbend.lagom.dev.Servers$$anonfun$1$$anonfun$apply$1.apply(Servers.scala:29) [lagom-build-tool-support-1.3.1.jar:1.3.1]
	at com.lightbend.lagom.dev.Servers$$anonfun$1$$anonfun$apply$1.apply(Servers.scala:29) [lagom-build-tool-support-1.3.1.jar:1.3.1]
	at scala.concurrent.impl.Future$PromiseCompletingRunnable.liftedTree1$1(Future.scala:24) [scala-library.jar:na]
	at scala.concurrent.impl.Future$PromiseCompletingRunnable.run(Future.scala:24) [scala-library.jar:na]
	at java.util.concurrent.ThreadPoolExecutor.runWorker(ThreadPoolExecutor.java:1142) [na:1.8.0_31]
	at java.util.concurrent.ThreadPoolExecutor$Worker.run(ThreadPoolExecutor.java:617) [na:1.8.0_31]
	at java.lang.Thread.run(Thread.java:745) [na:1.8.0_31]
2017-03-25 16:49:10,860 [ERROR] from io.netty.util.concurrent.DefaultPromise.rejectedExecution in pool-215-thread-3 - Failed to submit a listener notification task. Event loop shut down?
java.util.concurrent.RejectedExecutionException: event executor terminated
	at io.netty.util.concurrent.SingleThreadEventExecutor.reject(SingleThreadEventExecutor.java:805) ~[netty-common-4.0.41.Final.jar:4.0.41.Final]
	at io.netty.util.concurrent.SingleThreadEventExecutor.offerTask(SingleThreadEventExecutor.java:345) ~[netty-common-4.0.41.Final.jar:4.0.41.Final]
	at io.netty.util.concurrent.SingleThreadEventExecutor.addTask(SingleThreadEventExecutor.java:338) ~[netty-common-4.0.41.Final.jar:4.0.41.Final]
	at io.netty.util.concurrent.SingleThreadEventExecutor.execute(SingleThreadEventExecutor.java:748) ~[netty-common-4.0.41.Final.jar:4.0.41.Final]
	at io.netty.util.concurrent.DefaultPromise.safeExecute(DefaultPromise.java:767) [netty-common-4.0.41.Final.jar:4.0.41.Final]
	at io.netty.util.concurrent.DefaultPromise.notifyListeners(DefaultPromise.java:435) [netty-common-4.0.41.Final.jar:4.0.41.Final]
	at io.netty.util.concurrent.DefaultPromise.setFailure(DefaultPromise.java:120) [netty-common-4.0.41.Final.jar:4.0.41.Final]
	at io.netty.channel.DefaultChannelPromise.setFailure(DefaultChannelPromise.java:87) [netty-transport-4.0.41.Final.jar:4.0.41.Final]
	at io.netty.channel.AbstractChannelHandlerContext.safeExecute(AbstractChannelHandlerContext.java:1005) [netty-transport-4.0.41.Final.jar:4.0.41.Final]
	at io.netty.channel.AbstractChannelHandlerContext.close(AbstractChannelHandlerContext.java:614) [netty-transport-4.0.41.Final.jar:4.0.41.Final]
	at io.netty.channel.AbstractChannelHandlerContext.close(AbstractChannelHandlerContext.java:469) [netty-transport-4.0.41.Final.jar:4.0.41.Final]
	at io.netty.channel.DefaultChannelPipeline.close(DefaultChannelPipeline.java:949) [netty-transport-4.0.41.Final.jar:4.0.41.Final]
	at io.netty.channel.AbstractChannel.close(AbstractChannel.java:194) [netty-transport-4.0.41.Final.jar:4.0.41.Final]
	at io.netty.channel.pool.SimpleChannelPool.close(SimpleChannelPool.java:345) [netty-transport-4.0.41.Final.jar:4.0.41.Final]
	at com.lightbend.lagom.gateway.ServiceGateway$$anonfun$1$$anonfun$apply$2$$anonfun$apply$3$$anonfun$apply$4.apply(ServiceGateway.scala:364) [lagom-service-locator_2.11-1.3.1.jar:1.3.1]
	at com.lightbend.lagom.gateway.ServiceGateway$$anonfun$1$$anonfun$apply$2$$anonfun$apply$3$$anonfun$apply$4.apply(ServiceGateway.scala:364) [lagom-service-locator_2.11-1.3.1.jar:1.3.1]
	at scala.collection.Iterator$class.foreach(Iterator.scala:742) [scala-library-2.11.7.jar:1.0.0-M1]
	at scala.collection.AbstractIterator.foreach(Iterator.scala:1194) [scala-library-2.11.7.jar:1.0.0-M1]
	at scala.collection.IterableLike$class.foreach(IterableLike.scala:72) [scala-library-2.11.7.jar:1.0.0-M1]
	at scala.collection.AbstractIterable.foreach(Iterable.scala:54) [scala-library-2.11.7.jar:1.0.0-M1]
	at com.lightbend.lagom.gateway.ServiceGateway$$anonfun$1$$anonfun$apply$2$$anonfun$apply$3.apply(ServiceGateway.scala:364) [lagom-service-locator_2.11-1.3.1.jar:1.3.1]
	at com.lightbend.lagom.gateway.ServiceGateway$$anonfun$1$$anonfun$apply$2$$anonfun$apply$3.apply(ServiceGateway.scala:361) [lagom-service-locator_2.11-1.3.1.jar:1.3.1]
	at scala.util.Success$$anonfun$map$1.apply(Try.scala:237) [scala-library-2.11.7.jar:1.0.0-M1]
	at scala.util.Try$.apply(Try.scala:192) [scala-library-2.11.7.jar:1.0.0-M1]
	at scala.util.Success.map(Try.scala:237) [scala-library-2.11.7.jar:1.0.0-M1]
	at scala.concurrent.Future$$anonfun$map$1.apply(Future.scala:235) [scala-library-2.11.7.jar:na]
	at scala.concurrent.Future$$anonfun$map$1.apply(Future.scala:235) [scala-library-2.11.7.jar:na]
	at scala.concurrent.impl.CallbackRunnable.run(Promise.scala:32) [scala-library-2.11.7.jar:na]
	at play.api.libs.iteratee.Execution$trampoline$.executeScheduled(Execution.scala:109) [play-iteratees_2.11-2.5.10.jar:2.5.10]
	at play.api.libs.iteratee.Execution$trampoline$.execute(Execution.scala:71) [play-iteratees_2.11-2.5.10.jar:2.5.10]
	at scala.concurrent.impl.CallbackRunnable.executeWithValue(Promise.scala:40) [scala-library-2.11.7.jar:na]
	at scala.concurrent.impl.Promise$KeptPromise.onComplete(Promise.scala:333) [scala-library-2.11.7.jar:na]
	at scala.concurrent.Future$class.flatMap(Future.scala:249) [scala-library-2.11.7.jar:na]
	at scala.concurrent.impl.Promise$KeptPromise.flatMap(Promise.scala:322) [scala-library-2.11.7.jar:na]
	at play.api.inject.DefaultApplicationLifecycle.clearHooks$1(ApplicationLifecycle.scala:93) [play_2.11-2.5.10.jar:2.5.10]
	at play.api.inject.DefaultApplicationLifecycle.stop(ApplicationLifecycle.scala:101) [play_2.11-2.5.10.jar:2.5.10]
	at play.api.DefaultApplication.stop(Application.scala:236) [play_2.11-2.5.10.jar:2.5.10]
	at play.api.Play$$anonfun$stop$1.apply(Play.scala:128) [play_2.11-2.5.10.jar:2.5.10]
	at play.utils.Threads$.withContextClassLoader(Threads.scala:21) [play_2.11-2.5.10.jar:2.5.10]
	at play.api.Play$.stop(Play.scala:126) [play_2.11-2.5.10.jar:2.5.10]
	at play.core.server.NettyServer$$anonfun$stop$1.apply(NettyServer.scala:247) [play-netty-server_2.11-2.5.10.jar:2.5.10]
	at play.core.server.NettyServer$$anonfun$stop$1.apply(NettyServer.scala:247) [play-netty-server_2.11-2.5.10.jar:2.5.10]
	at scala.Option.foreach(Option.scala:257) [scala-library-2.11.7.jar:1.0.0-M1]
	at play.core.server.NettyServer.stop(NettyServer.scala:247) [play-netty-server_2.11-2.5.10.jar:2.5.10]
	at com.lightbend.lagom.discovery.ServiceLocatorServer.close(ServiceLocatorServer.scala:67) [lagom-service-locator_2.11-1.3.1.jar:1.3.1]
	at com.lightbend.lagom.dev.Servers$ServiceLocator$.com$lightbend$lagom$dev$Servers$ServiceLocator$$stop(Servers.scala:129) [lagom-build-tool-support-1.3.1.jar:1.3.1]
	at com.lightbend.lagom.dev.Servers$ServiceLocator$.stop(Servers.scala:124) [lagom-build-tool-support-1.3.1.jar:1.3.1]
	at com.lightbend.lagom.dev.Servers$ServerContainer.tryStop(Servers.scala:75) [lagom-build-tool-support-1.3.1.jar:1.3.1]
	at com.lightbend.lagom.dev.Servers$$anonfun$1$$anonfun$apply$1.apply$mcV$sp(Servers.scala:29) [lagom-build-tool-support-1.3.1.jar:1.3.1]
	at com.lightbend.lagom.dev.Servers$$anonfun$1$$anonfun$apply$1.apply(Servers.scala:29) [lagom-build-tool-support-1.3.1.jar:1.3.1]
	at com.lightbend.lagom.dev.Servers$$anonfun$1$$anonfun$apply$1.apply(Servers.scala:29) [lagom-build-tool-support-1.3.1.jar:1.3.1]
	at scala.concurrent.impl.Future$PromiseCompletingRunnable.liftedTree1$1(Future.scala:24) [scala-library.jar:na]
	at scala.concurrent.impl.Future$PromiseCompletingRunnable.run(Future.scala:24) [scala-library.jar:na]
	at java.util.concurrent.ThreadPoolExecutor.runWorker(ThreadPoolExecutor.java:1142) [na:1.8.0_31]
	at java.util.concurrent.ThreadPoolExecutor$Worker.run(ThreadPoolExecutor.java:617) [na:1.8.0_31]
	at java.lang.Thread.run(Thread.java:745) [na:1.8.0_31]
2017-03-25 16:56:39,681 [ERROR] from io.netty.util.concurrent.DefaultPromise.rejectedExecution in pool-122-thread-1 - Failed to submit a listener notification task. Event loop shut down?
java.util.concurrent.RejectedExecutionException: event executor terminated
	at io.netty.util.concurrent.SingleThreadEventExecutor.reject(SingleThreadEventExecutor.java:805) ~[netty-common-4.0.41.Final.jar:4.0.41.Final]
	at io.netty.util.concurrent.SingleThreadEventExecutor.offerTask(SingleThreadEventExecutor.java:345) ~[netty-common-4.0.41.Final.jar:4.0.41.Final]
	at io.netty.util.concurrent.SingleThreadEventExecutor.addTask(SingleThreadEventExecutor.java:338) ~[netty-common-4.0.41.Final.jar:4.0.41.Final]
	at io.netty.util.concurrent.SingleThreadEventExecutor.execute(SingleThreadEventExecutor.java:748) ~[netty-common-4.0.41.Final.jar:4.0.41.Final]
	at io.netty.util.concurrent.DefaultPromise.safeExecute(DefaultPromise.java:767) [netty-common-4.0.41.Final.jar:4.0.41.Final]
	at io.netty.util.concurrent.DefaultPromise.notifyListeners(DefaultPromise.java:435) [netty-common-4.0.41.Final.jar:4.0.41.Final]
	at io.netty.util.concurrent.DefaultPromise.setFailure(DefaultPromise.java:120) [netty-common-4.0.41.Final.jar:4.0.41.Final]
	at io.netty.channel.DefaultChannelPromise.setFailure(DefaultChannelPromise.java:87) [netty-transport-4.0.41.Final.jar:4.0.41.Final]
	at io.netty.channel.AbstractChannelHandlerContext.safeExecute(AbstractChannelHandlerContext.java:1005) [netty-transport-4.0.41.Final.jar:4.0.41.Final]
	at io.netty.channel.AbstractChannelHandlerContext.close(AbstractChannelHandlerContext.java:614) [netty-transport-4.0.41.Final.jar:4.0.41.Final]
	at io.netty.channel.AbstractChannelHandlerContext.close(AbstractChannelHandlerContext.java:469) [netty-transport-4.0.41.Final.jar:4.0.41.Final]
	at io.netty.channel.DefaultChannelPipeline.close(DefaultChannelPipeline.java:949) [netty-transport-4.0.41.Final.jar:4.0.41.Final]
	at io.netty.channel.AbstractChannel.close(AbstractChannel.java:194) [netty-transport-4.0.41.Final.jar:4.0.41.Final]
	at io.netty.channel.pool.SimpleChannelPool.close(SimpleChannelPool.java:345) [netty-transport-4.0.41.Final.jar:4.0.41.Final]
	at com.lightbend.lagom.gateway.ServiceGateway$$anonfun$1$$anonfun$apply$2$$anonfun$apply$3$$anonfun$apply$4.apply(ServiceGateway.scala:364) [lagom-service-locator_2.11-1.3.1.jar:1.3.1]
	at com.lightbend.lagom.gateway.ServiceGateway$$anonfun$1$$anonfun$apply$2$$anonfun$apply$3$$anonfun$apply$4.apply(ServiceGateway.scala:364) [lagom-service-locator_2.11-1.3.1.jar:1.3.1]
	at scala.collection.Iterator$class.foreach(Iterator.scala:742) [scala-library-2.11.7.jar:1.0.0-M1]
	at scala.collection.AbstractIterator.foreach(Iterator.scala:1194) [scala-library-2.11.7.jar:1.0.0-M1]
	at scala.collection.IterableLike$class.foreach(IterableLike.scala:72) [scala-library-2.11.7.jar:1.0.0-M1]
	at scala.collection.AbstractIterable.foreach(Iterable.scala:54) [scala-library-2.11.7.jar:1.0.0-M1]
	at com.lightbend.lagom.gateway.ServiceGateway$$anonfun$1$$anonfun$apply$2$$anonfun$apply$3.apply(ServiceGateway.scala:364) [lagom-service-locator_2.11-1.3.1.jar:1.3.1]
	at com.lightbend.lagom.gateway.ServiceGateway$$anonfun$1$$anonfun$apply$2$$anonfun$apply$3.apply(ServiceGateway.scala:361) [lagom-service-locator_2.11-1.3.1.jar:1.3.1]
	at scala.util.Success$$anonfun$map$1.apply(Try.scala:237) [scala-library-2.11.7.jar:1.0.0-M1]
	at scala.util.Try$.apply(Try.scala:192) [scala-library-2.11.7.jar:1.0.0-M1]
	at scala.util.Success.map(Try.scala:237) [scala-library-2.11.7.jar:1.0.0-M1]
	at scala.concurrent.Future$$anonfun$map$1.apply(Future.scala:235) [scala-library-2.11.7.jar:na]
	at scala.concurrent.Future$$anonfun$map$1.apply(Future.scala:235) [scala-library-2.11.7.jar:na]
	at scala.concurrent.impl.CallbackRunnable.run(Promise.scala:32) [scala-library-2.11.7.jar:na]
	at play.api.libs.iteratee.Execution$trampoline$.executeScheduled(Execution.scala:109) [play-iteratees_2.11-2.5.10.jar:2.5.10]
	at play.api.libs.iteratee.Execution$trampoline$.execute(Execution.scala:71) [play-iteratees_2.11-2.5.10.jar:2.5.10]
	at scala.concurrent.impl.CallbackRunnable.executeWithValue(Promise.scala:40) [scala-library-2.11.7.jar:na]
	at scala.concurrent.impl.Promise$KeptPromise.onComplete(Promise.scala:333) [scala-library-2.11.7.jar:na]
	at scala.concurrent.Future$class.flatMap(Future.scala:249) [scala-library-2.11.7.jar:na]
	at scala.concurrent.impl.Promise$KeptPromise.flatMap(Promise.scala:322) [scala-library-2.11.7.jar:na]
	at play.api.inject.DefaultApplicationLifecycle.clearHooks$1(ApplicationLifecycle.scala:93) [play_2.11-2.5.10.jar:2.5.10]
	at play.api.inject.DefaultApplicationLifecycle.stop(ApplicationLifecycle.scala:101) [play_2.11-2.5.10.jar:2.5.10]
	at play.api.DefaultApplication.stop(Application.scala:236) [play_2.11-2.5.10.jar:2.5.10]
	at play.api.Play$$anonfun$stop$1.apply(Play.scala:128) [play_2.11-2.5.10.jar:2.5.10]
	at play.utils.Threads$.withContextClassLoader(Threads.scala:21) [play_2.11-2.5.10.jar:2.5.10]
	at play.api.Play$.stop(Play.scala:126) [play_2.11-2.5.10.jar:2.5.10]
	at play.core.server.NettyServer$$anonfun$stop$1.apply(NettyServer.scala:247) [play-netty-server_2.11-2.5.10.jar:2.5.10]
	at play.core.server.NettyServer$$anonfun$stop$1.apply(NettyServer.scala:247) [play-netty-server_2.11-2.5.10.jar:2.5.10]
	at scala.Option.foreach(Option.scala:257) [scala-library-2.11.7.jar:1.0.0-M1]
	at play.core.server.NettyServer.stop(NettyServer.scala:247) [play-netty-server_2.11-2.5.10.jar:2.5.10]
	at com.lightbend.lagom.discovery.ServiceLocatorServer.close(ServiceLocatorServer.scala:67) [lagom-service-locator_2.11-1.3.1.jar:1.3.1]
	at com.lightbend.lagom.dev.Servers$ServiceLocator$.com$lightbend$lagom$dev$Servers$ServiceLocator$$stop(Servers.scala:129) [lagom-build-tool-support-1.3.1.jar:1.3.1]
	at com.lightbend.lagom.dev.Servers$ServiceLocator$.stop(Servers.scala:124) [lagom-build-tool-support-1.3.1.jar:1.3.1]
	at com.lightbend.lagom.dev.Servers$ServerContainer.tryStop(Servers.scala:75) [lagom-build-tool-support-1.3.1.jar:1.3.1]
	at com.lightbend.lagom.dev.Servers$$anonfun$1$$anonfun$apply$1.apply$mcV$sp(Servers.scala:29) [lagom-build-tool-support-1.3.1.jar:1.3.1]
	at com.lightbend.lagom.dev.Servers$$anonfun$1$$anonfun$apply$1.apply(Servers.scala:29) [lagom-build-tool-support-1.3.1.jar:1.3.1]
	at com.lightbend.lagom.dev.Servers$$anonfun$1$$anonfun$apply$1.apply(Servers.scala:29) [lagom-build-tool-support-1.3.1.jar:1.3.1]
	at scala.concurrent.impl.Future$PromiseCompletingRunnable.liftedTree1$1(Future.scala:24) [scala-library.jar:na]
	at scala.concurrent.impl.Future$PromiseCompletingRunnable.run(Future.scala:24) [scala-library.jar:na]
	at java.util.concurrent.ThreadPoolExecutor.runWorker(ThreadPoolExecutor.java:1142) [na:1.8.0_31]
	at java.util.concurrent.ThreadPoolExecutor$Worker.run(ThreadPoolExecutor.java:617) [na:1.8.0_31]
	at java.lang.Thread.run(Thread.java:745) [na:1.8.0_31]
2017-03-25 18:37:56,146 [ERROR] from io.netty.util.concurrent.DefaultPromise.rejectedExecution in pool-132-thread-1 - Failed to submit a listener notification task. Event loop shut down?
java.util.concurrent.RejectedExecutionException: event executor terminated
	at io.netty.util.concurrent.SingleThreadEventExecutor.reject(SingleThreadEventExecutor.java:805) ~[netty-common-4.0.41.Final.jar:4.0.41.Final]
	at io.netty.util.concurrent.SingleThreadEventExecutor.offerTask(SingleThreadEventExecutor.java:345) ~[netty-common-4.0.41.Final.jar:4.0.41.Final]
	at io.netty.util.concurrent.SingleThreadEventExecutor.addTask(SingleThreadEventExecutor.java:338) ~[netty-common-4.0.41.Final.jar:4.0.41.Final]
	at io.netty.util.concurrent.SingleThreadEventExecutor.execute(SingleThreadEventExecutor.java:748) ~[netty-common-4.0.41.Final.jar:4.0.41.Final]
	at io.netty.util.concurrent.DefaultPromise.safeExecute(DefaultPromise.java:767) [netty-common-4.0.41.Final.jar:4.0.41.Final]
	at io.netty.util.concurrent.DefaultPromise.notifyListeners(DefaultPromise.java:435) [netty-common-4.0.41.Final.jar:4.0.41.Final]
	at io.netty.util.concurrent.DefaultPromise.setFailure(DefaultPromise.java:120) [netty-common-4.0.41.Final.jar:4.0.41.Final]
	at io.netty.channel.DefaultChannelPromise.setFailure(DefaultChannelPromise.java:87) [netty-transport-4.0.41.Final.jar:4.0.41.Final]
	at io.netty.channel.AbstractChannelHandlerContext.safeExecute(AbstractChannelHandlerContext.java:1005) [netty-transport-4.0.41.Final.jar:4.0.41.Final]
	at io.netty.channel.AbstractChannelHandlerContext.close(AbstractChannelHandlerContext.java:614) [netty-transport-4.0.41.Final.jar:4.0.41.Final]
	at io.netty.channel.AbstractChannelHandlerContext.close(AbstractChannelHandlerContext.java:469) [netty-transport-4.0.41.Final.jar:4.0.41.Final]
	at io.netty.channel.DefaultChannelPipeline.close(DefaultChannelPipeline.java:949) [netty-transport-4.0.41.Final.jar:4.0.41.Final]
	at io.netty.channel.AbstractChannel.close(AbstractChannel.java:194) [netty-transport-4.0.41.Final.jar:4.0.41.Final]
	at io.netty.channel.pool.SimpleChannelPool.close(SimpleChannelPool.java:345) [netty-transport-4.0.41.Final.jar:4.0.41.Final]
	at com.lightbend.lagom.gateway.ServiceGateway$$anonfun$1$$anonfun$apply$2$$anonfun$apply$3$$anonfun$apply$4.apply(ServiceGateway.scala:364) [lagom-service-locator_2.11-1.3.1.jar:1.3.1]
	at com.lightbend.lagom.gateway.ServiceGateway$$anonfun$1$$anonfun$apply$2$$anonfun$apply$3$$anonfun$apply$4.apply(ServiceGateway.scala:364) [lagom-service-locator_2.11-1.3.1.jar:1.3.1]
	at scala.collection.Iterator$class.foreach(Iterator.scala:742) [scala-library-2.11.7.jar:1.0.0-M1]
	at scala.collection.AbstractIterator.foreach(Iterator.scala:1194) [scala-library-2.11.7.jar:1.0.0-M1]
	at scala.collection.IterableLike$class.foreach(IterableLike.scala:72) [scala-library-2.11.7.jar:1.0.0-M1]
	at scala.collection.AbstractIterable.foreach(Iterable.scala:54) [scala-library-2.11.7.jar:1.0.0-M1]
	at com.lightbend.lagom.gateway.ServiceGateway$$anonfun$1$$anonfun$apply$2$$anonfun$apply$3.apply(ServiceGateway.scala:364) [lagom-service-locator_2.11-1.3.1.jar:1.3.1]
	at com.lightbend.lagom.gateway.ServiceGateway$$anonfun$1$$anonfun$apply$2$$anonfun$apply$3.apply(ServiceGateway.scala:361) [lagom-service-locator_2.11-1.3.1.jar:1.3.1]
	at scala.util.Success$$anonfun$map$1.apply(Try.scala:237) [scala-library-2.11.7.jar:1.0.0-M1]
	at scala.util.Try$.apply(Try.scala:192) [scala-library-2.11.7.jar:1.0.0-M1]
	at scala.util.Success.map(Try.scala:237) [scala-library-2.11.7.jar:1.0.0-M1]
	at scala.concurrent.Future$$anonfun$map$1.apply(Future.scala:235) [scala-library-2.11.7.jar:na]
	at scala.concurrent.Future$$anonfun$map$1.apply(Future.scala:235) [scala-library-2.11.7.jar:na]
	at scala.concurrent.impl.CallbackRunnable.run(Promise.scala:32) [scala-library-2.11.7.jar:na]
	at play.api.libs.iteratee.Execution$trampoline$.executeScheduled(Execution.scala:109) [play-iteratees_2.11-2.5.10.jar:2.5.10]
	at play.api.libs.iteratee.Execution$trampoline$.execute(Execution.scala:71) [play-iteratees_2.11-2.5.10.jar:2.5.10]
	at scala.concurrent.impl.CallbackRunnable.executeWithValue(Promise.scala:40) [scala-library-2.11.7.jar:na]
	at scala.concurrent.impl.Promise$KeptPromise.onComplete(Promise.scala:333) [scala-library-2.11.7.jar:na]
	at scala.concurrent.Future$class.flatMap(Future.scala:249) [scala-library-2.11.7.jar:na]
	at scala.concurrent.impl.Promise$KeptPromise.flatMap(Promise.scala:322) [scala-library-2.11.7.jar:na]
	at play.api.inject.DefaultApplicationLifecycle.clearHooks$1(ApplicationLifecycle.scala:93) [play_2.11-2.5.10.jar:2.5.10]
	at play.api.inject.DefaultApplicationLifecycle.stop(ApplicationLifecycle.scala:101) [play_2.11-2.5.10.jar:2.5.10]
	at play.api.DefaultApplication.stop(Application.scala:236) [play_2.11-2.5.10.jar:2.5.10]
	at play.api.Play$$anonfun$stop$1.apply(Play.scala:128) [play_2.11-2.5.10.jar:2.5.10]
	at play.utils.Threads$.withContextClassLoader(Threads.scala:21) [play_2.11-2.5.10.jar:2.5.10]
	at play.api.Play$.stop(Play.scala:126) [play_2.11-2.5.10.jar:2.5.10]
	at play.core.server.NettyServer$$anonfun$stop$1.apply(NettyServer.scala:247) [play-netty-server_2.11-2.5.10.jar:2.5.10]
	at play.core.server.NettyServer$$anonfun$stop$1.apply(NettyServer.scala:247) [play-netty-server_2.11-2.5.10.jar:2.5.10]
	at scala.Option.foreach(Option.scala:257) [scala-library-2.11.7.jar:1.0.0-M1]
	at play.core.server.NettyServer.stop(NettyServer.scala:247) [play-netty-server_2.11-2.5.10.jar:2.5.10]
	at com.lightbend.lagom.discovery.ServiceLocatorServer.close(ServiceLocatorServer.scala:67) [lagom-service-locator_2.11-1.3.1.jar:1.3.1]
	at com.lightbend.lagom.dev.Servers$ServiceLocator$.com$lightbend$lagom$dev$Servers$ServiceLocator$$stop(Servers.scala:129) [lagom-build-tool-support-1.3.1.jar:1.3.1]
	at com.lightbend.lagom.dev.Servers$ServiceLocator$.stop(Servers.scala:124) [lagom-build-tool-support-1.3.1.jar:1.3.1]
	at com.lightbend.lagom.dev.Servers$ServerContainer.tryStop(Servers.scala:75) [lagom-build-tool-support-1.3.1.jar:1.3.1]
	at com.lightbend.lagom.dev.Servers$$anonfun$1$$anonfun$apply$1.apply$mcV$sp(Servers.scala:29) [lagom-build-tool-support-1.3.1.jar:1.3.1]
	at com.lightbend.lagom.dev.Servers$$anonfun$1$$anonfun$apply$1.apply(Servers.scala:29) [lagom-build-tool-support-1.3.1.jar:1.3.1]
	at com.lightbend.lagom.dev.Servers$$anonfun$1$$anonfun$apply$1.apply(Servers.scala:29) [lagom-build-tool-support-1.3.1.jar:1.3.1]
	at scala.concurrent.impl.Future$PromiseCompletingRunnable.liftedTree1$1(Future.scala:24) [scala-library.jar:na]
	at scala.concurrent.impl.Future$PromiseCompletingRunnable.run(Future.scala:24) [scala-library.jar:na]
	at java.util.concurrent.ThreadPoolExecutor.runWorker(ThreadPoolExecutor.java:1142) [na:1.8.0_31]
	at java.util.concurrent.ThreadPoolExecutor$Worker.run(ThreadPoolExecutor.java:617) [na:1.8.0_31]
	at java.lang.Thread.run(Thread.java:745) [na:1.8.0_31]
2017-03-25 18:40:20,867 [ERROR] from io.netty.util.concurrent.DefaultPromise.rejectedExecution in nioEventLoopGroup-4-1 - Failed to submit a listener notification task. Event loop shut down?
java.util.concurrent.RejectedExecutionException: event executor terminated
	at io.netty.util.concurrent.SingleThreadEventExecutor.reject(SingleThreadEventExecutor.java:805) [netty-common-4.0.41.Final.jar:4.0.41.Final]
	at io.netty.util.concurrent.SingleThreadEventExecutor.offerTask(SingleThreadEventExecutor.java:345) [netty-common-4.0.41.Final.jar:4.0.41.Final]
	at io.netty.util.concurrent.SingleThreadEventExecutor.addTask(SingleThreadEventExecutor.java:338) [netty-common-4.0.41.Final.jar:4.0.41.Final]
	at io.netty.util.concurrent.SingleThreadEventExecutor.execute(SingleThreadEventExecutor.java:748) [netty-common-4.0.41.Final.jar:4.0.41.Final]
	at io.netty.util.concurrent.DefaultPromise.safeExecute(DefaultPromise.java:767) [netty-common-4.0.41.Final.jar:4.0.41.Final]
	at io.netty.util.concurrent.DefaultPromise.notifyListeners(DefaultPromise.java:435) [netty-common-4.0.41.Final.jar:4.0.41.Final]
	at io.netty.util.concurrent.DefaultPromise.setFailure(DefaultPromise.java:120) [netty-common-4.0.41.Final.jar:4.0.41.Final]
	at io.netty.channel.DefaultChannelPromise.setFailure(DefaultChannelPromise.java:87) [netty-transport-4.0.41.Final.jar:4.0.41.Final]
	at io.netty.channel.AbstractChannelHandlerContext.safeExecute(AbstractChannelHandlerContext.java:1005) [netty-transport-4.0.41.Final.jar:4.0.41.Final]
	at io.netty.channel.AbstractChannelHandlerContext.close(AbstractChannelHandlerContext.java:614) [netty-transport-4.0.41.Final.jar:4.0.41.Final]
	at io.netty.channel.AbstractChannelHandlerContext.close(AbstractChannelHandlerContext.java:469) [netty-transport-4.0.41.Final.jar:4.0.41.Final]
	at io.netty.channel.DefaultChannelPipeline.close(DefaultChannelPipeline.java:949) [netty-transport-4.0.41.Final.jar:4.0.41.Final]
	at io.netty.channel.AbstractChannel.close(AbstractChannel.java:194) [netty-transport-4.0.41.Final.jar:4.0.41.Final]
	at io.netty.channel.pool.SimpleChannelPool.close(SimpleChannelPool.java:345) [netty-transport-4.0.41.Final.jar:4.0.41.Final]
	at com.lightbend.lagom.gateway.ServiceGateway$$anonfun$1$$anonfun$apply$2$$anonfun$apply$3$$anonfun$apply$4.apply(ServiceGateway.scala:364) [lagom-service-locator_2.11-1.3.1.jar:1.3.1]
	at com.lightbend.lagom.gateway.ServiceGateway$$anonfun$1$$anonfun$apply$2$$anonfun$apply$3$$anonfun$apply$4.apply(ServiceGateway.scala:364) [lagom-service-locator_2.11-1.3.1.jar:1.3.1]
	at scala.collection.Iterator$class.foreach(Iterator.scala:742) [scala-library-2.11.7.jar:1.0.0-M1]
	at scala.collection.AbstractIterator.foreach(Iterator.scala:1194) [scala-library-2.11.7.jar:1.0.0-M1]
	at scala.collection.IterableLike$class.foreach(IterableLike.scala:72) [scala-library-2.11.7.jar:1.0.0-M1]
	at scala.collection.AbstractIterable.foreach(Iterable.scala:54) [scala-library-2.11.7.jar:1.0.0-M1]
	at com.lightbend.lagom.gateway.ServiceGateway$$anonfun$1$$anonfun$apply$2$$anonfun$apply$3.apply(ServiceGateway.scala:364) [lagom-service-locator_2.11-1.3.1.jar:1.3.1]
	at com.lightbend.lagom.gateway.ServiceGateway$$anonfun$1$$anonfun$apply$2$$anonfun$apply$3.apply(ServiceGateway.scala:361) [lagom-service-locator_2.11-1.3.1.jar:1.3.1]
	at scala.util.Success$$anonfun$map$1.apply(Try.scala:237) [scala-library-2.11.7.jar:1.0.0-M1]
	at scala.util.Try$.apply(Try.scala:192) [scala-library-2.11.7.jar:1.0.0-M1]
	at scala.util.Success.map(Try.scala:237) [scala-library-2.11.7.jar:1.0.0-M1]
	at scala.concurrent.Future$$anonfun$map$1.apply(Future.scala:235) [scala-library-2.11.7.jar:na]
	at scala.concurrent.Future$$anonfun$map$1.apply(Future.scala:235) [scala-library-2.11.7.jar:na]
	at scala.concurrent.impl.CallbackRunnable.run(Promise.scala:32) [scala-library-2.11.7.jar:na]
	at play.api.libs.iteratee.Execution$trampoline$.execute(Execution.scala:70) [play-iteratees_2.11-2.5.10.jar:2.5.10]
	at scala.concurrent.impl.CallbackRunnable.executeWithValue(Promise.scala:40) [scala-library-2.11.7.jar:na]
	at scala.concurrent.impl.Promise$DefaultPromise.tryComplete(Promise.scala:248) [scala-library-2.11.7.jar:na]
	at scala.concurrent.Promise$class.complete(Promise.scala:55) [scala-library-2.11.7.jar:na]
	at scala.concurrent.impl.Promise$DefaultPromise.complete(Promise.scala:153) [scala-library-2.11.7.jar:na]
	at scala.concurrent.Promise$class.success(Promise.scala:86) [scala-library-2.11.7.jar:na]
	at scala.concurrent.impl.Promise$DefaultPromise.success(Promise.scala:153) [scala-library-2.11.7.jar:na]
	at com.lightbend.lagom.internal.NettyFutureConverters$ChannelFutureToFuture$$anon$1.operationComplete(NettyFutureConverters.scala:37) [lagom-client_2.11-1.3.1.jar:1.3.1]
	at com.lightbend.lagom.internal.NettyFutureConverters$ChannelFutureToFuture$$anon$1.operationComplete(NettyFutureConverters.scala:34) [lagom-client_2.11-1.3.1.jar:1.3.1]
	at io.netty.util.concurrent.DefaultPromise.notifyListener0(DefaultPromise.java:514) [netty-common-4.0.41.Final.jar:4.0.41.Final]
	at io.netty.util.concurrent.DefaultPromise.notifyListenersNow(DefaultPromise.java:488) [netty-common-4.0.41.Final.jar:4.0.41.Final]
	at io.netty.util.concurrent.DefaultPromise.notifyListeners(DefaultPromise.java:427) [netty-common-4.0.41.Final.jar:4.0.41.Final]
	at io.netty.util.concurrent.DefaultPromise.trySuccess(DefaultPromise.java:111) [netty-common-4.0.41.Final.jar:4.0.41.Final]
	at io.netty.channel.DefaultChannelPromise.trySuccess(DefaultChannelPromise.java:82) [netty-transport-4.0.41.Final.jar:4.0.41.Final]
	at io.netty.channel.AbstractChannel$AbstractUnsafe.safeSetSuccess(AbstractChannel.java:843) [netty-transport-4.0.41.Final.jar:4.0.41.Final]
	at io.netty.channel.AbstractChannel$AbstractUnsafe.doClose0(AbstractChannel.java:634) [netty-transport-4.0.41.Final.jar:4.0.41.Final]
	at io.netty.channel.AbstractChannel$AbstractUnsafe.close(AbstractChannel.java:611) [netty-transport-4.0.41.Final.jar:4.0.41.Final]
	at io.netty.channel.AbstractChannel$AbstractUnsafe.close(AbstractChannel.java:554) [netty-transport-4.0.41.Final.jar:4.0.41.Final]
	at io.netty.channel.DefaultChannelPipeline$HeadContext.close(DefaultChannelPipeline.java:1236) [netty-transport-4.0.41.Final.jar:4.0.41.Final]
	at io.netty.channel.AbstractChannelHandlerContext.invokeClose(AbstractChannelHandlerContext.java:628) [netty-transport-4.0.41.Final.jar:4.0.41.Final]
	at io.netty.channel.AbstractChannelHandlerContext.access$1100(AbstractChannelHandlerContext.java:35) [netty-transport-4.0.41.Final.jar:4.0.41.Final]
	at io.netty.channel.AbstractChannelHandlerContext$13.run(AbstractChannelHandlerContext.java:617) [netty-transport-4.0.41.Final.jar:4.0.41.Final]
	at io.netty.util.concurrent.SingleThreadEventExecutor.runAllTasks(SingleThreadEventExecutor.java:408) [netty-common-4.0.41.Final.jar:4.0.41.Final]
	at io.netty.channel.nio.NioEventLoop.run(NioEventLoop.java:441) [netty-transport-4.0.41.Final.jar:4.0.41.Final]
	at io.netty.util.concurrent.SingleThreadEventExecutor$2.run(SingleThreadEventExecutor.java:140) [netty-common-4.0.41.Final.jar:4.0.41.Final]
	at io.netty.util.concurrent.DefaultThreadFactory$DefaultRunnableDecorator.run(DefaultThreadFactory.java:144) [netty-common-4.0.41.Final.jar:4.0.41.Final]
	at java.lang.Thread.run(Thread.java:745) [na:1.8.0_31]
2017-03-25 18:41:25,368 [ERROR] from io.netty.util.concurrent.DefaultPromise.rejectedExecution in pool-130-thread-3 - Failed to submit a listener notification task. Event loop shut down?
java.util.concurrent.RejectedExecutionException: event executor terminated
	at io.netty.util.concurrent.SingleThreadEventExecutor.reject(SingleThreadEventExecutor.java:805) ~[netty-common-4.0.41.Final.jar:4.0.41.Final]
	at io.netty.util.concurrent.SingleThreadEventExecutor.offerTask(SingleThreadEventExecutor.java:345) ~[netty-common-4.0.41.Final.jar:4.0.41.Final]
	at io.netty.util.concurrent.SingleThreadEventExecutor.addTask(SingleThreadEventExecutor.java:338) ~[netty-common-4.0.41.Final.jar:4.0.41.Final]
	at io.netty.util.concurrent.SingleThreadEventExecutor.execute(SingleThreadEventExecutor.java:748) ~[netty-common-4.0.41.Final.jar:4.0.41.Final]
	at io.netty.util.concurrent.DefaultPromise.safeExecute(DefaultPromise.java:767) [netty-common-4.0.41.Final.jar:4.0.41.Final]
	at io.netty.util.concurrent.DefaultPromise.notifyListeners(DefaultPromise.java:435) [netty-common-4.0.41.Final.jar:4.0.41.Final]
	at io.netty.util.concurrent.DefaultPromise.setFailure(DefaultPromise.java:120) [netty-common-4.0.41.Final.jar:4.0.41.Final]
	at io.netty.channel.DefaultChannelPromise.setFailure(DefaultChannelPromise.java:87) [netty-transport-4.0.41.Final.jar:4.0.41.Final]
	at io.netty.channel.AbstractChannelHandlerContext.safeExecute(AbstractChannelHandlerContext.java:1005) [netty-transport-4.0.41.Final.jar:4.0.41.Final]
	at io.netty.channel.AbstractChannelHandlerContext.close(AbstractChannelHandlerContext.java:614) [netty-transport-4.0.41.Final.jar:4.0.41.Final]
	at io.netty.channel.AbstractChannelHandlerContext.close(AbstractChannelHandlerContext.java:469) [netty-transport-4.0.41.Final.jar:4.0.41.Final]
	at io.netty.channel.DefaultChannelPipeline.close(DefaultChannelPipeline.java:949) [netty-transport-4.0.41.Final.jar:4.0.41.Final]
	at io.netty.channel.AbstractChannel.close(AbstractChannel.java:194) [netty-transport-4.0.41.Final.jar:4.0.41.Final]
	at io.netty.channel.pool.SimpleChannelPool.close(SimpleChannelPool.java:345) [netty-transport-4.0.41.Final.jar:4.0.41.Final]
	at com.lightbend.lagom.gateway.ServiceGateway$$anonfun$1$$anonfun$apply$2$$anonfun$apply$3$$anonfun$apply$4.apply(ServiceGateway.scala:364) [lagom-service-locator_2.11-1.3.1.jar:1.3.1]
	at com.lightbend.lagom.gateway.ServiceGateway$$anonfun$1$$anonfun$apply$2$$anonfun$apply$3$$anonfun$apply$4.apply(ServiceGateway.scala:364) [lagom-service-locator_2.11-1.3.1.jar:1.3.1]
	at scala.collection.Iterator$class.foreach(Iterator.scala:742) [scala-library-2.11.7.jar:1.0.0-M1]
	at scala.collection.AbstractIterator.foreach(Iterator.scala:1194) [scala-library-2.11.7.jar:1.0.0-M1]
	at scala.collection.IterableLike$class.foreach(IterableLike.scala:72) [scala-library-2.11.7.jar:1.0.0-M1]
	at scala.collection.AbstractIterable.foreach(Iterable.scala:54) [scala-library-2.11.7.jar:1.0.0-M1]
	at com.lightbend.lagom.gateway.ServiceGateway$$anonfun$1$$anonfun$apply$2$$anonfun$apply$3.apply(ServiceGateway.scala:364) [lagom-service-locator_2.11-1.3.1.jar:1.3.1]
	at com.lightbend.lagom.gateway.ServiceGateway$$anonfun$1$$anonfun$apply$2$$anonfun$apply$3.apply(ServiceGateway.scala:361) [lagom-service-locator_2.11-1.3.1.jar:1.3.1]
	at scala.util.Success$$anonfun$map$1.apply(Try.scala:237) [scala-library-2.11.7.jar:1.0.0-M1]
	at scala.util.Try$.apply(Try.scala:192) [scala-library-2.11.7.jar:1.0.0-M1]
	at scala.util.Success.map(Try.scala:237) [scala-library-2.11.7.jar:1.0.0-M1]
	at scala.concurrent.Future$$anonfun$map$1.apply(Future.scala:235) [scala-library-2.11.7.jar:na]
	at scala.concurrent.Future$$anonfun$map$1.apply(Future.scala:235) [scala-library-2.11.7.jar:na]
	at scala.concurrent.impl.CallbackRunnable.run(Promise.scala:32) [scala-library-2.11.7.jar:na]
	at play.api.libs.iteratee.Execution$trampoline$.executeScheduled(Execution.scala:109) [play-iteratees_2.11-2.5.10.jar:2.5.10]
	at play.api.libs.iteratee.Execution$trampoline$.execute(Execution.scala:71) [play-iteratees_2.11-2.5.10.jar:2.5.10]
	at scala.concurrent.impl.CallbackRunnable.executeWithValue(Promise.scala:40) [scala-library-2.11.7.jar:na]
	at scala.concurrent.impl.Promise$KeptPromise.onComplete(Promise.scala:333) [scala-library-2.11.7.jar:na]
	at scala.concurrent.Future$class.flatMap(Future.scala:249) [scala-library-2.11.7.jar:na]
	at scala.concurrent.impl.Promise$KeptPromise.flatMap(Promise.scala:322) [scala-library-2.11.7.jar:na]
	at play.api.inject.DefaultApplicationLifecycle.clearHooks$1(ApplicationLifecycle.scala:93) [play_2.11-2.5.10.jar:2.5.10]
	at play.api.inject.DefaultApplicationLifecycle.stop(ApplicationLifecycle.scala:101) [play_2.11-2.5.10.jar:2.5.10]
	at play.api.DefaultApplication.stop(Application.scala:236) [play_2.11-2.5.10.jar:2.5.10]
	at play.api.Play$$anonfun$stop$1.apply(Play.scala:128) [play_2.11-2.5.10.jar:2.5.10]
	at play.utils.Threads$.withContextClassLoader(Threads.scala:21) [play_2.11-2.5.10.jar:2.5.10]
	at play.api.Play$.stop(Play.scala:126) [play_2.11-2.5.10.jar:2.5.10]
	at play.core.server.NettyServer$$anonfun$stop$1.apply(NettyServer.scala:247) [play-netty-server_2.11-2.5.10.jar:2.5.10]
	at play.core.server.NettyServer$$anonfun$stop$1.apply(NettyServer.scala:247) [play-netty-server_2.11-2.5.10.jar:2.5.10]
	at scala.Option.foreach(Option.scala:257) [scala-library-2.11.7.jar:1.0.0-M1]
	at play.core.server.NettyServer.stop(NettyServer.scala:247) [play-netty-server_2.11-2.5.10.jar:2.5.10]
	at com.lightbend.lagom.discovery.ServiceLocatorServer.close(ServiceLocatorServer.scala:67) [lagom-service-locator_2.11-1.3.1.jar:1.3.1]
	at com.lightbend.lagom.dev.Servers$ServiceLocator$.com$lightbend$lagom$dev$Servers$ServiceLocator$$stop(Servers.scala:129) [lagom-build-tool-support-1.3.1.jar:1.3.1]
	at com.lightbend.lagom.dev.Servers$ServiceLocator$.stop(Servers.scala:124) [lagom-build-tool-support-1.3.1.jar:1.3.1]
	at com.lightbend.lagom.dev.Servers$ServerContainer.tryStop(Servers.scala:75) [lagom-build-tool-support-1.3.1.jar:1.3.1]
	at com.lightbend.lagom.dev.Servers$$anonfun$1$$anonfun$apply$1.apply$mcV$sp(Servers.scala:29) [lagom-build-tool-support-1.3.1.jar:1.3.1]
	at com.lightbend.lagom.dev.Servers$$anonfun$1$$anonfun$apply$1.apply(Servers.scala:29) [lagom-build-tool-support-1.3.1.jar:1.3.1]
	at com.lightbend.lagom.dev.Servers$$anonfun$1$$anonfun$apply$1.apply(Servers.scala:29) [lagom-build-tool-support-1.3.1.jar:1.3.1]
	at scala.concurrent.impl.Future$PromiseCompletingRunnable.liftedTree1$1(Future.scala:24) [scala-library.jar:na]
	at scala.concurrent.impl.Future$PromiseCompletingRunnable.run(Future.scala:24) [scala-library.jar:na]
	at java.util.concurrent.ThreadPoolExecutor.runWorker(ThreadPoolExecutor.java:1142) [na:1.8.0_31]
	at java.util.concurrent.ThreadPoolExecutor$Worker.run(ThreadPoolExecutor.java:617) [na:1.8.0_31]
	at java.lang.Thread.run(Thread.java:745) [na:1.8.0_31]
2017-03-25 18:42:34,851 [ERROR] from io.netty.util.concurrent.DefaultPromise.rejectedExecution in pool-144-thread-3 - Failed to submit a listener notification task. Event loop shut down?
java.util.concurrent.RejectedExecutionException: event executor terminated
	at io.netty.util.concurrent.SingleThreadEventExecutor.reject(SingleThreadEventExecutor.java:805) ~[netty-common-4.0.41.Final.jar:4.0.41.Final]
	at io.netty.util.concurrent.SingleThreadEventExecutor.offerTask(SingleThreadEventExecutor.java:345) ~[netty-common-4.0.41.Final.jar:4.0.41.Final]
	at io.netty.util.concurrent.SingleThreadEventExecutor.addTask(SingleThreadEventExecutor.java:338) ~[netty-common-4.0.41.Final.jar:4.0.41.Final]
	at io.netty.util.concurrent.SingleThreadEventExecutor.execute(SingleThreadEventExecutor.java:748) ~[netty-common-4.0.41.Final.jar:4.0.41.Final]
	at io.netty.util.concurrent.DefaultPromise.safeExecute(DefaultPromise.java:767) [netty-common-4.0.41.Final.jar:4.0.41.Final]
	at io.netty.util.concurrent.DefaultPromise.notifyListeners(DefaultPromise.java:435) [netty-common-4.0.41.Final.jar:4.0.41.Final]
	at io.netty.util.concurrent.DefaultPromise.setFailure(DefaultPromise.java:120) [netty-common-4.0.41.Final.jar:4.0.41.Final]
	at io.netty.channel.DefaultChannelPromise.setFailure(DefaultChannelPromise.java:87) [netty-transport-4.0.41.Final.jar:4.0.41.Final]
	at io.netty.channel.AbstractChannelHandlerContext.safeExecute(AbstractChannelHandlerContext.java:1005) [netty-transport-4.0.41.Final.jar:4.0.41.Final]
	at io.netty.channel.AbstractChannelHandlerContext.close(AbstractChannelHandlerContext.java:614) [netty-transport-4.0.41.Final.jar:4.0.41.Final]
	at io.netty.channel.AbstractChannelHandlerContext.close(AbstractChannelHandlerContext.java:469) [netty-transport-4.0.41.Final.jar:4.0.41.Final]
	at io.netty.channel.DefaultChannelPipeline.close(DefaultChannelPipeline.java:949) [netty-transport-4.0.41.Final.jar:4.0.41.Final]
	at io.netty.channel.AbstractChannel.close(AbstractChannel.java:194) [netty-transport-4.0.41.Final.jar:4.0.41.Final]
	at io.netty.channel.pool.SimpleChannelPool.close(SimpleChannelPool.java:345) [netty-transport-4.0.41.Final.jar:4.0.41.Final]
	at com.lightbend.lagom.gateway.ServiceGateway$$anonfun$1$$anonfun$apply$2$$anonfun$apply$3$$anonfun$apply$4.apply(ServiceGateway.scala:364) [lagom-service-locator_2.11-1.3.1.jar:1.3.1]
	at com.lightbend.lagom.gateway.ServiceGateway$$anonfun$1$$anonfun$apply$2$$anonfun$apply$3$$anonfun$apply$4.apply(ServiceGateway.scala:364) [lagom-service-locator_2.11-1.3.1.jar:1.3.1]
	at scala.collection.Iterator$class.foreach(Iterator.scala:742) [scala-library-2.11.7.jar:1.0.0-M1]
	at scala.collection.AbstractIterator.foreach(Iterator.scala:1194) [scala-library-2.11.7.jar:1.0.0-M1]
	at scala.collection.IterableLike$class.foreach(IterableLike.scala:72) [scala-library-2.11.7.jar:1.0.0-M1]
	at scala.collection.AbstractIterable.foreach(Iterable.scala:54) [scala-library-2.11.7.jar:1.0.0-M1]
	at com.lightbend.lagom.gateway.ServiceGateway$$anonfun$1$$anonfun$apply$2$$anonfun$apply$3.apply(ServiceGateway.scala:364) [lagom-service-locator_2.11-1.3.1.jar:1.3.1]
	at com.lightbend.lagom.gateway.ServiceGateway$$anonfun$1$$anonfun$apply$2$$anonfun$apply$3.apply(ServiceGateway.scala:361) [lagom-service-locator_2.11-1.3.1.jar:1.3.1]
	at scala.util.Success$$anonfun$map$1.apply(Try.scala:237) [scala-library-2.11.7.jar:1.0.0-M1]
	at scala.util.Try$.apply(Try.scala:192) [scala-library-2.11.7.jar:1.0.0-M1]
	at scala.util.Success.map(Try.scala:237) [scala-library-2.11.7.jar:1.0.0-M1]
	at scala.concurrent.Future$$anonfun$map$1.apply(Future.scala:235) [scala-library-2.11.7.jar:na]
	at scala.concurrent.Future$$anonfun$map$1.apply(Future.scala:235) [scala-library-2.11.7.jar:na]
	at scala.concurrent.impl.CallbackRunnable.run(Promise.scala:32) [scala-library-2.11.7.jar:na]
	at play.api.libs.iteratee.Execution$trampoline$.executeScheduled(Execution.scala:109) [play-iteratees_2.11-2.5.10.jar:2.5.10]
	at play.api.libs.iteratee.Execution$trampoline$.execute(Execution.scala:71) [play-iteratees_2.11-2.5.10.jar:2.5.10]
	at scala.concurrent.impl.CallbackRunnable.executeWithValue(Promise.scala:40) [scala-library-2.11.7.jar:na]
	at scala.concurrent.impl.Promise$KeptPromise.onComplete(Promise.scala:333) [scala-library-2.11.7.jar:na]
	at scala.concurrent.Future$class.flatMap(Future.scala:249) [scala-library-2.11.7.jar:na]
	at scala.concurrent.impl.Promise$KeptPromise.flatMap(Promise.scala:322) [scala-library-2.11.7.jar:na]
	at play.api.inject.DefaultApplicationLifecycle.clearHooks$1(ApplicationLifecycle.scala:93) [play_2.11-2.5.10.jar:2.5.10]
	at play.api.inject.DefaultApplicationLifecycle.stop(ApplicationLifecycle.scala:101) [play_2.11-2.5.10.jar:2.5.10]
	at play.api.DefaultApplication.stop(Application.scala:236) [play_2.11-2.5.10.jar:2.5.10]
	at play.api.Play$$anonfun$stop$1.apply(Play.scala:128) [play_2.11-2.5.10.jar:2.5.10]
	at play.utils.Threads$.withContextClassLoader(Threads.scala:21) [play_2.11-2.5.10.jar:2.5.10]
	at play.api.Play$.stop(Play.scala:126) [play_2.11-2.5.10.jar:2.5.10]
	at play.core.server.NettyServer$$anonfun$stop$1.apply(NettyServer.scala:247) [play-netty-server_2.11-2.5.10.jar:2.5.10]
	at play.core.server.NettyServer$$anonfun$stop$1.apply(NettyServer.scala:247) [play-netty-server_2.11-2.5.10.jar:2.5.10]
	at scala.Option.foreach(Option.scala:257) [scala-library-2.11.7.jar:1.0.0-M1]
	at play.core.server.NettyServer.stop(NettyServer.scala:247) [play-netty-server_2.11-2.5.10.jar:2.5.10]
	at com.lightbend.lagom.discovery.ServiceLocatorServer.close(ServiceLocatorServer.scala:67) [lagom-service-locator_2.11-1.3.1.jar:1.3.1]
	at com.lightbend.lagom.dev.Servers$ServiceLocator$.com$lightbend$lagom$dev$Servers$ServiceLocator$$stop(Servers.scala:129) [lagom-build-tool-support-1.3.1.jar:1.3.1]
	at com.lightbend.lagom.dev.Servers$ServiceLocator$.stop(Servers.scala:124) [lagom-build-tool-support-1.3.1.jar:1.3.1]
	at com.lightbend.lagom.dev.Servers$ServerContainer.tryStop(Servers.scala:75) [lagom-build-tool-support-1.3.1.jar:1.3.1]
	at com.lightbend.lagom.dev.Servers$$anonfun$1$$anonfun$apply$1.apply$mcV$sp(Servers.scala:29) [lagom-build-tool-support-1.3.1.jar:1.3.1]
	at com.lightbend.lagom.dev.Servers$$anonfun$1$$anonfun$apply$1.apply(Servers.scala:29) [lagom-build-tool-support-1.3.1.jar:1.3.1]
	at com.lightbend.lagom.dev.Servers$$anonfun$1$$anonfun$apply$1.apply(Servers.scala:29) [lagom-build-tool-support-1.3.1.jar:1.3.1]
	at scala.concurrent.impl.Future$PromiseCompletingRunnable.liftedTree1$1(Future.scala:24) [scala-library.jar:na]
	at scala.concurrent.impl.Future$PromiseCompletingRunnable.run(Future.scala:24) [scala-library.jar:na]
	at java.util.concurrent.ThreadPoolExecutor.runWorker(ThreadPoolExecutor.java:1142) [na:1.8.0_31]
	at java.util.concurrent.ThreadPoolExecutor$Worker.run(ThreadPoolExecutor.java:617) [na:1.8.0_31]
	at java.lang.Thread.run(Thread.java:745) [na:1.8.0_31]
2017-03-25 18:45:08,329 [ERROR] from io.netty.util.concurrent.DefaultPromise.rejectedExecution in pool-104-thread-1 - Failed to submit a listener notification task. Event loop shut down?
java.util.concurrent.RejectedExecutionException: event executor terminated
	at io.netty.util.concurrent.SingleThreadEventExecutor.reject(SingleThreadEventExecutor.java:805) ~[netty-common-4.0.41.Final.jar:4.0.41.Final]
	at io.netty.util.concurrent.SingleThreadEventExecutor.offerTask(SingleThreadEventExecutor.java:345) ~[netty-common-4.0.41.Final.jar:4.0.41.Final]
	at io.netty.util.concurrent.SingleThreadEventExecutor.addTask(SingleThreadEventExecutor.java:338) ~[netty-common-4.0.41.Final.jar:4.0.41.Final]
	at io.netty.util.concurrent.SingleThreadEventExecutor.execute(SingleThreadEventExecutor.java:748) ~[netty-common-4.0.41.Final.jar:4.0.41.Final]
	at io.netty.util.concurrent.DefaultPromise.safeExecute(DefaultPromise.java:767) [netty-common-4.0.41.Final.jar:4.0.41.Final]
	at io.netty.util.concurrent.DefaultPromise.notifyListeners(DefaultPromise.java:435) [netty-common-4.0.41.Final.jar:4.0.41.Final]
	at io.netty.util.concurrent.DefaultPromise.setFailure(DefaultPromise.java:120) [netty-common-4.0.41.Final.jar:4.0.41.Final]
	at io.netty.channel.DefaultChannelPromise.setFailure(DefaultChannelPromise.java:87) [netty-transport-4.0.41.Final.jar:4.0.41.Final]
	at io.netty.channel.AbstractChannelHandlerContext.safeExecute(AbstractChannelHandlerContext.java:1005) [netty-transport-4.0.41.Final.jar:4.0.41.Final]
	at io.netty.channel.AbstractChannelHandlerContext.close(AbstractChannelHandlerContext.java:614) [netty-transport-4.0.41.Final.jar:4.0.41.Final]
	at io.netty.channel.AbstractChannelHandlerContext.close(AbstractChannelHandlerContext.java:469) [netty-transport-4.0.41.Final.jar:4.0.41.Final]
	at io.netty.channel.DefaultChannelPipeline.close(DefaultChannelPipeline.java:949) [netty-transport-4.0.41.Final.jar:4.0.41.Final]
	at io.netty.channel.AbstractChannel.close(AbstractChannel.java:194) [netty-transport-4.0.41.Final.jar:4.0.41.Final]
	at io.netty.channel.pool.SimpleChannelPool.close(SimpleChannelPool.java:345) [netty-transport-4.0.41.Final.jar:4.0.41.Final]
	at com.lightbend.lagom.gateway.ServiceGateway$$anonfun$1$$anonfun$apply$2$$anonfun$apply$3$$anonfun$apply$4.apply(ServiceGateway.scala:364) [lagom-service-locator_2.11-1.3.1.jar:1.3.1]
	at com.lightbend.lagom.gateway.ServiceGateway$$anonfun$1$$anonfun$apply$2$$anonfun$apply$3$$anonfun$apply$4.apply(ServiceGateway.scala:364) [lagom-service-locator_2.11-1.3.1.jar:1.3.1]
	at scala.collection.Iterator$class.foreach(Iterator.scala:742) [scala-library-2.11.7.jar:1.0.0-M1]
	at scala.collection.AbstractIterator.foreach(Iterator.scala:1194) [scala-library-2.11.7.jar:1.0.0-M1]
	at scala.collection.IterableLike$class.foreach(IterableLike.scala:72) [scala-library-2.11.7.jar:1.0.0-M1]
	at scala.collection.AbstractIterable.foreach(Iterable.scala:54) [scala-library-2.11.7.jar:1.0.0-M1]
	at com.lightbend.lagom.gateway.ServiceGateway$$anonfun$1$$anonfun$apply$2$$anonfun$apply$3.apply(ServiceGateway.scala:364) [lagom-service-locator_2.11-1.3.1.jar:1.3.1]
	at com.lightbend.lagom.gateway.ServiceGateway$$anonfun$1$$anonfun$apply$2$$anonfun$apply$3.apply(ServiceGateway.scala:361) [lagom-service-locator_2.11-1.3.1.jar:1.3.1]
	at scala.util.Success$$anonfun$map$1.apply(Try.scala:237) [scala-library-2.11.7.jar:1.0.0-M1]
	at scala.util.Try$.apply(Try.scala:192) [scala-library-2.11.7.jar:1.0.0-M1]
	at scala.util.Success.map(Try.scala:237) [scala-library-2.11.7.jar:1.0.0-M1]
	at scala.concurrent.Future$$anonfun$map$1.apply(Future.scala:235) [scala-library-2.11.7.jar:na]
	at scala.concurrent.Future$$anonfun$map$1.apply(Future.scala:235) [scala-library-2.11.7.jar:na]
	at scala.concurrent.impl.CallbackRunnable.run(Promise.scala:32) [scala-library-2.11.7.jar:na]
	at play.api.libs.iteratee.Execution$trampoline$.executeScheduled(Execution.scala:109) [play-iteratees_2.11-2.5.10.jar:2.5.10]
	at play.api.libs.iteratee.Execution$trampoline$.execute(Execution.scala:71) [play-iteratees_2.11-2.5.10.jar:2.5.10]
	at scala.concurrent.impl.CallbackRunnable.executeWithValue(Promise.scala:40) [scala-library-2.11.7.jar:na]
	at scala.concurrent.impl.Promise$KeptPromise.onComplete(Promise.scala:333) [scala-library-2.11.7.jar:na]
	at scala.concurrent.Future$class.flatMap(Future.scala:249) [scala-library-2.11.7.jar:na]
	at scala.concurrent.impl.Promise$KeptPromise.flatMap(Promise.scala:322) [scala-library-2.11.7.jar:na]
	at play.api.inject.DefaultApplicationLifecycle.clearHooks$1(ApplicationLifecycle.scala:93) [play_2.11-2.5.10.jar:2.5.10]
	at play.api.inject.DefaultApplicationLifecycle.stop(ApplicationLifecycle.scala:101) [play_2.11-2.5.10.jar:2.5.10]
	at play.api.DefaultApplication.stop(Application.scala:236) [play_2.11-2.5.10.jar:2.5.10]
	at play.api.Play$$anonfun$stop$1.apply(Play.scala:128) [play_2.11-2.5.10.jar:2.5.10]
	at play.utils.Threads$.withContextClassLoader(Threads.scala:21) [play_2.11-2.5.10.jar:2.5.10]
	at play.api.Play$.stop(Play.scala:126) [play_2.11-2.5.10.jar:2.5.10]
	at play.core.server.NettyServer$$anonfun$stop$1.apply(NettyServer.scala:247) [play-netty-server_2.11-2.5.10.jar:2.5.10]
	at play.core.server.NettyServer$$anonfun$stop$1.apply(NettyServer.scala:247) [play-netty-server_2.11-2.5.10.jar:2.5.10]
	at scala.Option.foreach(Option.scala:257) [scala-library-2.11.7.jar:1.0.0-M1]
	at play.core.server.NettyServer.stop(NettyServer.scala:247) [play-netty-server_2.11-2.5.10.jar:2.5.10]
	at com.lightbend.lagom.discovery.ServiceLocatorServer.close(ServiceLocatorServer.scala:67) [lagom-service-locator_2.11-1.3.1.jar:1.3.1]
	at com.lightbend.lagom.dev.Servers$ServiceLocator$.com$lightbend$lagom$dev$Servers$ServiceLocator$$stop(Servers.scala:129) [lagom-build-tool-support-1.3.1.jar:1.3.1]
	at com.lightbend.lagom.dev.Servers$ServiceLocator$.stop(Servers.scala:124) [lagom-build-tool-support-1.3.1.jar:1.3.1]
	at com.lightbend.lagom.dev.Servers$ServerContainer.tryStop(Servers.scala:75) [lagom-build-tool-support-1.3.1.jar:1.3.1]
	at com.lightbend.lagom.dev.Servers$$anonfun$1$$anonfun$apply$1.apply$mcV$sp(Servers.scala:29) [lagom-build-tool-support-1.3.1.jar:1.3.1]
	at com.lightbend.lagom.dev.Servers$$anonfun$1$$anonfun$apply$1.apply(Servers.scala:29) [lagom-build-tool-support-1.3.1.jar:1.3.1]
	at com.lightbend.lagom.dev.Servers$$anonfun$1$$anonfun$apply$1.apply(Servers.scala:29) [lagom-build-tool-support-1.3.1.jar:1.3.1]
	at scala.concurrent.impl.Future$PromiseCompletingRunnable.liftedTree1$1(Future.scala:24) [scala-library.jar:na]
	at scala.concurrent.impl.Future$PromiseCompletingRunnable.run(Future.scala:24) [scala-library.jar:na]
	at java.util.concurrent.ThreadPoolExecutor.runWorker(ThreadPoolExecutor.java:1142) [na:1.8.0_31]
	at java.util.concurrent.ThreadPoolExecutor$Worker.run(ThreadPoolExecutor.java:617) [na:1.8.0_31]
	at java.lang.Thread.run(Thread.java:745) [na:1.8.0_31]
