[
{
  "timeMillis" : 1496315051753,
  "thread" : "main",
  "level" : "INFO",
  "loggerName" : "RollingFileLogger",
  "message" : "Json Message 1",
  "endOfBatch" : false,
  "loggerFqcn" : "org.apache.logging.log4j.spi.AbstractLogger",
  "threadId" : 1,
  "threadPriority" : 5
}
, {
  "timeMillis" : 1496315051862,
  "thread" : "main",
  "level" : "INFO",
  "loggerName" : "RollingFileLogger",
  "message" : "Json Messag 2",
  "endOfBatch" : false,
  "loggerFqcn" : "org.apache.logging.log4j.spi.AbstractLogger",
  "threadId" : 1,
  "threadPriority" : 5
}

]
